2026-04-23 20:02:52,977 | INFO | Start time: 2026-04-23T20:02:52.977893
2026-04-23 20:02:52,978 | INFO | Hostname: cn2
2026-04-23 20:02:52,978 | INFO | Device: cuda (NVIDIA A100-PCIE-40GB)
2026-04-23 20:02:52,978 | INFO | Seed: 1
2026-04-23 20:02:52,978 | INFO | CLI args: --config /home/kac965/projects/ImageReconstruction/configs/diffusion/cifar10.yaml --seed 1 --run-name study_cifar10_seed001 --data-dir /scratch/kac965/image-reconstruction/data --output-dir /scratch/kac965/image-reconstruction-final-study/runs
2026-04-23 20:02:52,979 | INFO | Resolved output directory: /scratch/kac965/image-reconstruction-final-study/runs/cifar10/diffusion/study_cifar10_seed001
2026-04-23 20:02:52,979 | INFO | Data directory: /scratch/kac965/image-reconstruction/data
2026-04-23 20:02:52,979 | INFO | Download enabled: False
2026-04-23 20:02:52,979 | INFO | Run config: dataset=cifar10 model=diffusion epochs=150 batch_size=64 lr=0.001 num_workers=4
2026-04-23 20:02:52,979 | INFO | Model hyperparameters: backbone=adm image_size=32 channels=3 classes=10 base_channels=64 time_dim=128 num_res_blocks=2 timesteps=1000 schedule=cosine prediction_type=v sampler=ddim sampling_steps=50 ddim_eta=0 attention_resolutions=(8,) beta_start=0.0001 beta_end=0.02 ema_decay=0.999 class_dropout_prob=0.1 guidance_scale=3 grad_clip_norm=1.0 amp=bf16 sample_count=16
2026-04-23 20:02:52,979 | INFO | Saved resolved config to /scratch/kac965/image-reconstruction-final-study/runs/cifar10/diffusion/study_cifar10_seed001/config.json
2026-04-23 20:02:54,147 | INFO | Dataset sizes: train=50000 test=10000
2026-04-23 20:02:54,147 | INFO | Batch counts: train=782 test=157
2026-04-23 20:02:54,804 | INFO | Trainable parameters: 6347971
2026-04-23 20:03:07,222 | INFO | [CIFAR10 | DIFFUSION | Fold 1] | Train Batch 250/782 | Avg Loss=0.175148
2026-04-23 20:03:17,683 | INFO | [CIFAR10 | DIFFUSION | Fold 1] | Train Batch 500/782 | Avg Loss=0.154483
2026-04-23 20:03:28,203 | INFO | [CIFAR10 | DIFFUSION | Fold 1] | Train Batch 750/782 | Avg Loss=0.145960
2026-04-23 20:03:29,577 | INFO | [CIFAR10 | DIFFUSION | Fold 1] | Train Batch 782/782 | Avg Loss=0.145387
2026-04-23 20:03:31,719 | INFO | [CIFAR10 | DIFFUSION | Fold 1] | Test Batch 157/157 | Avg Loss=0.259308
2026-04-23 20:03:31,721 | INFO | Fold 1 | Epoch 1/150 | Train Loss=0.145387 | Test Loss=0.259308
2026-04-23 20:03:42,205 | INFO | [CIFAR10 | DIFFUSION | Fold 1] | Train Batch 250/782 | Avg Loss=0.124911
2026-04-23 20:03:52,636 | INFO | [CIFAR10 | DIFFUSION | Fold 1] | Train Batch 500/782 | Avg Loss=0.123417
2026-04-23 20:04:03,066 | INFO | [CIFAR10 | DIFFUSION | Fold 1] | Train Batch 750/782 | Avg Loss=0.122933
2026-04-23 20:04:04,377 | INFO | [CIFAR10 | DIFFUSION | Fold 1] | Train Batch 782/782 | Avg Loss=0.122863
2026-04-23 20:04:06,416 | INFO | [CIFAR10 | DIFFUSION | Fold 1] | Test Batch 157/157 | Avg Loss=0.152566
2026-04-23 20:04:06,418 | INFO | Fold 1 | Epoch 2/150 | Train Loss=0.122863 | Test Loss=0.152566
2026-04-23 20:04:17,035 | INFO | [CIFAR10 | DIFFUSION | Fold 1] | Train Batch 250/782 | Avg Loss=0.120777
2026-04-23 20:04:27,469 | INFO | [CIFAR10 | DIFFUSION | Fold 1] | Train Batch 500/782 | Avg Loss=0.120525
2026-04-23 20:04:37,833 | INFO | [CIFAR10 | DIFFUSION | Fold 1] | Train Batch 750/782 | Avg Loss=0.120077
2026-04-23 20:04:39,268 | INFO | [CIFAR10 | DIFFUSION | Fold 1] | Train Batch 782/782 | Avg Loss=0.120046
2026-04-23 20:04:41,360 | INFO | [CIFAR10 | DIFFUSION | Fold 1] | Test Batch 157/157 | Avg Loss=0.126161
2026-04-23 20:04:41,361 | INFO | Fold 1 | Epoch 3/150 | Train Loss=0.120046 | Test Loss=0.126161
2026-04-23 20:04:52,093 | INFO | [CIFAR10 | DIFFUSION | Fold 1] | Train Batch 250/782 | Avg Loss=0.118005
2026-04-23 20:05:03,558 | INFO | [CIFAR10 | DIFFUSION | Fold 1] | Train Batch 500/782 | Avg Loss=0.118235
2026-04-23 20:05:14,596 | INFO | [CIFAR10 | DIFFUSION | Fold 1] | Train Batch 750/782 | Avg Loss=0.117828
2026-04-23 20:05:15,980 | INFO | [CIFAR10 | DIFFUSION | Fold 1] | Train Batch 782/782 | Avg Loss=0.117820
2026-04-23 20:05:17,995 | INFO | [CIFAR10 | DIFFUSION | Fold 1] | Test Batch 157/157 | Avg Loss=0.117584
2026-04-23 20:05:17,997 | INFO | Fold 1 | Epoch 4/150 | Train Loss=0.117820 | Test Loss=0.117584
2026-04-23 20:05:28,628 | INFO | [CIFAR10 | DIFFUSION | Fold 1] | Train Batch 250/782 | Avg Loss=0.117606
2026-04-23 20:05:39,312 | INFO | [CIFAR10 | DIFFUSION | Fold 1] | Train Batch 500/782 | Avg Loss=0.117447
2026-04-23 20:05:49,765 | INFO | [CIFAR10 | DIFFUSION | Fold 1] | Train Batch 750/782 | Avg Loss=0.117236
2026-04-23 20:05:51,072 | INFO | [CIFAR10 | DIFFUSION | Fold 1] | Train Batch 782/782 | Avg Loss=0.117127
2026-04-23 20:05:53,096 | INFO | [CIFAR10 | DIFFUSION | Fold 1] | Test Batch 157/157 | Avg Loss=0.114274
2026-04-23 20:05:53,098 | INFO | Fold 1 | Epoch 5/150 | Train Loss=0.117127 | Test Loss=0.114274
2026-04-23 20:06:03,643 | INFO | [CIFAR10 | DIFFUSION | Fold 1] | Train Batch 250/782 | Avg Loss=0.115327
2026-04-23 20:06:14,020 | INFO | [CIFAR10 | DIFFUSION | Fold 1] | Train Batch 500/782 | Avg Loss=0.116211
2026-04-23 20:06:24,446 | INFO | [CIFAR10 | DIFFUSION | Fold 1] | Train Batch 750/782 | Avg Loss=0.116186
2026-04-23 20:06:25,812 | INFO | [CIFAR10 | DIFFUSION | Fold 1] | Train Batch 782/782 | Avg Loss=0.116139
2026-04-23 20:06:27,912 | INFO | [CIFAR10 | DIFFUSION | Fold 1] | Test Batch 157/157 | Avg Loss=0.112230
2026-04-23 20:06:27,913 | INFO | Fold 1 | Epoch 6/150 | Train Loss=0.116139 | Test Loss=0.112230
2026-04-23 20:06:38,515 | INFO | [CIFAR10 | DIFFUSION | Fold 1] | Train Batch 250/782 | Avg Loss=0.116473
2026-04-23 20:06:48,943 | INFO | [CIFAR10 | DIFFUSION | Fold 1] | Train Batch 500/782 | Avg Loss=0.115587
2026-04-23 20:06:59,311 | INFO | [CIFAR10 | DIFFUSION | Fold 1] | Train Batch 750/782 | Avg Loss=0.115499
2026-04-23 20:07:00,694 | INFO | [CIFAR10 | DIFFUSION | Fold 1] | Train Batch 782/782 | Avg Loss=0.115442
2026-04-23 20:07:02,779 | INFO | [CIFAR10 | DIFFUSION | Fold 1] | Test Batch 157/157 | Avg Loss=0.112218
2026-04-23 20:07:02,781 | INFO | Fold 1 | Epoch 7/150 | Train Loss=0.115442 | Test Loss=0.112218
2026-04-23 20:07:13,136 | INFO | [CIFAR10 | DIFFUSION | Fold 1] | Train Batch 250/782 | Avg Loss=0.115156
2026-04-23 20:07:23,476 | INFO | [CIFAR10 | DIFFUSION | Fold 1] | Train Batch 500/782 | Avg Loss=0.115174
2026-04-23 20:07:33,830 | INFO | [CIFAR10 | DIFFUSION | Fold 1] | Train Batch 750/782 | Avg Loss=0.114935
2026-04-23 20:07:35,120 | INFO | [CIFAR10 | DIFFUSION | Fold 1] | Train Batch 782/782 | Avg Loss=0.114866
2026-04-23 20:07:37,114 | INFO | [CIFAR10 | DIFFUSION | Fold 1] | Test Batch 157/157 | Avg Loss=0.111362
2026-04-23 20:07:37,115 | INFO | Fold 1 | Epoch 8/150 | Train Loss=0.114866 | Test Loss=0.111362
2026-04-23 20:07:47,304 | INFO | [CIFAR10 | DIFFUSION | Fold 1] | Train Batch 250/782 | Avg Loss=0.114887
2026-04-23 20:07:57,641 | INFO | [CIFAR10 | DIFFUSION | Fold 1] | Train Batch 500/782 | Avg Loss=0.115041
2026-04-23 20:08:08,072 | INFO | [CIFAR10 | DIFFUSION | Fold 1] | Train Batch 750/782 | Avg Loss=0.114599
2026-04-23 20:08:09,477 | INFO | [CIFAR10 | DIFFUSION | Fold 1] | Train Batch 782/782 | Avg Loss=0.114579
2026-04-23 20:08:11,502 | INFO | [CIFAR10 | DIFFUSION | Fold 1] | Test Batch 157/157 | Avg Loss=0.110051
2026-04-23 20:08:11,503 | INFO | Fold 1 | Epoch 9/150 | Train Loss=0.114579 | Test Loss=0.110051
2026-04-23 20:08:22,374 | INFO | [CIFAR10 | DIFFUSION | Fold 1] | Train Batch 250/782 | Avg Loss=0.114244
2026-04-23 20:08:33,045 | INFO | [CIFAR10 | DIFFUSION | Fold 1] | Train Batch 500/782 | Avg Loss=0.114252
2026-04-23 20:08:43,429 | INFO | [CIFAR10 | DIFFUSION | Fold 1] | Train Batch 750/782 | Avg Loss=0.114445
2026-04-23 20:08:44,730 | INFO | [CIFAR10 | DIFFUSION | Fold 1] | Train Batch 782/782 | Avg Loss=0.114460
2026-04-23 20:08:46,789 | INFO | [CIFAR10 | DIFFUSION | Fold 1] | Test Batch 157/157 | Avg Loss=0.110847
2026-04-23 20:08:46,791 | INFO | Fold 1 | Epoch 10/150 | Train Loss=0.114460 | Test Loss=0.110847
2026-04-23 20:08:57,268 | INFO | [CIFAR10 | DIFFUSION | Fold 1] | Train Batch 250/782 | Avg Loss=0.111810
2026-04-23 20:09:07,554 | INFO | [CIFAR10 | DIFFUSION | Fold 1] | Train Batch 500/782 | Avg Loss=0.112803
2026-04-23 20:09:17,898 | INFO | [CIFAR10 | DIFFUSION | Fold 1] | Train Batch 750/782 | Avg Loss=0.112879
2026-04-23 20:09:19,206 | INFO | [CIFAR10 | DIFFUSION | Fold 1] | Train Batch 782/782 | Avg Loss=0.112872
2026-04-23 20:09:21,272 | INFO | [CIFAR10 | DIFFUSION | Fold 1] | Test Batch 157/157 | Avg Loss=0.111590
2026-04-23 20:09:21,273 | INFO | Fold 1 | Epoch 11/150 | Train Loss=0.112872 | Test Loss=0.111590
2026-04-23 20:09:31,715 | INFO | [CIFAR10 | DIFFUSION | Fold 1] | Train Batch 250/782 | Avg Loss=0.112636
2026-04-23 20:09:41,938 | INFO | [CIFAR10 | DIFFUSION | Fold 1] | Train Batch 500/782 | Avg Loss=0.112819
2026-04-23 20:09:52,178 | INFO | [CIFAR10 | DIFFUSION | Fold 1] | Train Batch 750/782 | Avg Loss=0.113279
2026-04-23 20:09:53,465 | INFO | [CIFAR10 | DIFFUSION | Fold 1] | Train Batch 782/782 | Avg Loss=0.113338
2026-04-23 20:09:55,507 | INFO | [CIFAR10 | DIFFUSION | Fold 1] | Test Batch 157/157 | Avg Loss=0.108924
2026-04-23 20:09:55,509 | INFO | Fold 1 | Epoch 12/150 | Train Loss=0.113338 | Test Loss=0.108924
2026-04-23 20:10:05,713 | INFO | [CIFAR10 | DIFFUSION | Fold 1] | Train Batch 250/782 | Avg Loss=0.113947
2026-04-23 20:10:15,852 | INFO | [CIFAR10 | DIFFUSION | Fold 1] | Train Batch 500/782 | Avg Loss=0.113579
2026-04-23 20:10:25,963 | INFO | [CIFAR10 | DIFFUSION | Fold 1] | Train Batch 750/782 | Avg Loss=0.113386
2026-04-23 20:10:27,267 | INFO | [CIFAR10 | DIFFUSION | Fold 1] | Train Batch 782/782 | Avg Loss=0.113387
2026-04-23 20:10:29,285 | INFO | [CIFAR10 | DIFFUSION | Fold 1] | Test Batch 157/157 | Avg Loss=0.109187
2026-04-23 20:10:29,286 | INFO | Fold 1 | Epoch 13/150 | Train Loss=0.113387 | Test Loss=0.109187
2026-04-23 20:10:39,459 | INFO | [CIFAR10 | DIFFUSION | Fold 1] | Train Batch 250/782 | Avg Loss=0.112040
2026-04-23 20:10:49,599 | INFO | [CIFAR10 | DIFFUSION | Fold 1] | Train Batch 500/782 | Avg Loss=0.112452
2026-04-23 20:10:59,817 | INFO | [CIFAR10 | DIFFUSION | Fold 1] | Train Batch 750/782 | Avg Loss=0.112201
2026-04-23 20:11:01,102 | INFO | [CIFAR10 | DIFFUSION | Fold 1] | Train Batch 782/782 | Avg Loss=0.112201
2026-04-23 20:11:03,085 | INFO | [CIFAR10 | DIFFUSION | Fold 1] | Test Batch 157/157 | Avg Loss=0.109041
2026-04-23 20:11:03,086 | INFO | Fold 1 | Epoch 14/150 | Train Loss=0.112201 | Test Loss=0.109041
2026-04-23 20:11:13,509 | INFO | [CIFAR10 | DIFFUSION | Fold 1] | Train Batch 250/782 | Avg Loss=0.113404
2026-04-23 20:11:24,260 | INFO | [CIFAR10 | DIFFUSION | Fold 1] | Train Batch 500/782 | Avg Loss=0.113056
2026-04-23 20:11:34,705 | INFO | [CIFAR10 | DIFFUSION | Fold 1] | Train Batch 750/782 | Avg Loss=0.112810
2026-04-23 20:11:36,082 | INFO | [CIFAR10 | DIFFUSION | Fold 1] | Train Batch 782/782 | Avg Loss=0.112800
2026-04-23 20:11:38,144 | INFO | [CIFAR10 | DIFFUSION | Fold 1] | Test Batch 157/157 | Avg Loss=0.108970
2026-04-23 20:11:38,145 | INFO | Fold 1 | Epoch 15/150 | Train Loss=0.112800 | Test Loss=0.108970
2026-04-23 20:11:48,564 | INFO | [CIFAR10 | DIFFUSION | Fold 1] | Train Batch 250/782 | Avg Loss=0.111664
2026-04-23 20:11:58,816 | INFO | [CIFAR10 | DIFFUSION | Fold 1] | Train Batch 500/782 | Avg Loss=0.112113
2026-04-23 20:12:09,002 | INFO | [CIFAR10 | DIFFUSION | Fold 1] | Train Batch 750/782 | Avg Loss=0.112273
2026-04-23 20:12:10,287 | INFO | [CIFAR10 | DIFFUSION | Fold 1] | Train Batch 782/782 | Avg Loss=0.112203
2026-04-23 20:12:12,321 | INFO | [CIFAR10 | DIFFUSION | Fold 1] | Test Batch 157/157 | Avg Loss=0.109352
2026-04-23 20:12:12,322 | INFO | Fold 1 | Epoch 16/150 | Train Loss=0.112203 | Test Loss=0.109352
2026-04-23 20:12:22,505 | INFO | [CIFAR10 | DIFFUSION | Fold 1] | Train Batch 250/782 | Avg Loss=0.111466
2026-04-23 20:12:32,900 | INFO | [CIFAR10 | DIFFUSION | Fold 1] | Train Batch 500/782 | Avg Loss=0.112391
2026-04-23 20:12:43,169 | INFO | [CIFAR10 | DIFFUSION | Fold 1] | Train Batch 750/782 | Avg Loss=0.112220
2026-04-23 20:12:44,531 | INFO | [CIFAR10 | DIFFUSION | Fold 1] | Train Batch 782/782 | Avg Loss=0.112110
2026-04-23 20:12:46,610 | INFO | [CIFAR10 | DIFFUSION | Fold 1] | Test Batch 157/157 | Avg Loss=0.109586
2026-04-23 20:12:46,611 | INFO | Fold 1 | Epoch 17/150 | Train Loss=0.112110 | Test Loss=0.109586
2026-04-23 20:12:56,967 | INFO | [CIFAR10 | DIFFUSION | Fold 1] | Train Batch 250/782 | Avg Loss=0.112142
2026-04-23 20:13:07,205 | INFO | [CIFAR10 | DIFFUSION | Fold 1] | Train Batch 500/782 | Avg Loss=0.112044
2026-04-23 20:13:17,524 | INFO | [CIFAR10 | DIFFUSION | Fold 1] | Train Batch 750/782 | Avg Loss=0.111729
2026-04-23 20:13:18,816 | INFO | [CIFAR10 | DIFFUSION | Fold 1] | Train Batch 782/782 | Avg Loss=0.111676
2026-04-23 20:13:20,904 | INFO | [CIFAR10 | DIFFUSION | Fold 1] | Test Batch 157/157 | Avg Loss=0.107856
2026-04-23 20:13:20,905 | INFO | Fold 1 | Epoch 18/150 | Train Loss=0.111676 | Test Loss=0.107856
2026-04-23 20:13:31,293 | INFO | [CIFAR10 | DIFFUSION | Fold 1] | Train Batch 250/782 | Avg Loss=0.112207
2026-04-23 20:13:41,521 | INFO | [CIFAR10 | DIFFUSION | Fold 1] | Train Batch 500/782 | Avg Loss=0.112121
2026-04-23 20:13:51,715 | INFO | [CIFAR10 | DIFFUSION | Fold 1] | Train Batch 750/782 | Avg Loss=0.112146
2026-04-23 20:13:53,056 | INFO | [CIFAR10 | DIFFUSION | Fold 1] | Train Batch 782/782 | Avg Loss=0.112144
2026-04-23 20:13:55,069 | INFO | [CIFAR10 | DIFFUSION | Fold 1] | Test Batch 157/157 | Avg Loss=0.110332
2026-04-23 20:13:55,070 | INFO | Fold 1 | Epoch 19/150 | Train Loss=0.112144 | Test Loss=0.110332
2026-04-23 20:14:05,480 | INFO | [CIFAR10 | DIFFUSION | Fold 1] | Train Batch 250/782 | Avg Loss=0.112312
2026-04-23 20:14:15,597 | INFO | [CIFAR10 | DIFFUSION | Fold 1] | Train Batch 500/782 | Avg Loss=0.112172
2026-04-23 20:14:26,171 | INFO | [CIFAR10 | DIFFUSION | Fold 1] | Train Batch 750/782 | Avg Loss=0.111894
2026-04-23 20:14:27,473 | INFO | [CIFAR10 | DIFFUSION | Fold 1] | Train Batch 782/782 | Avg Loss=0.111902
2026-04-23 20:14:29,491 | INFO | [CIFAR10 | DIFFUSION | Fold 1] | Test Batch 157/157 | Avg Loss=0.109779
2026-04-23 20:14:29,492 | INFO | Fold 1 | Epoch 20/150 | Train Loss=0.111902 | Test Loss=0.109779
2026-04-23 20:14:39,769 | INFO | [CIFAR10 | DIFFUSION | Fold 1] | Train Batch 250/782 | Avg Loss=0.112060
2026-04-23 20:14:49,932 | INFO | [CIFAR10 | DIFFUSION | Fold 1] | Train Batch 500/782 | Avg Loss=0.112143
2026-04-23 20:15:00,252 | INFO | [CIFAR10 | DIFFUSION | Fold 1] | Train Batch 750/782 | Avg Loss=0.112069
2026-04-23 20:15:01,544 | INFO | [CIFAR10 | DIFFUSION | Fold 1] | Train Batch 782/782 | Avg Loss=0.112000
2026-04-23 20:15:03,580 | INFO | [CIFAR10 | DIFFUSION | Fold 1] | Test Batch 157/157 | Avg Loss=0.107661
2026-04-23 20:15:03,581 | INFO | Fold 1 | Epoch 21/150 | Train Loss=0.112000 | Test Loss=0.107661
2026-04-23 20:15:13,946 | INFO | [CIFAR10 | DIFFUSION | Fold 1] | Train Batch 250/782 | Avg Loss=0.110542
2026-04-23 20:15:24,360 | INFO | [CIFAR10 | DIFFUSION | Fold 1] | Train Batch 500/782 | Avg Loss=0.111399
2026-04-23 20:15:34,507 | INFO | [CIFAR10 | DIFFUSION | Fold 1] | Train Batch 750/782 | Avg Loss=0.111323
2026-04-23 20:15:35,796 | INFO | [CIFAR10 | DIFFUSION | Fold 1] | Train Batch 782/782 | Avg Loss=0.111395
2026-04-23 20:15:37,812 | INFO | [CIFAR10 | DIFFUSION | Fold 1] | Test Batch 157/157 | Avg Loss=0.108091
2026-04-23 20:15:37,813 | INFO | Fold 1 | Epoch 22/150 | Train Loss=0.111395 | Test Loss=0.108091
2026-04-23 20:15:48,042 | INFO | [CIFAR10 | DIFFUSION | Fold 1] | Train Batch 250/782 | Avg Loss=0.110889
2026-04-23 20:15:58,201 | INFO | [CIFAR10 | DIFFUSION | Fold 1] | Train Batch 500/782 | Avg Loss=0.110787
2026-04-23 20:16:08,407 | INFO | [CIFAR10 | DIFFUSION | Fold 1] | Train Batch 750/782 | Avg Loss=0.110862
2026-04-23 20:16:09,693 | INFO | [CIFAR10 | DIFFUSION | Fold 1] | Train Batch 782/782 | Avg Loss=0.110797
2026-04-23 20:16:11,777 | INFO | [CIFAR10 | DIFFUSION | Fold 1] | Test Batch 157/157 | Avg Loss=0.109996
2026-04-23 20:16:11,778 | INFO | Fold 1 | Epoch 23/150 | Train Loss=0.110797 | Test Loss=0.109996
2026-04-23 20:16:21,917 | INFO | [CIFAR10 | DIFFUSION | Fold 1] | Train Batch 250/782 | Avg Loss=0.111170
2026-04-23 20:16:32,023 | INFO | [CIFAR10 | DIFFUSION | Fold 1] | Train Batch 500/782 | Avg Loss=0.111067
2026-04-23 20:16:42,151 | INFO | [CIFAR10 | DIFFUSION | Fold 1] | Train Batch 750/782 | Avg Loss=0.110727
2026-04-23 20:16:43,444 | INFO | [CIFAR10 | DIFFUSION | Fold 1] | Train Batch 782/782 | Avg Loss=0.110562
2026-04-23 20:16:45,459 | INFO | [CIFAR10 | DIFFUSION | Fold 1] | Test Batch 157/157 | Avg Loss=0.108406
2026-04-23 20:16:45,460 | INFO | Fold 1 | Epoch 24/150 | Train Loss=0.110562 | Test Loss=0.108406
2026-04-23 20:16:55,735 | INFO | [CIFAR10 | DIFFUSION | Fold 1] | Train Batch 250/782 | Avg Loss=0.110826
2026-04-23 20:17:05,889 | INFO | [CIFAR10 | DIFFUSION | Fold 1] | Train Batch 500/782 | Avg Loss=0.111189
2026-04-23 20:17:16,073 | INFO | [CIFAR10 | DIFFUSION | Fold 1] | Train Batch 750/782 | Avg Loss=0.111150
2026-04-23 20:17:17,366 | INFO | [CIFAR10 | DIFFUSION | Fold 1] | Train Batch 782/782 | Avg Loss=0.111177
2026-04-23 20:17:19,378 | INFO | [CIFAR10 | DIFFUSION | Fold 1] | Test Batch 157/157 | Avg Loss=0.107838
2026-04-23 20:17:19,379 | INFO | Fold 1 | Epoch 25/150 | Train Loss=0.111177 | Test Loss=0.107838
2026-04-23 20:17:30,068 | INFO | [CIFAR10 | DIFFUSION | Fold 1] | Train Batch 250/782 | Avg Loss=0.110845
2026-04-23 20:17:40,412 | INFO | [CIFAR10 | DIFFUSION | Fold 1] | Train Batch 500/782 | Avg Loss=0.111158
2026-04-23 20:17:50,734 | INFO | [CIFAR10 | DIFFUSION | Fold 1] | Train Batch 750/782 | Avg Loss=0.110872
2026-04-23 20:17:52,062 | INFO | [CIFAR10 | DIFFUSION | Fold 1] | Train Batch 782/782 | Avg Loss=0.110901
2026-04-23 20:17:54,485 | INFO | [CIFAR10 | DIFFUSION | Fold 1] | Test Batch 157/157 | Avg Loss=0.108039
2026-04-23 20:17:54,487 | INFO | Fold 1 | Epoch 26/150 | Train Loss=0.110901 | Test Loss=0.108039
2026-04-23 20:18:05,376 | INFO | [CIFAR10 | DIFFUSION | Fold 1] | Train Batch 250/782 | Avg Loss=0.110947
2026-04-23 20:18:15,847 | INFO | [CIFAR10 | DIFFUSION | Fold 1] | Train Batch 500/782 | Avg Loss=0.111296
2026-04-23 20:18:26,254 | INFO | [CIFAR10 | DIFFUSION | Fold 1] | Train Batch 750/782 | Avg Loss=0.111027
2026-04-23 20:18:27,559 | INFO | [CIFAR10 | DIFFUSION | Fold 1] | Train Batch 782/782 | Avg Loss=0.111022
2026-04-23 20:18:29,614 | INFO | [CIFAR10 | DIFFUSION | Fold 1] | Test Batch 157/157 | Avg Loss=0.107694
2026-04-23 20:18:29,615 | INFO | Fold 1 | Epoch 27/150 | Train Loss=0.111022 | Test Loss=0.107694
2026-04-23 20:18:40,048 | INFO | [CIFAR10 | DIFFUSION | Fold 1] | Train Batch 250/782 | Avg Loss=0.111769
2026-04-23 20:18:50,301 | INFO | [CIFAR10 | DIFFUSION | Fold 1] | Train Batch 500/782 | Avg Loss=0.110643
2026-04-23 20:19:00,611 | INFO | [CIFAR10 | DIFFUSION | Fold 1] | Train Batch 750/782 | Avg Loss=0.110790
2026-04-23 20:19:01,899 | INFO | [CIFAR10 | DIFFUSION | Fold 1] | Train Batch 782/782 | Avg Loss=0.110826
2026-04-23 20:19:03,956 | INFO | [CIFAR10 | DIFFUSION | Fold 1] | Test Batch 157/157 | Avg Loss=0.108782
2026-04-23 20:19:03,957 | INFO | Fold 1 | Epoch 28/150 | Train Loss=0.110826 | Test Loss=0.108782
2026-04-23 20:19:14,662 | INFO | [CIFAR10 | DIFFUSION | Fold 1] | Train Batch 250/782 | Avg Loss=0.110459
2026-04-23 20:19:25,210 | INFO | [CIFAR10 | DIFFUSION | Fold 1] | Train Batch 500/782 | Avg Loss=0.109916
2026-04-23 20:19:35,739 | INFO | [CIFAR10 | DIFFUSION | Fold 1] | Train Batch 750/782 | Avg Loss=0.110039
2026-04-23 20:19:37,172 | INFO | [CIFAR10 | DIFFUSION | Fold 1] | Train Batch 782/782 | Avg Loss=0.110002
2026-04-23 20:19:39,143 | INFO | [CIFAR10 | DIFFUSION | Fold 1] | Test Batch 157/157 | Avg Loss=0.109332
2026-04-23 20:19:39,144 | INFO | Fold 1 | Epoch 29/150 | Train Loss=0.110002 | Test Loss=0.109332
2026-04-23 20:19:49,924 | INFO | [CIFAR10 | DIFFUSION | Fold 1] | Train Batch 250/782 | Avg Loss=0.110952
2026-04-23 20:20:00,685 | INFO | [CIFAR10 | DIFFUSION | Fold 1] | Train Batch 500/782 | Avg Loss=0.110793
2026-04-23 20:20:10,950 | INFO | [CIFAR10 | DIFFUSION | Fold 1] | Train Batch 750/782 | Avg Loss=0.110714
2026-04-23 20:20:12,253 | INFO | [CIFAR10 | DIFFUSION | Fold 1] | Train Batch 782/782 | Avg Loss=0.110667
2026-04-23 20:20:14,316 | INFO | [CIFAR10 | DIFFUSION | Fold 1] | Test Batch 157/157 | Avg Loss=0.108614
2026-04-23 20:20:14,317 | INFO | Fold 1 | Epoch 30/150 | Train Loss=0.110667 | Test Loss=0.108614
2026-04-23 20:20:24,696 | INFO | [CIFAR10 | DIFFUSION | Fold 1] | Train Batch 250/782 | Avg Loss=0.109130
2026-04-23 20:20:35,182 | INFO | [CIFAR10 | DIFFUSION | Fold 1] | Train Batch 500/782 | Avg Loss=0.109583
2026-04-23 20:20:45,395 | INFO | [CIFAR10 | DIFFUSION | Fold 1] | Train Batch 750/782 | Avg Loss=0.110109
2026-04-23 20:20:46,687 | INFO | [CIFAR10 | DIFFUSION | Fold 1] | Train Batch 782/782 | Avg Loss=0.110229
2026-04-23 20:20:48,743 | INFO | [CIFAR10 | DIFFUSION | Fold 1] | Test Batch 157/157 | Avg Loss=0.108588
2026-04-23 20:20:48,744 | INFO | Fold 1 | Epoch 31/150 | Train Loss=0.110229 | Test Loss=0.108588
2026-04-23 20:20:59,045 | INFO | [CIFAR10 | DIFFUSION | Fold 1] | Train Batch 250/782 | Avg Loss=0.110893
2026-04-23 20:21:09,458 | INFO | [CIFAR10 | DIFFUSION | Fold 1] | Train Batch 500/782 | Avg Loss=0.110396
2026-04-23 20:21:19,672 | INFO | [CIFAR10 | DIFFUSION | Fold 1] | Train Batch 750/782 | Avg Loss=0.110543
2026-04-23 20:21:21,095 | INFO | [CIFAR10 | DIFFUSION | Fold 1] | Train Batch 782/782 | Avg Loss=0.110625
2026-04-23 20:21:23,158 | INFO | [CIFAR10 | DIFFUSION | Fold 1] | Test Batch 157/157 | Avg Loss=0.108626
2026-04-23 20:21:23,159 | INFO | Fold 1 | Epoch 32/150 | Train Loss=0.110625 | Test Loss=0.108626
2026-04-23 20:21:33,342 | INFO | [CIFAR10 | DIFFUSION | Fold 1] | Train Batch 250/782 | Avg Loss=0.110154
2026-04-23 20:21:43,434 | INFO | [CIFAR10 | DIFFUSION | Fold 1] | Train Batch 500/782 | Avg Loss=0.110231
2026-04-23 20:21:53,557 | INFO | [CIFAR10 | DIFFUSION | Fold 1] | Train Batch 750/782 | Avg Loss=0.110263
2026-04-23 20:21:54,848 | INFO | [CIFAR10 | DIFFUSION | Fold 1] | Train Batch 782/782 | Avg Loss=0.110206
2026-04-23 20:21:56,908 | INFO | [CIFAR10 | DIFFUSION | Fold 1] | Test Batch 157/157 | Avg Loss=0.108027
2026-04-23 20:21:56,909 | INFO | Fold 1 | Epoch 33/150 | Train Loss=0.110206 | Test Loss=0.108027
2026-04-23 20:22:07,144 | INFO | [CIFAR10 | DIFFUSION | Fold 1] | Train Batch 250/782 | Avg Loss=0.109430
2026-04-23 20:22:17,426 | INFO | [CIFAR10 | DIFFUSION | Fold 1] | Train Batch 500/782 | Avg Loss=0.109512
2026-04-23 20:22:27,649 | INFO | [CIFAR10 | DIFFUSION | Fold 1] | Train Batch 750/782 | Avg Loss=0.109856
2026-04-23 20:22:28,947 | INFO | [CIFAR10 | DIFFUSION | Fold 1] | Train Batch 782/782 | Avg Loss=0.110026
2026-04-23 20:22:31,031 | INFO | [CIFAR10 | DIFFUSION | Fold 1] | Test Batch 157/157 | Avg Loss=0.109369
2026-04-23 20:22:31,032 | INFO | Fold 1 | Epoch 34/150 | Train Loss=0.110026 | Test Loss=0.109369
2026-04-23 20:22:41,351 | INFO | [CIFAR10 | DIFFUSION | Fold 1] | Train Batch 250/782 | Avg Loss=0.110180
2026-04-23 20:22:51,602 | INFO | [CIFAR10 | DIFFUSION | Fold 1] | Train Batch 500/782 | Avg Loss=0.109908
2026-04-23 20:23:01,752 | INFO | [CIFAR10 | DIFFUSION | Fold 1] | Train Batch 750/782 | Avg Loss=0.109960
2026-04-23 20:23:03,038 | INFO | [CIFAR10 | DIFFUSION | Fold 1] | Train Batch 782/782 | Avg Loss=0.109877
2026-04-23 20:23:05,153 | INFO | [CIFAR10 | DIFFUSION | Fold 1] | Test Batch 157/157 | Avg Loss=0.107403
2026-04-23 20:23:05,154 | INFO | Fold 1 | Epoch 35/150 | Train Loss=0.109877 | Test Loss=0.107403
2026-04-23 20:23:15,304 | INFO | [CIFAR10 | DIFFUSION | Fold 1] | Train Batch 250/782 | Avg Loss=0.109848
2026-04-23 20:23:25,707 | INFO | [CIFAR10 | DIFFUSION | Fold 1] | Train Batch 500/782 | Avg Loss=0.109346
2026-04-23 20:23:36,581 | INFO | [CIFAR10 | DIFFUSION | Fold 1] | Train Batch 750/782 | Avg Loss=0.109833
2026-04-23 20:23:37,897 | INFO | [CIFAR10 | DIFFUSION | Fold 1] | Train Batch 782/782 | Avg Loss=0.109916
2026-04-23 20:23:39,988 | INFO | [CIFAR10 | DIFFUSION | Fold 1] | Test Batch 157/157 | Avg Loss=0.106457
2026-04-23 20:23:39,990 | INFO | Fold 1 | Epoch 36/150 | Train Loss=0.109916 | Test Loss=0.106457
2026-04-23 20:23:50,378 | INFO | [CIFAR10 | DIFFUSION | Fold 1] | Train Batch 250/782 | Avg Loss=0.111384
2026-04-23 20:24:00,648 | INFO | [CIFAR10 | DIFFUSION | Fold 1] | Train Batch 500/782 | Avg Loss=0.110239
2026-04-23 20:24:10,884 | INFO | [CIFAR10 | DIFFUSION | Fold 1] | Train Batch 750/782 | Avg Loss=0.110362
2026-04-23 20:24:12,185 | INFO | [CIFAR10 | DIFFUSION | Fold 1] | Train Batch 782/782 | Avg Loss=0.110352
2026-04-23 20:24:14,279 | INFO | [CIFAR10 | DIFFUSION | Fold 1] | Test Batch 157/157 | Avg Loss=0.107731
2026-04-23 20:24:14,280 | INFO | Fold 1 | Epoch 37/150 | Train Loss=0.110352 | Test Loss=0.107731
2026-04-23 20:24:24,742 | INFO | [CIFAR10 | DIFFUSION | Fold 1] | Train Batch 250/782 | Avg Loss=0.109931
2026-04-23 20:24:34,938 | INFO | [CIFAR10 | DIFFUSION | Fold 1] | Train Batch 500/782 | Avg Loss=0.109556
2026-04-23 20:24:45,137 | INFO | [CIFAR10 | DIFFUSION | Fold 1] | Train Batch 750/782 | Avg Loss=0.109527
2026-04-23 20:24:46,444 | INFO | [CIFAR10 | DIFFUSION | Fold 1] | Train Batch 782/782 | Avg Loss=0.109478
2026-04-23 20:24:48,573 | INFO | [CIFAR10 | DIFFUSION | Fold 1] | Test Batch 157/157 | Avg Loss=0.108552
2026-04-23 20:24:48,574 | INFO | Fold 1 | Epoch 38/150 | Train Loss=0.109478 | Test Loss=0.108552
2026-04-23 20:24:58,981 | INFO | [CIFAR10 | DIFFUSION | Fold 1] | Train Batch 250/782 | Avg Loss=0.109107
2026-04-23 20:25:09,332 | INFO | [CIFAR10 | DIFFUSION | Fold 1] | Train Batch 500/782 | Avg Loss=0.109591
2026-04-23 20:25:19,615 | INFO | [CIFAR10 | DIFFUSION | Fold 1] | Train Batch 750/782 | Avg Loss=0.109969
2026-04-23 20:25:20,915 | INFO | [CIFAR10 | DIFFUSION | Fold 1] | Train Batch 782/782 | Avg Loss=0.109886
2026-04-23 20:25:22,954 | INFO | [CIFAR10 | DIFFUSION | Fold 1] | Test Batch 157/157 | Avg Loss=0.107507
2026-04-23 20:25:22,955 | INFO | Fold 1 | Epoch 39/150 | Train Loss=0.109886 | Test Loss=0.107507
2026-04-23 20:25:33,125 | INFO | [CIFAR10 | DIFFUSION | Fold 1] | Train Batch 250/782 | Avg Loss=0.109788
2026-04-23 20:25:43,280 | INFO | [CIFAR10 | DIFFUSION | Fold 1] | Train Batch 500/782 | Avg Loss=0.109910
2026-04-23 20:25:53,557 | INFO | [CIFAR10 | DIFFUSION | Fold 1] | Train Batch 750/782 | Avg Loss=0.109703
2026-04-23 20:25:54,853 | INFO | [CIFAR10 | DIFFUSION | Fold 1] | Train Batch 782/782 | Avg Loss=0.109803
2026-04-23 20:25:56,927 | INFO | [CIFAR10 | DIFFUSION | Fold 1] | Test Batch 157/157 | Avg Loss=0.107990
2026-04-23 20:25:56,928 | INFO | Fold 1 | Epoch 40/150 | Train Loss=0.109803 | Test Loss=0.107990
2026-04-23 20:26:07,100 | INFO | [CIFAR10 | DIFFUSION | Fold 1] | Train Batch 250/782 | Avg Loss=0.109030
2026-04-23 20:26:17,241 | INFO | [CIFAR10 | DIFFUSION | Fold 1] | Train Batch 500/782 | Avg Loss=0.109306
2026-04-23 20:26:27,396 | INFO | [CIFAR10 | DIFFUSION | Fold 1] | Train Batch 750/782 | Avg Loss=0.109531
2026-04-23 20:26:28,685 | INFO | [CIFAR10 | DIFFUSION | Fold 1] | Train Batch 782/782 | Avg Loss=0.109612
2026-04-23 20:26:30,737 | INFO | [CIFAR10 | DIFFUSION | Fold 1] | Test Batch 157/157 | Avg Loss=0.107414
2026-04-23 20:26:30,738 | INFO | Fold 1 | Epoch 41/150 | Train Loss=0.109612 | Test Loss=0.107414
2026-04-23 20:26:41,231 | INFO | [CIFAR10 | DIFFUSION | Fold 1] | Train Batch 250/782 | Avg Loss=0.109550
2026-04-23 20:26:51,681 | INFO | [CIFAR10 | DIFFUSION | Fold 1] | Train Batch 500/782 | Avg Loss=0.109544
2026-04-23 20:27:02,005 | INFO | [CIFAR10 | DIFFUSION | Fold 1] | Train Batch 750/782 | Avg Loss=0.109554
2026-04-23 20:27:03,367 | INFO | [CIFAR10 | DIFFUSION | Fold 1] | Train Batch 782/782 | Avg Loss=0.109502
2026-04-23 20:27:05,435 | INFO | [CIFAR10 | DIFFUSION | Fold 1] | Test Batch 157/157 | Avg Loss=0.108521
2026-04-23 20:27:05,436 | INFO | Fold 1 | Epoch 42/150 | Train Loss=0.109502 | Test Loss=0.108521
2026-04-23 20:27:15,813 | INFO | [CIFAR10 | DIFFUSION | Fold 1] | Train Batch 250/782 | Avg Loss=0.109936
2026-04-23 20:27:26,705 | INFO | [CIFAR10 | DIFFUSION | Fold 1] | Train Batch 500/782 | Avg Loss=0.109527
2026-04-23 20:27:37,287 | INFO | [CIFAR10 | DIFFUSION | Fold 1] | Train Batch 750/782 | Avg Loss=0.109296
2026-04-23 20:27:38,577 | INFO | [CIFAR10 | DIFFUSION | Fold 1] | Train Batch 782/782 | Avg Loss=0.109389
2026-04-23 20:27:40,702 | INFO | [CIFAR10 | DIFFUSION | Fold 1] | Test Batch 157/157 | Avg Loss=0.107534
2026-04-23 20:27:40,702 | INFO | Fold 1 | Epoch 43/150 | Train Loss=0.109389 | Test Loss=0.107534
2026-04-23 20:27:51,034 | INFO | [CIFAR10 | DIFFUSION | Fold 1] | Train Batch 250/782 | Avg Loss=0.110445
2026-04-23 20:28:01,256 | INFO | [CIFAR10 | DIFFUSION | Fold 1] | Train Batch 500/782 | Avg Loss=0.110203
2026-04-23 20:28:11,420 | INFO | [CIFAR10 | DIFFUSION | Fold 1] | Train Batch 750/782 | Avg Loss=0.110169
2026-04-23 20:28:12,709 | INFO | [CIFAR10 | DIFFUSION | Fold 1] | Train Batch 782/782 | Avg Loss=0.110119
2026-04-23 20:28:14,796 | INFO | [CIFAR10 | DIFFUSION | Fold 1] | Test Batch 157/157 | Avg Loss=0.106876
2026-04-23 20:28:14,797 | INFO | Fold 1 | Epoch 44/150 | Train Loss=0.110119 | Test Loss=0.106876
2026-04-23 20:28:25,008 | INFO | [CIFAR10 | DIFFUSION | Fold 1] | Train Batch 250/782 | Avg Loss=0.109569
2026-04-23 20:28:35,156 | INFO | [CIFAR10 | DIFFUSION | Fold 1] | Train Batch 500/782 | Avg Loss=0.109928
2026-04-23 20:28:45,437 | INFO | [CIFAR10 | DIFFUSION | Fold 1] | Train Batch 750/782 | Avg Loss=0.109340
2026-04-23 20:28:46,729 | INFO | [CIFAR10 | DIFFUSION | Fold 1] | Train Batch 782/782 | Avg Loss=0.109231
2026-04-23 20:28:48,832 | INFO | [CIFAR10 | DIFFUSION | Fold 1] | Test Batch 157/157 | Avg Loss=0.106730
2026-04-23 20:28:48,833 | INFO | Fold 1 | Epoch 45/150 | Train Loss=0.109231 | Test Loss=0.106730
2026-04-23 20:28:59,037 | INFO | [CIFAR10 | DIFFUSION | Fold 1] | Train Batch 250/782 | Avg Loss=0.110861
2026-04-23 20:29:09,202 | INFO | [CIFAR10 | DIFFUSION | Fold 1] | Train Batch 500/782 | Avg Loss=0.109946
2026-04-23 20:29:19,354 | INFO | [CIFAR10 | DIFFUSION | Fold 1] | Train Batch 750/782 | Avg Loss=0.110055
2026-04-23 20:29:20,650 | INFO | [CIFAR10 | DIFFUSION | Fold 1] | Train Batch 782/782 | Avg Loss=0.109905
2026-04-23 20:29:22,740 | INFO | [CIFAR10 | DIFFUSION | Fold 1] | Test Batch 157/157 | Avg Loss=0.107894
2026-04-23 20:29:22,741 | INFO | Fold 1 | Epoch 46/150 | Train Loss=0.109905 | Test Loss=0.107894
2026-04-23 20:29:32,907 | INFO | [CIFAR10 | DIFFUSION | Fold 1] | Train Batch 250/782 | Avg Loss=0.109647
2026-04-23 20:29:43,037 | INFO | [CIFAR10 | DIFFUSION | Fold 1] | Train Batch 500/782 | Avg Loss=0.109006
2026-04-23 20:29:53,191 | INFO | [CIFAR10 | DIFFUSION | Fold 1] | Train Batch 750/782 | Avg Loss=0.108954
2026-04-23 20:29:54,608 | INFO | [CIFAR10 | DIFFUSION | Fold 1] | Train Batch 782/782 | Avg Loss=0.108879
2026-04-23 20:29:56,859 | INFO | [CIFAR10 | DIFFUSION | Fold 1] | Test Batch 157/157 | Avg Loss=0.108503
2026-04-23 20:29:56,860 | INFO | Fold 1 | Epoch 47/150 | Train Loss=0.108879 | Test Loss=0.108503
2026-04-23 20:30:07,240 | INFO | [CIFAR10 | DIFFUSION | Fold 1] | Train Batch 250/782 | Avg Loss=0.110383
2026-04-23 20:30:17,530 | INFO | [CIFAR10 | DIFFUSION | Fold 1] | Train Batch 500/782 | Avg Loss=0.110113
2026-04-23 20:30:27,690 | INFO | [CIFAR10 | DIFFUSION | Fold 1] | Train Batch 750/782 | Avg Loss=0.109839
2026-04-23 20:30:28,984 | INFO | [CIFAR10 | DIFFUSION | Fold 1] | Train Batch 782/782 | Avg Loss=0.109871
2026-04-23 20:30:31,060 | INFO | [CIFAR10 | DIFFUSION | Fold 1] | Test Batch 157/157 | Avg Loss=0.108438
2026-04-23 20:30:31,061 | INFO | Fold 1 | Epoch 48/150 | Train Loss=0.109871 | Test Loss=0.108438
2026-04-23 20:30:41,248 | INFO | [CIFAR10 | DIFFUSION | Fold 1] | Train Batch 250/782 | Avg Loss=0.110425
2026-04-23 20:30:51,437 | INFO | [CIFAR10 | DIFFUSION | Fold 1] | Train Batch 500/782 | Avg Loss=0.109813
2026-04-23 20:31:01,852 | INFO | [CIFAR10 | DIFFUSION | Fold 1] | Train Batch 750/782 | Avg Loss=0.109446
2026-04-23 20:31:03,283 | INFO | [CIFAR10 | DIFFUSION | Fold 1] | Train Batch 782/782 | Avg Loss=0.109433
2026-04-23 20:31:05,432 | INFO | [CIFAR10 | DIFFUSION | Fold 1] | Test Batch 157/157 | Avg Loss=0.106735
2026-04-23 20:31:05,433 | INFO | Fold 1 | Epoch 49/150 | Train Loss=0.109433 | Test Loss=0.106735
2026-04-23 20:31:16,054 | INFO | [CIFAR10 | DIFFUSION | Fold 1] | Train Batch 250/782 | Avg Loss=0.109553
2026-04-23 20:31:26,734 | INFO | [CIFAR10 | DIFFUSION | Fold 1] | Train Batch 500/782 | Avg Loss=0.109594
2026-04-23 20:31:37,173 | INFO | [CIFAR10 | DIFFUSION | Fold 1] | Train Batch 750/782 | Avg Loss=0.109410
2026-04-23 20:31:38,538 | INFO | [CIFAR10 | DIFFUSION | Fold 1] | Train Batch 782/782 | Avg Loss=0.109345
2026-04-23 20:31:40,704 | INFO | [CIFAR10 | DIFFUSION | Fold 1] | Test Batch 157/157 | Avg Loss=0.106811
2026-04-23 20:31:40,705 | INFO | Fold 1 | Epoch 50/150 | Train Loss=0.109345 | Test Loss=0.106811
2026-04-23 20:31:51,344 | INFO | [CIFAR10 | DIFFUSION | Fold 1] | Train Batch 250/782 | Avg Loss=0.110059
2026-04-23 20:32:01,790 | INFO | [CIFAR10 | DIFFUSION | Fold 1] | Train Batch 500/782 | Avg Loss=0.109742
2026-04-23 20:32:12,161 | INFO | [CIFAR10 | DIFFUSION | Fold 1] | Train Batch 750/782 | Avg Loss=0.109313
2026-04-23 20:32:13,526 | INFO | [CIFAR10 | DIFFUSION | Fold 1] | Train Batch 782/782 | Avg Loss=0.109277
2026-04-23 20:32:15,671 | INFO | [CIFAR10 | DIFFUSION | Fold 1] | Test Batch 157/157 | Avg Loss=0.106278
2026-04-23 20:32:15,672 | INFO | Fold 1 | Epoch 51/150 | Train Loss=0.109277 | Test Loss=0.106278
2026-04-23 20:32:26,004 | INFO | [CIFAR10 | DIFFUSION | Fold 1] | Train Batch 250/782 | Avg Loss=0.109114
2026-04-23 20:32:36,394 | INFO | [CIFAR10 | DIFFUSION | Fold 1] | Train Batch 500/782 | Avg Loss=0.108799
2026-04-23 20:32:46,719 | INFO | [CIFAR10 | DIFFUSION | Fold 1] | Train Batch 750/782 | Avg Loss=0.108709
2026-04-23 20:32:48,011 | INFO | [CIFAR10 | DIFFUSION | Fold 1] | Train Batch 782/782 | Avg Loss=0.108627
2026-04-23 20:32:50,082 | INFO | [CIFAR10 | DIFFUSION | Fold 1] | Test Batch 157/157 | Avg Loss=0.106632
2026-04-23 20:32:50,083 | INFO | Fold 1 | Epoch 52/150 | Train Loss=0.108627 | Test Loss=0.106632
2026-04-23 20:33:00,420 | INFO | [CIFAR10 | DIFFUSION | Fold 1] | Train Batch 250/782 | Avg Loss=0.108787
2026-04-23 20:33:10,622 | INFO | [CIFAR10 | DIFFUSION | Fold 1] | Train Batch 500/782 | Avg Loss=0.109094
2026-04-23 20:33:21,329 | INFO | [CIFAR10 | DIFFUSION | Fold 1] | Train Batch 750/782 | Avg Loss=0.108922
2026-04-23 20:33:22,621 | INFO | [CIFAR10 | DIFFUSION | Fold 1] | Train Batch 782/782 | Avg Loss=0.109109
2026-04-23 20:33:24,693 | INFO | [CIFAR10 | DIFFUSION | Fold 1] | Test Batch 157/157 | Avg Loss=0.107385
2026-04-23 20:33:24,694 | INFO | Fold 1 | Epoch 53/150 | Train Loss=0.109109 | Test Loss=0.107385
2026-04-23 20:33:34,900 | INFO | [CIFAR10 | DIFFUSION | Fold 1] | Train Batch 250/782 | Avg Loss=0.107861
2026-04-23 20:33:45,043 | INFO | [CIFAR10 | DIFFUSION | Fold 1] | Train Batch 500/782 | Avg Loss=0.108398
2026-04-23 20:33:55,196 | INFO | [CIFAR10 | DIFFUSION | Fold 1] | Train Batch 750/782 | Avg Loss=0.109021
2026-04-23 20:33:56,493 | INFO | [CIFAR10 | DIFFUSION | Fold 1] | Train Batch 782/782 | Avg Loss=0.109009
2026-04-23 20:33:58,613 | INFO | [CIFAR10 | DIFFUSION | Fold 1] | Test Batch 157/157 | Avg Loss=0.108135
2026-04-23 20:33:58,614 | INFO | Fold 1 | Epoch 54/150 | Train Loss=0.109009 | Test Loss=0.108135
2026-04-23 20:34:08,801 | INFO | [CIFAR10 | DIFFUSION | Fold 1] | Train Batch 250/782 | Avg Loss=0.110293
2026-04-23 20:34:18,979 | INFO | [CIFAR10 | DIFFUSION | Fold 1] | Train Batch 500/782 | Avg Loss=0.109386
2026-04-23 20:34:29,163 | INFO | [CIFAR10 | DIFFUSION | Fold 1] | Train Batch 750/782 | Avg Loss=0.108935
2026-04-23 20:34:30,460 | INFO | [CIFAR10 | DIFFUSION | Fold 1] | Train Batch 782/782 | Avg Loss=0.109059
2026-04-23 20:34:32,475 | INFO | [CIFAR10 | DIFFUSION | Fold 1] | Test Batch 157/157 | Avg Loss=0.105771
2026-04-23 20:34:32,477 | INFO | Fold 1 | Epoch 55/150 | Train Loss=0.109059 | Test Loss=0.105771
2026-04-23 20:34:43,335 | INFO | [CIFAR10 | DIFFUSION | Fold 1] | Train Batch 250/782 | Avg Loss=0.110097
2026-04-23 20:34:55,998 | INFO | [CIFAR10 | DIFFUSION | Fold 1] | Train Batch 500/782 | Avg Loss=0.109387
2026-04-23 20:35:07,225 | INFO | [CIFAR10 | DIFFUSION | Fold 1] | Train Batch 750/782 | Avg Loss=0.109234
2026-04-23 20:35:08,717 | INFO | [CIFAR10 | DIFFUSION | Fold 1] | Train Batch 782/782 | Avg Loss=0.109254
2026-04-23 20:35:10,794 | INFO | [CIFAR10 | DIFFUSION | Fold 1] | Test Batch 157/157 | Avg Loss=0.106602
2026-04-23 20:35:10,795 | INFO | Fold 1 | Epoch 56/150 | Train Loss=0.109254 | Test Loss=0.106602
2026-04-23 20:35:21,491 | INFO | [CIFAR10 | DIFFUSION | Fold 1] | Train Batch 250/782 | Avg Loss=0.109655
2026-04-23 20:35:32,455 | INFO | [CIFAR10 | DIFFUSION | Fold 1] | Train Batch 500/782 | Avg Loss=0.108945
2026-04-23 20:35:42,810 | INFO | [CIFAR10 | DIFFUSION | Fold 1] | Train Batch 750/782 | Avg Loss=0.108814
2026-04-23 20:35:44,138 | INFO | [CIFAR10 | DIFFUSION | Fold 1] | Train Batch 782/782 | Avg Loss=0.108771
2026-04-23 20:35:46,208 | INFO | [CIFAR10 | DIFFUSION | Fold 1] | Test Batch 157/157 | Avg Loss=0.106847
2026-04-23 20:35:46,209 | INFO | Fold 1 | Epoch 57/150 | Train Loss=0.108771 | Test Loss=0.106847
2026-04-23 20:35:57,436 | INFO | [CIFAR10 | DIFFUSION | Fold 1] | Train Batch 250/782 | Avg Loss=0.108447
2026-04-23 20:36:07,871 | INFO | [CIFAR10 | DIFFUSION | Fold 1] | Train Batch 500/782 | Avg Loss=0.107885
2026-04-23 20:36:18,305 | INFO | [CIFAR10 | DIFFUSION | Fold 1] | Train Batch 750/782 | Avg Loss=0.108561
2026-04-23 20:36:19,597 | INFO | [CIFAR10 | DIFFUSION | Fold 1] | Train Batch 782/782 | Avg Loss=0.108547
2026-04-23 20:36:21,758 | INFO | [CIFAR10 | DIFFUSION | Fold 1] | Test Batch 157/157 | Avg Loss=0.107020
2026-04-23 20:36:21,759 | INFO | Fold 1 | Epoch 58/150 | Train Loss=0.108547 | Test Loss=0.107020
2026-04-23 20:36:31,794 | INFO | [CIFAR10 | DIFFUSION | Fold 1] | Train Batch 250/782 | Avg Loss=0.109538
2026-04-23 20:36:43,591 | INFO | [CIFAR10 | DIFFUSION | Fold 1] | Train Batch 500/782 | Avg Loss=0.109662
2026-04-23 20:36:54,649 | INFO | [CIFAR10 | DIFFUSION | Fold 1] | Train Batch 750/782 | Avg Loss=0.109720
2026-04-23 20:36:56,066 | INFO | [CIFAR10 | DIFFUSION | Fold 1] | Train Batch 782/782 | Avg Loss=0.109623
2026-04-23 20:36:58,130 | INFO | [CIFAR10 | DIFFUSION | Fold 1] | Test Batch 157/157 | Avg Loss=0.107062
2026-04-23 20:36:58,131 | INFO | Fold 1 | Epoch 59/150 | Train Loss=0.109623 | Test Loss=0.107062
2026-04-23 20:37:09,271 | INFO | [CIFAR10 | DIFFUSION | Fold 1] | Train Batch 250/782 | Avg Loss=0.109748
2026-04-23 20:37:20,561 | INFO | [CIFAR10 | DIFFUSION | Fold 1] | Train Batch 500/782 | Avg Loss=0.109279
2026-04-23 20:37:31,345 | INFO | [CIFAR10 | DIFFUSION | Fold 1] | Train Batch 750/782 | Avg Loss=0.109341
2026-04-23 20:37:32,773 | INFO | [CIFAR10 | DIFFUSION | Fold 1] | Train Batch 782/782 | Avg Loss=0.109264
2026-04-23 20:37:34,844 | INFO | [CIFAR10 | DIFFUSION | Fold 1] | Test Batch 157/157 | Avg Loss=0.107563
2026-04-23 20:37:34,846 | INFO | Fold 1 | Epoch 60/150 | Train Loss=0.109264 | Test Loss=0.107563
2026-04-23 20:37:45,559 | INFO | [CIFAR10 | DIFFUSION | Fold 1] | Train Batch 250/782 | Avg Loss=0.109014
2026-04-23 20:37:56,335 | INFO | [CIFAR10 | DIFFUSION | Fold 1] | Train Batch 500/782 | Avg Loss=0.109047
2026-04-23 20:38:06,974 | INFO | [CIFAR10 | DIFFUSION | Fold 1] | Train Batch 750/782 | Avg Loss=0.108980
2026-04-23 20:38:08,323 | INFO | [CIFAR10 | DIFFUSION | Fold 1] | Train Batch 782/782 | Avg Loss=0.109023
2026-04-23 20:38:10,469 | INFO | [CIFAR10 | DIFFUSION | Fold 1] | Test Batch 157/157 | Avg Loss=0.108438
2026-04-23 20:38:10,470 | INFO | Fold 1 | Epoch 61/150 | Train Loss=0.109023 | Test Loss=0.108438
2026-04-23 20:38:21,353 | INFO | [CIFAR10 | DIFFUSION | Fold 1] | Train Batch 250/782 | Avg Loss=0.110390
2026-04-23 20:38:33,595 | INFO | [CIFAR10 | DIFFUSION | Fold 1] | Train Batch 500/782 | Avg Loss=0.109975
2026-04-23 20:38:44,368 | INFO | [CIFAR10 | DIFFUSION | Fold 1] | Train Batch 750/782 | Avg Loss=0.109458
2026-04-23 20:38:45,650 | INFO | [CIFAR10 | DIFFUSION | Fold 1] | Train Batch 782/782 | Avg Loss=0.109393
2026-04-23 20:38:47,725 | INFO | [CIFAR10 | DIFFUSION | Fold 1] | Test Batch 157/157 | Avg Loss=0.107422
2026-04-23 20:38:47,726 | INFO | Fold 1 | Epoch 62/150 | Train Loss=0.109393 | Test Loss=0.107422
2026-04-23 20:38:58,483 | INFO | [CIFAR10 | DIFFUSION | Fold 1] | Train Batch 250/782 | Avg Loss=0.108737
2026-04-23 20:39:09,317 | INFO | [CIFAR10 | DIFFUSION | Fold 1] | Train Batch 500/782 | Avg Loss=0.108434
2026-04-23 20:39:20,068 | INFO | [CIFAR10 | DIFFUSION | Fold 1] | Train Batch 750/782 | Avg Loss=0.108289
2026-04-23 20:39:21,430 | INFO | [CIFAR10 | DIFFUSION | Fold 1] | Train Batch 782/782 | Avg Loss=0.108359
2026-04-23 20:39:23,476 | INFO | [CIFAR10 | DIFFUSION | Fold 1] | Test Batch 157/157 | Avg Loss=0.106978
2026-04-23 20:39:23,477 | INFO | Fold 1 | Epoch 63/150 | Train Loss=0.108359 | Test Loss=0.106978
2026-04-23 20:39:33,877 | INFO | [CIFAR10 | DIFFUSION | Fold 1] | Train Batch 250/782 | Avg Loss=0.108747
2026-04-23 20:39:44,545 | INFO | [CIFAR10 | DIFFUSION | Fold 1] | Train Batch 500/782 | Avg Loss=0.108742
2026-04-23 20:39:55,122 | INFO | [CIFAR10 | DIFFUSION | Fold 1] | Train Batch 750/782 | Avg Loss=0.109102
2026-04-23 20:39:56,487 | INFO | [CIFAR10 | DIFFUSION | Fold 1] | Train Batch 782/782 | Avg Loss=0.108972
2026-04-23 20:39:58,554 | INFO | [CIFAR10 | DIFFUSION | Fold 1] | Test Batch 157/157 | Avg Loss=0.107003
2026-04-23 20:39:58,555 | INFO | Fold 1 | Epoch 64/150 | Train Loss=0.108972 | Test Loss=0.107003
2026-04-23 20:40:09,341 | INFO | [CIFAR10 | DIFFUSION | Fold 1] | Train Batch 250/782 | Avg Loss=0.109592
2026-04-23 20:40:20,050 | INFO | [CIFAR10 | DIFFUSION | Fold 1] | Train Batch 500/782 | Avg Loss=0.109521
2026-04-23 20:40:30,848 | INFO | [CIFAR10 | DIFFUSION | Fold 1] | Train Batch 750/782 | Avg Loss=0.109212
2026-04-23 20:40:32,248 | INFO | [CIFAR10 | DIFFUSION | Fold 1] | Train Batch 782/782 | Avg Loss=0.109161
2026-04-23 20:40:34,468 | INFO | [CIFAR10 | DIFFUSION | Fold 1] | Test Batch 157/157 | Avg Loss=0.107116
2026-04-23 20:40:34,470 | INFO | Fold 1 | Epoch 65/150 | Train Loss=0.109161 | Test Loss=0.107116
2026-04-23 20:40:45,597 | INFO | [CIFAR10 | DIFFUSION | Fold 1] | Train Batch 250/782 | Avg Loss=0.108202
2026-04-23 20:40:56,490 | INFO | [CIFAR10 | DIFFUSION | Fold 1] | Train Batch 500/782 | Avg Loss=0.108007
2026-04-23 20:41:07,468 | INFO | [CIFAR10 | DIFFUSION | Fold 1] | Train Batch 750/782 | Avg Loss=0.108196
2026-04-23 20:41:08,953 | INFO | [CIFAR10 | DIFFUSION | Fold 1] | Train Batch 782/782 | Avg Loss=0.108144
2026-04-23 20:41:11,063 | INFO | [CIFAR10 | DIFFUSION | Fold 1] | Test Batch 157/157 | Avg Loss=0.106195
2026-04-23 20:41:11,064 | INFO | Fold 1 | Epoch 66/150 | Train Loss=0.108144 | Test Loss=0.106195
2026-04-23 20:41:22,065 | INFO | [CIFAR10 | DIFFUSION | Fold 1] | Train Batch 250/782 | Avg Loss=0.107734
2026-04-23 20:41:32,805 | INFO | [CIFAR10 | DIFFUSION | Fold 1] | Train Batch 500/782 | Avg Loss=0.108158
2026-04-23 20:41:43,907 | INFO | [CIFAR10 | DIFFUSION | Fold 1] | Train Batch 750/782 | Avg Loss=0.108362
2026-04-23 20:41:45,361 | INFO | [CIFAR10 | DIFFUSION | Fold 1] | Train Batch 782/782 | Avg Loss=0.108371
2026-04-23 20:41:47,487 | INFO | [CIFAR10 | DIFFUSION | Fold 1] | Test Batch 157/157 | Avg Loss=0.106972
2026-04-23 20:41:47,489 | INFO | Fold 1 | Epoch 67/150 | Train Loss=0.108371 | Test Loss=0.106972
2026-04-23 20:41:58,566 | INFO | [CIFAR10 | DIFFUSION | Fold 1] | Train Batch 250/782 | Avg Loss=0.108648
2026-04-23 20:42:09,635 | INFO | [CIFAR10 | DIFFUSION | Fold 1] | Train Batch 500/782 | Avg Loss=0.108506
2026-04-23 20:42:20,114 | INFO | [CIFAR10 | DIFFUSION | Fold 1] | Train Batch 750/782 | Avg Loss=0.108854
2026-04-23 20:42:21,408 | INFO | [CIFAR10 | DIFFUSION | Fold 1] | Train Batch 782/782 | Avg Loss=0.108793
2026-04-23 20:42:23,380 | INFO | [CIFAR10 | DIFFUSION | Fold 1] | Test Batch 157/157 | Avg Loss=0.107240
2026-04-23 20:42:23,381 | INFO | Fold 1 | Epoch 68/150 | Train Loss=0.108793 | Test Loss=0.107240
2026-04-23 20:42:35,786 | INFO | [CIFAR10 | DIFFUSION | Fold 1] | Train Batch 250/782 | Avg Loss=0.108262
2026-04-23 20:42:46,656 | INFO | [CIFAR10 | DIFFUSION | Fold 1] | Train Batch 500/782 | Avg Loss=0.108594
2026-04-23 20:42:57,879 | INFO | [CIFAR10 | DIFFUSION | Fold 1] | Train Batch 750/782 | Avg Loss=0.108624
2026-04-23 20:42:59,235 | INFO | [CIFAR10 | DIFFUSION | Fold 1] | Train Batch 782/782 | Avg Loss=0.108551
2026-04-23 20:43:01,494 | INFO | [CIFAR10 | DIFFUSION | Fold 1] | Test Batch 157/157 | Avg Loss=0.107379
2026-04-23 20:43:01,495 | INFO | Fold 1 | Epoch 69/150 | Train Loss=0.108551 | Test Loss=0.107379
2026-04-23 20:43:12,513 | INFO | [CIFAR10 | DIFFUSION | Fold 1] | Train Batch 250/782 | Avg Loss=0.108678
2026-04-23 20:43:23,593 | INFO | [CIFAR10 | DIFFUSION | Fold 1] | Train Batch 500/782 | Avg Loss=0.108655
2026-04-23 20:43:34,417 | INFO | [CIFAR10 | DIFFUSION | Fold 1] | Train Batch 750/782 | Avg Loss=0.108590
2026-04-23 20:43:35,835 | INFO | [CIFAR10 | DIFFUSION | Fold 1] | Train Batch 782/782 | Avg Loss=0.108579
2026-04-23 20:43:37,847 | INFO | [CIFAR10 | DIFFUSION | Fold 1] | Test Batch 157/157 | Avg Loss=0.108138
2026-04-23 20:43:37,848 | INFO | Fold 1 | Epoch 70/150 | Train Loss=0.108579 | Test Loss=0.108138
2026-04-23 20:43:48,904 | INFO | [CIFAR10 | DIFFUSION | Fold 1] | Train Batch 250/782 | Avg Loss=0.108950
2026-04-23 20:43:59,668 | INFO | [CIFAR10 | DIFFUSION | Fold 1] | Train Batch 500/782 | Avg Loss=0.109374
2026-04-23 20:44:10,631 | INFO | [CIFAR10 | DIFFUSION | Fold 1] | Train Batch 750/782 | Avg Loss=0.109260
2026-04-23 20:44:12,050 | INFO | [CIFAR10 | DIFFUSION | Fold 1] | Train Batch 782/782 | Avg Loss=0.109162
2026-04-23 20:44:14,231 | INFO | [CIFAR10 | DIFFUSION | Fold 1] | Test Batch 157/157 | Avg Loss=0.106579
2026-04-23 20:44:14,232 | INFO | Fold 1 | Epoch 71/150 | Train Loss=0.109162 | Test Loss=0.106579
2026-04-23 20:44:25,307 | INFO | [CIFAR10 | DIFFUSION | Fold 1] | Train Batch 250/782 | Avg Loss=0.109060
2026-04-23 20:44:35,965 | INFO | [CIFAR10 | DIFFUSION | Fold 1] | Train Batch 500/782 | Avg Loss=0.108734
2026-04-23 20:44:46,750 | INFO | [CIFAR10 | DIFFUSION | Fold 1] | Train Batch 750/782 | Avg Loss=0.108754
2026-04-23 20:44:48,130 | INFO | [CIFAR10 | DIFFUSION | Fold 1] | Train Batch 782/782 | Avg Loss=0.108740
2026-04-23 20:44:50,152 | INFO | [CIFAR10 | DIFFUSION | Fold 1] | Test Batch 157/157 | Avg Loss=0.107855
2026-04-23 20:44:50,153 | INFO | Fold 1 | Epoch 72/150 | Train Loss=0.108740 | Test Loss=0.107855
2026-04-23 20:45:00,937 | INFO | [CIFAR10 | DIFFUSION | Fold 1] | Train Batch 250/782 | Avg Loss=0.108187
2026-04-23 20:45:10,921 | INFO | [CIFAR10 | DIFFUSION | Fold 1] | Train Batch 500/782 | Avg Loss=0.109132
2026-04-23 20:45:22,469 | INFO | [CIFAR10 | DIFFUSION | Fold 1] | Train Batch 750/782 | Avg Loss=0.108975
2026-04-23 20:45:23,895 | INFO | [CIFAR10 | DIFFUSION | Fold 1] | Train Batch 782/782 | Avg Loss=0.108816
2026-04-23 20:45:25,958 | INFO | [CIFAR10 | DIFFUSION | Fold 1] | Test Batch 157/157 | Avg Loss=0.105895
2026-04-23 20:45:25,977 | INFO | Fold 1 | Epoch 73/150 | Train Loss=0.108816 | Test Loss=0.105895
2026-04-23 20:45:36,174 | INFO | [CIFAR10 | DIFFUSION | Fold 1] | Train Batch 250/782 | Avg Loss=0.108413
2026-04-23 20:45:46,427 | INFO | [CIFAR10 | DIFFUSION | Fold 1] | Train Batch 500/782 | Avg Loss=0.108297
2026-04-23 20:45:56,606 | INFO | [CIFAR10 | DIFFUSION | Fold 1] | Train Batch 750/782 | Avg Loss=0.108471
2026-04-23 20:45:57,881 | INFO | [CIFAR10 | DIFFUSION | Fold 1] | Train Batch 782/782 | Avg Loss=0.108572
2026-04-23 20:45:59,847 | INFO | [CIFAR10 | DIFFUSION | Fold 1] | Test Batch 157/157 | Avg Loss=0.107617
2026-04-23 20:45:59,848 | INFO | Fold 1 | Epoch 74/150 | Train Loss=0.108572 | Test Loss=0.107617
2026-04-23 20:46:10,118 | INFO | [CIFAR10 | DIFFUSION | Fold 1] | Train Batch 250/782 | Avg Loss=0.109175
2026-04-23 20:46:20,513 | INFO | [CIFAR10 | DIFFUSION | Fold 1] | Train Batch 500/782 | Avg Loss=0.109143
2026-04-23 20:46:30,693 | INFO | [CIFAR10 | DIFFUSION | Fold 1] | Train Batch 750/782 | Avg Loss=0.108699
2026-04-23 20:46:31,969 | INFO | [CIFAR10 | DIFFUSION | Fold 1] | Train Batch 782/782 | Avg Loss=0.108691
2026-04-23 20:46:33,944 | INFO | [CIFAR10 | DIFFUSION | Fold 1] | Test Batch 157/157 | Avg Loss=0.107630
2026-04-23 20:46:33,945 | INFO | Fold 1 | Epoch 75/150 | Train Loss=0.108691 | Test Loss=0.107630
2026-04-23 20:46:44,502 | INFO | [CIFAR10 | DIFFUSION | Fold 1] | Train Batch 250/782 | Avg Loss=0.108480
2026-04-23 20:46:55,280 | INFO | [CIFAR10 | DIFFUSION | Fold 1] | Train Batch 500/782 | Avg Loss=0.108617
2026-04-23 20:47:06,115 | INFO | [CIFAR10 | DIFFUSION | Fold 1] | Train Batch 750/782 | Avg Loss=0.108513
2026-04-23 20:47:07,537 | INFO | [CIFAR10 | DIFFUSION | Fold 1] | Train Batch 782/782 | Avg Loss=0.108550
2026-04-23 20:47:09,802 | INFO | [CIFAR10 | DIFFUSION | Fold 1] | Test Batch 157/157 | Avg Loss=0.106246
2026-04-23 20:47:09,803 | INFO | Fold 1 | Epoch 76/150 | Train Loss=0.108550 | Test Loss=0.106246
2026-04-23 20:47:20,512 | INFO | [CIFAR10 | DIFFUSION | Fold 1] | Train Batch 250/782 | Avg Loss=0.108345
2026-04-23 20:47:31,337 | INFO | [CIFAR10 | DIFFUSION | Fold 1] | Train Batch 500/782 | Avg Loss=0.108356
2026-04-23 20:47:41,580 | INFO | [CIFAR10 | DIFFUSION | Fold 1] | Train Batch 750/782 | Avg Loss=0.108339
2026-04-23 20:47:42,874 | INFO | [CIFAR10 | DIFFUSION | Fold 1] | Train Batch 782/782 | Avg Loss=0.108236
2026-04-23 20:47:44,937 | INFO | [CIFAR10 | DIFFUSION | Fold 1] | Test Batch 157/157 | Avg Loss=0.106687
2026-04-23 20:47:44,939 | INFO | Fold 1 | Epoch 77/150 | Train Loss=0.108236 | Test Loss=0.106687
2026-04-23 20:47:55,114 | INFO | [CIFAR10 | DIFFUSION | Fold 1] | Train Batch 250/782 | Avg Loss=0.107992
2026-04-23 20:48:05,482 | INFO | [CIFAR10 | DIFFUSION | Fold 1] | Train Batch 500/782 | Avg Loss=0.108096
2026-04-23 20:48:15,568 | INFO | [CIFAR10 | DIFFUSION | Fold 1] | Train Batch 750/782 | Avg Loss=0.108205
2026-04-23 20:48:16,861 | INFO | [CIFAR10 | DIFFUSION | Fold 1] | Train Batch 782/782 | Avg Loss=0.108206
2026-04-23 20:48:18,965 | INFO | [CIFAR10 | DIFFUSION | Fold 1] | Test Batch 157/157 | Avg Loss=0.107514
2026-04-23 20:48:18,967 | INFO | Fold 1 | Epoch 78/150 | Train Loss=0.108206 | Test Loss=0.107514
2026-04-23 20:48:30,113 | INFO | [CIFAR10 | DIFFUSION | Fold 1] | Train Batch 250/782 | Avg Loss=0.108892
2026-04-23 20:48:40,272 | INFO | [CIFAR10 | DIFFUSION | Fold 1] | Train Batch 500/782 | Avg Loss=0.108558
2026-04-23 20:48:50,528 | INFO | [CIFAR10 | DIFFUSION | Fold 1] | Train Batch 750/782 | Avg Loss=0.108244
2026-04-23 20:48:51,822 | INFO | [CIFAR10 | DIFFUSION | Fold 1] | Train Batch 782/782 | Avg Loss=0.108194
2026-04-23 20:48:53,907 | INFO | [CIFAR10 | DIFFUSION | Fold 1] | Test Batch 157/157 | Avg Loss=0.105922
2026-04-23 20:48:53,909 | INFO | Fold 1 | Epoch 79/150 | Train Loss=0.108194 | Test Loss=0.105922
2026-04-23 20:49:04,092 | INFO | [CIFAR10 | DIFFUSION | Fold 1] | Train Batch 250/782 | Avg Loss=0.107590
2026-04-23 20:49:14,163 | INFO | [CIFAR10 | DIFFUSION | Fold 1] | Train Batch 500/782 | Avg Loss=0.107773
2026-04-23 20:49:24,245 | INFO | [CIFAR10 | DIFFUSION | Fold 1] | Train Batch 750/782 | Avg Loss=0.107447
2026-04-23 20:49:25,532 | INFO | [CIFAR10 | DIFFUSION | Fold 1] | Train Batch 782/782 | Avg Loss=0.107516
2026-04-23 20:49:27,576 | INFO | [CIFAR10 | DIFFUSION | Fold 1] | Test Batch 157/157 | Avg Loss=0.106567
2026-04-23 20:49:27,578 | INFO | Fold 1 | Epoch 80/150 | Train Loss=0.107516 | Test Loss=0.106567
2026-04-23 20:49:37,713 | INFO | [CIFAR10 | DIFFUSION | Fold 1] | Train Batch 250/782 | Avg Loss=0.108846
2026-04-23 20:49:47,788 | INFO | [CIFAR10 | DIFFUSION | Fold 1] | Train Batch 500/782 | Avg Loss=0.108500
2026-04-23 20:49:57,863 | INFO | [CIFAR10 | DIFFUSION | Fold 1] | Train Batch 750/782 | Avg Loss=0.108316
2026-04-23 20:49:59,162 | INFO | [CIFAR10 | DIFFUSION | Fold 1] | Train Batch 782/782 | Avg Loss=0.108247
2026-04-23 20:50:01,217 | INFO | [CIFAR10 | DIFFUSION | Fold 1] | Test Batch 157/157 | Avg Loss=0.106735
2026-04-23 20:50:01,219 | INFO | Fold 1 | Epoch 81/150 | Train Loss=0.108247 | Test Loss=0.106735
2026-04-23 20:50:11,460 | INFO | [CIFAR10 | DIFFUSION | Fold 1] | Train Batch 250/782 | Avg Loss=0.106159
2026-04-23 20:50:21,513 | INFO | [CIFAR10 | DIFFUSION | Fold 1] | Train Batch 500/782 | Avg Loss=0.107275
2026-04-23 20:50:31,571 | INFO | [CIFAR10 | DIFFUSION | Fold 1] | Train Batch 750/782 | Avg Loss=0.107906
2026-04-23 20:50:32,858 | INFO | [CIFAR10 | DIFFUSION | Fold 1] | Train Batch 782/782 | Avg Loss=0.107914
2026-04-23 20:50:34,924 | INFO | [CIFAR10 | DIFFUSION | Fold 1] | Test Batch 157/157 | Avg Loss=0.106169
2026-04-23 20:50:34,925 | INFO | Fold 1 | Epoch 82/150 | Train Loss=0.107914 | Test Loss=0.106169
2026-04-23 20:50:45,344 | INFO | [CIFAR10 | DIFFUSION | Fold 1] | Train Batch 250/782 | Avg Loss=0.109126
2026-04-23 20:50:55,426 | INFO | [CIFAR10 | DIFFUSION | Fold 1] | Train Batch 500/782 | Avg Loss=0.109026
2026-04-23 20:51:05,582 | INFO | [CIFAR10 | DIFFUSION | Fold 1] | Train Batch 750/782 | Avg Loss=0.108652
2026-04-23 20:51:06,878 | INFO | [CIFAR10 | DIFFUSION | Fold 1] | Train Batch 782/782 | Avg Loss=0.108573
2026-04-23 20:51:08,936 | INFO | [CIFAR10 | DIFFUSION | Fold 1] | Test Batch 157/157 | Avg Loss=0.106158
2026-04-23 20:51:08,937 | INFO | Fold 1 | Epoch 83/150 | Train Loss=0.108573 | Test Loss=0.106158
2026-04-23 20:51:19,115 | INFO | [CIFAR10 | DIFFUSION | Fold 1] | Train Batch 250/782 | Avg Loss=0.107819
2026-04-23 20:51:29,305 | INFO | [CIFAR10 | DIFFUSION | Fold 1] | Train Batch 500/782 | Avg Loss=0.107602
2026-04-23 20:51:39,483 | INFO | [CIFAR10 | DIFFUSION | Fold 1] | Train Batch 750/782 | Avg Loss=0.108421
2026-04-23 20:51:40,773 | INFO | [CIFAR10 | DIFFUSION | Fold 1] | Train Batch 782/782 | Avg Loss=0.108562
2026-04-23 20:51:42,780 | INFO | [CIFAR10 | DIFFUSION | Fold 1] | Test Batch 157/157 | Avg Loss=0.104334
2026-04-23 20:51:42,781 | INFO | Fold 1 | Epoch 84/150 | Train Loss=0.108562 | Test Loss=0.104334
2026-04-23 20:51:52,911 | INFO | [CIFAR10 | DIFFUSION | Fold 1] | Train Batch 250/782 | Avg Loss=0.107303
2026-04-23 20:52:02,989 | INFO | [CIFAR10 | DIFFUSION | Fold 1] | Train Batch 500/782 | Avg Loss=0.107917
2026-04-23 20:52:13,058 | INFO | [CIFAR10 | DIFFUSION | Fold 1] | Train Batch 750/782 | Avg Loss=0.108164
2026-04-23 20:52:14,347 | INFO | [CIFAR10 | DIFFUSION | Fold 1] | Train Batch 782/782 | Avg Loss=0.108008
2026-04-23 20:52:16,530 | INFO | [CIFAR10 | DIFFUSION | Fold 1] | Test Batch 157/157 | Avg Loss=0.106558
2026-04-23 20:52:16,531 | INFO | Fold 1 | Epoch 85/150 | Train Loss=0.108008 | Test Loss=0.106558
2026-04-23 20:52:26,659 | INFO | [CIFAR10 | DIFFUSION | Fold 1] | Train Batch 250/782 | Avg Loss=0.111160
2026-04-23 20:52:36,744 | INFO | [CIFAR10 | DIFFUSION | Fold 1] | Train Batch 500/782 | Avg Loss=0.109721
2026-04-23 20:52:46,818 | INFO | [CIFAR10 | DIFFUSION | Fold 1] | Train Batch 750/782 | Avg Loss=0.108841
2026-04-23 20:52:48,109 | INFO | [CIFAR10 | DIFFUSION | Fold 1] | Train Batch 782/782 | Avg Loss=0.108842
2026-04-23 20:52:50,142 | INFO | [CIFAR10 | DIFFUSION | Fold 1] | Test Batch 157/157 | Avg Loss=0.105982
2026-04-23 20:52:50,143 | INFO | Fold 1 | Epoch 86/150 | Train Loss=0.108842 | Test Loss=0.105982
2026-04-23 20:53:00,281 | INFO | [CIFAR10 | DIFFUSION | Fold 1] | Train Batch 250/782 | Avg Loss=0.108862
2026-04-23 20:53:10,458 | INFO | [CIFAR10 | DIFFUSION | Fold 1] | Train Batch 500/782 | Avg Loss=0.108485
2026-04-23 20:53:20,538 | INFO | [CIFAR10 | DIFFUSION | Fold 1] | Train Batch 750/782 | Avg Loss=0.108765
2026-04-23 20:53:21,823 | INFO | [CIFAR10 | DIFFUSION | Fold 1] | Train Batch 782/782 | Avg Loss=0.108694
2026-04-23 20:53:23,851 | INFO | [CIFAR10 | DIFFUSION | Fold 1] | Test Batch 157/157 | Avg Loss=0.106286
2026-04-23 20:53:23,852 | INFO | Fold 1 | Epoch 87/150 | Train Loss=0.108694 | Test Loss=0.106286
2026-04-23 20:53:34,056 | INFO | [CIFAR10 | DIFFUSION | Fold 1] | Train Batch 250/782 | Avg Loss=0.109150
2026-04-23 20:53:44,116 | INFO | [CIFAR10 | DIFFUSION | Fold 1] | Train Batch 500/782 | Avg Loss=0.108885
2026-04-23 20:53:54,183 | INFO | [CIFAR10 | DIFFUSION | Fold 1] | Train Batch 750/782 | Avg Loss=0.108392
2026-04-23 20:53:55,470 | INFO | [CIFAR10 | DIFFUSION | Fold 1] | Train Batch 782/782 | Avg Loss=0.108222
2026-04-23 20:53:57,443 | INFO | [CIFAR10 | DIFFUSION | Fold 1] | Test Batch 157/157 | Avg Loss=0.105750
2026-04-23 20:53:57,444 | INFO | Fold 1 | Epoch 88/150 | Train Loss=0.108222 | Test Loss=0.105750
2026-04-23 20:54:07,630 | INFO | [CIFAR10 | DIFFUSION | Fold 1] | Train Batch 250/782 | Avg Loss=0.108745
2026-04-23 20:54:17,740 | INFO | [CIFAR10 | DIFFUSION | Fold 1] | Train Batch 500/782 | Avg Loss=0.108677
2026-04-23 20:54:27,836 | INFO | [CIFAR10 | DIFFUSION | Fold 1] | Train Batch 750/782 | Avg Loss=0.108570
2026-04-23 20:54:29,124 | INFO | [CIFAR10 | DIFFUSION | Fold 1] | Train Batch 782/782 | Avg Loss=0.108540
2026-04-23 20:54:31,128 | INFO | [CIFAR10 | DIFFUSION | Fold 1] | Test Batch 157/157 | Avg Loss=0.105813
2026-04-23 20:54:31,129 | INFO | Fold 1 | Epoch 89/150 | Train Loss=0.108540 | Test Loss=0.105813
2026-04-23 20:54:41,353 | INFO | [CIFAR10 | DIFFUSION | Fold 1] | Train Batch 250/782 | Avg Loss=0.108334
2026-04-23 20:54:51,412 | INFO | [CIFAR10 | DIFFUSION | Fold 1] | Train Batch 500/782 | Avg Loss=0.108161
2026-04-23 20:55:01,481 | INFO | [CIFAR10 | DIFFUSION | Fold 1] | Train Batch 750/782 | Avg Loss=0.108339
2026-04-23 20:55:02,817 | INFO | [CIFAR10 | DIFFUSION | Fold 1] | Train Batch 782/782 | Avg Loss=0.108334
2026-04-23 20:55:04,829 | INFO | [CIFAR10 | DIFFUSION | Fold 1] | Test Batch 157/157 | Avg Loss=0.107765
2026-04-23 20:55:04,830 | INFO | Fold 1 | Epoch 90/150 | Train Loss=0.108334 | Test Loss=0.107765
2026-04-23 20:55:15,062 | INFO | [CIFAR10 | DIFFUSION | Fold 1] | Train Batch 250/782 | Avg Loss=0.108529
2026-04-23 20:55:25,156 | INFO | [CIFAR10 | DIFFUSION | Fold 1] | Train Batch 500/782 | Avg Loss=0.108399
2026-04-23 20:55:35,225 | INFO | [CIFAR10 | DIFFUSION | Fold 1] | Train Batch 750/782 | Avg Loss=0.108752
2026-04-23 20:55:36,512 | INFO | [CIFAR10 | DIFFUSION | Fold 1] | Train Batch 782/782 | Avg Loss=0.108730
2026-04-23 20:55:38,527 | INFO | [CIFAR10 | DIFFUSION | Fold 1] | Test Batch 157/157 | Avg Loss=0.106510
2026-04-23 20:55:38,528 | INFO | Fold 1 | Epoch 91/150 | Train Loss=0.108730 | Test Loss=0.106510
2026-04-23 20:55:48,618 | INFO | [CIFAR10 | DIFFUSION | Fold 1] | Train Batch 250/782 | Avg Loss=0.107766
2026-04-23 20:55:58,755 | INFO | [CIFAR10 | DIFFUSION | Fold 1] | Train Batch 500/782 | Avg Loss=0.107707
2026-04-23 20:56:08,824 | INFO | [CIFAR10 | DIFFUSION | Fold 1] | Train Batch 750/782 | Avg Loss=0.107678
2026-04-23 20:56:10,119 | INFO | [CIFAR10 | DIFFUSION | Fold 1] | Train Batch 782/782 | Avg Loss=0.107673
2026-04-23 20:56:12,132 | INFO | [CIFAR10 | DIFFUSION | Fold 1] | Test Batch 157/157 | Avg Loss=0.107366
2026-04-23 20:56:12,133 | INFO | Fold 1 | Epoch 92/150 | Train Loss=0.107673 | Test Loss=0.107366
2026-04-23 20:56:22,258 | INFO | [CIFAR10 | DIFFUSION | Fold 1] | Train Batch 250/782 | Avg Loss=0.108036
2026-04-23 20:56:32,310 | INFO | [CIFAR10 | DIFFUSION | Fold 1] | Train Batch 500/782 | Avg Loss=0.107881
2026-04-23 20:56:42,413 | INFO | [CIFAR10 | DIFFUSION | Fold 1] | Train Batch 750/782 | Avg Loss=0.107858
2026-04-23 20:56:43,690 | INFO | [CIFAR10 | DIFFUSION | Fold 1] | Train Batch 782/782 | Avg Loss=0.107839
2026-04-23 20:56:45,732 | INFO | [CIFAR10 | DIFFUSION | Fold 1] | Test Batch 157/157 | Avg Loss=0.106890
2026-04-23 20:56:45,733 | INFO | Fold 1 | Epoch 93/150 | Train Loss=0.107839 | Test Loss=0.106890
2026-04-23 20:56:55,828 | INFO | [CIFAR10 | DIFFUSION | Fold 1] | Train Batch 250/782 | Avg Loss=0.107920
2026-04-23 20:57:05,990 | INFO | [CIFAR10 | DIFFUSION | Fold 1] | Train Batch 500/782 | Avg Loss=0.108130
2026-04-23 20:57:16,110 | INFO | [CIFAR10 | DIFFUSION | Fold 1] | Train Batch 750/782 | Avg Loss=0.108195
2026-04-23 20:57:17,392 | INFO | [CIFAR10 | DIFFUSION | Fold 1] | Train Batch 782/782 | Avg Loss=0.108198
2026-04-23 20:57:19,388 | INFO | [CIFAR10 | DIFFUSION | Fold 1] | Test Batch 157/157 | Avg Loss=0.106028
2026-04-23 20:57:19,389 | INFO | Fold 1 | Epoch 94/150 | Train Loss=0.108198 | Test Loss=0.106028
2026-04-23 20:57:29,636 | INFO | [CIFAR10 | DIFFUSION | Fold 1] | Train Batch 250/782 | Avg Loss=0.107921
2026-04-23 20:57:39,668 | INFO | [CIFAR10 | DIFFUSION | Fold 1] | Train Batch 500/782 | Avg Loss=0.108368
2026-04-23 20:57:49,733 | INFO | [CIFAR10 | DIFFUSION | Fold 1] | Train Batch 750/782 | Avg Loss=0.108507
2026-04-23 20:57:51,011 | INFO | [CIFAR10 | DIFFUSION | Fold 1] | Train Batch 782/782 | Avg Loss=0.108446
2026-04-23 20:57:53,065 | INFO | [CIFAR10 | DIFFUSION | Fold 1] | Test Batch 157/157 | Avg Loss=0.106413
2026-04-23 20:57:53,066 | INFO | Fold 1 | Epoch 95/150 | Train Loss=0.108446 | Test Loss=0.106413
2026-04-23 20:58:03,117 | INFO | [CIFAR10 | DIFFUSION | Fold 1] | Train Batch 250/782 | Avg Loss=0.108476
2026-04-23 20:58:13,122 | INFO | [CIFAR10 | DIFFUSION | Fold 1] | Train Batch 500/782 | Avg Loss=0.108329
2026-04-23 20:58:23,130 | INFO | [CIFAR10 | DIFFUSION | Fold 1] | Train Batch 750/782 | Avg Loss=0.107820
2026-04-23 20:58:24,406 | INFO | [CIFAR10 | DIFFUSION | Fold 1] | Train Batch 782/782 | Avg Loss=0.107856
2026-04-23 20:58:26,430 | INFO | [CIFAR10 | DIFFUSION | Fold 1] | Test Batch 157/157 | Avg Loss=0.106846
2026-04-23 20:58:26,431 | INFO | Fold 1 | Epoch 96/150 | Train Loss=0.107856 | Test Loss=0.106846
2026-04-23 20:58:36,561 | INFO | [CIFAR10 | DIFFUSION | Fold 1] | Train Batch 250/782 | Avg Loss=0.109142
2026-04-23 20:58:46,904 | INFO | [CIFAR10 | DIFFUSION | Fold 1] | Train Batch 500/782 | Avg Loss=0.108599
2026-04-23 20:58:57,123 | INFO | [CIFAR10 | DIFFUSION | Fold 1] | Train Batch 750/782 | Avg Loss=0.108299
2026-04-23 20:58:58,400 | INFO | [CIFAR10 | DIFFUSION | Fold 1] | Train Batch 782/782 | Avg Loss=0.108244
2026-04-23 20:59:00,467 | INFO | [CIFAR10 | DIFFUSION | Fold 1] | Test Batch 157/157 | Avg Loss=0.106304
2026-04-23 20:59:00,468 | INFO | Fold 1 | Epoch 97/150 | Train Loss=0.108244 | Test Loss=0.106304
2026-04-23 20:59:10,624 | INFO | [CIFAR10 | DIFFUSION | Fold 1] | Train Batch 250/782 | Avg Loss=0.107977
2026-04-23 20:59:20,649 | INFO | [CIFAR10 | DIFFUSION | Fold 1] | Train Batch 500/782 | Avg Loss=0.107994
2026-04-23 20:59:30,659 | INFO | [CIFAR10 | DIFFUSION | Fold 1] | Train Batch 750/782 | Avg Loss=0.108008
2026-04-23 20:59:31,937 | INFO | [CIFAR10 | DIFFUSION | Fold 1] | Train Batch 782/782 | Avg Loss=0.108014
2026-04-23 20:59:33,929 | INFO | [CIFAR10 | DIFFUSION | Fold 1] | Test Batch 157/157 | Avg Loss=0.106174
2026-04-23 20:59:33,930 | INFO | Fold 1 | Epoch 98/150 | Train Loss=0.108014 | Test Loss=0.106174
2026-04-23 20:59:43,942 | INFO | [CIFAR10 | DIFFUSION | Fold 1] | Train Batch 250/782 | Avg Loss=0.107704
2026-04-23 20:59:53,911 | INFO | [CIFAR10 | DIFFUSION | Fold 1] | Train Batch 500/782 | Avg Loss=0.108291
2026-04-23 21:00:03,886 | INFO | [CIFAR10 | DIFFUSION | Fold 1] | Train Batch 750/782 | Avg Loss=0.108311
2026-04-23 21:00:05,152 | INFO | [CIFAR10 | DIFFUSION | Fold 1] | Train Batch 782/782 | Avg Loss=0.108216
2026-04-23 21:00:07,184 | INFO | [CIFAR10 | DIFFUSION | Fold 1] | Test Batch 157/157 | Avg Loss=0.106122
2026-04-23 21:00:07,185 | INFO | Fold 1 | Epoch 99/150 | Train Loss=0.108216 | Test Loss=0.106122
2026-04-23 21:00:17,166 | INFO | [CIFAR10 | DIFFUSION | Fold 1] | Train Batch 250/782 | Avg Loss=0.107887
2026-04-23 21:00:27,295 | INFO | [CIFAR10 | DIFFUSION | Fold 1] | Train Batch 500/782 | Avg Loss=0.107861
2026-04-23 21:00:37,276 | INFO | [CIFAR10 | DIFFUSION | Fold 1] | Train Batch 750/782 | Avg Loss=0.107825
2026-04-23 21:00:38,548 | INFO | [CIFAR10 | DIFFUSION | Fold 1] | Train Batch 782/782 | Avg Loss=0.107844
2026-04-23 21:00:40,557 | INFO | [CIFAR10 | DIFFUSION | Fold 1] | Test Batch 157/157 | Avg Loss=0.107068
2026-04-23 21:00:40,559 | INFO | Fold 1 | Epoch 100/150 | Train Loss=0.107844 | Test Loss=0.107068
2026-04-23 21:00:50,666 | INFO | [CIFAR10 | DIFFUSION | Fold 1] | Train Batch 250/782 | Avg Loss=0.108989
2026-04-23 21:01:00,841 | INFO | [CIFAR10 | DIFFUSION | Fold 1] | Train Batch 500/782 | Avg Loss=0.107988
2026-04-23 21:01:10,924 | INFO | [CIFAR10 | DIFFUSION | Fold 1] | Train Batch 750/782 | Avg Loss=0.107983
2026-04-23 21:01:12,203 | INFO | [CIFAR10 | DIFFUSION | Fold 1] | Train Batch 782/782 | Avg Loss=0.108094
2026-04-23 21:01:14,209 | INFO | [CIFAR10 | DIFFUSION | Fold 1] | Test Batch 157/157 | Avg Loss=0.106198
2026-04-23 21:01:14,210 | INFO | Fold 1 | Epoch 101/150 | Train Loss=0.108094 | Test Loss=0.106198
2026-04-23 21:01:24,275 | INFO | [CIFAR10 | DIFFUSION | Fold 1] | Train Batch 250/782 | Avg Loss=0.108778
2026-04-23 21:01:34,333 | INFO | [CIFAR10 | DIFFUSION | Fold 1] | Train Batch 500/782 | Avg Loss=0.107919
2026-04-23 21:01:44,247 | INFO | [CIFAR10 | DIFFUSION | Fold 1] | Train Batch 750/782 | Avg Loss=0.107967
2026-04-23 21:01:45,693 | INFO | [CIFAR10 | DIFFUSION | Fold 1] | Train Batch 782/782 | Avg Loss=0.107740
2026-04-23 21:01:47,772 | INFO | [CIFAR10 | DIFFUSION | Fold 1] | Test Batch 157/157 | Avg Loss=0.105781
2026-04-23 21:01:47,774 | INFO | Fold 1 | Epoch 102/150 | Train Loss=0.107740 | Test Loss=0.105781
2026-04-23 21:01:57,959 | INFO | [CIFAR10 | DIFFUSION | Fold 1] | Train Batch 250/782 | Avg Loss=0.107874
2026-04-23 21:02:08,201 | INFO | [CIFAR10 | DIFFUSION | Fold 1] | Train Batch 500/782 | Avg Loss=0.107978
2026-04-23 21:02:18,404 | INFO | [CIFAR10 | DIFFUSION | Fold 1] | Train Batch 750/782 | Avg Loss=0.108326
2026-04-23 21:02:19,703 | INFO | [CIFAR10 | DIFFUSION | Fold 1] | Train Batch 782/782 | Avg Loss=0.108223
2026-04-23 21:02:21,752 | INFO | [CIFAR10 | DIFFUSION | Fold 1] | Test Batch 157/157 | Avg Loss=0.105849
2026-04-23 21:02:21,753 | INFO | Fold 1 | Epoch 103/150 | Train Loss=0.108223 | Test Loss=0.105849
2026-04-23 21:02:31,810 | INFO | [CIFAR10 | DIFFUSION | Fold 1] | Train Batch 250/782 | Avg Loss=0.107694
2026-04-23 21:02:41,818 | INFO | [CIFAR10 | DIFFUSION | Fold 1] | Train Batch 500/782 | Avg Loss=0.108025
2026-04-23 21:02:51,833 | INFO | [CIFAR10 | DIFFUSION | Fold 1] | Train Batch 750/782 | Avg Loss=0.107625
2026-04-23 21:02:53,108 | INFO | [CIFAR10 | DIFFUSION | Fold 1] | Train Batch 782/782 | Avg Loss=0.107622
2026-04-23 21:02:55,166 | INFO | [CIFAR10 | DIFFUSION | Fold 1] | Test Batch 157/157 | Avg Loss=0.106448
2026-04-23 21:02:55,167 | INFO | Fold 1 | Epoch 104/150 | Train Loss=0.107622 | Test Loss=0.106448
2026-04-23 21:03:05,202 | INFO | [CIFAR10 | DIFFUSION | Fold 1] | Train Batch 250/782 | Avg Loss=0.107918
2026-04-23 21:03:15,320 | INFO | [CIFAR10 | DIFFUSION | Fold 1] | Train Batch 500/782 | Avg Loss=0.108220
2026-04-23 21:03:25,325 | INFO | [CIFAR10 | DIFFUSION | Fold 1] | Train Batch 750/782 | Avg Loss=0.108148
2026-04-23 21:03:26,599 | INFO | [CIFAR10 | DIFFUSION | Fold 1] | Train Batch 782/782 | Avg Loss=0.108098
2026-04-23 21:03:28,670 | INFO | [CIFAR10 | DIFFUSION | Fold 1] | Test Batch 157/157 | Avg Loss=0.105981
2026-04-23 21:03:28,672 | INFO | Fold 1 | Epoch 105/150 | Train Loss=0.108098 | Test Loss=0.105981
2026-04-23 21:03:38,879 | INFO | [CIFAR10 | DIFFUSION | Fold 1] | Train Batch 250/782 | Avg Loss=0.108214
2026-04-23 21:03:48,914 | INFO | [CIFAR10 | DIFFUSION | Fold 1] | Train Batch 500/782 | Avg Loss=0.108312
2026-04-23 21:03:58,956 | INFO | [CIFAR10 | DIFFUSION | Fold 1] | Train Batch 750/782 | Avg Loss=0.107928
2026-04-23 21:04:00,233 | INFO | [CIFAR10 | DIFFUSION | Fold 1] | Train Batch 782/782 | Avg Loss=0.107960
2026-04-23 21:04:02,253 | INFO | [CIFAR10 | DIFFUSION | Fold 1] | Test Batch 157/157 | Avg Loss=0.106053
2026-04-23 21:04:02,254 | INFO | Fold 1 | Epoch 106/150 | Train Loss=0.107960 | Test Loss=0.106053
2026-04-23 21:04:12,253 | INFO | [CIFAR10 | DIFFUSION | Fold 1] | Train Batch 250/782 | Avg Loss=0.107730
2026-04-23 21:04:22,262 | INFO | [CIFAR10 | DIFFUSION | Fold 1] | Train Batch 500/782 | Avg Loss=0.107784
2026-04-23 21:04:32,247 | INFO | [CIFAR10 | DIFFUSION | Fold 1] | Train Batch 750/782 | Avg Loss=0.107967
2026-04-23 21:04:33,515 | INFO | [CIFAR10 | DIFFUSION | Fold 1] | Train Batch 782/782 | Avg Loss=0.107844
2026-04-23 21:04:35,513 | INFO | [CIFAR10 | DIFFUSION | Fold 1] | Test Batch 157/157 | Avg Loss=0.106930
2026-04-23 21:04:35,514 | INFO | Fold 1 | Epoch 107/150 | Train Loss=0.107844 | Test Loss=0.106930
2026-04-23 21:04:45,653 | INFO | [CIFAR10 | DIFFUSION | Fold 1] | Train Batch 250/782 | Avg Loss=0.107964
2026-04-23 21:04:55,644 | INFO | [CIFAR10 | DIFFUSION | Fold 1] | Train Batch 500/782 | Avg Loss=0.108343
2026-04-23 21:05:05,620 | INFO | [CIFAR10 | DIFFUSION | Fold 1] | Train Batch 750/782 | Avg Loss=0.108309
2026-04-23 21:05:06,888 | INFO | [CIFAR10 | DIFFUSION | Fold 1] | Train Batch 782/782 | Avg Loss=0.108400
2026-04-23 21:05:08,932 | INFO | [CIFAR10 | DIFFUSION | Fold 1] | Test Batch 157/157 | Avg Loss=0.107152
2026-04-23 21:05:08,933 | INFO | Fold 1 | Epoch 108/150 | Train Loss=0.108400 | Test Loss=0.107152
2026-04-23 21:05:18,959 | INFO | [CIFAR10 | DIFFUSION | Fold 1] | Train Batch 250/782 | Avg Loss=0.106854
2026-04-23 21:05:28,940 | INFO | [CIFAR10 | DIFFUSION | Fold 1] | Train Batch 500/782 | Avg Loss=0.107675
2026-04-23 21:05:38,953 | INFO | [CIFAR10 | DIFFUSION | Fold 1] | Train Batch 750/782 | Avg Loss=0.107598
2026-04-23 21:05:40,228 | INFO | [CIFAR10 | DIFFUSION | Fold 1] | Train Batch 782/782 | Avg Loss=0.107679
2026-04-23 21:05:42,263 | INFO | [CIFAR10 | DIFFUSION | Fold 1] | Test Batch 157/157 | Avg Loss=0.105913
2026-04-23 21:05:42,264 | INFO | Fold 1 | Epoch 109/150 | Train Loss=0.107679 | Test Loss=0.105913
2026-04-23 21:05:52,252 | INFO | [CIFAR10 | DIFFUSION | Fold 1] | Train Batch 250/782 | Avg Loss=0.107834
2026-04-23 21:06:02,246 | INFO | [CIFAR10 | DIFFUSION | Fold 1] | Train Batch 500/782 | Avg Loss=0.108331
2026-04-23 21:06:12,358 | INFO | [CIFAR10 | DIFFUSION | Fold 1] | Train Batch 750/782 | Avg Loss=0.107993
2026-04-23 21:06:13,632 | INFO | [CIFAR10 | DIFFUSION | Fold 1] | Train Batch 782/782 | Avg Loss=0.107912
2026-04-23 21:06:15,693 | INFO | [CIFAR10 | DIFFUSION | Fold 1] | Test Batch 157/157 | Avg Loss=0.106625
2026-04-23 21:06:15,694 | INFO | Fold 1 | Epoch 110/150 | Train Loss=0.107912 | Test Loss=0.106625
2026-04-23 21:06:25,694 | INFO | [CIFAR10 | DIFFUSION | Fold 1] | Train Batch 250/782 | Avg Loss=0.108228
2026-04-23 21:06:35,789 | INFO | [CIFAR10 | DIFFUSION | Fold 1] | Train Batch 500/782 | Avg Loss=0.107625
2026-04-23 21:06:45,791 | INFO | [CIFAR10 | DIFFUSION | Fold 1] | Train Batch 750/782 | Avg Loss=0.107546
2026-04-23 21:06:47,063 | INFO | [CIFAR10 | DIFFUSION | Fold 1] | Train Batch 782/782 | Avg Loss=0.107567
2026-04-23 21:06:49,130 | INFO | [CIFAR10 | DIFFUSION | Fold 1] | Test Batch 157/157 | Avg Loss=0.105617
2026-04-23 21:06:49,131 | INFO | Fold 1 | Epoch 111/150 | Train Loss=0.107567 | Test Loss=0.105617
2026-04-23 21:06:59,163 | INFO | [CIFAR10 | DIFFUSION | Fold 1] | Train Batch 250/782 | Avg Loss=0.108840
2026-04-23 21:07:09,153 | INFO | [CIFAR10 | DIFFUSION | Fold 1] | Train Batch 500/782 | Avg Loss=0.107682
2026-04-23 21:07:19,145 | INFO | [CIFAR10 | DIFFUSION | Fold 1] | Train Batch 750/782 | Avg Loss=0.107675
2026-04-23 21:07:20,415 | INFO | [CIFAR10 | DIFFUSION | Fold 1] | Train Batch 782/782 | Avg Loss=0.107709
2026-04-23 21:07:22,469 | INFO | [CIFAR10 | DIFFUSION | Fold 1] | Test Batch 157/157 | Avg Loss=0.105475
2026-04-23 21:07:22,470 | INFO | Fold 1 | Epoch 112/150 | Train Loss=0.107709 | Test Loss=0.105475
2026-04-23 21:07:32,484 | INFO | [CIFAR10 | DIFFUSION | Fold 1] | Train Batch 250/782 | Avg Loss=0.107489
2026-04-23 21:07:42,577 | INFO | [CIFAR10 | DIFFUSION | Fold 1] | Train Batch 500/782 | Avg Loss=0.107441
2026-04-23 21:07:52,560 | INFO | [CIFAR10 | DIFFUSION | Fold 1] | Train Batch 750/782 | Avg Loss=0.107265
2026-04-23 21:07:53,826 | INFO | [CIFAR10 | DIFFUSION | Fold 1] | Train Batch 782/782 | Avg Loss=0.107283
2026-04-23 21:07:55,812 | INFO | [CIFAR10 | DIFFUSION | Fold 1] | Test Batch 157/157 | Avg Loss=0.105506
2026-04-23 21:07:55,814 | INFO | Fold 1 | Epoch 113/150 | Train Loss=0.107283 | Test Loss=0.105506
2026-04-23 21:08:05,837 | INFO | [CIFAR10 | DIFFUSION | Fold 1] | Train Batch 250/782 | Avg Loss=0.107618
2026-04-23 21:08:15,827 | INFO | [CIFAR10 | DIFFUSION | Fold 1] | Train Batch 500/782 | Avg Loss=0.107919
2026-04-23 21:08:25,803 | INFO | [CIFAR10 | DIFFUSION | Fold 1] | Train Batch 750/782 | Avg Loss=0.108276
2026-04-23 21:08:27,071 | INFO | [CIFAR10 | DIFFUSION | Fold 1] | Train Batch 782/782 | Avg Loss=0.108361
2026-04-23 21:08:29,131 | INFO | [CIFAR10 | DIFFUSION | Fold 1] | Test Batch 157/157 | Avg Loss=0.106091
2026-04-23 21:08:29,133 | INFO | Fold 1 | Epoch 114/150 | Train Loss=0.108361 | Test Loss=0.106091
2026-04-23 21:08:39,088 | INFO | [CIFAR10 | DIFFUSION | Fold 1] | Train Batch 250/782 | Avg Loss=0.107149
2026-04-23 21:08:49,009 | INFO | [CIFAR10 | DIFFUSION | Fold 1] | Train Batch 500/782 | Avg Loss=0.107293
2026-04-23 21:08:59,046 | INFO | [CIFAR10 | DIFFUSION | Fold 1] | Train Batch 750/782 | Avg Loss=0.107393
2026-04-23 21:09:00,311 | INFO | [CIFAR10 | DIFFUSION | Fold 1] | Train Batch 782/782 | Avg Loss=0.107473
2026-04-23 21:09:02,333 | INFO | [CIFAR10 | DIFFUSION | Fold 1] | Test Batch 157/157 | Avg Loss=0.107283
2026-04-23 21:09:02,334 | INFO | Fold 1 | Epoch 115/150 | Train Loss=0.107473 | Test Loss=0.107283
2026-04-23 21:09:12,364 | INFO | [CIFAR10 | DIFFUSION | Fold 1] | Train Batch 250/782 | Avg Loss=0.108760
2026-04-23 21:09:22,370 | INFO | [CIFAR10 | DIFFUSION | Fold 1] | Train Batch 500/782 | Avg Loss=0.108063
2026-04-23 21:09:32,373 | INFO | [CIFAR10 | DIFFUSION | Fold 1] | Train Batch 750/782 | Avg Loss=0.107747
2026-04-23 21:09:33,644 | INFO | [CIFAR10 | DIFFUSION | Fold 1] | Train Batch 782/782 | Avg Loss=0.107692
2026-04-23 21:09:35,601 | INFO | [CIFAR10 | DIFFUSION | Fold 1] | Test Batch 157/157 | Avg Loss=0.106458
2026-04-23 21:09:35,602 | INFO | Fold 1 | Epoch 116/150 | Train Loss=0.107692 | Test Loss=0.106458
2026-04-23 21:09:45,612 | INFO | [CIFAR10 | DIFFUSION | Fold 1] | Train Batch 250/782 | Avg Loss=0.108347
2026-04-23 21:09:55,583 | INFO | [CIFAR10 | DIFFUSION | Fold 1] | Train Batch 500/782 | Avg Loss=0.107385
2026-04-23 21:10:05,524 | INFO | [CIFAR10 | DIFFUSION | Fold 1] | Train Batch 750/782 | Avg Loss=0.107745
2026-04-23 21:10:06,795 | INFO | [CIFAR10 | DIFFUSION | Fold 1] | Train Batch 782/782 | Avg Loss=0.107776
2026-04-23 21:10:08,797 | INFO | [CIFAR10 | DIFFUSION | Fold 1] | Test Batch 157/157 | Avg Loss=0.105029
2026-04-23 21:10:08,798 | INFO | Fold 1 | Epoch 117/150 | Train Loss=0.107776 | Test Loss=0.105029
2026-04-23 21:10:18,817 | INFO | [CIFAR10 | DIFFUSION | Fold 1] | Train Batch 250/782 | Avg Loss=0.107879
2026-04-23 21:10:28,888 | INFO | [CIFAR10 | DIFFUSION | Fold 1] | Train Batch 500/782 | Avg Loss=0.107475
2026-04-23 21:10:38,872 | INFO | [CIFAR10 | DIFFUSION | Fold 1] | Train Batch 750/782 | Avg Loss=0.107597
2026-04-23 21:10:40,144 | INFO | [CIFAR10 | DIFFUSION | Fold 1] | Train Batch 782/782 | Avg Loss=0.107660
2026-04-23 21:10:42,192 | INFO | [CIFAR10 | DIFFUSION | Fold 1] | Test Batch 157/157 | Avg Loss=0.106404
2026-04-23 21:10:42,194 | INFO | Fold 1 | Epoch 118/150 | Train Loss=0.107660 | Test Loss=0.106404
2026-04-23 21:10:52,202 | INFO | [CIFAR10 | DIFFUSION | Fold 1] | Train Batch 250/782 | Avg Loss=0.107722
2026-04-23 21:11:02,182 | INFO | [CIFAR10 | DIFFUSION | Fold 1] | Train Batch 500/782 | Avg Loss=0.107693
2026-04-23 21:11:12,164 | INFO | [CIFAR10 | DIFFUSION | Fold 1] | Train Batch 750/782 | Avg Loss=0.107467
2026-04-23 21:11:13,435 | INFO | [CIFAR10 | DIFFUSION | Fold 1] | Train Batch 782/782 | Avg Loss=0.107347
2026-04-23 21:11:15,472 | INFO | [CIFAR10 | DIFFUSION | Fold 1] | Test Batch 157/157 | Avg Loss=0.105547
2026-04-23 21:11:15,473 | INFO | Fold 1 | Epoch 119/150 | Train Loss=0.107347 | Test Loss=0.105547
2026-04-23 21:11:25,486 | INFO | [CIFAR10 | DIFFUSION | Fold 1] | Train Batch 250/782 | Avg Loss=0.106844
2026-04-23 21:11:35,473 | INFO | [CIFAR10 | DIFFUSION | Fold 1] | Train Batch 500/782 | Avg Loss=0.106940
2026-04-23 21:11:45,441 | INFO | [CIFAR10 | DIFFUSION | Fold 1] | Train Batch 750/782 | Avg Loss=0.107494
2026-04-23 21:11:46,713 | INFO | [CIFAR10 | DIFFUSION | Fold 1] | Train Batch 782/782 | Avg Loss=0.107654
2026-04-23 21:11:48,709 | INFO | [CIFAR10 | DIFFUSION | Fold 1] | Test Batch 157/157 | Avg Loss=0.106527
2026-04-23 21:11:48,711 | INFO | Fold 1 | Epoch 120/150 | Train Loss=0.107654 | Test Loss=0.106527
2026-04-23 21:11:59,057 | INFO | [CIFAR10 | DIFFUSION | Fold 1] | Train Batch 250/782 | Avg Loss=0.106661
2026-04-23 21:12:09,103 | INFO | [CIFAR10 | DIFFUSION | Fold 1] | Train Batch 500/782 | Avg Loss=0.107347
2026-04-23 21:12:19,168 | INFO | [CIFAR10 | DIFFUSION | Fold 1] | Train Batch 750/782 | Avg Loss=0.107660
2026-04-23 21:12:20,439 | INFO | [CIFAR10 | DIFFUSION | Fold 1] | Train Batch 782/782 | Avg Loss=0.107687
2026-04-23 21:12:22,482 | INFO | [CIFAR10 | DIFFUSION | Fold 1] | Test Batch 157/157 | Avg Loss=0.106928
2026-04-23 21:12:22,483 | INFO | Fold 1 | Epoch 121/150 | Train Loss=0.107687 | Test Loss=0.106928
2026-04-23 21:12:32,685 | INFO | [CIFAR10 | DIFFUSION | Fold 1] | Train Batch 250/782 | Avg Loss=0.107386
2026-04-23 21:12:42,761 | INFO | [CIFAR10 | DIFFUSION | Fold 1] | Train Batch 500/782 | Avg Loss=0.107575
2026-04-23 21:12:52,810 | INFO | [CIFAR10 | DIFFUSION | Fold 1] | Train Batch 750/782 | Avg Loss=0.107867
2026-04-23 21:12:54,084 | INFO | [CIFAR10 | DIFFUSION | Fold 1] | Train Batch 782/782 | Avg Loss=0.107880
2026-04-23 21:12:56,096 | INFO | [CIFAR10 | DIFFUSION | Fold 1] | Test Batch 157/157 | Avg Loss=0.107165
2026-04-23 21:12:56,098 | INFO | Fold 1 | Epoch 122/150 | Train Loss=0.107880 | Test Loss=0.107165
2026-04-23 21:13:06,129 | INFO | [CIFAR10 | DIFFUSION | Fold 1] | Train Batch 250/782 | Avg Loss=0.108465
2026-04-23 21:13:16,110 | INFO | [CIFAR10 | DIFFUSION | Fold 1] | Train Batch 500/782 | Avg Loss=0.108227
2026-04-23 21:13:26,204 | INFO | [CIFAR10 | DIFFUSION | Fold 1] | Train Batch 750/782 | Avg Loss=0.108215
2026-04-23 21:13:27,470 | INFO | [CIFAR10 | DIFFUSION | Fold 1] | Train Batch 782/782 | Avg Loss=0.108158
2026-04-23 21:13:29,512 | INFO | [CIFAR10 | DIFFUSION | Fold 1] | Test Batch 157/157 | Avg Loss=0.106805
2026-04-23 21:13:29,513 | INFO | Fold 1 | Epoch 123/150 | Train Loss=0.108158 | Test Loss=0.106805
2026-04-23 21:13:39,546 | INFO | [CIFAR10 | DIFFUSION | Fold 1] | Train Batch 250/782 | Avg Loss=0.108849
2026-04-23 21:13:49,732 | INFO | [CIFAR10 | DIFFUSION | Fold 1] | Train Batch 500/782 | Avg Loss=0.108467
2026-04-23 21:13:59,770 | INFO | [CIFAR10 | DIFFUSION | Fold 1] | Train Batch 750/782 | Avg Loss=0.107931
2026-04-23 21:14:01,050 | INFO | [CIFAR10 | DIFFUSION | Fold 1] | Train Batch 782/782 | Avg Loss=0.107899
2026-04-23 21:14:03,012 | INFO | [CIFAR10 | DIFFUSION | Fold 1] | Test Batch 157/157 | Avg Loss=0.104789
2026-04-23 21:14:03,014 | INFO | Fold 1 | Epoch 124/150 | Train Loss=0.107899 | Test Loss=0.104789
2026-04-23 21:14:13,116 | INFO | [CIFAR10 | DIFFUSION | Fold 1] | Train Batch 250/782 | Avg Loss=0.107564
2026-04-23 21:14:23,144 | INFO | [CIFAR10 | DIFFUSION | Fold 1] | Train Batch 500/782 | Avg Loss=0.107523
2026-04-23 21:14:33,223 | INFO | [CIFAR10 | DIFFUSION | Fold 1] | Train Batch 750/782 | Avg Loss=0.107755
2026-04-23 21:14:34,504 | INFO | [CIFAR10 | DIFFUSION | Fold 1] | Train Batch 782/782 | Avg Loss=0.107890
2026-04-23 21:14:36,548 | INFO | [CIFAR10 | DIFFUSION | Fold 1] | Test Batch 157/157 | Avg Loss=0.104957
2026-04-23 21:14:36,549 | INFO | Fold 1 | Epoch 125/150 | Train Loss=0.107890 | Test Loss=0.104957
2026-04-23 21:14:46,739 | INFO | [CIFAR10 | DIFFUSION | Fold 1] | Train Batch 250/782 | Avg Loss=0.106865
2026-04-23 21:14:56,744 | INFO | [CIFAR10 | DIFFUSION | Fold 1] | Train Batch 500/782 | Avg Loss=0.107322
2026-04-23 21:15:06,797 | INFO | [CIFAR10 | DIFFUSION | Fold 1] | Train Batch 750/782 | Avg Loss=0.107600
2026-04-23 21:15:08,073 | INFO | [CIFAR10 | DIFFUSION | Fold 1] | Train Batch 782/782 | Avg Loss=0.107595
2026-04-23 21:15:10,053 | INFO | [CIFAR10 | DIFFUSION | Fold 1] | Test Batch 157/157 | Avg Loss=0.105742
2026-04-23 21:15:10,054 | INFO | Fold 1 | Epoch 126/150 | Train Loss=0.107595 | Test Loss=0.105742
2026-04-23 21:15:20,091 | INFO | [CIFAR10 | DIFFUSION | Fold 1] | Train Batch 250/782 | Avg Loss=0.107936
2026-04-23 21:15:30,110 | INFO | [CIFAR10 | DIFFUSION | Fold 1] | Train Batch 500/782 | Avg Loss=0.108541
2026-04-23 21:15:40,190 | INFO | [CIFAR10 | DIFFUSION | Fold 1] | Train Batch 750/782 | Avg Loss=0.108122
2026-04-23 21:15:41,466 | INFO | [CIFAR10 | DIFFUSION | Fold 1] | Train Batch 782/782 | Avg Loss=0.108133
2026-04-23 21:15:43,488 | INFO | [CIFAR10 | DIFFUSION | Fold 1] | Test Batch 157/157 | Avg Loss=0.105150
2026-04-23 21:15:43,490 | INFO | Fold 1 | Epoch 127/150 | Train Loss=0.108133 | Test Loss=0.105150
2026-04-23 21:15:53,537 | INFO | [CIFAR10 | DIFFUSION | Fold 1] | Train Batch 250/782 | Avg Loss=0.107458
2026-04-23 21:16:03,554 | INFO | [CIFAR10 | DIFFUSION | Fold 1] | Train Batch 500/782 | Avg Loss=0.107848
2026-04-23 21:16:13,671 | INFO | [CIFAR10 | DIFFUSION | Fold 1] | Train Batch 750/782 | Avg Loss=0.107517
2026-04-23 21:16:14,943 | INFO | [CIFAR10 | DIFFUSION | Fold 1] | Train Batch 782/782 | Avg Loss=0.107433
2026-04-23 21:16:16,992 | INFO | [CIFAR10 | DIFFUSION | Fold 1] | Test Batch 157/157 | Avg Loss=0.106160
2026-04-23 21:16:16,993 | INFO | Fold 1 | Epoch 128/150 | Train Loss=0.107433 | Test Loss=0.106160
2026-04-23 21:16:26,996 | INFO | [CIFAR10 | DIFFUSION | Fold 1] | Train Batch 250/782 | Avg Loss=0.107678
2026-04-23 21:16:37,003 | INFO | [CIFAR10 | DIFFUSION | Fold 1] | Train Batch 500/782 | Avg Loss=0.108036
2026-04-23 21:16:46,978 | INFO | [CIFAR10 | DIFFUSION | Fold 1] | Train Batch 750/782 | Avg Loss=0.107848
2026-04-23 21:16:48,251 | INFO | [CIFAR10 | DIFFUSION | Fold 1] | Train Batch 782/782 | Avg Loss=0.107807
2026-04-23 21:16:50,259 | INFO | [CIFAR10 | DIFFUSION | Fold 1] | Test Batch 157/157 | Avg Loss=0.106436
2026-04-23 21:16:50,261 | INFO | Fold 1 | Epoch 129/150 | Train Loss=0.107807 | Test Loss=0.106436
2026-04-23 21:17:00,310 | INFO | [CIFAR10 | DIFFUSION | Fold 1] | Train Batch 250/782 | Avg Loss=0.107583
2026-04-23 21:17:10,325 | INFO | [CIFAR10 | DIFFUSION | Fold 1] | Train Batch 500/782 | Avg Loss=0.107862
2026-04-23 21:17:20,331 | INFO | [CIFAR10 | DIFFUSION | Fold 1] | Train Batch 750/782 | Avg Loss=0.108216
2026-04-23 21:17:21,602 | INFO | [CIFAR10 | DIFFUSION | Fold 1] | Train Batch 782/782 | Avg Loss=0.108228
2026-04-23 21:17:23,651 | INFO | [CIFAR10 | DIFFUSION | Fold 1] | Test Batch 157/157 | Avg Loss=0.105553
2026-04-23 21:17:23,652 | INFO | Fold 1 | Epoch 130/150 | Train Loss=0.108228 | Test Loss=0.105553
2026-04-23 21:17:33,670 | INFO | [CIFAR10 | DIFFUSION | Fold 1] | Train Batch 250/782 | Avg Loss=0.107507
2026-04-23 21:17:43,755 | INFO | [CIFAR10 | DIFFUSION | Fold 1] | Train Batch 500/782 | Avg Loss=0.107503
2026-04-23 21:17:53,718 | INFO | [CIFAR10 | DIFFUSION | Fold 1] | Train Batch 750/782 | Avg Loss=0.107523
2026-04-23 21:17:54,988 | INFO | [CIFAR10 | DIFFUSION | Fold 1] | Train Batch 782/782 | Avg Loss=0.107367
2026-04-23 21:17:57,002 | INFO | [CIFAR10 | DIFFUSION | Fold 1] | Test Batch 157/157 | Avg Loss=0.106056
2026-04-23 21:17:57,003 | INFO | Fold 1 | Epoch 131/150 | Train Loss=0.107367 | Test Loss=0.106056
2026-04-23 21:18:06,994 | INFO | [CIFAR10 | DIFFUSION | Fold 1] | Train Batch 250/782 | Avg Loss=0.108076
2026-04-23 21:18:16,962 | INFO | [CIFAR10 | DIFFUSION | Fold 1] | Train Batch 500/782 | Avg Loss=0.107659
2026-04-23 21:18:26,938 | INFO | [CIFAR10 | DIFFUSION | Fold 1] | Train Batch 750/782 | Avg Loss=0.107118
2026-04-23 21:18:28,203 | INFO | [CIFAR10 | DIFFUSION | Fold 1] | Train Batch 782/782 | Avg Loss=0.107187
2026-04-23 21:18:30,224 | INFO | [CIFAR10 | DIFFUSION | Fold 1] | Test Batch 157/157 | Avg Loss=0.106084
2026-04-23 21:18:30,225 | INFO | Fold 1 | Epoch 132/150 | Train Loss=0.107187 | Test Loss=0.106084
2026-04-23 21:18:40,335 | INFO | [CIFAR10 | DIFFUSION | Fold 1] | Train Batch 250/782 | Avg Loss=0.109198
2026-04-23 21:18:50,357 | INFO | [CIFAR10 | DIFFUSION | Fold 1] | Train Batch 500/782 | Avg Loss=0.108686
2026-04-23 21:19:00,373 | INFO | [CIFAR10 | DIFFUSION | Fold 1] | Train Batch 750/782 | Avg Loss=0.108332
2026-04-23 21:19:01,648 | INFO | [CIFAR10 | DIFFUSION | Fold 1] | Train Batch 782/782 | Avg Loss=0.108358
2026-04-23 21:19:03,665 | INFO | [CIFAR10 | DIFFUSION | Fold 1] | Test Batch 157/157 | Avg Loss=0.105422
2026-04-23 21:19:03,666 | INFO | Fold 1 | Epoch 133/150 | Train Loss=0.108358 | Test Loss=0.105422
2026-04-23 21:19:13,794 | INFO | [CIFAR10 | DIFFUSION | Fold 1] | Train Batch 250/782 | Avg Loss=0.107337
2026-04-23 21:19:23,928 | INFO | [CIFAR10 | DIFFUSION | Fold 1] | Train Batch 500/782 | Avg Loss=0.106686
2026-04-23 21:19:34,029 | INFO | [CIFAR10 | DIFFUSION | Fold 1] | Train Batch 750/782 | Avg Loss=0.107226
2026-04-23 21:19:35,305 | INFO | [CIFAR10 | DIFFUSION | Fold 1] | Train Batch 782/782 | Avg Loss=0.107310
2026-04-23 21:19:37,321 | INFO | [CIFAR10 | DIFFUSION | Fold 1] | Test Batch 157/157 | Avg Loss=0.106485
2026-04-23 21:19:37,323 | INFO | Fold 1 | Epoch 134/150 | Train Loss=0.107310 | Test Loss=0.106485
2026-04-23 21:19:47,373 | INFO | [CIFAR10 | DIFFUSION | Fold 1] | Train Batch 250/782 | Avg Loss=0.108188
2026-04-23 21:19:57,374 | INFO | [CIFAR10 | DIFFUSION | Fold 1] | Train Batch 500/782 | Avg Loss=0.107779
2026-04-23 21:20:07,439 | INFO | [CIFAR10 | DIFFUSION | Fold 1] | Train Batch 750/782 | Avg Loss=0.108027
2026-04-23 21:20:08,722 | INFO | [CIFAR10 | DIFFUSION | Fold 1] | Train Batch 782/782 | Avg Loss=0.108087
2026-04-23 21:20:10,731 | INFO | [CIFAR10 | DIFFUSION | Fold 1] | Test Batch 157/157 | Avg Loss=0.105773
2026-04-23 21:20:10,732 | INFO | Fold 1 | Epoch 135/150 | Train Loss=0.108087 | Test Loss=0.105773
2026-04-23 21:20:20,747 | INFO | [CIFAR10 | DIFFUSION | Fold 1] | Train Batch 250/782 | Avg Loss=0.107881
2026-04-23 21:20:30,710 | INFO | [CIFAR10 | DIFFUSION | Fold 1] | Train Batch 500/782 | Avg Loss=0.107419
2026-04-23 21:20:40,797 | INFO | [CIFAR10 | DIFFUSION | Fold 1] | Train Batch 750/782 | Avg Loss=0.107656
2026-04-23 21:20:42,107 | INFO | [CIFAR10 | DIFFUSION | Fold 1] | Train Batch 782/782 | Avg Loss=0.107785
2026-04-23 21:20:44,150 | INFO | [CIFAR10 | DIFFUSION | Fold 1] | Test Batch 157/157 | Avg Loss=0.106353
2026-04-23 21:20:44,151 | INFO | Fold 1 | Epoch 136/150 | Train Loss=0.107785 | Test Loss=0.106353
2026-04-23 21:20:54,197 | INFO | [CIFAR10 | DIFFUSION | Fold 1] | Train Batch 250/782 | Avg Loss=0.107258
2026-04-23 21:21:04,218 | INFO | [CIFAR10 | DIFFUSION | Fold 1] | Train Batch 500/782 | Avg Loss=0.108657
2026-04-23 21:21:14,236 | INFO | [CIFAR10 | DIFFUSION | Fold 1] | Train Batch 750/782 | Avg Loss=0.108467
2026-04-23 21:21:15,511 | INFO | [CIFAR10 | DIFFUSION | Fold 1] | Train Batch 782/782 | Avg Loss=0.108508
2026-04-23 21:21:17,529 | INFO | [CIFAR10 | DIFFUSION | Fold 1] | Test Batch 157/157 | Avg Loss=0.107186
2026-04-23 21:21:17,530 | INFO | Fold 1 | Epoch 137/150 | Train Loss=0.108508 | Test Loss=0.107186
2026-04-23 21:21:27,574 | INFO | [CIFAR10 | DIFFUSION | Fold 1] | Train Batch 250/782 | Avg Loss=0.105881
2026-04-23 21:21:37,574 | INFO | [CIFAR10 | DIFFUSION | Fold 1] | Train Batch 500/782 | Avg Loss=0.106614
2026-04-23 21:21:47,560 | INFO | [CIFAR10 | DIFFUSION | Fold 1] | Train Batch 750/782 | Avg Loss=0.107275
2026-04-23 21:21:48,830 | INFO | [CIFAR10 | DIFFUSION | Fold 1] | Train Batch 782/782 | Avg Loss=0.107293
2026-04-23 21:21:50,812 | INFO | [CIFAR10 | DIFFUSION | Fold 1] | Test Batch 157/157 | Avg Loss=0.106282
2026-04-23 21:21:50,813 | INFO | Fold 1 | Epoch 138/150 | Train Loss=0.107293 | Test Loss=0.106282
2026-04-23 21:22:00,944 | INFO | [CIFAR10 | DIFFUSION | Fold 1] | Train Batch 250/782 | Avg Loss=0.107774
2026-04-23 21:22:10,941 | INFO | [CIFAR10 | DIFFUSION | Fold 1] | Train Batch 500/782 | Avg Loss=0.107623
2026-04-23 21:22:20,908 | INFO | [CIFAR10 | DIFFUSION | Fold 1] | Train Batch 750/782 | Avg Loss=0.107505
2026-04-23 21:22:22,174 | INFO | [CIFAR10 | DIFFUSION | Fold 1] | Train Batch 782/782 | Avg Loss=0.107524
2026-04-23 21:22:24,237 | INFO | [CIFAR10 | DIFFUSION | Fold 1] | Test Batch 157/157 | Avg Loss=0.107371
2026-04-23 21:22:24,238 | INFO | Fold 1 | Epoch 139/150 | Train Loss=0.107524 | Test Loss=0.107371
2026-04-23 21:22:34,286 | INFO | [CIFAR10 | DIFFUSION | Fold 1] | Train Batch 250/782 | Avg Loss=0.107606
2026-04-23 21:22:44,324 | INFO | [CIFAR10 | DIFFUSION | Fold 1] | Train Batch 500/782 | Avg Loss=0.107374
2026-04-23 21:22:54,361 | INFO | [CIFAR10 | DIFFUSION | Fold 1] | Train Batch 750/782 | Avg Loss=0.107213
2026-04-23 21:22:55,629 | INFO | [CIFAR10 | DIFFUSION | Fold 1] | Train Batch 782/782 | Avg Loss=0.107261
2026-04-23 21:22:57,613 | INFO | [CIFAR10 | DIFFUSION | Fold 1] | Test Batch 157/157 | Avg Loss=0.106350
2026-04-23 21:22:57,614 | INFO | Fold 1 | Epoch 140/150 | Train Loss=0.107261 | Test Loss=0.106350
2026-04-23 21:23:07,606 | INFO | [CIFAR10 | DIFFUSION | Fold 1] | Train Batch 250/782 | Avg Loss=0.106643
2026-04-23 21:23:17,579 | INFO | [CIFAR10 | DIFFUSION | Fold 1] | Train Batch 500/782 | Avg Loss=0.106822
2026-04-23 21:23:27,697 | INFO | [CIFAR10 | DIFFUSION | Fold 1] | Train Batch 750/782 | Avg Loss=0.106945
2026-04-23 21:23:28,966 | INFO | [CIFAR10 | DIFFUSION | Fold 1] | Train Batch 782/782 | Avg Loss=0.106956
2026-04-23 21:23:30,978 | INFO | [CIFAR10 | DIFFUSION | Fold 1] | Test Batch 157/157 | Avg Loss=0.107027
2026-04-23 21:23:30,979 | INFO | Fold 1 | Epoch 141/150 | Train Loss=0.106956 | Test Loss=0.107027
2026-04-23 21:23:40,982 | INFO | [CIFAR10 | DIFFUSION | Fold 1] | Train Batch 250/782 | Avg Loss=0.108165
2026-04-23 21:23:50,968 | INFO | [CIFAR10 | DIFFUSION | Fold 1] | Train Batch 500/782 | Avg Loss=0.107806
2026-04-23 21:24:00,938 | INFO | [CIFAR10 | DIFFUSION | Fold 1] | Train Batch 750/782 | Avg Loss=0.107563
2026-04-23 21:24:02,210 | INFO | [CIFAR10 | DIFFUSION | Fold 1] | Train Batch 782/782 | Avg Loss=0.107453
2026-04-23 21:24:04,200 | INFO | [CIFAR10 | DIFFUSION | Fold 1] | Test Batch 157/157 | Avg Loss=0.106641
2026-04-23 21:24:04,218 | INFO | Fold 1 | Epoch 142/150 | Train Loss=0.107453 | Test Loss=0.106641
2026-04-23 21:24:14,207 | INFO | [CIFAR10 | DIFFUSION | Fold 1] | Train Batch 250/782 | Avg Loss=0.108244
2026-04-23 21:24:24,186 | INFO | [CIFAR10 | DIFFUSION | Fold 1] | Train Batch 500/782 | Avg Loss=0.107799
2026-04-23 21:24:34,176 | INFO | [CIFAR10 | DIFFUSION | Fold 1] | Train Batch 750/782 | Avg Loss=0.107723
2026-04-23 21:24:35,449 | INFO | [CIFAR10 | DIFFUSION | Fold 1] | Train Batch 782/782 | Avg Loss=0.107742
2026-04-23 21:24:37,422 | INFO | [CIFAR10 | DIFFUSION | Fold 1] | Test Batch 157/157 | Avg Loss=0.105462
2026-04-23 21:24:37,423 | INFO | Fold 1 | Epoch 143/150 | Train Loss=0.107742 | Test Loss=0.105462
2026-04-23 21:24:47,456 | INFO | [CIFAR10 | DIFFUSION | Fold 1] | Train Batch 250/782 | Avg Loss=0.106742
2026-04-23 21:24:57,556 | INFO | [CIFAR10 | DIFFUSION | Fold 1] | Train Batch 500/782 | Avg Loss=0.106216
2026-04-23 21:25:07,536 | INFO | [CIFAR10 | DIFFUSION | Fold 1] | Train Batch 750/782 | Avg Loss=0.106976
2026-04-23 21:25:08,805 | INFO | [CIFAR10 | DIFFUSION | Fold 1] | Train Batch 782/782 | Avg Loss=0.107066
2026-04-23 21:25:10,819 | INFO | [CIFAR10 | DIFFUSION | Fold 1] | Test Batch 157/157 | Avg Loss=0.107479
2026-04-23 21:25:10,821 | INFO | Fold 1 | Epoch 144/150 | Train Loss=0.107066 | Test Loss=0.107479
2026-04-23 21:25:20,819 | INFO | [CIFAR10 | DIFFUSION | Fold 1] | Train Batch 250/782 | Avg Loss=0.108314
2026-04-23 21:25:30,814 | INFO | [CIFAR10 | DIFFUSION | Fold 1] | Train Batch 500/782 | Avg Loss=0.107965
2026-04-23 21:25:40,820 | INFO | [CIFAR10 | DIFFUSION | Fold 1] | Train Batch 750/782 | Avg Loss=0.107525
2026-04-23 21:25:42,093 | INFO | [CIFAR10 | DIFFUSION | Fold 1] | Train Batch 782/782 | Avg Loss=0.107550
2026-04-23 21:25:44,197 | INFO | [CIFAR10 | DIFFUSION | Fold 1] | Test Batch 157/157 | Avg Loss=0.105043
2026-04-23 21:25:44,198 | INFO | Fold 1 | Epoch 145/150 | Train Loss=0.107550 | Test Loss=0.105043
2026-04-23 21:25:54,487 | INFO | [CIFAR10 | DIFFUSION | Fold 1] | Train Batch 250/782 | Avg Loss=0.107673
2026-04-23 21:26:04,724 | INFO | [CIFAR10 | DIFFUSION | Fold 1] | Train Batch 500/782 | Avg Loss=0.107825
2026-04-23 21:26:14,948 | INFO | [CIFAR10 | DIFFUSION | Fold 1] | Train Batch 750/782 | Avg Loss=0.107816
2026-04-23 21:26:16,271 | INFO | [CIFAR10 | DIFFUSION | Fold 1] | Train Batch 782/782 | Avg Loss=0.107883
2026-04-23 21:26:18,240 | INFO | [CIFAR10 | DIFFUSION | Fold 1] | Test Batch 157/157 | Avg Loss=0.106154
2026-04-23 21:26:18,242 | INFO | Fold 1 | Epoch 146/150 | Train Loss=0.107883 | Test Loss=0.106154
2026-04-23 21:26:28,678 | INFO | [CIFAR10 | DIFFUSION | Fold 1] | Train Batch 250/782 | Avg Loss=0.107572
2026-04-23 21:26:38,907 | INFO | [CIFAR10 | DIFFUSION | Fold 1] | Train Batch 500/782 | Avg Loss=0.107620
2026-04-23 21:26:49,130 | INFO | [CIFAR10 | DIFFUSION | Fold 1] | Train Batch 750/782 | Avg Loss=0.107364
2026-04-23 21:26:50,446 | INFO | [CIFAR10 | DIFFUSION | Fold 1] | Train Batch 782/782 | Avg Loss=0.107379
2026-04-23 21:26:52,490 | INFO | [CIFAR10 | DIFFUSION | Fold 1] | Test Batch 157/157 | Avg Loss=0.105806
2026-04-23 21:26:52,492 | INFO | Fold 1 | Epoch 147/150 | Train Loss=0.107379 | Test Loss=0.105806
2026-04-23 21:27:02,340 | INFO | [CIFAR10 | DIFFUSION | Fold 1] | Train Batch 250/782 | Avg Loss=0.106504
2026-04-23 21:27:12,128 | INFO | [CIFAR10 | DIFFUSION | Fold 1] | Train Batch 500/782 | Avg Loss=0.106985
2026-04-23 21:27:21,927 | INFO | [CIFAR10 | DIFFUSION | Fold 1] | Train Batch 750/782 | Avg Loss=0.107254
2026-04-23 21:27:23,179 | INFO | [CIFAR10 | DIFFUSION | Fold 1] | Train Batch 782/782 | Avg Loss=0.107316
2026-04-23 21:27:25,219 | INFO | [CIFAR10 | DIFFUSION | Fold 1] | Test Batch 157/157 | Avg Loss=0.106782
2026-04-23 21:27:25,220 | INFO | Fold 1 | Epoch 148/150 | Train Loss=0.107316 | Test Loss=0.106782
2026-04-23 21:27:35,054 | INFO | [CIFAR10 | DIFFUSION | Fold 1] | Train Batch 250/782 | Avg Loss=0.108083
2026-04-23 21:27:44,833 | INFO | [CIFAR10 | DIFFUSION | Fold 1] | Train Batch 500/782 | Avg Loss=0.108363
2026-04-23 21:27:54,746 | INFO | [CIFAR10 | DIFFUSION | Fold 1] | Train Batch 750/782 | Avg Loss=0.107769
2026-04-23 21:27:55,994 | INFO | [CIFAR10 | DIFFUSION | Fold 1] | Train Batch 782/782 | Avg Loss=0.107664
2026-04-23 21:27:57,963 | INFO | [CIFAR10 | DIFFUSION | Fold 1] | Test Batch 157/157 | Avg Loss=0.106696
2026-04-23 21:27:57,965 | INFO | Fold 1 | Epoch 149/150 | Train Loss=0.107664 | Test Loss=0.106696
2026-04-23 21:28:07,767 | INFO | [CIFAR10 | DIFFUSION | Fold 1] | Train Batch 250/782 | Avg Loss=0.107619
2026-04-23 21:28:17,523 | INFO | [CIFAR10 | DIFFUSION | Fold 1] | Train Batch 500/782 | Avg Loss=0.107312
2026-04-23 21:28:27,270 | INFO | [CIFAR10 | DIFFUSION | Fold 1] | Train Batch 750/782 | Avg Loss=0.107504
2026-04-23 21:28:28,519 | INFO | [CIFAR10 | DIFFUSION | Fold 1] | Train Batch 782/782 | Avg Loss=0.107523
2026-04-23 21:28:30,463 | INFO | [CIFAR10 | DIFFUSION | Fold 1] | Test Batch 157/157 | Avg Loss=0.105889
2026-04-23 21:28:30,465 | INFO | Fold 1 | Epoch 150/150 | Train Loss=0.107523 | Test Loss=0.105889
2026-04-23 21:28:32,605 | INFO | Fold 1 summary | Noise MSE=0.105889 | PSNR=19.0797 | SSIM=0.6337
2026-04-23 21:28:33,051 | INFO | Diffusion loss curve saved to /scratch/kac965/image-reconstruction-final-study/runs/cifar10/diffusion/study_cifar10_seed001/plots/loss_curve.png
2026-04-23 21:28:33,282 | INFO | Diffusion loss curve (legacy path) saved to /scratch/kac965/image-reconstruction-final-study/runs/diffusion/loss_curves/study_cifar10_seed001.png
2026-04-23 21:28:35,089 | INFO | Diffusion sample grid saved to /scratch/kac965/image-reconstruction-final-study/runs/cifar10/diffusion/study_cifar10_seed001/samples/generated_samples.png
2026-04-23 21:28:35,409 | INFO | Diffusion sample grid (legacy path) saved to /scratch/kac965/image-reconstruction-final-study/runs/diffusion/samples/study_cifar10_seed001.png
2026-04-23 21:28:37,904 | INFO | Diffusion reverse-process snapshots saved to /scratch/kac965/image-reconstruction-final-study/runs/cifar10/diffusion/study_cifar10_seed001/plots/diffusion_snapshots.png
2026-04-23 21:28:40,437 | INFO | Diffusion reverse-process snapshots (legacy path) saved to /scratch/kac965/image-reconstruction-final-study/runs/diffusion/snapshots/study_cifar10_seed001.png
2026-04-23 21:28:41,523 | INFO | Diffusion reconstruction preview saved to /scratch/kac965/image-reconstruction-final-study/runs/cifar10/diffusion/study_cifar10_seed001/plots/reconstructions.png
2026-04-23 21:28:41,937 | INFO | Diffusion reconstruction preview (legacy path) saved to /scratch/kac965/image-reconstruction-final-study/runs/diffusion/reconstructions/study_cifar10_seed001.png
2026-04-23 21:28:42,168 | INFO | Final summary | dataset=cifar10 model=diffusion mean_noise_loss=0.105889 +/- 0.000000 | PSNR=19.0797 | SSIM=0.6337
2026-04-23 21:28:42,169 | INFO | Artifacts saved to /scratch/kac965/image-reconstruction-final-study/runs/cifar10/diffusion/study_cifar10_seed001
