2026-04-23 22:54:54,817 | INFO | Start time: 2026-04-23T22:54:54.817239
2026-04-23 22:54:54,817 | INFO | Hostname: cn2
2026-04-23 22:54:54,817 | INFO | Device: cuda (NVIDIA A100-PCIE-40GB)
2026-04-23 22:54:54,818 | INFO | Seed: 3
2026-04-23 22:54:54,818 | INFO | CLI args: --config /home/kac965/projects/ImageReconstruction/configs/diffusion/cifar10.yaml --seed 3 --run-name study_cifar10_seed003 --data-dir /scratch/kac965/image-reconstruction/data --output-dir /scratch/kac965/image-reconstruction-final-study/runs
2026-04-23 22:54:54,818 | INFO | Resolved output directory: /scratch/kac965/image-reconstruction-final-study/runs/cifar10/diffusion/study_cifar10_seed003
2026-04-23 22:54:54,818 | INFO | Data directory: /scratch/kac965/image-reconstruction/data
2026-04-23 22:54:54,818 | INFO | Download enabled: False
2026-04-23 22:54:54,818 | INFO | Run config: dataset=cifar10 model=diffusion epochs=150 batch_size=64 lr=0.001 num_workers=4
2026-04-23 22:54:54,818 | INFO | Model hyperparameters: backbone=adm image_size=32 channels=3 classes=10 base_channels=64 time_dim=128 num_res_blocks=2 timesteps=1000 schedule=cosine prediction_type=v sampler=ddim sampling_steps=50 ddim_eta=0 attention_resolutions=(8,) beta_start=0.0001 beta_end=0.02 ema_decay=0.999 class_dropout_prob=0.1 guidance_scale=3 grad_clip_norm=1.0 amp=bf16 sample_count=16
2026-04-23 22:54:54,819 | INFO | Saved resolved config to /scratch/kac965/image-reconstruction-final-study/runs/cifar10/diffusion/study_cifar10_seed003/config.json
2026-04-23 22:54:55,862 | INFO | Dataset sizes: train=50000 test=10000
2026-04-23 22:54:55,862 | INFO | Batch counts: train=782 test=157
2026-04-23 22:54:56,251 | INFO | Trainable parameters: 6347971
2026-04-23 22:55:07,963 | INFO | [CIFAR10 | DIFFUSION | Fold 1] | Train Batch 250/782 | Avg Loss=0.178750
2026-04-23 22:55:18,156 | INFO | [CIFAR10 | DIFFUSION | Fold 1] | Train Batch 500/782 | Avg Loss=0.156904
2026-04-23 22:55:28,498 | INFO | [CIFAR10 | DIFFUSION | Fold 1] | Train Batch 750/782 | Avg Loss=0.147687
2026-04-23 22:55:29,836 | INFO | [CIFAR10 | DIFFUSION | Fold 1] | Train Batch 782/782 | Avg Loss=0.146846
2026-04-23 22:55:31,934 | INFO | [CIFAR10 | DIFFUSION | Fold 1] | Test Batch 157/157 | Avg Loss=0.265813
2026-04-23 22:55:31,936 | INFO | Fold 1 | Epoch 1/150 | Train Loss=0.146846 | Test Loss=0.265813
2026-04-23 22:55:42,170 | INFO | [CIFAR10 | DIFFUSION | Fold 1] | Train Batch 250/782 | Avg Loss=0.126170
2026-04-23 22:55:52,311 | INFO | [CIFAR10 | DIFFUSION | Fold 1] | Train Batch 500/782 | Avg Loss=0.125688
2026-04-23 22:56:02,467 | INFO | [CIFAR10 | DIFFUSION | Fold 1] | Train Batch 750/782 | Avg Loss=0.123960
2026-04-23 22:56:03,758 | INFO | [CIFAR10 | DIFFUSION | Fold 1] | Train Batch 782/782 | Avg Loss=0.123881
2026-04-23 22:56:05,807 | INFO | [CIFAR10 | DIFFUSION | Fold 1] | Test Batch 157/157 | Avg Loss=0.155331
2026-04-23 22:56:05,808 | INFO | Fold 1 | Epoch 2/150 | Train Loss=0.123881 | Test Loss=0.155331
2026-04-23 22:56:16,056 | INFO | [CIFAR10 | DIFFUSION | Fold 1] | Train Batch 250/782 | Avg Loss=0.120835
2026-04-23 22:56:26,221 | INFO | [CIFAR10 | DIFFUSION | Fold 1] | Train Batch 500/782 | Avg Loss=0.120974
2026-04-23 22:56:36,394 | INFO | [CIFAR10 | DIFFUSION | Fold 1] | Train Batch 750/782 | Avg Loss=0.120953
2026-04-23 22:56:37,690 | INFO | [CIFAR10 | DIFFUSION | Fold 1] | Train Batch 782/782 | Avg Loss=0.120893
2026-04-23 22:56:39,706 | INFO | [CIFAR10 | DIFFUSION | Fold 1] | Test Batch 157/157 | Avg Loss=0.127249
2026-04-23 22:56:39,707 | INFO | Fold 1 | Epoch 3/150 | Train Loss=0.120893 | Test Loss=0.127249
2026-04-23 22:56:49,939 | INFO | [CIFAR10 | DIFFUSION | Fold 1] | Train Batch 250/782 | Avg Loss=0.119128
2026-04-23 22:57:00,246 | INFO | [CIFAR10 | DIFFUSION | Fold 1] | Train Batch 500/782 | Avg Loss=0.118714
2026-04-23 22:57:10,384 | INFO | [CIFAR10 | DIFFUSION | Fold 1] | Train Batch 750/782 | Avg Loss=0.118527
2026-04-23 22:57:11,669 | INFO | [CIFAR10 | DIFFUSION | Fold 1] | Train Batch 782/782 | Avg Loss=0.118370
2026-04-23 22:57:13,683 | INFO | [CIFAR10 | DIFFUSION | Fold 1] | Test Batch 157/157 | Avg Loss=0.118594
2026-04-23 22:57:13,684 | INFO | Fold 1 | Epoch 4/150 | Train Loss=0.118370 | Test Loss=0.118594
2026-04-23 22:57:23,886 | INFO | [CIFAR10 | DIFFUSION | Fold 1] | Train Batch 250/782 | Avg Loss=0.118099
2026-04-23 22:57:34,019 | INFO | [CIFAR10 | DIFFUSION | Fold 1] | Train Batch 500/782 | Avg Loss=0.117753
2026-04-23 22:57:44,183 | INFO | [CIFAR10 | DIFFUSION | Fold 1] | Train Batch 750/782 | Avg Loss=0.117565
2026-04-23 22:57:45,471 | INFO | [CIFAR10 | DIFFUSION | Fold 1] | Train Batch 782/782 | Avg Loss=0.117517
2026-04-23 22:57:47,475 | INFO | [CIFAR10 | DIFFUSION | Fold 1] | Test Batch 157/157 | Avg Loss=0.113783
2026-04-23 22:57:47,476 | INFO | Fold 1 | Epoch 5/150 | Train Loss=0.117517 | Test Loss=0.113783
2026-04-23 22:57:57,676 | INFO | [CIFAR10 | DIFFUSION | Fold 1] | Train Batch 250/782 | Avg Loss=0.116546
2026-04-23 22:58:07,806 | INFO | [CIFAR10 | DIFFUSION | Fold 1] | Train Batch 500/782 | Avg Loss=0.116553
2026-04-23 22:58:17,950 | INFO | [CIFAR10 | DIFFUSION | Fold 1] | Train Batch 750/782 | Avg Loss=0.116438
2026-04-23 22:58:19,243 | INFO | [CIFAR10 | DIFFUSION | Fold 1] | Train Batch 782/782 | Avg Loss=0.116190
2026-04-23 22:58:21,256 | INFO | [CIFAR10 | DIFFUSION | Fold 1] | Test Batch 157/157 | Avg Loss=0.112376
2026-04-23 22:58:21,273 | INFO | Fold 1 | Epoch 6/150 | Train Loss=0.116190 | Test Loss=0.112376
2026-04-23 22:58:31,569 | INFO | [CIFAR10 | DIFFUSION | Fold 1] | Train Batch 250/782 | Avg Loss=0.114972
2026-04-23 22:58:41,716 | INFO | [CIFAR10 | DIFFUSION | Fold 1] | Train Batch 500/782 | Avg Loss=0.115364
2026-04-23 22:58:51,879 | INFO | [CIFAR10 | DIFFUSION | Fold 1] | Train Batch 750/782 | Avg Loss=0.115432
2026-04-23 22:58:53,171 | INFO | [CIFAR10 | DIFFUSION | Fold 1] | Train Batch 782/782 | Avg Loss=0.115561
2026-04-23 22:58:55,183 | INFO | [CIFAR10 | DIFFUSION | Fold 1] | Test Batch 157/157 | Avg Loss=0.112530
2026-04-23 22:58:55,184 | INFO | Fold 1 | Epoch 7/150 | Train Loss=0.115561 | Test Loss=0.112530
2026-04-23 22:59:05,362 | INFO | [CIFAR10 | DIFFUSION | Fold 1] | Train Batch 250/782 | Avg Loss=0.114588
2026-04-23 22:59:15,519 | INFO | [CIFAR10 | DIFFUSION | Fold 1] | Train Batch 500/782 | Avg Loss=0.114834
2026-04-23 22:59:25,738 | INFO | [CIFAR10 | DIFFUSION | Fold 1] | Train Batch 750/782 | Avg Loss=0.115123
2026-04-23 22:59:27,035 | INFO | [CIFAR10 | DIFFUSION | Fold 1] | Train Batch 782/782 | Avg Loss=0.115270
2026-04-23 22:59:29,067 | INFO | [CIFAR10 | DIFFUSION | Fold 1] | Test Batch 157/157 | Avg Loss=0.111258
2026-04-23 22:59:29,068 | INFO | Fold 1 | Epoch 8/150 | Train Loss=0.115270 | Test Loss=0.111258
2026-04-23 22:59:39,501 | INFO | [CIFAR10 | DIFFUSION | Fold 1] | Train Batch 250/782 | Avg Loss=0.113647
2026-04-23 22:59:49,692 | INFO | [CIFAR10 | DIFFUSION | Fold 1] | Train Batch 500/782 | Avg Loss=0.113898
2026-04-23 22:59:59,983 | INFO | [CIFAR10 | DIFFUSION | Fold 1] | Train Batch 750/782 | Avg Loss=0.113857
2026-04-23 23:00:01,272 | INFO | [CIFAR10 | DIFFUSION | Fold 1] | Train Batch 782/782 | Avg Loss=0.113870
2026-04-23 23:00:03,298 | INFO | [CIFAR10 | DIFFUSION | Fold 1] | Test Batch 157/157 | Avg Loss=0.110579
2026-04-23 23:00:03,299 | INFO | Fold 1 | Epoch 9/150 | Train Loss=0.113870 | Test Loss=0.110579
2026-04-23 23:00:13,502 | INFO | [CIFAR10 | DIFFUSION | Fold 1] | Train Batch 250/782 | Avg Loss=0.112936
2026-04-23 23:00:23,675 | INFO | [CIFAR10 | DIFFUSION | Fold 1] | Train Batch 500/782 | Avg Loss=0.113787
2026-04-23 23:00:33,903 | INFO | [CIFAR10 | DIFFUSION | Fold 1] | Train Batch 750/782 | Avg Loss=0.114346
2026-04-23 23:00:35,195 | INFO | [CIFAR10 | DIFFUSION | Fold 1] | Train Batch 782/782 | Avg Loss=0.114335
2026-04-23 23:00:37,229 | INFO | [CIFAR10 | DIFFUSION | Fold 1] | Test Batch 157/157 | Avg Loss=0.111909
2026-04-23 23:00:37,230 | INFO | Fold 1 | Epoch 10/150 | Train Loss=0.114335 | Test Loss=0.111909
2026-04-23 23:00:47,470 | INFO | [CIFAR10 | DIFFUSION | Fold 1] | Train Batch 250/782 | Avg Loss=0.112671
2026-04-23 23:00:57,679 | INFO | [CIFAR10 | DIFFUSION | Fold 1] | Train Batch 500/782 | Avg Loss=0.113209
2026-04-23 23:01:07,858 | INFO | [CIFAR10 | DIFFUSION | Fold 1] | Train Batch 750/782 | Avg Loss=0.112826
2026-04-23 23:01:09,162 | INFO | [CIFAR10 | DIFFUSION | Fold 1] | Train Batch 782/782 | Avg Loss=0.112835
2026-04-23 23:01:11,187 | INFO | [CIFAR10 | DIFFUSION | Fold 1] | Test Batch 157/157 | Avg Loss=0.111465
2026-04-23 23:01:11,188 | INFO | Fold 1 | Epoch 11/150 | Train Loss=0.112835 | Test Loss=0.111465
2026-04-23 23:01:21,553 | INFO | [CIFAR10 | DIFFUSION | Fold 1] | Train Batch 250/782 | Avg Loss=0.113634
2026-04-23 23:01:31,723 | INFO | [CIFAR10 | DIFFUSION | Fold 1] | Train Batch 500/782 | Avg Loss=0.113389
2026-04-23 23:01:41,840 | INFO | [CIFAR10 | DIFFUSION | Fold 1] | Train Batch 750/782 | Avg Loss=0.113248
2026-04-23 23:01:43,129 | INFO | [CIFAR10 | DIFFUSION | Fold 1] | Train Batch 782/782 | Avg Loss=0.113177
2026-04-23 23:01:45,149 | INFO | [CIFAR10 | DIFFUSION | Fold 1] | Test Batch 157/157 | Avg Loss=0.111181
2026-04-23 23:01:45,150 | INFO | Fold 1 | Epoch 12/150 | Train Loss=0.113177 | Test Loss=0.111181
2026-04-23 23:01:55,392 | INFO | [CIFAR10 | DIFFUSION | Fold 1] | Train Batch 250/782 | Avg Loss=0.112288
2026-04-23 23:02:05,591 | INFO | [CIFAR10 | DIFFUSION | Fold 1] | Train Batch 500/782 | Avg Loss=0.112263
2026-04-23 23:02:15,778 | INFO | [CIFAR10 | DIFFUSION | Fold 1] | Train Batch 750/782 | Avg Loss=0.112614
2026-04-23 23:02:17,071 | INFO | [CIFAR10 | DIFFUSION | Fold 1] | Train Batch 782/782 | Avg Loss=0.112706
2026-04-23 23:02:19,098 | INFO | [CIFAR10 | DIFFUSION | Fold 1] | Test Batch 157/157 | Avg Loss=0.110218
2026-04-23 23:02:19,099 | INFO | Fold 1 | Epoch 13/150 | Train Loss=0.112706 | Test Loss=0.110218
2026-04-23 23:02:29,319 | INFO | [CIFAR10 | DIFFUSION | Fold 1] | Train Batch 250/782 | Avg Loss=0.112744
2026-04-23 23:02:39,495 | INFO | [CIFAR10 | DIFFUSION | Fold 1] | Train Batch 500/782 | Avg Loss=0.113250
2026-04-23 23:02:49,808 | INFO | [CIFAR10 | DIFFUSION | Fold 1] | Train Batch 750/782 | Avg Loss=0.112929
2026-04-23 23:02:51,102 | INFO | [CIFAR10 | DIFFUSION | Fold 1] | Train Batch 782/782 | Avg Loss=0.112872
2026-04-23 23:02:53,111 | INFO | [CIFAR10 | DIFFUSION | Fold 1] | Test Batch 157/157 | Avg Loss=0.111825
2026-04-23 23:02:53,112 | INFO | Fold 1 | Epoch 14/150 | Train Loss=0.112872 | Test Loss=0.111825
2026-04-23 23:03:03,319 | INFO | [CIFAR10 | DIFFUSION | Fold 1] | Train Batch 250/782 | Avg Loss=0.113295
2026-04-23 23:03:13,448 | INFO | [CIFAR10 | DIFFUSION | Fold 1] | Train Batch 500/782 | Avg Loss=0.112732
2026-04-23 23:03:23,588 | INFO | [CIFAR10 | DIFFUSION | Fold 1] | Train Batch 750/782 | Avg Loss=0.112681
2026-04-23 23:03:24,883 | INFO | [CIFAR10 | DIFFUSION | Fold 1] | Train Batch 782/782 | Avg Loss=0.112769
2026-04-23 23:03:26,876 | INFO | [CIFAR10 | DIFFUSION | Fold 1] | Test Batch 157/157 | Avg Loss=0.108911
2026-04-23 23:03:26,877 | INFO | Fold 1 | Epoch 15/150 | Train Loss=0.112769 | Test Loss=0.108911
2026-04-23 23:03:37,033 | INFO | [CIFAR10 | DIFFUSION | Fold 1] | Train Batch 250/782 | Avg Loss=0.112622
2026-04-23 23:03:47,199 | INFO | [CIFAR10 | DIFFUSION | Fold 1] | Train Batch 500/782 | Avg Loss=0.112565
2026-04-23 23:03:57,416 | INFO | [CIFAR10 | DIFFUSION | Fold 1] | Train Batch 750/782 | Avg Loss=0.112824
2026-04-23 23:03:58,710 | INFO | [CIFAR10 | DIFFUSION | Fold 1] | Train Batch 782/782 | Avg Loss=0.112946
2026-04-23 23:04:00,727 | INFO | [CIFAR10 | DIFFUSION | Fold 1] | Test Batch 157/157 | Avg Loss=0.109286
2026-04-23 23:04:00,728 | INFO | Fold 1 | Epoch 16/150 | Train Loss=0.112946 | Test Loss=0.109286
2026-04-23 23:04:10,952 | INFO | [CIFAR10 | DIFFUSION | Fold 1] | Train Batch 250/782 | Avg Loss=0.111660
2026-04-23 23:04:21,240 | INFO | [CIFAR10 | DIFFUSION | Fold 1] | Train Batch 500/782 | Avg Loss=0.112113
2026-04-23 23:04:31,434 | INFO | [CIFAR10 | DIFFUSION | Fold 1] | Train Batch 750/782 | Avg Loss=0.112046
2026-04-23 23:04:32,733 | INFO | [CIFAR10 | DIFFUSION | Fold 1] | Train Batch 782/782 | Avg Loss=0.112186
2026-04-23 23:04:34,739 | INFO | [CIFAR10 | DIFFUSION | Fold 1] | Test Batch 157/157 | Avg Loss=0.109419
2026-04-23 23:04:34,758 | INFO | Fold 1 | Epoch 17/150 | Train Loss=0.112186 | Test Loss=0.109419
2026-04-23 23:04:45,290 | INFO | [CIFAR10 | DIFFUSION | Fold 1] | Train Batch 250/782 | Avg Loss=0.110501
2026-04-23 23:04:55,470 | INFO | [CIFAR10 | DIFFUSION | Fold 1] | Train Batch 500/782 | Avg Loss=0.111092
2026-04-23 23:05:05,626 | INFO | [CIFAR10 | DIFFUSION | Fold 1] | Train Batch 750/782 | Avg Loss=0.111391
2026-04-23 23:05:06,916 | INFO | [CIFAR10 | DIFFUSION | Fold 1] | Train Batch 782/782 | Avg Loss=0.111393
2026-04-23 23:05:08,957 | INFO | [CIFAR10 | DIFFUSION | Fold 1] | Test Batch 157/157 | Avg Loss=0.110116
2026-04-23 23:05:08,958 | INFO | Fold 1 | Epoch 18/150 | Train Loss=0.111393 | Test Loss=0.110116
2026-04-23 23:05:19,203 | INFO | [CIFAR10 | DIFFUSION | Fold 1] | Train Batch 250/782 | Avg Loss=0.111240
2026-04-23 23:05:29,398 | INFO | [CIFAR10 | DIFFUSION | Fold 1] | Train Batch 500/782 | Avg Loss=0.111593
2026-04-23 23:05:39,557 | INFO | [CIFAR10 | DIFFUSION | Fold 1] | Train Batch 750/782 | Avg Loss=0.111409
2026-04-23 23:05:40,854 | INFO | [CIFAR10 | DIFFUSION | Fold 1] | Train Batch 782/782 | Avg Loss=0.111596
2026-04-23 23:05:42,879 | INFO | [CIFAR10 | DIFFUSION | Fold 1] | Test Batch 157/157 | Avg Loss=0.110436
2026-04-23 23:05:42,880 | INFO | Fold 1 | Epoch 19/150 | Train Loss=0.111596 | Test Loss=0.110436
2026-04-23 23:05:53,361 | INFO | [CIFAR10 | DIFFUSION | Fold 1] | Train Batch 250/782 | Avg Loss=0.111651
2026-04-23 23:06:03,568 | INFO | [CIFAR10 | DIFFUSION | Fold 1] | Train Batch 500/782 | Avg Loss=0.112134
2026-04-23 23:06:13,748 | INFO | [CIFAR10 | DIFFUSION | Fold 1] | Train Batch 750/782 | Avg Loss=0.111801
2026-04-23 23:06:15,041 | INFO | [CIFAR10 | DIFFUSION | Fold 1] | Train Batch 782/782 | Avg Loss=0.111848
2026-04-23 23:06:17,068 | INFO | [CIFAR10 | DIFFUSION | Fold 1] | Test Batch 157/157 | Avg Loss=0.108388
2026-04-23 23:06:17,069 | INFO | Fold 1 | Epoch 20/150 | Train Loss=0.111848 | Test Loss=0.108388
2026-04-23 23:06:27,252 | INFO | [CIFAR10 | DIFFUSION | Fold 1] | Train Batch 250/782 | Avg Loss=0.112057
2026-04-23 23:06:37,423 | INFO | [CIFAR10 | DIFFUSION | Fold 1] | Train Batch 500/782 | Avg Loss=0.111630
2026-04-23 23:06:47,592 | INFO | [CIFAR10 | DIFFUSION | Fold 1] | Train Batch 750/782 | Avg Loss=0.111510
2026-04-23 23:06:48,886 | INFO | [CIFAR10 | DIFFUSION | Fold 1] | Train Batch 782/782 | Avg Loss=0.111547
2026-04-23 23:06:50,977 | INFO | [CIFAR10 | DIFFUSION | Fold 1] | Test Batch 157/157 | Avg Loss=0.109785
2026-04-23 23:06:50,978 | INFO | Fold 1 | Epoch 21/150 | Train Loss=0.111547 | Test Loss=0.109785
2026-04-23 23:07:01,200 | INFO | [CIFAR10 | DIFFUSION | Fold 1] | Train Batch 250/782 | Avg Loss=0.111673
2026-04-23 23:07:11,542 | INFO | [CIFAR10 | DIFFUSION | Fold 1] | Train Batch 500/782 | Avg Loss=0.111428
2026-04-23 23:07:21,749 | INFO | [CIFAR10 | DIFFUSION | Fold 1] | Train Batch 750/782 | Avg Loss=0.111376
2026-04-23 23:07:23,042 | INFO | [CIFAR10 | DIFFUSION | Fold 1] | Train Batch 782/782 | Avg Loss=0.111397
2026-04-23 23:07:25,091 | INFO | [CIFAR10 | DIFFUSION | Fold 1] | Test Batch 157/157 | Avg Loss=0.108523
2026-04-23 23:07:25,092 | INFO | Fold 1 | Epoch 22/150 | Train Loss=0.111397 | Test Loss=0.108523
2026-04-23 23:07:35,328 | INFO | [CIFAR10 | DIFFUSION | Fold 1] | Train Batch 250/782 | Avg Loss=0.112478
2026-04-23 23:07:45,494 | INFO | [CIFAR10 | DIFFUSION | Fold 1] | Train Batch 500/782 | Avg Loss=0.111239
2026-04-23 23:07:55,669 | INFO | [CIFAR10 | DIFFUSION | Fold 1] | Train Batch 750/782 | Avg Loss=0.111414
2026-04-23 23:07:56,961 | INFO | [CIFAR10 | DIFFUSION | Fold 1] | Train Batch 782/782 | Avg Loss=0.111438
2026-04-23 23:07:58,984 | INFO | [CIFAR10 | DIFFUSION | Fold 1] | Test Batch 157/157 | Avg Loss=0.107961
2026-04-23 23:07:58,985 | INFO | Fold 1 | Epoch 23/150 | Train Loss=0.111438 | Test Loss=0.107961
2026-04-23 23:08:09,187 | INFO | [CIFAR10 | DIFFUSION | Fold 1] | Train Batch 250/782 | Avg Loss=0.111268
2026-04-23 23:08:19,366 | INFO | [CIFAR10 | DIFFUSION | Fold 1] | Train Batch 500/782 | Avg Loss=0.111333
2026-04-23 23:08:29,525 | INFO | [CIFAR10 | DIFFUSION | Fold 1] | Train Batch 750/782 | Avg Loss=0.111047
2026-04-23 23:08:30,824 | INFO | [CIFAR10 | DIFFUSION | Fold 1] | Train Batch 782/782 | Avg Loss=0.110967
2026-04-23 23:08:32,876 | INFO | [CIFAR10 | DIFFUSION | Fold 1] | Test Batch 157/157 | Avg Loss=0.109195
2026-04-23 23:08:32,877 | INFO | Fold 1 | Epoch 24/150 | Train Loss=0.110967 | Test Loss=0.109195
2026-04-23 23:08:43,203 | INFO | [CIFAR10 | DIFFUSION | Fold 1] | Train Batch 250/782 | Avg Loss=0.111308
2026-04-23 23:08:53,343 | INFO | [CIFAR10 | DIFFUSION | Fold 1] | Train Batch 500/782 | Avg Loss=0.111401
2026-04-23 23:09:03,485 | INFO | [CIFAR10 | DIFFUSION | Fold 1] | Train Batch 750/782 | Avg Loss=0.111473
2026-04-23 23:09:04,782 | INFO | [CIFAR10 | DIFFUSION | Fold 1] | Train Batch 782/782 | Avg Loss=0.111471
2026-04-23 23:09:06,810 | INFO | [CIFAR10 | DIFFUSION | Fold 1] | Test Batch 157/157 | Avg Loss=0.108795
2026-04-23 23:09:06,811 | INFO | Fold 1 | Epoch 25/150 | Train Loss=0.111471 | Test Loss=0.108795
2026-04-23 23:09:17,007 | INFO | [CIFAR10 | DIFFUSION | Fold 1] | Train Batch 250/782 | Avg Loss=0.110798
2026-04-23 23:09:27,174 | INFO | [CIFAR10 | DIFFUSION | Fold 1] | Train Batch 500/782 | Avg Loss=0.110344
2026-04-23 23:09:37,328 | INFO | [CIFAR10 | DIFFUSION | Fold 1] | Train Batch 750/782 | Avg Loss=0.110403
2026-04-23 23:09:38,627 | INFO | [CIFAR10 | DIFFUSION | Fold 1] | Train Batch 782/782 | Avg Loss=0.110360
2026-04-23 23:09:40,679 | INFO | [CIFAR10 | DIFFUSION | Fold 1] | Test Batch 157/157 | Avg Loss=0.108643
2026-04-23 23:09:40,680 | INFO | Fold 1 | Epoch 26/150 | Train Loss=0.110360 | Test Loss=0.108643
2026-04-23 23:09:51,002 | INFO | [CIFAR10 | DIFFUSION | Fold 1] | Train Batch 250/782 | Avg Loss=0.111522
2026-04-23 23:10:01,356 | INFO | [CIFAR10 | DIFFUSION | Fold 1] | Train Batch 500/782 | Avg Loss=0.110720
2026-04-23 23:10:11,669 | INFO | [CIFAR10 | DIFFUSION | Fold 1] | Train Batch 750/782 | Avg Loss=0.110891
2026-04-23 23:10:12,974 | INFO | [CIFAR10 | DIFFUSION | Fold 1] | Train Batch 782/782 | Avg Loss=0.110826
2026-04-23 23:10:14,994 | INFO | [CIFAR10 | DIFFUSION | Fold 1] | Test Batch 157/157 | Avg Loss=0.109267
2026-04-23 23:10:14,995 | INFO | Fold 1 | Epoch 27/150 | Train Loss=0.110826 | Test Loss=0.109267
2026-04-23 23:10:25,203 | INFO | [CIFAR10 | DIFFUSION | Fold 1] | Train Batch 250/782 | Avg Loss=0.111897
2026-04-23 23:10:35,489 | INFO | [CIFAR10 | DIFFUSION | Fold 1] | Train Batch 500/782 | Avg Loss=0.110779
2026-04-23 23:10:46,013 | INFO | [CIFAR10 | DIFFUSION | Fold 1] | Train Batch 750/782 | Avg Loss=0.110505
2026-04-23 23:10:47,300 | INFO | [CIFAR10 | DIFFUSION | Fold 1] | Train Batch 782/782 | Avg Loss=0.110371
2026-04-23 23:10:49,347 | INFO | [CIFAR10 | DIFFUSION | Fold 1] | Test Batch 157/157 | Avg Loss=0.107824
2026-04-23 23:10:49,348 | INFO | Fold 1 | Epoch 28/150 | Train Loss=0.110371 | Test Loss=0.107824
2026-04-23 23:10:59,801 | INFO | [CIFAR10 | DIFFUSION | Fold 1] | Train Batch 250/782 | Avg Loss=0.110595
2026-04-23 23:11:10,198 | INFO | [CIFAR10 | DIFFUSION | Fold 1] | Train Batch 500/782 | Avg Loss=0.110422
2026-04-23 23:11:20,440 | INFO | [CIFAR10 | DIFFUSION | Fold 1] | Train Batch 750/782 | Avg Loss=0.110250
2026-04-23 23:11:21,736 | INFO | [CIFAR10 | DIFFUSION | Fold 1] | Train Batch 782/782 | Avg Loss=0.110307
2026-04-23 23:11:23,750 | INFO | [CIFAR10 | DIFFUSION | Fold 1] | Test Batch 157/157 | Avg Loss=0.109195
2026-04-23 23:11:23,751 | INFO | Fold 1 | Epoch 29/150 | Train Loss=0.110307 | Test Loss=0.109195
2026-04-23 23:11:34,054 | INFO | [CIFAR10 | DIFFUSION | Fold 1] | Train Batch 250/782 | Avg Loss=0.109554
2026-04-23 23:11:44,411 | INFO | [CIFAR10 | DIFFUSION | Fold 1] | Train Batch 500/782 | Avg Loss=0.109693
2026-04-23 23:11:54,732 | INFO | [CIFAR10 | DIFFUSION | Fold 1] | Train Batch 750/782 | Avg Loss=0.109876
2026-04-23 23:11:56,051 | INFO | [CIFAR10 | DIFFUSION | Fold 1] | Train Batch 782/782 | Avg Loss=0.109913
2026-04-23 23:11:58,126 | INFO | [CIFAR10 | DIFFUSION | Fold 1] | Test Batch 157/157 | Avg Loss=0.107549
2026-04-23 23:11:58,128 | INFO | Fold 1 | Epoch 30/150 | Train Loss=0.109913 | Test Loss=0.107549
2026-04-23 23:12:08,630 | INFO | [CIFAR10 | DIFFUSION | Fold 1] | Train Batch 250/782 | Avg Loss=0.111368
2026-04-23 23:12:18,878 | INFO | [CIFAR10 | DIFFUSION | Fold 1] | Train Batch 500/782 | Avg Loss=0.110902
2026-04-23 23:12:29,341 | INFO | [CIFAR10 | DIFFUSION | Fold 1] | Train Batch 750/782 | Avg Loss=0.110828
2026-04-23 23:12:30,674 | INFO | [CIFAR10 | DIFFUSION | Fold 1] | Train Batch 782/782 | Avg Loss=0.110905
2026-04-23 23:12:32,721 | INFO | [CIFAR10 | DIFFUSION | Fold 1] | Test Batch 157/157 | Avg Loss=0.107926
2026-04-23 23:12:32,722 | INFO | Fold 1 | Epoch 31/150 | Train Loss=0.110905 | Test Loss=0.107926
2026-04-23 23:12:43,454 | INFO | [CIFAR10 | DIFFUSION | Fold 1] | Train Batch 250/782 | Avg Loss=0.109214
2026-04-23 23:12:53,853 | INFO | [CIFAR10 | DIFFUSION | Fold 1] | Train Batch 500/782 | Avg Loss=0.110083
2026-04-23 23:13:04,404 | INFO | [CIFAR10 | DIFFUSION | Fold 1] | Train Batch 750/782 | Avg Loss=0.110361
2026-04-23 23:13:05,818 | INFO | [CIFAR10 | DIFFUSION | Fold 1] | Train Batch 782/782 | Avg Loss=0.110409
2026-04-23 23:13:07,888 | INFO | [CIFAR10 | DIFFUSION | Fold 1] | Test Batch 157/157 | Avg Loss=0.106400
2026-04-23 23:13:07,889 | INFO | Fold 1 | Epoch 32/150 | Train Loss=0.110409 | Test Loss=0.106400
2026-04-23 23:13:18,801 | INFO | [CIFAR10 | DIFFUSION | Fold 1] | Train Batch 250/782 | Avg Loss=0.108590
2026-04-23 23:13:29,075 | INFO | [CIFAR10 | DIFFUSION | Fold 1] | Train Batch 500/782 | Avg Loss=0.109740
2026-04-23 23:13:39,276 | INFO | [CIFAR10 | DIFFUSION | Fold 1] | Train Batch 750/782 | Avg Loss=0.109961
2026-04-23 23:13:40,569 | INFO | [CIFAR10 | DIFFUSION | Fold 1] | Train Batch 782/782 | Avg Loss=0.109850
2026-04-23 23:13:42,629 | INFO | [CIFAR10 | DIFFUSION | Fold 1] | Test Batch 157/157 | Avg Loss=0.108225
2026-04-23 23:13:42,630 | INFO | Fold 1 | Epoch 33/150 | Train Loss=0.109850 | Test Loss=0.108225
2026-04-23 23:13:52,853 | INFO | [CIFAR10 | DIFFUSION | Fold 1] | Train Batch 250/782 | Avg Loss=0.110383
2026-04-23 23:14:02,996 | INFO | [CIFAR10 | DIFFUSION | Fold 1] | Train Batch 500/782 | Avg Loss=0.110376
2026-04-23 23:14:13,142 | INFO | [CIFAR10 | DIFFUSION | Fold 1] | Train Batch 750/782 | Avg Loss=0.110050
2026-04-23 23:14:14,432 | INFO | [CIFAR10 | DIFFUSION | Fold 1] | Train Batch 782/782 | Avg Loss=0.110139
2026-04-23 23:14:16,514 | INFO | [CIFAR10 | DIFFUSION | Fold 1] | Test Batch 157/157 | Avg Loss=0.107996
2026-04-23 23:14:16,515 | INFO | Fold 1 | Epoch 34/150 | Train Loss=0.110139 | Test Loss=0.107996
2026-04-23 23:14:26,905 | INFO | [CIFAR10 | DIFFUSION | Fold 1] | Train Batch 250/782 | Avg Loss=0.109831
2026-04-23 23:14:37,185 | INFO | [CIFAR10 | DIFFUSION | Fold 1] | Train Batch 500/782 | Avg Loss=0.109743
2026-04-23 23:14:47,337 | INFO | [CIFAR10 | DIFFUSION | Fold 1] | Train Batch 750/782 | Avg Loss=0.109658
2026-04-23 23:14:48,629 | INFO | [CIFAR10 | DIFFUSION | Fold 1] | Train Batch 782/782 | Avg Loss=0.109624
2026-04-23 23:14:50,693 | INFO | [CIFAR10 | DIFFUSION | Fold 1] | Test Batch 157/157 | Avg Loss=0.109116
2026-04-23 23:14:50,694 | INFO | Fold 1 | Epoch 35/150 | Train Loss=0.109624 | Test Loss=0.109116
2026-04-23 23:15:01,084 | INFO | [CIFAR10 | DIFFUSION | Fold 1] | Train Batch 250/782 | Avg Loss=0.109746
2026-04-23 23:15:11,234 | INFO | [CIFAR10 | DIFFUSION | Fold 1] | Train Batch 500/782 | Avg Loss=0.109774
2026-04-23 23:15:21,369 | INFO | [CIFAR10 | DIFFUSION | Fold 1] | Train Batch 750/782 | Avg Loss=0.109873
2026-04-23 23:15:22,661 | INFO | [CIFAR10 | DIFFUSION | Fold 1] | Train Batch 782/782 | Avg Loss=0.109925
2026-04-23 23:15:24,749 | INFO | [CIFAR10 | DIFFUSION | Fold 1] | Test Batch 157/157 | Avg Loss=0.108469
2026-04-23 23:15:24,750 | INFO | Fold 1 | Epoch 36/150 | Train Loss=0.109925 | Test Loss=0.108469
2026-04-23 23:15:34,953 | INFO | [CIFAR10 | DIFFUSION | Fold 1] | Train Batch 250/782 | Avg Loss=0.110013
2026-04-23 23:15:45,119 | INFO | [CIFAR10 | DIFFUSION | Fold 1] | Train Batch 500/782 | Avg Loss=0.110127
2026-04-23 23:15:55,265 | INFO | [CIFAR10 | DIFFUSION | Fold 1] | Train Batch 750/782 | Avg Loss=0.110049
2026-04-23 23:15:56,558 | INFO | [CIFAR10 | DIFFUSION | Fold 1] | Train Batch 782/782 | Avg Loss=0.110230
2026-04-23 23:15:58,650 | INFO | [CIFAR10 | DIFFUSION | Fold 1] | Test Batch 157/157 | Avg Loss=0.107485
2026-04-23 23:15:58,651 | INFO | Fold 1 | Epoch 37/150 | Train Loss=0.110230 | Test Loss=0.107485
2026-04-23 23:16:08,969 | INFO | [CIFAR10 | DIFFUSION | Fold 1] | Train Batch 250/782 | Avg Loss=0.109189
2026-04-23 23:16:19,157 | INFO | [CIFAR10 | DIFFUSION | Fold 1] | Train Batch 500/782 | Avg Loss=0.109849
2026-04-23 23:16:29,777 | INFO | [CIFAR10 | DIFFUSION | Fold 1] | Train Batch 750/782 | Avg Loss=0.110021
2026-04-23 23:16:31,069 | INFO | [CIFAR10 | DIFFUSION | Fold 1] | Train Batch 782/782 | Avg Loss=0.109999
2026-04-23 23:16:33,188 | INFO | [CIFAR10 | DIFFUSION | Fold 1] | Test Batch 157/157 | Avg Loss=0.107974
2026-04-23 23:16:33,189 | INFO | Fold 1 | Epoch 38/150 | Train Loss=0.109999 | Test Loss=0.107974
2026-04-23 23:16:43,607 | INFO | [CIFAR10 | DIFFUSION | Fold 1] | Train Batch 250/782 | Avg Loss=0.110222
2026-04-23 23:16:54,224 | INFO | [CIFAR10 | DIFFUSION | Fold 1] | Train Batch 500/782 | Avg Loss=0.109870
2026-04-23 23:17:04,663 | INFO | [CIFAR10 | DIFFUSION | Fold 1] | Train Batch 750/782 | Avg Loss=0.110203
2026-04-23 23:17:06,017 | INFO | [CIFAR10 | DIFFUSION | Fold 1] | Train Batch 782/782 | Avg Loss=0.110309
2026-04-23 23:17:08,091 | INFO | [CIFAR10 | DIFFUSION | Fold 1] | Test Batch 157/157 | Avg Loss=0.106850
2026-04-23 23:17:08,092 | INFO | Fold 1 | Epoch 39/150 | Train Loss=0.110309 | Test Loss=0.106850
2026-04-23 23:17:18,567 | INFO | [CIFAR10 | DIFFUSION | Fold 1] | Train Batch 250/782 | Avg Loss=0.108993
2026-04-23 23:17:28,906 | INFO | [CIFAR10 | DIFFUSION | Fold 1] | Train Batch 500/782 | Avg Loss=0.109513
2026-04-23 23:17:39,354 | INFO | [CIFAR10 | DIFFUSION | Fold 1] | Train Batch 750/782 | Avg Loss=0.109319
2026-04-23 23:17:40,697 | INFO | [CIFAR10 | DIFFUSION | Fold 1] | Train Batch 782/782 | Avg Loss=0.109314
2026-04-23 23:17:42,820 | INFO | [CIFAR10 | DIFFUSION | Fold 1] | Test Batch 157/157 | Avg Loss=0.107518
2026-04-23 23:17:42,821 | INFO | Fold 1 | Epoch 40/150 | Train Loss=0.109314 | Test Loss=0.107518
2026-04-23 23:17:53,326 | INFO | [CIFAR10 | DIFFUSION | Fold 1] | Train Batch 250/782 | Avg Loss=0.109728
2026-04-23 23:18:04,035 | INFO | [CIFAR10 | DIFFUSION | Fold 1] | Train Batch 500/782 | Avg Loss=0.110034
2026-04-23 23:18:14,769 | INFO | [CIFAR10 | DIFFUSION | Fold 1] | Train Batch 750/782 | Avg Loss=0.109509
2026-04-23 23:18:16,137 | INFO | [CIFAR10 | DIFFUSION | Fold 1] | Train Batch 782/782 | Avg Loss=0.109438
2026-04-23 23:18:18,183 | INFO | [CIFAR10 | DIFFUSION | Fold 1] | Test Batch 157/157 | Avg Loss=0.107394
2026-04-23 23:18:18,184 | INFO | Fold 1 | Epoch 41/150 | Train Loss=0.109438 | Test Loss=0.107394
2026-04-23 23:18:28,591 | INFO | [CIFAR10 | DIFFUSION | Fold 1] | Train Batch 250/782 | Avg Loss=0.109120
2026-04-23 23:18:38,889 | INFO | [CIFAR10 | DIFFUSION | Fold 1] | Train Batch 500/782 | Avg Loss=0.109248
2026-04-23 23:18:49,106 | INFO | [CIFAR10 | DIFFUSION | Fold 1] | Train Batch 750/782 | Avg Loss=0.109657
2026-04-23 23:18:50,398 | INFO | [CIFAR10 | DIFFUSION | Fold 1] | Train Batch 782/782 | Avg Loss=0.109657
2026-04-23 23:18:52,453 | INFO | [CIFAR10 | DIFFUSION | Fold 1] | Test Batch 157/157 | Avg Loss=0.106908
2026-04-23 23:18:52,454 | INFO | Fold 1 | Epoch 42/150 | Train Loss=0.109657 | Test Loss=0.106908
2026-04-23 23:19:02,615 | INFO | [CIFAR10 | DIFFUSION | Fold 1] | Train Batch 250/782 | Avg Loss=0.109536
2026-04-23 23:19:12,863 | INFO | [CIFAR10 | DIFFUSION | Fold 1] | Train Batch 500/782 | Avg Loss=0.109494
2026-04-23 23:19:23,017 | INFO | [CIFAR10 | DIFFUSION | Fold 1] | Train Batch 750/782 | Avg Loss=0.109367
2026-04-23 23:19:24,310 | INFO | [CIFAR10 | DIFFUSION | Fold 1] | Train Batch 782/782 | Avg Loss=0.109328
2026-04-23 23:19:26,400 | INFO | [CIFAR10 | DIFFUSION | Fold 1] | Test Batch 157/157 | Avg Loss=0.107227
2026-04-23 23:19:26,401 | INFO | Fold 1 | Epoch 43/150 | Train Loss=0.109328 | Test Loss=0.107227
2026-04-23 23:19:36,621 | INFO | [CIFAR10 | DIFFUSION | Fold 1] | Train Batch 250/782 | Avg Loss=0.110029
2026-04-23 23:19:47,077 | INFO | [CIFAR10 | DIFFUSION | Fold 1] | Train Batch 500/782 | Avg Loss=0.109501
2026-04-23 23:19:57,233 | INFO | [CIFAR10 | DIFFUSION | Fold 1] | Train Batch 750/782 | Avg Loss=0.109723
2026-04-23 23:19:58,530 | INFO | [CIFAR10 | DIFFUSION | Fold 1] | Train Batch 782/782 | Avg Loss=0.109638
2026-04-23 23:20:00,646 | INFO | [CIFAR10 | DIFFUSION | Fold 1] | Test Batch 157/157 | Avg Loss=0.107065
2026-04-23 23:20:00,647 | INFO | Fold 1 | Epoch 44/150 | Train Loss=0.109638 | Test Loss=0.107065
2026-04-23 23:20:10,849 | INFO | [CIFAR10 | DIFFUSION | Fold 1] | Train Batch 250/782 | Avg Loss=0.108354
2026-04-23 23:20:20,976 | INFO | [CIFAR10 | DIFFUSION | Fold 1] | Train Batch 500/782 | Avg Loss=0.109006
2026-04-23 23:20:31,253 | INFO | [CIFAR10 | DIFFUSION | Fold 1] | Train Batch 750/782 | Avg Loss=0.109045
2026-04-23 23:20:32,559 | INFO | [CIFAR10 | DIFFUSION | Fold 1] | Train Batch 782/782 | Avg Loss=0.109192
2026-04-23 23:20:34,696 | INFO | [CIFAR10 | DIFFUSION | Fold 1] | Test Batch 157/157 | Avg Loss=0.107352
2026-04-23 23:20:34,697 | INFO | Fold 1 | Epoch 45/150 | Train Loss=0.109192 | Test Loss=0.107352
2026-04-23 23:20:44,861 | INFO | [CIFAR10 | DIFFUSION | Fold 1] | Train Batch 250/782 | Avg Loss=0.109299
2026-04-23 23:20:55,032 | INFO | [CIFAR10 | DIFFUSION | Fold 1] | Train Batch 500/782 | Avg Loss=0.109417
2026-04-23 23:21:05,192 | INFO | [CIFAR10 | DIFFUSION | Fold 1] | Train Batch 750/782 | Avg Loss=0.109721
2026-04-23 23:21:06,511 | INFO | [CIFAR10 | DIFFUSION | Fold 1] | Train Batch 782/782 | Avg Loss=0.109610
2026-04-23 23:21:08,559 | INFO | [CIFAR10 | DIFFUSION | Fold 1] | Test Batch 157/157 | Avg Loss=0.106891
2026-04-23 23:21:08,560 | INFO | Fold 1 | Epoch 46/150 | Train Loss=0.109610 | Test Loss=0.106891
2026-04-23 23:21:18,760 | INFO | [CIFAR10 | DIFFUSION | Fold 1] | Train Batch 250/782 | Avg Loss=0.109291
2026-04-23 23:21:28,932 | INFO | [CIFAR10 | DIFFUSION | Fold 1] | Train Batch 500/782 | Avg Loss=0.109873
2026-04-23 23:21:39,085 | INFO | [CIFAR10 | DIFFUSION | Fold 1] | Train Batch 750/782 | Avg Loss=0.109811
2026-04-23 23:21:40,375 | INFO | [CIFAR10 | DIFFUSION | Fold 1] | Train Batch 782/782 | Avg Loss=0.109850
2026-04-23 23:21:42,479 | INFO | [CIFAR10 | DIFFUSION | Fold 1] | Test Batch 157/157 | Avg Loss=0.107162
2026-04-23 23:21:42,480 | INFO | Fold 1 | Epoch 47/150 | Train Loss=0.109850 | Test Loss=0.107162
2026-04-23 23:21:53,075 | INFO | [CIFAR10 | DIFFUSION | Fold 1] | Train Batch 250/782 | Avg Loss=0.109108
2026-04-23 23:22:03,461 | INFO | [CIFAR10 | DIFFUSION | Fold 1] | Train Batch 500/782 | Avg Loss=0.109771
2026-04-23 23:22:13,691 | INFO | [CIFAR10 | DIFFUSION | Fold 1] | Train Batch 750/782 | Avg Loss=0.109637
2026-04-23 23:22:14,992 | INFO | [CIFAR10 | DIFFUSION | Fold 1] | Train Batch 782/782 | Avg Loss=0.109811
2026-04-23 23:22:17,020 | INFO | [CIFAR10 | DIFFUSION | Fold 1] | Test Batch 157/157 | Avg Loss=0.107557
2026-04-23 23:22:17,021 | INFO | Fold 1 | Epoch 48/150 | Train Loss=0.109811 | Test Loss=0.107557
2026-04-23 23:22:27,262 | INFO | [CIFAR10 | DIFFUSION | Fold 1] | Train Batch 250/782 | Avg Loss=0.109241
2026-04-23 23:22:37,613 | INFO | [CIFAR10 | DIFFUSION | Fold 1] | Train Batch 500/782 | Avg Loss=0.108866
2026-04-23 23:22:47,988 | INFO | [CIFAR10 | DIFFUSION | Fold 1] | Train Batch 750/782 | Avg Loss=0.108851
2026-04-23 23:22:49,281 | INFO | [CIFAR10 | DIFFUSION | Fold 1] | Train Batch 782/782 | Avg Loss=0.108965
2026-04-23 23:22:51,337 | INFO | [CIFAR10 | DIFFUSION | Fold 1] | Test Batch 157/157 | Avg Loss=0.106854
2026-04-23 23:22:51,338 | INFO | Fold 1 | Epoch 49/150 | Train Loss=0.108965 | Test Loss=0.106854
2026-04-23 23:23:01,860 | INFO | [CIFAR10 | DIFFUSION | Fold 1] | Train Batch 250/782 | Avg Loss=0.109250
2026-04-23 23:23:12,332 | INFO | [CIFAR10 | DIFFUSION | Fold 1] | Train Batch 500/782 | Avg Loss=0.108976
2026-04-23 23:23:22,635 | INFO | [CIFAR10 | DIFFUSION | Fold 1] | Train Batch 750/782 | Avg Loss=0.108871
2026-04-23 23:23:23,932 | INFO | [CIFAR10 | DIFFUSION | Fold 1] | Train Batch 782/782 | Avg Loss=0.108939
2026-04-23 23:23:26,035 | INFO | [CIFAR10 | DIFFUSION | Fold 1] | Test Batch 157/157 | Avg Loss=0.108000
2026-04-23 23:23:26,036 | INFO | Fold 1 | Epoch 50/150 | Train Loss=0.108939 | Test Loss=0.108000
2026-04-23 23:23:36,493 | INFO | [CIFAR10 | DIFFUSION | Fold 1] | Train Batch 250/782 | Avg Loss=0.109614
2026-04-23 23:23:46,733 | INFO | [CIFAR10 | DIFFUSION | Fold 1] | Train Batch 500/782 | Avg Loss=0.109259
2026-04-23 23:23:57,143 | INFO | [CIFAR10 | DIFFUSION | Fold 1] | Train Batch 750/782 | Avg Loss=0.109250
2026-04-23 23:23:58,465 | INFO | [CIFAR10 | DIFFUSION | Fold 1] | Train Batch 782/782 | Avg Loss=0.109352
2026-04-23 23:24:00,503 | INFO | [CIFAR10 | DIFFUSION | Fold 1] | Test Batch 157/157 | Avg Loss=0.106641
2026-04-23 23:24:00,504 | INFO | Fold 1 | Epoch 51/150 | Train Loss=0.109352 | Test Loss=0.106641
2026-04-23 23:24:10,877 | INFO | [CIFAR10 | DIFFUSION | Fold 1] | Train Batch 250/782 | Avg Loss=0.108497
2026-04-23 23:24:21,150 | INFO | [CIFAR10 | DIFFUSION | Fold 1] | Train Batch 500/782 | Avg Loss=0.108799
2026-04-23 23:24:31,612 | INFO | [CIFAR10 | DIFFUSION | Fold 1] | Train Batch 750/782 | Avg Loss=0.109025
2026-04-23 23:24:32,934 | INFO | [CIFAR10 | DIFFUSION | Fold 1] | Train Batch 782/782 | Avg Loss=0.108946
2026-04-23 23:24:35,005 | INFO | [CIFAR10 | DIFFUSION | Fold 1] | Test Batch 157/157 | Avg Loss=0.107416
2026-04-23 23:24:35,006 | INFO | Fold 1 | Epoch 52/150 | Train Loss=0.108946 | Test Loss=0.107416
2026-04-23 23:24:45,585 | INFO | [CIFAR10 | DIFFUSION | Fold 1] | Train Batch 250/782 | Avg Loss=0.109539
2026-04-23 23:24:55,976 | INFO | [CIFAR10 | DIFFUSION | Fold 1] | Train Batch 500/782 | Avg Loss=0.109387
2026-04-23 23:25:06,479 | INFO | [CIFAR10 | DIFFUSION | Fold 1] | Train Batch 750/782 | Avg Loss=0.109700
2026-04-23 23:25:07,785 | INFO | [CIFAR10 | DIFFUSION | Fold 1] | Train Batch 782/782 | Avg Loss=0.109618
2026-04-23 23:25:09,883 | INFO | [CIFAR10 | DIFFUSION | Fold 1] | Test Batch 157/157 | Avg Loss=0.107188
2026-04-23 23:25:09,884 | INFO | Fold 1 | Epoch 53/150 | Train Loss=0.109618 | Test Loss=0.107188
2026-04-23 23:25:20,265 | INFO | [CIFAR10 | DIFFUSION | Fold 1] | Train Batch 250/782 | Avg Loss=0.109472
2026-04-23 23:25:30,580 | INFO | [CIFAR10 | DIFFUSION | Fold 1] | Train Batch 500/782 | Avg Loss=0.109044
2026-04-23 23:25:41,113 | INFO | [CIFAR10 | DIFFUSION | Fold 1] | Train Batch 750/782 | Avg Loss=0.109212
2026-04-23 23:25:42,419 | INFO | [CIFAR10 | DIFFUSION | Fold 1] | Train Batch 782/782 | Avg Loss=0.109184
2026-04-23 23:25:44,443 | INFO | [CIFAR10 | DIFFUSION | Fold 1] | Test Batch 157/157 | Avg Loss=0.105666
2026-04-23 23:25:44,444 | INFO | Fold 1 | Epoch 54/150 | Train Loss=0.109184 | Test Loss=0.105666
2026-04-23 23:25:54,708 | INFO | [CIFAR10 | DIFFUSION | Fold 1] | Train Batch 250/782 | Avg Loss=0.108320
2026-04-23 23:26:04,952 | INFO | [CIFAR10 | DIFFUSION | Fold 1] | Train Batch 500/782 | Avg Loss=0.108814
2026-04-23 23:26:15,246 | INFO | [CIFAR10 | DIFFUSION | Fold 1] | Train Batch 750/782 | Avg Loss=0.109051
2026-04-23 23:26:16,654 | INFO | [CIFAR10 | DIFFUSION | Fold 1] | Train Batch 782/782 | Avg Loss=0.109065
2026-04-23 23:26:18,957 | INFO | [CIFAR10 | DIFFUSION | Fold 1] | Test Batch 157/157 | Avg Loss=0.107558
2026-04-23 23:26:18,958 | INFO | Fold 1 | Epoch 55/150 | Train Loss=0.109065 | Test Loss=0.107558
2026-04-23 23:26:29,624 | INFO | [CIFAR10 | DIFFUSION | Fold 1] | Train Batch 250/782 | Avg Loss=0.108425
2026-04-23 23:26:40,010 | INFO | [CIFAR10 | DIFFUSION | Fold 1] | Train Batch 500/782 | Avg Loss=0.108954
2026-04-23 23:26:50,431 | INFO | [CIFAR10 | DIFFUSION | Fold 1] | Train Batch 750/782 | Avg Loss=0.109253
2026-04-23 23:26:51,773 | INFO | [CIFAR10 | DIFFUSION | Fold 1] | Train Batch 782/782 | Avg Loss=0.109351
2026-04-23 23:26:53,855 | INFO | [CIFAR10 | DIFFUSION | Fold 1] | Test Batch 157/157 | Avg Loss=0.107457
2026-04-23 23:26:53,856 | INFO | Fold 1 | Epoch 56/150 | Train Loss=0.109351 | Test Loss=0.107457
2026-04-23 23:27:04,428 | INFO | [CIFAR10 | DIFFUSION | Fold 1] | Train Batch 250/782 | Avg Loss=0.108568
2026-04-23 23:27:14,642 | INFO | [CIFAR10 | DIFFUSION | Fold 1] | Train Batch 500/782 | Avg Loss=0.108849
2026-04-23 23:27:25,057 | INFO | [CIFAR10 | DIFFUSION | Fold 1] | Train Batch 750/782 | Avg Loss=0.109100
2026-04-23 23:27:26,357 | INFO | [CIFAR10 | DIFFUSION | Fold 1] | Train Batch 782/782 | Avg Loss=0.109093
2026-04-23 23:27:28,419 | INFO | [CIFAR10 | DIFFUSION | Fold 1] | Test Batch 157/157 | Avg Loss=0.106788
2026-04-23 23:27:28,420 | INFO | Fold 1 | Epoch 57/150 | Train Loss=0.109093 | Test Loss=0.106788
2026-04-23 23:27:38,783 | INFO | [CIFAR10 | DIFFUSION | Fold 1] | Train Batch 250/782 | Avg Loss=0.108327
2026-04-23 23:27:48,972 | INFO | [CIFAR10 | DIFFUSION | Fold 1] | Train Batch 500/782 | Avg Loss=0.108941
2026-04-23 23:27:59,313 | INFO | [CIFAR10 | DIFFUSION | Fold 1] | Train Batch 750/782 | Avg Loss=0.108896
2026-04-23 23:28:00,645 | INFO | [CIFAR10 | DIFFUSION | Fold 1] | Train Batch 782/782 | Avg Loss=0.108724
2026-04-23 23:28:02,683 | INFO | [CIFAR10 | DIFFUSION | Fold 1] | Test Batch 157/157 | Avg Loss=0.106080
2026-04-23 23:28:02,684 | INFO | Fold 1 | Epoch 58/150 | Train Loss=0.108724 | Test Loss=0.106080
2026-04-23 23:28:13,046 | INFO | [CIFAR10 | DIFFUSION | Fold 1] | Train Batch 250/782 | Avg Loss=0.110123
2026-04-23 23:28:23,321 | INFO | [CIFAR10 | DIFFUSION | Fold 1] | Train Batch 500/782 | Avg Loss=0.109202
2026-04-23 23:28:33,493 | INFO | [CIFAR10 | DIFFUSION | Fold 1] | Train Batch 750/782 | Avg Loss=0.109145
2026-04-23 23:28:34,825 | INFO | [CIFAR10 | DIFFUSION | Fold 1] | Train Batch 782/782 | Avg Loss=0.109079
2026-04-23 23:28:36,871 | INFO | [CIFAR10 | DIFFUSION | Fold 1] | Test Batch 157/157 | Avg Loss=0.106140
2026-04-23 23:28:36,872 | INFO | Fold 1 | Epoch 59/150 | Train Loss=0.109079 | Test Loss=0.106140
2026-04-23 23:28:47,186 | INFO | [CIFAR10 | DIFFUSION | Fold 1] | Train Batch 250/782 | Avg Loss=0.109112
2026-04-23 23:28:57,373 | INFO | [CIFAR10 | DIFFUSION | Fold 1] | Train Batch 500/782 | Avg Loss=0.109319
2026-04-23 23:29:07,541 | INFO | [CIFAR10 | DIFFUSION | Fold 1] | Train Batch 750/782 | Avg Loss=0.108923
2026-04-23 23:29:08,832 | INFO | [CIFAR10 | DIFFUSION | Fold 1] | Train Batch 782/782 | Avg Loss=0.108940
2026-04-23 23:29:10,863 | INFO | [CIFAR10 | DIFFUSION | Fold 1] | Test Batch 157/157 | Avg Loss=0.108347
2026-04-23 23:29:10,864 | INFO | Fold 1 | Epoch 60/150 | Train Loss=0.108940 | Test Loss=0.108347
2026-04-23 23:29:21,331 | INFO | [CIFAR10 | DIFFUSION | Fold 1] | Train Batch 250/782 | Avg Loss=0.107698
2026-04-23 23:29:31,640 | INFO | [CIFAR10 | DIFFUSION | Fold 1] | Train Batch 500/782 | Avg Loss=0.108763
2026-04-23 23:29:42,343 | INFO | [CIFAR10 | DIFFUSION | Fold 1] | Train Batch 750/782 | Avg Loss=0.109095
2026-04-23 23:29:43,641 | INFO | [CIFAR10 | DIFFUSION | Fold 1] | Train Batch 782/782 | Avg Loss=0.109139
2026-04-23 23:29:45,756 | INFO | [CIFAR10 | DIFFUSION | Fold 1] | Test Batch 157/157 | Avg Loss=0.107074
2026-04-23 23:29:45,757 | INFO | Fold 1 | Epoch 61/150 | Train Loss=0.109139 | Test Loss=0.107074
2026-04-23 23:29:56,137 | INFO | [CIFAR10 | DIFFUSION | Fold 1] | Train Batch 250/782 | Avg Loss=0.108922
2026-04-23 23:30:06,659 | INFO | [CIFAR10 | DIFFUSION | Fold 1] | Train Batch 500/782 | Avg Loss=0.108612
2026-04-23 23:30:17,248 | INFO | [CIFAR10 | DIFFUSION | Fold 1] | Train Batch 750/782 | Avg Loss=0.108726
2026-04-23 23:30:18,545 | INFO | [CIFAR10 | DIFFUSION | Fold 1] | Train Batch 782/782 | Avg Loss=0.108713
2026-04-23 23:30:20,653 | INFO | [CIFAR10 | DIFFUSION | Fold 1] | Test Batch 157/157 | Avg Loss=0.107270
2026-04-23 23:30:20,655 | INFO | Fold 1 | Epoch 62/150 | Train Loss=0.108713 | Test Loss=0.107270
2026-04-23 23:30:31,258 | INFO | [CIFAR10 | DIFFUSION | Fold 1] | Train Batch 250/782 | Avg Loss=0.109378
2026-04-23 23:30:41,838 | INFO | [CIFAR10 | DIFFUSION | Fold 1] | Train Batch 500/782 | Avg Loss=0.109165
2026-04-23 23:30:52,261 | INFO | [CIFAR10 | DIFFUSION | Fold 1] | Train Batch 750/782 | Avg Loss=0.108929
2026-04-23 23:30:53,590 | INFO | [CIFAR10 | DIFFUSION | Fold 1] | Train Batch 782/782 | Avg Loss=0.108876
2026-04-23 23:30:55,611 | INFO | [CIFAR10 | DIFFUSION | Fold 1] | Test Batch 157/157 | Avg Loss=0.106721
2026-04-23 23:30:55,612 | INFO | Fold 1 | Epoch 63/150 | Train Loss=0.108876 | Test Loss=0.106721
2026-04-23 23:31:06,317 | INFO | [CIFAR10 | DIFFUSION | Fold 1] | Train Batch 250/782 | Avg Loss=0.108712
2026-04-23 23:31:16,814 | INFO | [CIFAR10 | DIFFUSION | Fold 1] | Train Batch 500/782 | Avg Loss=0.109123
2026-04-23 23:31:27,153 | INFO | [CIFAR10 | DIFFUSION | Fold 1] | Train Batch 750/782 | Avg Loss=0.108654
2026-04-23 23:31:28,486 | INFO | [CIFAR10 | DIFFUSION | Fold 1] | Train Batch 782/782 | Avg Loss=0.108804
2026-04-23 23:31:30,567 | INFO | [CIFAR10 | DIFFUSION | Fold 1] | Test Batch 157/157 | Avg Loss=0.105222
2026-04-23 23:31:30,568 | INFO | Fold 1 | Epoch 64/150 | Train Loss=0.108804 | Test Loss=0.105222
2026-04-23 23:31:41,084 | INFO | [CIFAR10 | DIFFUSION | Fold 1] | Train Batch 250/782 | Avg Loss=0.108441
2026-04-23 23:31:51,460 | INFO | [CIFAR10 | DIFFUSION | Fold 1] | Train Batch 500/782 | Avg Loss=0.108724
2026-04-23 23:32:01,841 | INFO | [CIFAR10 | DIFFUSION | Fold 1] | Train Batch 750/782 | Avg Loss=0.109041
2026-04-23 23:32:03,168 | INFO | [CIFAR10 | DIFFUSION | Fold 1] | Train Batch 782/782 | Avg Loss=0.109094
2026-04-23 23:32:05,234 | INFO | [CIFAR10 | DIFFUSION | Fold 1] | Test Batch 157/157 | Avg Loss=0.105755
2026-04-23 23:32:05,235 | INFO | Fold 1 | Epoch 65/150 | Train Loss=0.109094 | Test Loss=0.105755
2026-04-23 23:32:15,545 | INFO | [CIFAR10 | DIFFUSION | Fold 1] | Train Batch 250/782 | Avg Loss=0.108253
2026-04-23 23:32:25,767 | INFO | [CIFAR10 | DIFFUSION | Fold 1] | Train Batch 500/782 | Avg Loss=0.109357
2026-04-23 23:32:36,198 | INFO | [CIFAR10 | DIFFUSION | Fold 1] | Train Batch 750/782 | Avg Loss=0.109094
2026-04-23 23:32:37,497 | INFO | [CIFAR10 | DIFFUSION | Fold 1] | Train Batch 782/782 | Avg Loss=0.109126
2026-04-23 23:32:39,559 | INFO | [CIFAR10 | DIFFUSION | Fold 1] | Test Batch 157/157 | Avg Loss=0.107319
2026-04-23 23:32:39,560 | INFO | Fold 1 | Epoch 66/150 | Train Loss=0.109126 | Test Loss=0.107319
2026-04-23 23:32:49,777 | INFO | [CIFAR10 | DIFFUSION | Fold 1] | Train Batch 250/782 | Avg Loss=0.108860
2026-04-23 23:33:00,068 | INFO | [CIFAR10 | DIFFUSION | Fold 1] | Train Batch 500/782 | Avg Loss=0.109114
2026-04-23 23:33:10,720 | INFO | [CIFAR10 | DIFFUSION | Fold 1] | Train Batch 750/782 | Avg Loss=0.109015
2026-04-23 23:33:12,029 | INFO | [CIFAR10 | DIFFUSION | Fold 1] | Train Batch 782/782 | Avg Loss=0.108961
2026-04-23 23:33:14,145 | INFO | [CIFAR10 | DIFFUSION | Fold 1] | Test Batch 157/157 | Avg Loss=0.107263
2026-04-23 23:33:14,146 | INFO | Fold 1 | Epoch 67/150 | Train Loss=0.108961 | Test Loss=0.107263
2026-04-23 23:33:24,473 | INFO | [CIFAR10 | DIFFUSION | Fold 1] | Train Batch 250/782 | Avg Loss=0.108539
2026-04-23 23:33:34,811 | INFO | [CIFAR10 | DIFFUSION | Fold 1] | Train Batch 500/782 | Avg Loss=0.108292
2026-04-23 23:33:45,286 | INFO | [CIFAR10 | DIFFUSION | Fold 1] | Train Batch 750/782 | Avg Loss=0.108506
2026-04-23 23:33:46,581 | INFO | [CIFAR10 | DIFFUSION | Fold 1] | Train Batch 782/782 | Avg Loss=0.108525
2026-04-23 23:33:48,641 | INFO | [CIFAR10 | DIFFUSION | Fold 1] | Test Batch 157/157 | Avg Loss=0.106523
2026-04-23 23:33:48,642 | INFO | Fold 1 | Epoch 68/150 | Train Loss=0.108525 | Test Loss=0.106523
2026-04-23 23:33:59,147 | INFO | [CIFAR10 | DIFFUSION | Fold 1] | Train Batch 250/782 | Avg Loss=0.108030
2026-04-23 23:34:09,478 | INFO | [CIFAR10 | DIFFUSION | Fold 1] | Train Batch 500/782 | Avg Loss=0.108402
2026-04-23 23:34:19,772 | INFO | [CIFAR10 | DIFFUSION | Fold 1] | Train Batch 750/782 | Avg Loss=0.108671
2026-04-23 23:34:21,063 | INFO | [CIFAR10 | DIFFUSION | Fold 1] | Train Batch 782/782 | Avg Loss=0.108584
2026-04-23 23:34:23,125 | INFO | [CIFAR10 | DIFFUSION | Fold 1] | Test Batch 157/157 | Avg Loss=0.107179
2026-04-23 23:34:23,126 | INFO | Fold 1 | Epoch 69/150 | Train Loss=0.108584 | Test Loss=0.107179
2026-04-23 23:34:33,508 | INFO | [CIFAR10 | DIFFUSION | Fold 1] | Train Batch 250/782 | Avg Loss=0.109174
2026-04-23 23:34:43,701 | INFO | [CIFAR10 | DIFFUSION | Fold 1] | Train Batch 500/782 | Avg Loss=0.108766
2026-04-23 23:34:53,891 | INFO | [CIFAR10 | DIFFUSION | Fold 1] | Train Batch 750/782 | Avg Loss=0.108916
2026-04-23 23:34:55,185 | INFO | [CIFAR10 | DIFFUSION | Fold 1] | Train Batch 782/782 | Avg Loss=0.108779
2026-04-23 23:34:57,287 | INFO | [CIFAR10 | DIFFUSION | Fold 1] | Test Batch 157/157 | Avg Loss=0.107789
2026-04-23 23:34:57,288 | INFO | Fold 1 | Epoch 70/150 | Train Loss=0.108779 | Test Loss=0.107789
2026-04-23 23:35:07,546 | INFO | [CIFAR10 | DIFFUSION | Fold 1] | Train Batch 250/782 | Avg Loss=0.108189
2026-04-23 23:35:17,734 | INFO | [CIFAR10 | DIFFUSION | Fold 1] | Train Batch 500/782 | Avg Loss=0.107887
2026-04-23 23:35:28,045 | INFO | [CIFAR10 | DIFFUSION | Fold 1] | Train Batch 750/782 | Avg Loss=0.108448
2026-04-23 23:35:29,342 | INFO | [CIFAR10 | DIFFUSION | Fold 1] | Train Batch 782/782 | Avg Loss=0.108488
2026-04-23 23:35:31,412 | INFO | [CIFAR10 | DIFFUSION | Fold 1] | Test Batch 157/157 | Avg Loss=0.108031
2026-04-23 23:35:31,430 | INFO | Fold 1 | Epoch 71/150 | Train Loss=0.108488 | Test Loss=0.108031
2026-04-23 23:35:41,659 | INFO | [CIFAR10 | DIFFUSION | Fold 1] | Train Batch 250/782 | Avg Loss=0.108697
2026-04-23 23:35:51,846 | INFO | [CIFAR10 | DIFFUSION | Fold 1] | Train Batch 500/782 | Avg Loss=0.108109
2026-04-23 23:36:02,035 | INFO | [CIFAR10 | DIFFUSION | Fold 1] | Train Batch 750/782 | Avg Loss=0.108568
2026-04-23 23:36:03,335 | INFO | [CIFAR10 | DIFFUSION | Fold 1] | Train Batch 782/782 | Avg Loss=0.108575
2026-04-23 23:36:05,385 | INFO | [CIFAR10 | DIFFUSION | Fold 1] | Test Batch 157/157 | Avg Loss=0.108171
2026-04-23 23:36:05,386 | INFO | Fold 1 | Epoch 72/150 | Train Loss=0.108575 | Test Loss=0.108171
2026-04-23 23:36:15,618 | INFO | [CIFAR10 | DIFFUSION | Fold 1] | Train Batch 250/782 | Avg Loss=0.108144
2026-04-23 23:36:26,089 | INFO | [CIFAR10 | DIFFUSION | Fold 1] | Train Batch 500/782 | Avg Loss=0.108440
2026-04-23 23:36:36,483 | INFO | [CIFAR10 | DIFFUSION | Fold 1] | Train Batch 750/782 | Avg Loss=0.108422
2026-04-23 23:36:37,777 | INFO | [CIFAR10 | DIFFUSION | Fold 1] | Train Batch 782/782 | Avg Loss=0.108435
2026-04-23 23:36:39,817 | INFO | [CIFAR10 | DIFFUSION | Fold 1] | Test Batch 157/157 | Avg Loss=0.106220
2026-04-23 23:36:39,818 | INFO | Fold 1 | Epoch 73/150 | Train Loss=0.108435 | Test Loss=0.106220
2026-04-23 23:36:50,561 | INFO | [CIFAR10 | DIFFUSION | Fold 1] | Train Batch 250/782 | Avg Loss=0.107679
2026-04-23 23:37:01,325 | INFO | [CIFAR10 | DIFFUSION | Fold 1] | Train Batch 500/782 | Avg Loss=0.108275
2026-04-23 23:37:11,786 | INFO | [CIFAR10 | DIFFUSION | Fold 1] | Train Batch 750/782 | Avg Loss=0.108382
2026-04-23 23:37:13,141 | INFO | [CIFAR10 | DIFFUSION | Fold 1] | Train Batch 782/782 | Avg Loss=0.108393
2026-04-23 23:37:15,205 | INFO | [CIFAR10 | DIFFUSION | Fold 1] | Test Batch 157/157 | Avg Loss=0.107385
2026-04-23 23:37:15,206 | INFO | Fold 1 | Epoch 74/150 | Train Loss=0.108393 | Test Loss=0.107385
2026-04-23 23:37:25,688 | INFO | [CIFAR10 | DIFFUSION | Fold 1] | Train Batch 250/782 | Avg Loss=0.110037
2026-04-23 23:37:36,192 | INFO | [CIFAR10 | DIFFUSION | Fold 1] | Train Batch 500/782 | Avg Loss=0.109006
2026-04-23 23:37:46,503 | INFO | [CIFAR10 | DIFFUSION | Fold 1] | Train Batch 750/782 | Avg Loss=0.108890
2026-04-23 23:37:47,967 | INFO | [CIFAR10 | DIFFUSION | Fold 1] | Train Batch 782/782 | Avg Loss=0.108938
2026-04-23 23:37:50,001 | INFO | [CIFAR10 | DIFFUSION | Fold 1] | Test Batch 157/157 | Avg Loss=0.106000
2026-04-23 23:37:50,002 | INFO | Fold 1 | Epoch 75/150 | Train Loss=0.108938 | Test Loss=0.106000
2026-04-23 23:38:00,542 | INFO | [CIFAR10 | DIFFUSION | Fold 1] | Train Batch 250/782 | Avg Loss=0.108549
2026-04-23 23:38:10,916 | INFO | [CIFAR10 | DIFFUSION | Fold 1] | Train Batch 500/782 | Avg Loss=0.107973
2026-04-23 23:38:21,370 | INFO | [CIFAR10 | DIFFUSION | Fold 1] | Train Batch 750/782 | Avg Loss=0.108070
2026-04-23 23:38:22,676 | INFO | [CIFAR10 | DIFFUSION | Fold 1] | Train Batch 782/782 | Avg Loss=0.107954
2026-04-23 23:38:24,744 | INFO | [CIFAR10 | DIFFUSION | Fold 1] | Test Batch 157/157 | Avg Loss=0.106605
2026-04-23 23:38:24,745 | INFO | Fold 1 | Epoch 76/150 | Train Loss=0.107954 | Test Loss=0.106605
2026-04-23 23:38:35,250 | INFO | [CIFAR10 | DIFFUSION | Fold 1] | Train Batch 250/782 | Avg Loss=0.107745
2026-04-23 23:38:45,503 | INFO | [CIFAR10 | DIFFUSION | Fold 1] | Train Batch 500/782 | Avg Loss=0.108221
2026-04-23 23:38:55,816 | INFO | [CIFAR10 | DIFFUSION | Fold 1] | Train Batch 750/782 | Avg Loss=0.108258
2026-04-23 23:38:57,112 | INFO | [CIFAR10 | DIFFUSION | Fold 1] | Train Batch 782/782 | Avg Loss=0.108250
2026-04-23 23:38:59,241 | INFO | [CIFAR10 | DIFFUSION | Fold 1] | Test Batch 157/157 | Avg Loss=0.105338
2026-04-23 23:38:59,242 | INFO | Fold 1 | Epoch 77/150 | Train Loss=0.108250 | Test Loss=0.105338
2026-04-23 23:39:09,555 | INFO | [CIFAR10 | DIFFUSION | Fold 1] | Train Batch 250/782 | Avg Loss=0.108387
2026-04-23 23:39:19,899 | INFO | [CIFAR10 | DIFFUSION | Fold 1] | Train Batch 500/782 | Avg Loss=0.108237
2026-04-23 23:39:30,216 | INFO | [CIFAR10 | DIFFUSION | Fold 1] | Train Batch 750/782 | Avg Loss=0.108306
2026-04-23 23:39:31,515 | INFO | [CIFAR10 | DIFFUSION | Fold 1] | Train Batch 782/782 | Avg Loss=0.108335
2026-04-23 23:39:33,530 | INFO | [CIFAR10 | DIFFUSION | Fold 1] | Test Batch 157/157 | Avg Loss=0.106703
2026-04-23 23:39:33,531 | INFO | Fold 1 | Epoch 78/150 | Train Loss=0.108335 | Test Loss=0.106703
2026-04-23 23:39:44,287 | INFO | [CIFAR10 | DIFFUSION | Fold 1] | Train Batch 250/782 | Avg Loss=0.107938
2026-04-23 23:39:54,883 | INFO | [CIFAR10 | DIFFUSION | Fold 1] | Train Batch 500/782 | Avg Loss=0.108225
2026-04-23 23:40:05,286 | INFO | [CIFAR10 | DIFFUSION | Fold 1] | Train Batch 750/782 | Avg Loss=0.108401
2026-04-23 23:40:06,651 | INFO | [CIFAR10 | DIFFUSION | Fold 1] | Train Batch 782/782 | Avg Loss=0.108471
2026-04-23 23:40:08,786 | INFO | [CIFAR10 | DIFFUSION | Fold 1] | Test Batch 157/157 | Avg Loss=0.108288
2026-04-23 23:40:08,787 | INFO | Fold 1 | Epoch 79/150 | Train Loss=0.108471 | Test Loss=0.108288
2026-04-23 23:40:19,180 | INFO | [CIFAR10 | DIFFUSION | Fold 1] | Train Batch 250/782 | Avg Loss=0.109377
2026-04-23 23:40:29,512 | INFO | [CIFAR10 | DIFFUSION | Fold 1] | Train Batch 500/782 | Avg Loss=0.108588
2026-04-23 23:40:40,016 | INFO | [CIFAR10 | DIFFUSION | Fold 1] | Train Batch 750/782 | Avg Loss=0.108859
2026-04-23 23:40:41,361 | INFO | [CIFAR10 | DIFFUSION | Fold 1] | Train Batch 782/782 | Avg Loss=0.108770
2026-04-23 23:40:43,427 | INFO | [CIFAR10 | DIFFUSION | Fold 1] | Test Batch 157/157 | Avg Loss=0.104454
2026-04-23 23:40:43,428 | INFO | Fold 1 | Epoch 80/150 | Train Loss=0.108770 | Test Loss=0.104454
2026-04-23 23:40:53,811 | INFO | [CIFAR10 | DIFFUSION | Fold 1] | Train Batch 250/782 | Avg Loss=0.109376
2026-04-23 23:41:04,068 | INFO | [CIFAR10 | DIFFUSION | Fold 1] | Train Batch 500/782 | Avg Loss=0.108741
2026-04-23 23:41:14,328 | INFO | [CIFAR10 | DIFFUSION | Fold 1] | Train Batch 750/782 | Avg Loss=0.109007
2026-04-23 23:41:15,627 | INFO | [CIFAR10 | DIFFUSION | Fold 1] | Train Batch 782/782 | Avg Loss=0.108979
2026-04-23 23:41:17,762 | INFO | [CIFAR10 | DIFFUSION | Fold 1] | Test Batch 157/157 | Avg Loss=0.106427
2026-04-23 23:41:17,763 | INFO | Fold 1 | Epoch 81/150 | Train Loss=0.108979 | Test Loss=0.106427
2026-04-23 23:41:28,172 | INFO | [CIFAR10 | DIFFUSION | Fold 1] | Train Batch 250/782 | Avg Loss=0.109467
2026-04-23 23:41:38,418 | INFO | [CIFAR10 | DIFFUSION | Fold 1] | Train Batch 500/782 | Avg Loss=0.108946
2026-04-23 23:41:48,589 | INFO | [CIFAR10 | DIFFUSION | Fold 1] | Train Batch 750/782 | Avg Loss=0.108456
2026-04-23 23:41:49,883 | INFO | [CIFAR10 | DIFFUSION | Fold 1] | Train Batch 782/782 | Avg Loss=0.108633
2026-04-23 23:41:51,938 | INFO | [CIFAR10 | DIFFUSION | Fold 1] | Test Batch 157/157 | Avg Loss=0.106649
2026-04-23 23:41:51,939 | INFO | Fold 1 | Epoch 82/150 | Train Loss=0.108633 | Test Loss=0.106649
2026-04-23 23:42:02,172 | INFO | [CIFAR10 | DIFFUSION | Fold 1] | Train Batch 250/782 | Avg Loss=0.108005
2026-04-23 23:42:12,360 | INFO | [CIFAR10 | DIFFUSION | Fold 1] | Train Batch 500/782 | Avg Loss=0.108022
2026-04-23 23:42:22,535 | INFO | [CIFAR10 | DIFFUSION | Fold 1] | Train Batch 750/782 | Avg Loss=0.108432
2026-04-23 23:42:23,828 | INFO | [CIFAR10 | DIFFUSION | Fold 1] | Train Batch 782/782 | Avg Loss=0.108448
2026-04-23 23:42:25,841 | INFO | [CIFAR10 | DIFFUSION | Fold 1] | Test Batch 157/157 | Avg Loss=0.106304
2026-04-23 23:42:25,842 | INFO | Fold 1 | Epoch 83/150 | Train Loss=0.108448 | Test Loss=0.106304
2026-04-23 23:42:36,031 | INFO | [CIFAR10 | DIFFUSION | Fold 1] | Train Batch 250/782 | Avg Loss=0.108289
2026-04-23 23:42:46,181 | INFO | [CIFAR10 | DIFFUSION | Fold 1] | Train Batch 500/782 | Avg Loss=0.108166
2026-04-23 23:42:56,461 | INFO | [CIFAR10 | DIFFUSION | Fold 1] | Train Batch 750/782 | Avg Loss=0.108321
2026-04-23 23:42:57,757 | INFO | [CIFAR10 | DIFFUSION | Fold 1] | Train Batch 782/782 | Avg Loss=0.108241
2026-04-23 23:43:00,198 | INFO | [CIFAR10 | DIFFUSION | Fold 1] | Test Batch 157/157 | Avg Loss=0.106380
2026-04-23 23:43:00,200 | INFO | Fold 1 | Epoch 84/150 | Train Loss=0.108241 | Test Loss=0.106380
2026-04-23 23:43:10,814 | INFO | [CIFAR10 | DIFFUSION | Fold 1] | Train Batch 250/782 | Avg Loss=0.109357
2026-04-23 23:43:21,034 | INFO | [CIFAR10 | DIFFUSION | Fold 1] | Train Batch 500/782 | Avg Loss=0.108520
2026-04-23 23:43:31,208 | INFO | [CIFAR10 | DIFFUSION | Fold 1] | Train Batch 750/782 | Avg Loss=0.108424
2026-04-23 23:43:32,498 | INFO | [CIFAR10 | DIFFUSION | Fold 1] | Train Batch 782/782 | Avg Loss=0.108545
2026-04-23 23:43:34,500 | INFO | [CIFAR10 | DIFFUSION | Fold 1] | Test Batch 157/157 | Avg Loss=0.105261
2026-04-23 23:43:34,501 | INFO | Fold 1 | Epoch 85/150 | Train Loss=0.108545 | Test Loss=0.105261
2026-04-23 23:43:44,694 | INFO | [CIFAR10 | DIFFUSION | Fold 1] | Train Batch 250/782 | Avg Loss=0.108068
2026-04-23 23:43:54,856 | INFO | [CIFAR10 | DIFFUSION | Fold 1] | Train Batch 500/782 | Avg Loss=0.108574
2026-04-23 23:44:05,441 | INFO | [CIFAR10 | DIFFUSION | Fold 1] | Train Batch 750/782 | Avg Loss=0.108457
2026-04-23 23:44:06,781 | INFO | [CIFAR10 | DIFFUSION | Fold 1] | Train Batch 782/782 | Avg Loss=0.108442
2026-04-23 23:44:08,899 | INFO | [CIFAR10 | DIFFUSION | Fold 1] | Test Batch 157/157 | Avg Loss=0.105546
2026-04-23 23:44:08,900 | INFO | Fold 1 | Epoch 86/150 | Train Loss=0.108442 | Test Loss=0.105546
2026-04-23 23:44:19,370 | INFO | [CIFAR10 | DIFFUSION | Fold 1] | Train Batch 250/782 | Avg Loss=0.107502
2026-04-23 23:44:29,939 | INFO | [CIFAR10 | DIFFUSION | Fold 1] | Train Batch 500/782 | Avg Loss=0.107948
2026-04-23 23:44:40,341 | INFO | [CIFAR10 | DIFFUSION | Fold 1] | Train Batch 750/782 | Avg Loss=0.107957
2026-04-23 23:44:41,736 | INFO | [CIFAR10 | DIFFUSION | Fold 1] | Train Batch 782/782 | Avg Loss=0.108011
2026-04-23 23:44:43,771 | INFO | [CIFAR10 | DIFFUSION | Fold 1] | Test Batch 157/157 | Avg Loss=0.105770
2026-04-23 23:44:43,772 | INFO | Fold 1 | Epoch 87/150 | Train Loss=0.108011 | Test Loss=0.105770
2026-04-23 23:44:54,190 | INFO | [CIFAR10 | DIFFUSION | Fold 1] | Train Batch 250/782 | Avg Loss=0.108129
2026-04-23 23:45:04,540 | INFO | [CIFAR10 | DIFFUSION | Fold 1] | Train Batch 500/782 | Avg Loss=0.107489
2026-04-23 23:45:14,934 | INFO | [CIFAR10 | DIFFUSION | Fold 1] | Train Batch 750/782 | Avg Loss=0.107825
2026-04-23 23:45:16,228 | INFO | [CIFAR10 | DIFFUSION | Fold 1] | Train Batch 782/782 | Avg Loss=0.108017
2026-04-23 23:45:18,271 | INFO | [CIFAR10 | DIFFUSION | Fold 1] | Test Batch 157/157 | Avg Loss=0.107215
2026-04-23 23:45:18,272 | INFO | Fold 1 | Epoch 88/150 | Train Loss=0.108017 | Test Loss=0.107215
2026-04-23 23:45:28,556 | INFO | [CIFAR10 | DIFFUSION | Fold 1] | Train Batch 250/782 | Avg Loss=0.108269
2026-04-23 23:45:38,992 | INFO | [CIFAR10 | DIFFUSION | Fold 1] | Train Batch 500/782 | Avg Loss=0.107675
2026-04-23 23:45:49,495 | INFO | [CIFAR10 | DIFFUSION | Fold 1] | Train Batch 750/782 | Avg Loss=0.107891
2026-04-23 23:45:50,923 | INFO | [CIFAR10 | DIFFUSION | Fold 1] | Train Batch 782/782 | Avg Loss=0.107911
2026-04-23 23:45:52,945 | INFO | [CIFAR10 | DIFFUSION | Fold 1] | Test Batch 157/157 | Avg Loss=0.106295
2026-04-23 23:45:52,946 | INFO | Fold 1 | Epoch 89/150 | Train Loss=0.107911 | Test Loss=0.106295
2026-04-23 23:46:03,148 | INFO | [CIFAR10 | DIFFUSION | Fold 1] | Train Batch 250/782 | Avg Loss=0.108481
2026-04-23 23:46:13,445 | INFO | [CIFAR10 | DIFFUSION | Fold 1] | Train Batch 500/782 | Avg Loss=0.108450
2026-04-23 23:46:23,843 | INFO | [CIFAR10 | DIFFUSION | Fold 1] | Train Batch 750/782 | Avg Loss=0.108225
2026-04-23 23:46:25,137 | INFO | [CIFAR10 | DIFFUSION | Fold 1] | Train Batch 782/782 | Avg Loss=0.108195
2026-04-23 23:46:27,174 | INFO | [CIFAR10 | DIFFUSION | Fold 1] | Test Batch 157/157 | Avg Loss=0.105963
2026-04-23 23:46:27,175 | INFO | Fold 1 | Epoch 90/150 | Train Loss=0.108195 | Test Loss=0.105963
2026-04-23 23:46:37,546 | INFO | [CIFAR10 | DIFFUSION | Fold 1] | Train Batch 250/782 | Avg Loss=0.109566
2026-04-23 23:46:47,866 | INFO | [CIFAR10 | DIFFUSION | Fold 1] | Train Batch 500/782 | Avg Loss=0.108754
2026-04-23 23:46:58,046 | INFO | [CIFAR10 | DIFFUSION | Fold 1] | Train Batch 750/782 | Avg Loss=0.107926
2026-04-23 23:46:59,340 | INFO | [CIFAR10 | DIFFUSION | Fold 1] | Train Batch 782/782 | Avg Loss=0.107918
2026-04-23 23:47:01,376 | INFO | [CIFAR10 | DIFFUSION | Fold 1] | Test Batch 157/157 | Avg Loss=0.107886
2026-04-23 23:47:01,377 | INFO | Fold 1 | Epoch 91/150 | Train Loss=0.107918 | Test Loss=0.107886
2026-04-23 23:47:11,793 | INFO | [CIFAR10 | DIFFUSION | Fold 1] | Train Batch 250/782 | Avg Loss=0.108872
2026-04-23 23:47:22,074 | INFO | [CIFAR10 | DIFFUSION | Fold 1] | Train Batch 500/782 | Avg Loss=0.108541
2026-04-23 23:47:32,291 | INFO | [CIFAR10 | DIFFUSION | Fold 1] | Train Batch 750/782 | Avg Loss=0.108321
2026-04-23 23:47:33,586 | INFO | [CIFAR10 | DIFFUSION | Fold 1] | Train Batch 782/782 | Avg Loss=0.108369
2026-04-23 23:47:35,607 | INFO | [CIFAR10 | DIFFUSION | Fold 1] | Test Batch 157/157 | Avg Loss=0.108659
2026-04-23 23:47:35,608 | INFO | Fold 1 | Epoch 92/150 | Train Loss=0.108369 | Test Loss=0.108659
2026-04-23 23:47:45,848 | INFO | [CIFAR10 | DIFFUSION | Fold 1] | Train Batch 250/782 | Avg Loss=0.108341
2026-04-23 23:47:56,031 | INFO | [CIFAR10 | DIFFUSION | Fold 1] | Train Batch 500/782 | Avg Loss=0.107830
2026-04-23 23:48:06,211 | INFO | [CIFAR10 | DIFFUSION | Fold 1] | Train Batch 750/782 | Avg Loss=0.108192
2026-04-23 23:48:07,509 | INFO | [CIFAR10 | DIFFUSION | Fold 1] | Train Batch 782/782 | Avg Loss=0.108142
2026-04-23 23:48:09,539 | INFO | [CIFAR10 | DIFFUSION | Fold 1] | Test Batch 157/157 | Avg Loss=0.106275
2026-04-23 23:48:09,541 | INFO | Fold 1 | Epoch 93/150 | Train Loss=0.108142 | Test Loss=0.106275
2026-04-23 23:48:19,754 | INFO | [CIFAR10 | DIFFUSION | Fold 1] | Train Batch 250/782 | Avg Loss=0.106546
2026-04-23 23:48:29,905 | INFO | [CIFAR10 | DIFFUSION | Fold 1] | Train Batch 500/782 | Avg Loss=0.107606
2026-04-23 23:48:40,055 | INFO | [CIFAR10 | DIFFUSION | Fold 1] | Train Batch 750/782 | Avg Loss=0.108234
2026-04-23 23:48:41,347 | INFO | [CIFAR10 | DIFFUSION | Fold 1] | Train Batch 782/782 | Avg Loss=0.108270
2026-04-23 23:48:43,363 | INFO | [CIFAR10 | DIFFUSION | Fold 1] | Test Batch 157/157 | Avg Loss=0.107067
2026-04-23 23:48:43,364 | INFO | Fold 1 | Epoch 94/150 | Train Loss=0.108270 | Test Loss=0.107067
2026-04-23 23:48:53,683 | INFO | [CIFAR10 | DIFFUSION | Fold 1] | Train Batch 250/782 | Avg Loss=0.106641
2026-04-23 23:49:03,824 | INFO | [CIFAR10 | DIFFUSION | Fold 1] | Train Batch 500/782 | Avg Loss=0.107273
2026-04-23 23:49:13,950 | INFO | [CIFAR10 | DIFFUSION | Fold 1] | Train Batch 750/782 | Avg Loss=0.107427
2026-04-23 23:49:15,240 | INFO | [CIFAR10 | DIFFUSION | Fold 1] | Train Batch 782/782 | Avg Loss=0.107459
2026-04-23 23:49:17,284 | INFO | [CIFAR10 | DIFFUSION | Fold 1] | Test Batch 157/157 | Avg Loss=0.107142
2026-04-23 23:49:17,285 | INFO | Fold 1 | Epoch 95/150 | Train Loss=0.107459 | Test Loss=0.107142
2026-04-23 23:49:27,511 | INFO | [CIFAR10 | DIFFUSION | Fold 1] | Train Batch 250/782 | Avg Loss=0.107798
2026-04-23 23:49:37,694 | INFO | [CIFAR10 | DIFFUSION | Fold 1] | Train Batch 500/782 | Avg Loss=0.108099
2026-04-23 23:49:47,869 | INFO | [CIFAR10 | DIFFUSION | Fold 1] | Train Batch 750/782 | Avg Loss=0.108106
2026-04-23 23:49:49,161 | INFO | [CIFAR10 | DIFFUSION | Fold 1] | Train Batch 782/782 | Avg Loss=0.108139
2026-04-23 23:49:51,222 | INFO | [CIFAR10 | DIFFUSION | Fold 1] | Test Batch 157/157 | Avg Loss=0.105531
2026-04-23 23:49:51,242 | INFO | Fold 1 | Epoch 96/150 | Train Loss=0.108139 | Test Loss=0.105531
2026-04-23 23:50:01,479 | INFO | [CIFAR10 | DIFFUSION | Fold 1] | Train Batch 250/782 | Avg Loss=0.108656
2026-04-23 23:50:11,636 | INFO | [CIFAR10 | DIFFUSION | Fold 1] | Train Batch 500/782 | Avg Loss=0.108680
2026-04-23 23:50:21,921 | INFO | [CIFAR10 | DIFFUSION | Fold 1] | Train Batch 750/782 | Avg Loss=0.108550
2026-04-23 23:50:23,220 | INFO | [CIFAR10 | DIFFUSION | Fold 1] | Train Batch 782/782 | Avg Loss=0.108436
2026-04-23 23:50:25,257 | INFO | [CIFAR10 | DIFFUSION | Fold 1] | Test Batch 157/157 | Avg Loss=0.108170
2026-04-23 23:50:25,258 | INFO | Fold 1 | Epoch 97/150 | Train Loss=0.108436 | Test Loss=0.108170
2026-04-23 23:50:35,476 | INFO | [CIFAR10 | DIFFUSION | Fold 1] | Train Batch 250/782 | Avg Loss=0.107302
2026-04-23 23:50:45,639 | INFO | [CIFAR10 | DIFFUSION | Fold 1] | Train Batch 500/782 | Avg Loss=0.107958
2026-04-23 23:50:55,802 | INFO | [CIFAR10 | DIFFUSION | Fold 1] | Train Batch 750/782 | Avg Loss=0.107750
2026-04-23 23:50:57,095 | INFO | [CIFAR10 | DIFFUSION | Fold 1] | Train Batch 782/782 | Avg Loss=0.107731
2026-04-23 23:50:59,117 | INFO | [CIFAR10 | DIFFUSION | Fold 1] | Test Batch 157/157 | Avg Loss=0.105786
2026-04-23 23:50:59,118 | INFO | Fold 1 | Epoch 98/150 | Train Loss=0.107731 | Test Loss=0.105786
2026-04-23 23:51:09,340 | INFO | [CIFAR10 | DIFFUSION | Fold 1] | Train Batch 250/782 | Avg Loss=0.108828
2026-04-23 23:51:19,521 | INFO | [CIFAR10 | DIFFUSION | Fold 1] | Train Batch 500/782 | Avg Loss=0.107943
2026-04-23 23:51:29,687 | INFO | [CIFAR10 | DIFFUSION | Fold 1] | Train Batch 750/782 | Avg Loss=0.107903
2026-04-23 23:51:30,975 | INFO | [CIFAR10 | DIFFUSION | Fold 1] | Train Batch 782/782 | Avg Loss=0.107910
2026-04-23 23:51:32,983 | INFO | [CIFAR10 | DIFFUSION | Fold 1] | Test Batch 157/157 | Avg Loss=0.105771
2026-04-23 23:51:32,984 | INFO | Fold 1 | Epoch 99/150 | Train Loss=0.107910 | Test Loss=0.105771
2026-04-23 23:51:43,323 | INFO | [CIFAR10 | DIFFUSION | Fold 1] | Train Batch 250/782 | Avg Loss=0.108189
2026-04-23 23:51:53,516 | INFO | [CIFAR10 | DIFFUSION | Fold 1] | Train Batch 500/782 | Avg Loss=0.107895
2026-04-23 23:52:03,711 | INFO | [CIFAR10 | DIFFUSION | Fold 1] | Train Batch 750/782 | Avg Loss=0.108209
2026-04-23 23:52:05,005 | INFO | [CIFAR10 | DIFFUSION | Fold 1] | Train Batch 782/782 | Avg Loss=0.108266
2026-04-23 23:52:07,070 | INFO | [CIFAR10 | DIFFUSION | Fold 1] | Test Batch 157/157 | Avg Loss=0.107227
2026-04-23 23:52:07,071 | INFO | Fold 1 | Epoch 100/150 | Train Loss=0.108266 | Test Loss=0.107227
2026-04-23 23:52:17,279 | INFO | [CIFAR10 | DIFFUSION | Fold 1] | Train Batch 250/782 | Avg Loss=0.108335
2026-04-23 23:52:27,455 | INFO | [CIFAR10 | DIFFUSION | Fold 1] | Train Batch 500/782 | Avg Loss=0.107941
2026-04-23 23:52:37,641 | INFO | [CIFAR10 | DIFFUSION | Fold 1] | Train Batch 750/782 | Avg Loss=0.108012
2026-04-23 23:52:38,935 | INFO | [CIFAR10 | DIFFUSION | Fold 1] | Train Batch 782/782 | Avg Loss=0.107873
2026-04-23 23:52:40,971 | INFO | [CIFAR10 | DIFFUSION | Fold 1] | Test Batch 157/157 | Avg Loss=0.106310
2026-04-23 23:52:40,972 | INFO | Fold 1 | Epoch 101/150 | Train Loss=0.107873 | Test Loss=0.106310
2026-04-23 23:52:51,176 | INFO | [CIFAR10 | DIFFUSION | Fold 1] | Train Batch 250/782 | Avg Loss=0.107314
2026-04-23 23:53:01,345 | INFO | [CIFAR10 | DIFFUSION | Fold 1] | Train Batch 500/782 | Avg Loss=0.107370
2026-04-23 23:53:11,652 | INFO | [CIFAR10 | DIFFUSION | Fold 1] | Train Batch 750/782 | Avg Loss=0.108044
2026-04-23 23:53:12,949 | INFO | [CIFAR10 | DIFFUSION | Fold 1] | Train Batch 782/782 | Avg Loss=0.107978
2026-04-23 23:53:14,990 | INFO | [CIFAR10 | DIFFUSION | Fold 1] | Test Batch 157/157 | Avg Loss=0.105745
2026-04-23 23:53:14,991 | INFO | Fold 1 | Epoch 102/150 | Train Loss=0.107978 | Test Loss=0.105745
2026-04-23 23:53:25,196 | INFO | [CIFAR10 | DIFFUSION | Fold 1] | Train Batch 250/782 | Avg Loss=0.108614
2026-04-23 23:53:35,361 | INFO | [CIFAR10 | DIFFUSION | Fold 1] | Train Batch 500/782 | Avg Loss=0.108177
2026-04-23 23:53:45,567 | INFO | [CIFAR10 | DIFFUSION | Fold 1] | Train Batch 750/782 | Avg Loss=0.107802
2026-04-23 23:53:46,859 | INFO | [CIFAR10 | DIFFUSION | Fold 1] | Train Batch 782/782 | Avg Loss=0.107794
2026-04-23 23:53:48,939 | INFO | [CIFAR10 | DIFFUSION | Fold 1] | Test Batch 157/157 | Avg Loss=0.104763
2026-04-23 23:53:48,940 | INFO | Fold 1 | Epoch 103/150 | Train Loss=0.107794 | Test Loss=0.104763
2026-04-23 23:53:59,177 | INFO | [CIFAR10 | DIFFUSION | Fold 1] | Train Batch 250/782 | Avg Loss=0.107740
2026-04-23 23:54:09,339 | INFO | [CIFAR10 | DIFFUSION | Fold 1] | Train Batch 500/782 | Avg Loss=0.107523
2026-04-23 23:54:19,497 | INFO | [CIFAR10 | DIFFUSION | Fold 1] | Train Batch 750/782 | Avg Loss=0.107545
2026-04-23 23:54:20,791 | INFO | [CIFAR10 | DIFFUSION | Fold 1] | Train Batch 782/782 | Avg Loss=0.107560
2026-04-23 23:54:22,859 | INFO | [CIFAR10 | DIFFUSION | Fold 1] | Test Batch 157/157 | Avg Loss=0.105296
2026-04-23 23:54:22,860 | INFO | Fold 1 | Epoch 104/150 | Train Loss=0.107560 | Test Loss=0.105296
2026-04-23 23:54:33,138 | INFO | [CIFAR10 | DIFFUSION | Fold 1] | Train Batch 250/782 | Avg Loss=0.107479
2026-04-23 23:54:43,471 | INFO | [CIFAR10 | DIFFUSION | Fold 1] | Train Batch 500/782 | Avg Loss=0.108526
2026-04-23 23:54:53,665 | INFO | [CIFAR10 | DIFFUSION | Fold 1] | Train Batch 750/782 | Avg Loss=0.108398
2026-04-23 23:54:54,960 | INFO | [CIFAR10 | DIFFUSION | Fold 1] | Train Batch 782/782 | Avg Loss=0.108485
2026-04-23 23:54:56,944 | INFO | [CIFAR10 | DIFFUSION | Fold 1] | Test Batch 157/157 | Avg Loss=0.106148
2026-04-23 23:54:56,945 | INFO | Fold 1 | Epoch 105/150 | Train Loss=0.108485 | Test Loss=0.106148
2026-04-23 23:55:07,667 | INFO | [CIFAR10 | DIFFUSION | Fold 1] | Train Batch 250/782 | Avg Loss=0.107768
2026-04-23 23:55:17,911 | INFO | [CIFAR10 | DIFFUSION | Fold 1] | Train Batch 500/782 | Avg Loss=0.108292
2026-04-23 23:55:28,125 | INFO | [CIFAR10 | DIFFUSION | Fold 1] | Train Batch 750/782 | Avg Loss=0.108035
2026-04-23 23:55:29,425 | INFO | [CIFAR10 | DIFFUSION | Fold 1] | Train Batch 782/782 | Avg Loss=0.108009
2026-04-23 23:55:31,517 | INFO | [CIFAR10 | DIFFUSION | Fold 1] | Test Batch 157/157 | Avg Loss=0.106408
2026-04-23 23:55:31,518 | INFO | Fold 1 | Epoch 106/150 | Train Loss=0.108009 | Test Loss=0.106408
2026-04-23 23:55:41,701 | INFO | [CIFAR10 | DIFFUSION | Fold 1] | Train Batch 250/782 | Avg Loss=0.108715
2026-04-23 23:55:51,909 | INFO | [CIFAR10 | DIFFUSION | Fold 1] | Train Batch 500/782 | Avg Loss=0.108116
2026-04-23 23:56:02,105 | INFO | [CIFAR10 | DIFFUSION | Fold 1] | Train Batch 750/782 | Avg Loss=0.107912
2026-04-23 23:56:03,399 | INFO | [CIFAR10 | DIFFUSION | Fold 1] | Train Batch 782/782 | Avg Loss=0.107994
2026-04-23 23:56:05,368 | INFO | [CIFAR10 | DIFFUSION | Fold 1] | Test Batch 157/157 | Avg Loss=0.106319
2026-04-23 23:56:05,369 | INFO | Fold 1 | Epoch 107/150 | Train Loss=0.107994 | Test Loss=0.106319
2026-04-23 23:56:15,806 | INFO | [CIFAR10 | DIFFUSION | Fold 1] | Train Batch 250/782 | Avg Loss=0.108183
2026-04-23 23:56:25,843 | INFO | [CIFAR10 | DIFFUSION | Fold 1] | Train Batch 500/782 | Avg Loss=0.108221
2026-04-23 23:56:36,218 | INFO | [CIFAR10 | DIFFUSION | Fold 1] | Train Batch 750/782 | Avg Loss=0.108020
2026-04-23 23:56:37,563 | INFO | [CIFAR10 | DIFFUSION | Fold 1] | Train Batch 782/782 | Avg Loss=0.108001
2026-04-23 23:56:39,548 | INFO | [CIFAR10 | DIFFUSION | Fold 1] | Test Batch 157/157 | Avg Loss=0.106668
2026-04-23 23:56:39,549 | INFO | Fold 1 | Epoch 108/150 | Train Loss=0.108001 | Test Loss=0.106668
2026-04-23 23:56:49,647 | INFO | [CIFAR10 | DIFFUSION | Fold 1] | Train Batch 250/782 | Avg Loss=0.108571
2026-04-23 23:56:59,616 | INFO | [CIFAR10 | DIFFUSION | Fold 1] | Train Batch 500/782 | Avg Loss=0.108487
2026-04-23 23:57:09,556 | INFO | [CIFAR10 | DIFFUSION | Fold 1] | Train Batch 750/782 | Avg Loss=0.108509
2026-04-23 23:57:10,837 | INFO | [CIFAR10 | DIFFUSION | Fold 1] | Train Batch 782/782 | Avg Loss=0.108451
2026-04-23 23:57:12,807 | INFO | [CIFAR10 | DIFFUSION | Fold 1] | Test Batch 157/157 | Avg Loss=0.106985
2026-04-23 23:57:12,808 | INFO | Fold 1 | Epoch 109/150 | Train Loss=0.108451 | Test Loss=0.106985
2026-04-23 23:57:22,902 | INFO | [CIFAR10 | DIFFUSION | Fold 1] | Train Batch 250/782 | Avg Loss=0.107211
2026-04-23 23:57:32,892 | INFO | [CIFAR10 | DIFFUSION | Fold 1] | Train Batch 500/782 | Avg Loss=0.107766
2026-04-23 23:57:43,000 | INFO | [CIFAR10 | DIFFUSION | Fold 1] | Train Batch 750/782 | Avg Loss=0.107791
2026-04-23 23:57:44,287 | INFO | [CIFAR10 | DIFFUSION | Fold 1] | Train Batch 782/782 | Avg Loss=0.107661
2026-04-23 23:57:46,258 | INFO | [CIFAR10 | DIFFUSION | Fold 1] | Test Batch 157/157 | Avg Loss=0.106206
2026-04-23 23:57:46,259 | INFO | Fold 1 | Epoch 110/150 | Train Loss=0.107661 | Test Loss=0.106206
2026-04-23 23:57:56,301 | INFO | [CIFAR10 | DIFFUSION | Fold 1] | Train Batch 250/782 | Avg Loss=0.108157
2026-04-23 23:58:06,272 | INFO | [CIFAR10 | DIFFUSION | Fold 1] | Train Batch 500/782 | Avg Loss=0.107919
2026-04-23 23:58:16,264 | INFO | [CIFAR10 | DIFFUSION | Fold 1] | Train Batch 750/782 | Avg Loss=0.107874
2026-04-23 23:58:17,551 | INFO | [CIFAR10 | DIFFUSION | Fold 1] | Train Batch 782/782 | Avg Loss=0.107851
2026-04-23 23:58:19,517 | INFO | [CIFAR10 | DIFFUSION | Fold 1] | Test Batch 157/157 | Avg Loss=0.106109
2026-04-23 23:58:19,518 | INFO | Fold 1 | Epoch 111/150 | Train Loss=0.107851 | Test Loss=0.106109
2026-04-23 23:58:29,538 | INFO | [CIFAR10 | DIFFUSION | Fold 1] | Train Batch 250/782 | Avg Loss=0.108384
2026-04-23 23:58:39,515 | INFO | [CIFAR10 | DIFFUSION | Fold 1] | Train Batch 500/782 | Avg Loss=0.107949
2026-04-23 23:58:49,764 | INFO | [CIFAR10 | DIFFUSION | Fold 1] | Train Batch 750/782 | Avg Loss=0.107929
2026-04-23 23:58:51,099 | INFO | [CIFAR10 | DIFFUSION | Fold 1] | Train Batch 782/782 | Avg Loss=0.107943
2026-04-23 23:58:53,058 | INFO | [CIFAR10 | DIFFUSION | Fold 1] | Test Batch 157/157 | Avg Loss=0.104476
2026-04-23 23:58:53,060 | INFO | Fold 1 | Epoch 112/150 | Train Loss=0.107943 | Test Loss=0.104476
2026-04-23 23:59:03,184 | INFO | [CIFAR10 | DIFFUSION | Fold 1] | Train Batch 250/782 | Avg Loss=0.108994
2026-04-23 23:59:13,184 | INFO | [CIFAR10 | DIFFUSION | Fold 1] | Train Batch 500/782 | Avg Loss=0.108102
2026-04-23 23:59:23,173 | INFO | [CIFAR10 | DIFFUSION | Fold 1] | Train Batch 750/782 | Avg Loss=0.108252
2026-04-23 23:59:24,458 | INFO | [CIFAR10 | DIFFUSION | Fold 1] | Train Batch 782/782 | Avg Loss=0.108197
2026-04-23 23:59:26,412 | INFO | [CIFAR10 | DIFFUSION | Fold 1] | Test Batch 157/157 | Avg Loss=0.104959
2026-04-23 23:59:26,413 | INFO | Fold 1 | Epoch 113/150 | Train Loss=0.108197 | Test Loss=0.104959
2026-04-23 23:59:36,439 | INFO | [CIFAR10 | DIFFUSION | Fold 1] | Train Batch 250/782 | Avg Loss=0.107356
2026-04-23 23:59:46,505 | INFO | [CIFAR10 | DIFFUSION | Fold 1] | Train Batch 500/782 | Avg Loss=0.107508
2026-04-23 23:59:56,499 | INFO | [CIFAR10 | DIFFUSION | Fold 1] | Train Batch 750/782 | Avg Loss=0.107836
2026-04-23 23:59:57,783 | INFO | [CIFAR10 | DIFFUSION | Fold 1] | Train Batch 782/782 | Avg Loss=0.107986
2026-04-23 23:59:59,757 | INFO | [CIFAR10 | DIFFUSION | Fold 1] | Test Batch 157/157 | Avg Loss=0.107044
2026-04-23 23:59:59,759 | INFO | Fold 1 | Epoch 114/150 | Train Loss=0.107986 | Test Loss=0.107044
2026-04-24 00:00:09,799 | INFO | [CIFAR10 | DIFFUSION | Fold 1] | Train Batch 250/782 | Avg Loss=0.108591
2026-04-24 00:00:19,782 | INFO | [CIFAR10 | DIFFUSION | Fold 1] | Train Batch 500/782 | Avg Loss=0.108535
2026-04-24 00:00:29,879 | INFO | [CIFAR10 | DIFFUSION | Fold 1] | Train Batch 750/782 | Avg Loss=0.108554
2026-04-24 00:00:31,163 | INFO | [CIFAR10 | DIFFUSION | Fold 1] | Train Batch 782/782 | Avg Loss=0.108454
2026-04-24 00:00:33,274 | INFO | [CIFAR10 | DIFFUSION | Fold 1] | Test Batch 157/157 | Avg Loss=0.106504
2026-04-24 00:00:33,275 | INFO | Fold 1 | Epoch 115/150 | Train Loss=0.108454 | Test Loss=0.106504
2026-04-24 00:00:43,348 | INFO | [CIFAR10 | DIFFUSION | Fold 1] | Train Batch 250/782 | Avg Loss=0.106663
2026-04-24 00:00:53,228 | INFO | [CIFAR10 | DIFFUSION | Fold 1] | Train Batch 500/782 | Avg Loss=0.107510
2026-04-24 00:01:03,082 | INFO | [CIFAR10 | DIFFUSION | Fold 1] | Train Batch 750/782 | Avg Loss=0.107430
2026-04-24 00:01:04,352 | INFO | [CIFAR10 | DIFFUSION | Fold 1] | Train Batch 782/782 | Avg Loss=0.107399
2026-04-24 00:01:06,421 | INFO | [CIFAR10 | DIFFUSION | Fold 1] | Test Batch 157/157 | Avg Loss=0.106851
2026-04-24 00:01:06,423 | INFO | Fold 1 | Epoch 116/150 | Train Loss=0.107399 | Test Loss=0.106851
2026-04-24 00:01:16,636 | INFO | [CIFAR10 | DIFFUSION | Fold 1] | Train Batch 250/782 | Avg Loss=0.109003
2026-04-24 00:01:26,503 | INFO | [CIFAR10 | DIFFUSION | Fold 1] | Train Batch 500/782 | Avg Loss=0.108899
2026-04-24 00:01:36,427 | INFO | [CIFAR10 | DIFFUSION | Fold 1] | Train Batch 750/782 | Avg Loss=0.108525
2026-04-24 00:01:37,698 | INFO | [CIFAR10 | DIFFUSION | Fold 1] | Train Batch 782/782 | Avg Loss=0.108530
2026-04-24 00:01:39,869 | INFO | [CIFAR10 | DIFFUSION | Fold 1] | Test Batch 157/157 | Avg Loss=0.106291
2026-04-24 00:01:39,870 | INFO | Fold 1 | Epoch 117/150 | Train Loss=0.108530 | Test Loss=0.106291
2026-04-24 00:01:50,107 | INFO | [CIFAR10 | DIFFUSION | Fold 1] | Train Batch 250/782 | Avg Loss=0.109047
2026-04-24 00:02:00,324 | INFO | [CIFAR10 | DIFFUSION | Fold 1] | Train Batch 500/782 | Avg Loss=0.108746
2026-04-24 00:02:10,302 | INFO | [CIFAR10 | DIFFUSION | Fold 1] | Train Batch 750/782 | Avg Loss=0.108257
2026-04-24 00:02:11,588 | INFO | [CIFAR10 | DIFFUSION | Fold 1] | Train Batch 782/782 | Avg Loss=0.108252
2026-04-24 00:02:13,575 | INFO | [CIFAR10 | DIFFUSION | Fold 1] | Test Batch 157/157 | Avg Loss=0.104824
2026-04-24 00:02:13,576 | INFO | Fold 1 | Epoch 118/150 | Train Loss=0.108252 | Test Loss=0.104824
2026-04-24 00:02:23,588 | INFO | [CIFAR10 | DIFFUSION | Fold 1] | Train Batch 250/782 | Avg Loss=0.108330
2026-04-24 00:02:33,529 | INFO | [CIFAR10 | DIFFUSION | Fold 1] | Train Batch 500/782 | Avg Loss=0.107403
2026-04-24 00:02:43,463 | INFO | [CIFAR10 | DIFFUSION | Fold 1] | Train Batch 750/782 | Avg Loss=0.107587
2026-04-24 00:02:44,744 | INFO | [CIFAR10 | DIFFUSION | Fold 1] | Train Batch 782/782 | Avg Loss=0.107580
2026-04-24 00:02:46,719 | INFO | [CIFAR10 | DIFFUSION | Fold 1] | Test Batch 157/157 | Avg Loss=0.105529
2026-04-24 00:02:46,720 | INFO | Fold 1 | Epoch 119/150 | Train Loss=0.107580 | Test Loss=0.105529
2026-04-24 00:02:56,775 | INFO | [CIFAR10 | DIFFUSION | Fold 1] | Train Batch 250/782 | Avg Loss=0.106973
2026-04-24 00:03:06,756 | INFO | [CIFAR10 | DIFFUSION | Fold 1] | Train Batch 500/782 | Avg Loss=0.107368
2026-04-24 00:03:16,735 | INFO | [CIFAR10 | DIFFUSION | Fold 1] | Train Batch 750/782 | Avg Loss=0.107627
2026-04-24 00:03:18,028 | INFO | [CIFAR10 | DIFFUSION | Fold 1] | Train Batch 782/782 | Avg Loss=0.107652
2026-04-24 00:03:19,993 | INFO | [CIFAR10 | DIFFUSION | Fold 1] | Test Batch 157/157 | Avg Loss=0.104811
2026-04-24 00:03:19,995 | INFO | Fold 1 | Epoch 120/150 | Train Loss=0.107652 | Test Loss=0.104811
2026-04-24 00:03:30,455 | INFO | [CIFAR10 | DIFFUSION | Fold 1] | Train Batch 250/782 | Avg Loss=0.108583
2026-04-24 00:03:40,535 | INFO | [CIFAR10 | DIFFUSION | Fold 1] | Train Batch 500/782 | Avg Loss=0.107842
2026-04-24 00:03:50,468 | INFO | [CIFAR10 | DIFFUSION | Fold 1] | Train Batch 750/782 | Avg Loss=0.107712
2026-04-24 00:03:51,752 | INFO | [CIFAR10 | DIFFUSION | Fold 1] | Train Batch 782/782 | Avg Loss=0.107747
2026-04-24 00:03:53,703 | INFO | [CIFAR10 | DIFFUSION | Fold 1] | Test Batch 157/157 | Avg Loss=0.105835
2026-04-24 00:03:53,704 | INFO | Fold 1 | Epoch 121/150 | Train Loss=0.107747 | Test Loss=0.105835
2026-04-24 00:04:03,728 | INFO | [CIFAR10 | DIFFUSION | Fold 1] | Train Batch 250/782 | Avg Loss=0.108757
2026-04-24 00:04:13,681 | INFO | [CIFAR10 | DIFFUSION | Fold 1] | Train Batch 500/782 | Avg Loss=0.108081
2026-04-24 00:04:23,642 | INFO | [CIFAR10 | DIFFUSION | Fold 1] | Train Batch 750/782 | Avg Loss=0.108033
2026-04-24 00:04:24,927 | INFO | [CIFAR10 | DIFFUSION | Fold 1] | Train Batch 782/782 | Avg Loss=0.108013
2026-04-24 00:04:26,896 | INFO | [CIFAR10 | DIFFUSION | Fold 1] | Test Batch 157/157 | Avg Loss=0.106871
2026-04-24 00:04:26,897 | INFO | Fold 1 | Epoch 122/150 | Train Loss=0.108013 | Test Loss=0.106871
2026-04-24 00:04:36,912 | INFO | [CIFAR10 | DIFFUSION | Fold 1] | Train Batch 250/782 | Avg Loss=0.106576
2026-04-24 00:04:47,201 | INFO | [CIFAR10 | DIFFUSION | Fold 1] | Train Batch 500/782 | Avg Loss=0.106914
2026-04-24 00:04:57,683 | INFO | [CIFAR10 | DIFFUSION | Fold 1] | Train Batch 750/782 | Avg Loss=0.107095
2026-04-24 00:04:58,961 | INFO | [CIFAR10 | DIFFUSION | Fold 1] | Train Batch 782/782 | Avg Loss=0.107224
2026-04-24 00:05:00,942 | INFO | [CIFAR10 | DIFFUSION | Fold 1] | Test Batch 157/157 | Avg Loss=0.108113
2026-04-24 00:05:00,943 | INFO | Fold 1 | Epoch 123/150 | Train Loss=0.107224 | Test Loss=0.108113
2026-04-24 00:05:10,964 | INFO | [CIFAR10 | DIFFUSION | Fold 1] | Train Batch 250/782 | Avg Loss=0.108095
2026-04-24 00:05:20,910 | INFO | [CIFAR10 | DIFFUSION | Fold 1] | Train Batch 500/782 | Avg Loss=0.107676
2026-04-24 00:05:30,780 | INFO | [CIFAR10 | DIFFUSION | Fold 1] | Train Batch 750/782 | Avg Loss=0.107865
2026-04-24 00:05:32,060 | INFO | [CIFAR10 | DIFFUSION | Fold 1] | Train Batch 782/782 | Avg Loss=0.107926
2026-04-24 00:05:34,186 | INFO | [CIFAR10 | DIFFUSION | Fold 1] | Test Batch 157/157 | Avg Loss=0.105815
2026-04-24 00:05:34,188 | INFO | Fold 1 | Epoch 124/150 | Train Loss=0.107926 | Test Loss=0.105815
2026-04-24 00:05:44,207 | INFO | [CIFAR10 | DIFFUSION | Fold 1] | Train Batch 250/782 | Avg Loss=0.107374
2026-04-24 00:05:54,237 | INFO | [CIFAR10 | DIFFUSION | Fold 1] | Train Batch 500/782 | Avg Loss=0.108620
2026-04-24 00:06:04,139 | INFO | [CIFAR10 | DIFFUSION | Fold 1] | Train Batch 750/782 | Avg Loss=0.108134
2026-04-24 00:06:05,419 | INFO | [CIFAR10 | DIFFUSION | Fold 1] | Train Batch 782/782 | Avg Loss=0.108141
2026-04-24 00:06:07,388 | INFO | [CIFAR10 | DIFFUSION | Fold 1] | Test Batch 157/157 | Avg Loss=0.105364
2026-04-24 00:06:07,389 | INFO | Fold 1 | Epoch 125/150 | Train Loss=0.108141 | Test Loss=0.105364
2026-04-24 00:06:17,521 | INFO | [CIFAR10 | DIFFUSION | Fold 1] | Train Batch 250/782 | Avg Loss=0.107884
2026-04-24 00:06:27,482 | INFO | [CIFAR10 | DIFFUSION | Fold 1] | Train Batch 500/782 | Avg Loss=0.107527
2026-04-24 00:06:37,394 | INFO | [CIFAR10 | DIFFUSION | Fold 1] | Train Batch 750/782 | Avg Loss=0.107902
2026-04-24 00:06:38,660 | INFO | [CIFAR10 | DIFFUSION | Fold 1] | Train Batch 782/782 | Avg Loss=0.107932
2026-04-24 00:06:40,638 | INFO | [CIFAR10 | DIFFUSION | Fold 1] | Test Batch 157/157 | Avg Loss=0.105922
2026-04-24 00:06:40,639 | INFO | Fold 1 | Epoch 126/150 | Train Loss=0.107932 | Test Loss=0.105922
2026-04-24 00:06:50,567 | INFO | [CIFAR10 | DIFFUSION | Fold 1] | Train Batch 250/782 | Avg Loss=0.107990
2026-04-24 00:07:00,476 | INFO | [CIFAR10 | DIFFUSION | Fold 1] | Train Batch 500/782 | Avg Loss=0.107732
2026-04-24 00:07:10,441 | INFO | [CIFAR10 | DIFFUSION | Fold 1] | Train Batch 750/782 | Avg Loss=0.107455
2026-04-24 00:07:11,728 | INFO | [CIFAR10 | DIFFUSION | Fold 1] | Train Batch 782/782 | Avg Loss=0.107577
2026-04-24 00:07:13,691 | INFO | [CIFAR10 | DIFFUSION | Fold 1] | Test Batch 157/157 | Avg Loss=0.105546
2026-04-24 00:07:13,692 | INFO | Fold 1 | Epoch 127/150 | Train Loss=0.107577 | Test Loss=0.105546
2026-04-24 00:07:23,688 | INFO | [CIFAR10 | DIFFUSION | Fold 1] | Train Batch 250/782 | Avg Loss=0.109159
2026-04-24 00:07:33,604 | INFO | [CIFAR10 | DIFFUSION | Fold 1] | Train Batch 500/782 | Avg Loss=0.107994
2026-04-24 00:07:43,664 | INFO | [CIFAR10 | DIFFUSION | Fold 1] | Train Batch 750/782 | Avg Loss=0.107933
2026-04-24 00:07:44,949 | INFO | [CIFAR10 | DIFFUSION | Fold 1] | Train Batch 782/782 | Avg Loss=0.107939
2026-04-24 00:07:46,906 | INFO | [CIFAR10 | DIFFUSION | Fold 1] | Test Batch 157/157 | Avg Loss=0.105811
2026-04-24 00:07:46,907 | INFO | Fold 1 | Epoch 128/150 | Train Loss=0.107939 | Test Loss=0.105811
2026-04-24 00:07:56,908 | INFO | [CIFAR10 | DIFFUSION | Fold 1] | Train Batch 250/782 | Avg Loss=0.107302
2026-04-24 00:08:06,861 | INFO | [CIFAR10 | DIFFUSION | Fold 1] | Train Batch 500/782 | Avg Loss=0.107618
2026-04-24 00:08:17,052 | INFO | [CIFAR10 | DIFFUSION | Fold 1] | Train Batch 750/782 | Avg Loss=0.107018
2026-04-24 00:08:18,331 | INFO | [CIFAR10 | DIFFUSION | Fold 1] | Train Batch 782/782 | Avg Loss=0.107173
2026-04-24 00:08:20,301 | INFO | [CIFAR10 | DIFFUSION | Fold 1] | Test Batch 157/157 | Avg Loss=0.105920
2026-04-24 00:08:20,303 | INFO | Fold 1 | Epoch 129/150 | Train Loss=0.107173 | Test Loss=0.105920
2026-04-24 00:08:30,359 | INFO | [CIFAR10 | DIFFUSION | Fold 1] | Train Batch 250/782 | Avg Loss=0.106591
2026-04-24 00:08:40,282 | INFO | [CIFAR10 | DIFFUSION | Fold 1] | Train Batch 500/782 | Avg Loss=0.106897
2026-04-24 00:08:50,208 | INFO | [CIFAR10 | DIFFUSION | Fold 1] | Train Batch 750/782 | Avg Loss=0.106883
2026-04-24 00:08:51,484 | INFO | [CIFAR10 | DIFFUSION | Fold 1] | Train Batch 782/782 | Avg Loss=0.106829
2026-04-24 00:08:53,441 | INFO | [CIFAR10 | DIFFUSION | Fold 1] | Test Batch 157/157 | Avg Loss=0.106426
2026-04-24 00:08:53,443 | INFO | Fold 1 | Epoch 130/150 | Train Loss=0.106829 | Test Loss=0.106426
2026-04-24 00:09:03,474 | INFO | [CIFAR10 | DIFFUSION | Fold 1] | Train Batch 250/782 | Avg Loss=0.107043
2026-04-24 00:09:13,594 | INFO | [CIFAR10 | DIFFUSION | Fold 1] | Train Batch 500/782 | Avg Loss=0.107445
2026-04-24 00:09:23,658 | INFO | [CIFAR10 | DIFFUSION | Fold 1] | Train Batch 750/782 | Avg Loss=0.107447
2026-04-24 00:09:24,939 | INFO | [CIFAR10 | DIFFUSION | Fold 1] | Train Batch 782/782 | Avg Loss=0.107439
2026-04-24 00:09:26,902 | INFO | [CIFAR10 | DIFFUSION | Fold 1] | Test Batch 157/157 | Avg Loss=0.104882
2026-04-24 00:09:26,904 | INFO | Fold 1 | Epoch 131/150 | Train Loss=0.107439 | Test Loss=0.104882
2026-04-24 00:09:36,983 | INFO | [CIFAR10 | DIFFUSION | Fold 1] | Train Batch 250/782 | Avg Loss=0.108664
2026-04-24 00:09:46,961 | INFO | [CIFAR10 | DIFFUSION | Fold 1] | Train Batch 500/782 | Avg Loss=0.107628
2026-04-24 00:09:56,977 | INFO | [CIFAR10 | DIFFUSION | Fold 1] | Train Batch 750/782 | Avg Loss=0.107661
2026-04-24 00:09:58,272 | INFO | [CIFAR10 | DIFFUSION | Fold 1] | Train Batch 782/782 | Avg Loss=0.107667
2026-04-24 00:10:00,233 | INFO | [CIFAR10 | DIFFUSION | Fold 1] | Test Batch 157/157 | Avg Loss=0.105788
2026-04-24 00:10:00,234 | INFO | Fold 1 | Epoch 132/150 | Train Loss=0.107667 | Test Loss=0.105788
2026-04-24 00:10:10,248 | INFO | [CIFAR10 | DIFFUSION | Fold 1] | Train Batch 250/782 | Avg Loss=0.107073
2026-04-24 00:10:20,218 | INFO | [CIFAR10 | DIFFUSION | Fold 1] | Train Batch 500/782 | Avg Loss=0.107428
2026-04-24 00:10:30,196 | INFO | [CIFAR10 | DIFFUSION | Fold 1] | Train Batch 750/782 | Avg Loss=0.107359
2026-04-24 00:10:31,478 | INFO | [CIFAR10 | DIFFUSION | Fold 1] | Train Batch 782/782 | Avg Loss=0.107360
2026-04-24 00:10:33,610 | INFO | [CIFAR10 | DIFFUSION | Fold 1] | Test Batch 157/157 | Avg Loss=0.106895
2026-04-24 00:10:33,612 | INFO | Fold 1 | Epoch 133/150 | Train Loss=0.107360 | Test Loss=0.106895
2026-04-24 00:10:43,780 | INFO | [CIFAR10 | DIFFUSION | Fold 1] | Train Batch 250/782 | Avg Loss=0.108673
2026-04-24 00:10:53,770 | INFO | [CIFAR10 | DIFFUSION | Fold 1] | Train Batch 500/782 | Avg Loss=0.108478
2026-04-24 00:11:03,743 | INFO | [CIFAR10 | DIFFUSION | Fold 1] | Train Batch 750/782 | Avg Loss=0.108195
2026-04-24 00:11:05,069 | INFO | [CIFAR10 | DIFFUSION | Fold 1] | Train Batch 782/782 | Avg Loss=0.108137
2026-04-24 00:11:07,032 | INFO | [CIFAR10 | DIFFUSION | Fold 1] | Test Batch 157/157 | Avg Loss=0.105841
2026-04-24 00:11:07,033 | INFO | Fold 1 | Epoch 134/150 | Train Loss=0.108137 | Test Loss=0.105841
2026-04-24 00:11:17,045 | INFO | [CIFAR10 | DIFFUSION | Fold 1] | Train Batch 250/782 | Avg Loss=0.108083
2026-04-24 00:11:27,035 | INFO | [CIFAR10 | DIFFUSION | Fold 1] | Train Batch 500/782 | Avg Loss=0.107368
2026-04-24 00:11:37,037 | INFO | [CIFAR10 | DIFFUSION | Fold 1] | Train Batch 750/782 | Avg Loss=0.107248
2026-04-24 00:11:38,325 | INFO | [CIFAR10 | DIFFUSION | Fold 1] | Train Batch 782/782 | Avg Loss=0.107317
2026-04-24 00:11:40,305 | INFO | [CIFAR10 | DIFFUSION | Fold 1] | Test Batch 157/157 | Avg Loss=0.106840
2026-04-24 00:11:40,307 | INFO | Fold 1 | Epoch 135/150 | Train Loss=0.107317 | Test Loss=0.106840
2026-04-24 00:11:50,257 | INFO | [CIFAR10 | DIFFUSION | Fold 1] | Train Batch 250/782 | Avg Loss=0.106555
2026-04-24 00:12:00,301 | INFO | [CIFAR10 | DIFFUSION | Fold 1] | Train Batch 500/782 | Avg Loss=0.107275
2026-04-24 00:12:10,259 | INFO | [CIFAR10 | DIFFUSION | Fold 1] | Train Batch 750/782 | Avg Loss=0.107233
2026-04-24 00:12:11,547 | INFO | [CIFAR10 | DIFFUSION | Fold 1] | Train Batch 782/782 | Avg Loss=0.107204
2026-04-24 00:12:13,510 | INFO | [CIFAR10 | DIFFUSION | Fold 1] | Test Batch 157/157 | Avg Loss=0.106785
2026-04-24 00:12:13,511 | INFO | Fold 1 | Epoch 136/150 | Train Loss=0.107204 | Test Loss=0.106785
2026-04-24 00:12:23,535 | INFO | [CIFAR10 | DIFFUSION | Fold 1] | Train Batch 250/782 | Avg Loss=0.107621
2026-04-24 00:12:33,501 | INFO | [CIFAR10 | DIFFUSION | Fold 1] | Train Batch 500/782 | Avg Loss=0.107901
2026-04-24 00:12:43,477 | INFO | [CIFAR10 | DIFFUSION | Fold 1] | Train Batch 750/782 | Avg Loss=0.107729
2026-04-24 00:12:44,764 | INFO | [CIFAR10 | DIFFUSION | Fold 1] | Train Batch 782/782 | Avg Loss=0.107825
2026-04-24 00:12:46,733 | INFO | [CIFAR10 | DIFFUSION | Fold 1] | Test Batch 157/157 | Avg Loss=0.106250
2026-04-24 00:12:46,734 | INFO | Fold 1 | Epoch 137/150 | Train Loss=0.107825 | Test Loss=0.106250
2026-04-24 00:12:56,745 | INFO | [CIFAR10 | DIFFUSION | Fold 1] | Train Batch 250/782 | Avg Loss=0.107721
2026-04-24 00:13:06,719 | INFO | [CIFAR10 | DIFFUSION | Fold 1] | Train Batch 500/782 | Avg Loss=0.108017
2026-04-24 00:13:16,685 | INFO | [CIFAR10 | DIFFUSION | Fold 1] | Train Batch 750/782 | Avg Loss=0.107734
2026-04-24 00:13:17,973 | INFO | [CIFAR10 | DIFFUSION | Fold 1] | Train Batch 782/782 | Avg Loss=0.107632
2026-04-24 00:13:19,940 | INFO | [CIFAR10 | DIFFUSION | Fold 1] | Test Batch 157/157 | Avg Loss=0.106755
2026-04-24 00:13:19,941 | INFO | Fold 1 | Epoch 138/150 | Train Loss=0.107632 | Test Loss=0.106755
2026-04-24 00:13:30,048 | INFO | [CIFAR10 | DIFFUSION | Fold 1] | Train Batch 250/782 | Avg Loss=0.106627
2026-04-24 00:13:40,011 | INFO | [CIFAR10 | DIFFUSION | Fold 1] | Train Batch 500/782 | Avg Loss=0.107219
2026-04-24 00:13:49,988 | INFO | [CIFAR10 | DIFFUSION | Fold 1] | Train Batch 750/782 | Avg Loss=0.107145
2026-04-24 00:13:51,270 | INFO | [CIFAR10 | DIFFUSION | Fold 1] | Train Batch 782/782 | Avg Loss=0.107167
2026-04-24 00:13:53,244 | INFO | [CIFAR10 | DIFFUSION | Fold 1] | Test Batch 157/157 | Avg Loss=0.104281
2026-04-24 00:13:53,245 | INFO | Fold 1 | Epoch 139/150 | Train Loss=0.107167 | Test Loss=0.104281
2026-04-24 00:14:03,271 | INFO | [CIFAR10 | DIFFUSION | Fold 1] | Train Batch 250/782 | Avg Loss=0.108843
2026-04-24 00:14:13,244 | INFO | [CIFAR10 | DIFFUSION | Fold 1] | Train Batch 500/782 | Avg Loss=0.108335
2026-04-24 00:14:23,259 | INFO | [CIFAR10 | DIFFUSION | Fold 1] | Train Batch 750/782 | Avg Loss=0.107859
2026-04-24 00:14:24,540 | INFO | [CIFAR10 | DIFFUSION | Fold 1] | Train Batch 782/782 | Avg Loss=0.107852
2026-04-24 00:14:26,500 | INFO | [CIFAR10 | DIFFUSION | Fold 1] | Test Batch 157/157 | Avg Loss=0.106397
2026-04-24 00:14:26,501 | INFO | Fold 1 | Epoch 140/150 | Train Loss=0.107852 | Test Loss=0.106397
2026-04-24 00:14:36,713 | INFO | [CIFAR10 | DIFFUSION | Fold 1] | Train Batch 250/782 | Avg Loss=0.107308
2026-04-24 00:14:46,724 | INFO | [CIFAR10 | DIFFUSION | Fold 1] | Train Batch 500/782 | Avg Loss=0.107682
2026-04-24 00:14:56,806 | INFO | [CIFAR10 | DIFFUSION | Fold 1] | Train Batch 750/782 | Avg Loss=0.107761
2026-04-24 00:14:58,087 | INFO | [CIFAR10 | DIFFUSION | Fold 1] | Train Batch 782/782 | Avg Loss=0.107797
2026-04-24 00:15:00,054 | INFO | [CIFAR10 | DIFFUSION | Fold 1] | Test Batch 157/157 | Avg Loss=0.105303
2026-04-24 00:15:00,056 | INFO | Fold 1 | Epoch 141/150 | Train Loss=0.107797 | Test Loss=0.105303
2026-04-24 00:15:10,100 | INFO | [CIFAR10 | DIFFUSION | Fold 1] | Train Batch 250/782 | Avg Loss=0.107289
2026-04-24 00:15:20,045 | INFO | [CIFAR10 | DIFFUSION | Fold 1] | Train Batch 500/782 | Avg Loss=0.107462
2026-04-24 00:15:30,049 | INFO | [CIFAR10 | DIFFUSION | Fold 1] | Train Batch 750/782 | Avg Loss=0.107885
2026-04-24 00:15:31,322 | INFO | [CIFAR10 | DIFFUSION | Fold 1] | Train Batch 782/782 | Avg Loss=0.107843
2026-04-24 00:15:33,291 | INFO | [CIFAR10 | DIFFUSION | Fold 1] | Test Batch 157/157 | Avg Loss=0.106260
2026-04-24 00:15:33,292 | INFO | Fold 1 | Epoch 142/150 | Train Loss=0.107843 | Test Loss=0.106260
2026-04-24 00:15:43,319 | INFO | [CIFAR10 | DIFFUSION | Fold 1] | Train Batch 250/782 | Avg Loss=0.108607
2026-04-24 00:15:53,301 | INFO | [CIFAR10 | DIFFUSION | Fold 1] | Train Batch 500/782 | Avg Loss=0.108215
2026-04-24 00:16:03,369 | INFO | [CIFAR10 | DIFFUSION | Fold 1] | Train Batch 750/782 | Avg Loss=0.107583
2026-04-24 00:16:04,683 | INFO | [CIFAR10 | DIFFUSION | Fold 1] | Train Batch 782/782 | Avg Loss=0.107652
2026-04-24 00:16:06,680 | INFO | [CIFAR10 | DIFFUSION | Fold 1] | Test Batch 157/157 | Avg Loss=0.104287
2026-04-24 00:16:06,682 | INFO | Fold 1 | Epoch 143/150 | Train Loss=0.107652 | Test Loss=0.104287
2026-04-24 00:16:16,945 | INFO | [CIFAR10 | DIFFUSION | Fold 1] | Train Batch 250/782 | Avg Loss=0.107689
2026-04-24 00:16:27,304 | INFO | [CIFAR10 | DIFFUSION | Fold 1] | Train Batch 500/782 | Avg Loss=0.107501
2026-04-24 00:16:37,834 | INFO | [CIFAR10 | DIFFUSION | Fold 1] | Train Batch 750/782 | Avg Loss=0.107356
2026-04-24 00:16:39,197 | INFO | [CIFAR10 | DIFFUSION | Fold 1] | Train Batch 782/782 | Avg Loss=0.107254
2026-04-24 00:16:41,295 | INFO | [CIFAR10 | DIFFUSION | Fold 1] | Test Batch 157/157 | Avg Loss=0.105242
2026-04-24 00:16:41,297 | INFO | Fold 1 | Epoch 144/150 | Train Loss=0.107254 | Test Loss=0.105242
2026-04-24 00:16:51,432 | INFO | [CIFAR10 | DIFFUSION | Fold 1] | Train Batch 250/782 | Avg Loss=0.107208
2026-04-24 00:17:01,433 | INFO | [CIFAR10 | DIFFUSION | Fold 1] | Train Batch 500/782 | Avg Loss=0.107238
2026-04-24 00:17:11,470 | INFO | [CIFAR10 | DIFFUSION | Fold 1] | Train Batch 750/782 | Avg Loss=0.107415
2026-04-24 00:17:12,762 | INFO | [CIFAR10 | DIFFUSION | Fold 1] | Train Batch 782/782 | Avg Loss=0.107426
2026-04-24 00:17:14,727 | INFO | [CIFAR10 | DIFFUSION | Fold 1] | Test Batch 157/157 | Avg Loss=0.106429
2026-04-24 00:17:14,728 | INFO | Fold 1 | Epoch 145/150 | Train Loss=0.107426 | Test Loss=0.106429
2026-04-24 00:17:24,742 | INFO | [CIFAR10 | DIFFUSION | Fold 1] | Train Batch 250/782 | Avg Loss=0.107140
2026-04-24 00:17:34,633 | INFO | [CIFAR10 | DIFFUSION | Fold 1] | Train Batch 500/782 | Avg Loss=0.107241
2026-04-24 00:17:44,577 | INFO | [CIFAR10 | DIFFUSION | Fold 1] | Train Batch 750/782 | Avg Loss=0.107782
2026-04-24 00:17:45,981 | INFO | [CIFAR10 | DIFFUSION | Fold 1] | Train Batch 782/782 | Avg Loss=0.107859
2026-04-24 00:17:47,952 | INFO | [CIFAR10 | DIFFUSION | Fold 1] | Test Batch 157/157 | Avg Loss=0.106343
2026-04-24 00:17:47,953 | INFO | Fold 1 | Epoch 146/150 | Train Loss=0.107859 | Test Loss=0.106343
2026-04-24 00:17:58,008 | INFO | [CIFAR10 | DIFFUSION | Fold 1] | Train Batch 250/782 | Avg Loss=0.107158
2026-04-24 00:18:08,041 | INFO | [CIFAR10 | DIFFUSION | Fold 1] | Train Batch 500/782 | Avg Loss=0.106681
2026-04-24 00:18:18,028 | INFO | [CIFAR10 | DIFFUSION | Fold 1] | Train Batch 750/782 | Avg Loss=0.106975
2026-04-24 00:18:19,318 | INFO | [CIFAR10 | DIFFUSION | Fold 1] | Train Batch 782/782 | Avg Loss=0.106960
2026-04-24 00:18:21,284 | INFO | [CIFAR10 | DIFFUSION | Fold 1] | Test Batch 157/157 | Avg Loss=0.105693
2026-04-24 00:18:21,285 | INFO | Fold 1 | Epoch 147/150 | Train Loss=0.106960 | Test Loss=0.105693
2026-04-24 00:18:31,304 | INFO | [CIFAR10 | DIFFUSION | Fold 1] | Train Batch 250/782 | Avg Loss=0.106787
2026-04-24 00:18:41,276 | INFO | [CIFAR10 | DIFFUSION | Fold 1] | Train Batch 500/782 | Avg Loss=0.107181
2026-04-24 00:18:51,247 | INFO | [CIFAR10 | DIFFUSION | Fold 1] | Train Batch 750/782 | Avg Loss=0.107040
2026-04-24 00:18:52,523 | INFO | [CIFAR10 | DIFFUSION | Fold 1] | Train Batch 782/782 | Avg Loss=0.107099
2026-04-24 00:18:54,483 | INFO | [CIFAR10 | DIFFUSION | Fold 1] | Test Batch 157/157 | Avg Loss=0.105714
2026-04-24 00:18:54,484 | INFO | Fold 1 | Epoch 148/150 | Train Loss=0.107099 | Test Loss=0.105714
2026-04-24 00:19:04,512 | INFO | [CIFAR10 | DIFFUSION | Fold 1] | Train Batch 250/782 | Avg Loss=0.107403
2026-04-24 00:19:14,616 | INFO | [CIFAR10 | DIFFUSION | Fold 1] | Train Batch 500/782 | Avg Loss=0.107432
2026-04-24 00:19:24,601 | INFO | [CIFAR10 | DIFFUSION | Fold 1] | Train Batch 750/782 | Avg Loss=0.107668
2026-04-24 00:19:25,877 | INFO | [CIFAR10 | DIFFUSION | Fold 1] | Train Batch 782/782 | Avg Loss=0.107802
2026-04-24 00:19:27,845 | INFO | [CIFAR10 | DIFFUSION | Fold 1] | Test Batch 157/157 | Avg Loss=0.105570
2026-04-24 00:19:27,846 | INFO | Fold 1 | Epoch 149/150 | Train Loss=0.107802 | Test Loss=0.105570
2026-04-24 00:19:37,885 | INFO | [CIFAR10 | DIFFUSION | Fold 1] | Train Batch 250/782 | Avg Loss=0.106342
2026-04-24 00:19:47,874 | INFO | [CIFAR10 | DIFFUSION | Fold 1] | Train Batch 500/782 | Avg Loss=0.107646
2026-04-24 00:19:57,926 | INFO | [CIFAR10 | DIFFUSION | Fold 1] | Train Batch 750/782 | Avg Loss=0.107619
2026-04-24 00:19:59,259 | INFO | [CIFAR10 | DIFFUSION | Fold 1] | Train Batch 782/782 | Avg Loss=0.107557
2026-04-24 00:20:01,217 | INFO | [CIFAR10 | DIFFUSION | Fold 1] | Test Batch 157/157 | Avg Loss=0.105888
2026-04-24 00:20:01,218 | INFO | Fold 1 | Epoch 150/150 | Train Loss=0.107557 | Test Loss=0.105888
2026-04-24 00:20:03,379 | INFO | Fold 1 summary | Noise MSE=0.105888 | PSNR=18.9968 | SSIM=0.6322
2026-04-24 00:20:03,824 | INFO | Diffusion loss curve saved to /scratch/kac965/image-reconstruction-final-study/runs/cifar10/diffusion/study_cifar10_seed003/plots/loss_curve.png
2026-04-24 00:20:04,055 | INFO | Diffusion loss curve (legacy path) saved to /scratch/kac965/image-reconstruction-final-study/runs/diffusion/loss_curves/study_cifar10_seed003.png
2026-04-24 00:20:05,686 | INFO | Diffusion sample grid saved to /scratch/kac965/image-reconstruction-final-study/runs/cifar10/diffusion/study_cifar10_seed003/samples/generated_samples.png
2026-04-24 00:20:06,007 | INFO | Diffusion sample grid (legacy path) saved to /scratch/kac965/image-reconstruction-final-study/runs/diffusion/samples/study_cifar10_seed003.png
2026-04-24 00:20:08,528 | INFO | Diffusion reverse-process snapshots saved to /scratch/kac965/image-reconstruction-final-study/runs/cifar10/diffusion/study_cifar10_seed003/plots/diffusion_snapshots.png
2026-04-24 00:20:11,076 | INFO | Diffusion reverse-process snapshots (legacy path) saved to /scratch/kac965/image-reconstruction-final-study/runs/diffusion/snapshots/study_cifar10_seed003.png
2026-04-24 00:20:11,840 | INFO | Diffusion reconstruction preview saved to /scratch/kac965/image-reconstruction-final-study/runs/cifar10/diffusion/study_cifar10_seed003/plots/reconstructions.png
2026-04-24 00:20:12,248 | INFO | Diffusion reconstruction preview (legacy path) saved to /scratch/kac965/image-reconstruction-final-study/runs/diffusion/reconstructions/study_cifar10_seed003.png
2026-04-24 00:20:12,485 | INFO | Final summary | dataset=cifar10 model=diffusion mean_noise_loss=0.105888 +/- 0.000000 | PSNR=18.9968 | SSIM=0.6322
2026-04-24 00:20:12,485 | INFO | Artifacts saved to /scratch/kac965/image-reconstruction-final-study/runs/cifar10/diffusion/study_cifar10_seed003
