2026-04-23 20:08:53,277 | INFO | Start time: 2026-04-23T20:08:53.277137
2026-04-23 20:08:53,277 | INFO | Hostname: cn1
2026-04-23 20:08:53,277 | INFO | Device: cuda (Tesla V100-SXM2-16GB)
2026-04-23 20:08:53,277 | INFO | Seed: 2
2026-04-23 20:08:53,277 | INFO | CLI args: --config /home/kac965/projects/ImageReconstruction/configs/diffusion/mnist.yaml --seed 2 --run-name study_mnist_seed002 --data-dir /scratch/kac965/image-reconstruction/data --output-dir /scratch/kac965/image-reconstruction-final-study/runs
2026-04-23 20:08:53,278 | INFO | Resolved output directory: /scratch/kac965/image-reconstruction-final-study/runs/mnist/diffusion/study_mnist_seed002
2026-04-23 20:08:53,278 | INFO | Data directory: /scratch/kac965/image-reconstruction/data
2026-04-23 20:08:53,278 | INFO | Download enabled: False
2026-04-23 20:08:53,278 | INFO | Run config: dataset=mnist model=diffusion epochs=50 batch_size=128 lr=0.001 num_workers=4
2026-04-23 20:08:53,391 | INFO | Model hyperparameters: backbone=legacy image_size=28 channels=1 classes=10 base_channels=64 time_dim=64 num_res_blocks=2 timesteps=500 schedule=linear prediction_type=eps sampler=ddim sampling_steps=50 ddim_eta=0 attention_resolutions=() beta_start=0.0001 beta_end=0.02 ema_decay=0 class_dropout_prob=0 guidance_scale=1 grad_clip_norm=1.0 amp=bf16 sample_count=16
2026-04-23 20:08:53,392 | INFO | Saved resolved config to /scratch/kac965/image-reconstruction-final-study/runs/mnist/diffusion/study_mnist_seed002/config.json
2026-04-23 20:08:53,574 | INFO | Dataset sizes: train=60000 test=10000
2026-04-23 20:08:53,574 | INFO | Batch counts: train=469 test=79
2026-04-23 20:08:53,724 | INFO | Trainable parameters: 7891073
2026-04-23 20:13:01,621 | INFO | [MNIST | DIFFUSION | Fold 1] | Train Batch 250/469 | Avg Loss=0.085730
2026-04-23 20:16:37,661 | INFO | [MNIST | DIFFUSION | Fold 1] | Train Batch 469/469 | Avg Loss=0.065929
2026-04-23 20:17:21,599 | INFO | [MNIST | DIFFUSION | Fold 1] | Test Batch 79/79 | Avg Loss=0.041119
2026-04-23 20:17:21,602 | INFO | Fold 1 | Epoch 1/50 | Train Loss=0.065929 | Test Loss=0.041119
2026-04-23 20:21:28,550 | INFO | [MNIST | DIFFUSION | Fold 1] | Train Batch 250/469 | Avg Loss=0.038769
2026-04-23 20:25:04,573 | INFO | [MNIST | DIFFUSION | Fold 1] | Train Batch 469/469 | Avg Loss=0.038137
2026-04-23 20:25:48,481 | INFO | [MNIST | DIFFUSION | Fold 1] | Test Batch 79/79 | Avg Loss=0.036508
2026-04-23 20:25:48,483 | INFO | Fold 1 | Epoch 2/50 | Train Loss=0.038137 | Test Loss=0.036508
2026-04-23 20:29:55,468 | INFO | [MNIST | DIFFUSION | Fold 1] | Train Batch 250/469 | Avg Loss=0.036057
2026-04-23 20:33:31,506 | INFO | [MNIST | DIFFUSION | Fold 1] | Train Batch 469/469 | Avg Loss=0.035441
2026-04-23 20:34:15,404 | INFO | [MNIST | DIFFUSION | Fold 1] | Test Batch 79/79 | Avg Loss=0.034532
2026-04-23 20:34:15,406 | INFO | Fold 1 | Epoch 3/50 | Train Loss=0.035441 | Test Loss=0.034532
2026-04-23 20:38:22,405 | INFO | [MNIST | DIFFUSION | Fold 1] | Train Batch 250/469 | Avg Loss=0.034327
2026-04-23 20:41:58,521 | INFO | [MNIST | DIFFUSION | Fold 1] | Train Batch 469/469 | Avg Loss=0.033896
2026-04-23 20:42:42,405 | INFO | [MNIST | DIFFUSION | Fold 1] | Test Batch 79/79 | Avg Loss=0.034052
2026-04-23 20:42:42,407 | INFO | Fold 1 | Epoch 4/50 | Train Loss=0.033896 | Test Loss=0.034052
2026-04-23 20:46:49,367 | INFO | [MNIST | DIFFUSION | Fold 1] | Train Batch 250/469 | Avg Loss=0.033143
2026-04-23 20:50:25,389 | INFO | [MNIST | DIFFUSION | Fold 1] | Train Batch 469/469 | Avg Loss=0.033114
2026-04-23 20:51:09,303 | INFO | [MNIST | DIFFUSION | Fold 1] | Test Batch 79/79 | Avg Loss=0.032134
2026-04-23 20:51:09,305 | INFO | Fold 1 | Epoch 5/50 | Train Loss=0.033114 | Test Loss=0.032134
2026-04-23 20:55:16,255 | INFO | [MNIST | DIFFUSION | Fold 1] | Train Batch 250/469 | Avg Loss=0.032967
2026-04-23 20:58:52,281 | INFO | [MNIST | DIFFUSION | Fold 1] | Train Batch 469/469 | Avg Loss=0.032800
2026-04-23 20:59:36,176 | INFO | [MNIST | DIFFUSION | Fold 1] | Test Batch 79/79 | Avg Loss=0.032326
2026-04-23 20:59:36,177 | INFO | Fold 1 | Epoch 6/50 | Train Loss=0.032800 | Test Loss=0.032326
2026-04-23 21:03:43,107 | INFO | [MNIST | DIFFUSION | Fold 1] | Train Batch 250/469 | Avg Loss=0.032305
2026-04-23 21:07:19,111 | INFO | [MNIST | DIFFUSION | Fold 1] | Train Batch 469/469 | Avg Loss=0.032434
2026-04-23 21:08:03,008 | INFO | [MNIST | DIFFUSION | Fold 1] | Test Batch 79/79 | Avg Loss=0.031449
2026-04-23 21:08:03,010 | INFO | Fold 1 | Epoch 7/50 | Train Loss=0.032434 | Test Loss=0.031449
2026-04-23 21:12:09,967 | INFO | [MNIST | DIFFUSION | Fold 1] | Train Batch 250/469 | Avg Loss=0.031981
2026-04-23 21:15:45,960 | INFO | [MNIST | DIFFUSION | Fold 1] | Train Batch 469/469 | Avg Loss=0.032044
2026-04-23 21:16:29,824 | INFO | [MNIST | DIFFUSION | Fold 1] | Test Batch 79/79 | Avg Loss=0.032310
2026-04-23 21:16:29,825 | INFO | Fold 1 | Epoch 8/50 | Train Loss=0.032044 | Test Loss=0.032310
2026-04-23 21:20:36,749 | INFO | [MNIST | DIFFUSION | Fold 1] | Train Batch 250/469 | Avg Loss=0.032028
2026-04-23 21:24:12,758 | INFO | [MNIST | DIFFUSION | Fold 1] | Train Batch 469/469 | Avg Loss=0.031673
2026-04-23 21:24:56,643 | INFO | [MNIST | DIFFUSION | Fold 1] | Test Batch 79/79 | Avg Loss=0.031731
2026-04-23 21:24:56,644 | INFO | Fold 1 | Epoch 9/50 | Train Loss=0.031673 | Test Loss=0.031731
2026-04-23 21:29:03,568 | INFO | [MNIST | DIFFUSION | Fold 1] | Train Batch 250/469 | Avg Loss=0.031888
2026-04-23 21:32:39,573 | INFO | [MNIST | DIFFUSION | Fold 1] | Train Batch 469/469 | Avg Loss=0.031912
2026-04-23 21:33:23,452 | INFO | [MNIST | DIFFUSION | Fold 1] | Test Batch 79/79 | Avg Loss=0.031580
2026-04-23 21:33:23,453 | INFO | Fold 1 | Epoch 10/50 | Train Loss=0.031912 | Test Loss=0.031580
2026-04-23 21:37:30,366 | INFO | [MNIST | DIFFUSION | Fold 1] | Train Batch 250/469 | Avg Loss=0.031658
2026-04-23 21:41:06,375 | INFO | [MNIST | DIFFUSION | Fold 1] | Train Batch 469/469 | Avg Loss=0.031710
2026-04-23 21:41:50,288 | INFO | [MNIST | DIFFUSION | Fold 1] | Test Batch 79/79 | Avg Loss=0.031465
2026-04-23 21:41:50,290 | INFO | Fold 1 | Epoch 11/50 | Train Loss=0.031710 | Test Loss=0.031465
2026-04-23 21:45:57,208 | INFO | [MNIST | DIFFUSION | Fold 1] | Train Batch 250/469 | Avg Loss=0.031051
2026-04-23 21:49:33,221 | INFO | [MNIST | DIFFUSION | Fold 1] | Train Batch 469/469 | Avg Loss=0.031207
2026-04-23 21:50:17,106 | INFO | [MNIST | DIFFUSION | Fold 1] | Test Batch 79/79 | Avg Loss=0.031211
2026-04-23 21:50:17,108 | INFO | Fold 1 | Epoch 12/50 | Train Loss=0.031207 | Test Loss=0.031211
2026-04-23 21:54:24,030 | INFO | [MNIST | DIFFUSION | Fold 1] | Train Batch 250/469 | Avg Loss=0.031276
2026-04-23 21:58:00,035 | INFO | [MNIST | DIFFUSION | Fold 1] | Train Batch 469/469 | Avg Loss=0.031111
2026-04-23 21:58:43,913 | INFO | [MNIST | DIFFUSION | Fold 1] | Test Batch 79/79 | Avg Loss=0.031118
2026-04-23 21:58:43,915 | INFO | Fold 1 | Epoch 13/50 | Train Loss=0.031111 | Test Loss=0.031118
2026-04-23 22:02:50,846 | INFO | [MNIST | DIFFUSION | Fold 1] | Train Batch 250/469 | Avg Loss=0.031268
2026-04-23 22:06:26,842 | INFO | [MNIST | DIFFUSION | Fold 1] | Train Batch 469/469 | Avg Loss=0.031255
2026-04-23 22:07:10,725 | INFO | [MNIST | DIFFUSION | Fold 1] | Test Batch 79/79 | Avg Loss=0.030677
2026-04-23 22:07:10,727 | INFO | Fold 1 | Epoch 14/50 | Train Loss=0.031255 | Test Loss=0.030677
2026-04-23 22:11:17,630 | INFO | [MNIST | DIFFUSION | Fold 1] | Train Batch 250/469 | Avg Loss=0.030976
2026-04-23 22:14:53,614 | INFO | [MNIST | DIFFUSION | Fold 1] | Train Batch 469/469 | Avg Loss=0.031001
2026-04-23 22:15:37,493 | INFO | [MNIST | DIFFUSION | Fold 1] | Test Batch 79/79 | Avg Loss=0.030868
2026-04-23 22:15:37,495 | INFO | Fold 1 | Epoch 15/50 | Train Loss=0.031001 | Test Loss=0.030868
2026-04-23 22:19:44,413 | INFO | [MNIST | DIFFUSION | Fold 1] | Train Batch 250/469 | Avg Loss=0.031068
2026-04-23 22:23:20,417 | INFO | [MNIST | DIFFUSION | Fold 1] | Train Batch 469/469 | Avg Loss=0.030922
2026-04-23 22:24:04,307 | INFO | [MNIST | DIFFUSION | Fold 1] | Test Batch 79/79 | Avg Loss=0.031127
2026-04-23 22:24:04,308 | INFO | Fold 1 | Epoch 16/50 | Train Loss=0.030922 | Test Loss=0.031127
2026-04-23 22:28:11,220 | INFO | [MNIST | DIFFUSION | Fold 1] | Train Batch 250/469 | Avg Loss=0.030998
2026-04-23 22:31:47,208 | INFO | [MNIST | DIFFUSION | Fold 1] | Train Batch 469/469 | Avg Loss=0.030992
2026-04-23 22:32:31,065 | INFO | [MNIST | DIFFUSION | Fold 1] | Test Batch 79/79 | Avg Loss=0.030344
2026-04-23 22:32:31,066 | INFO | Fold 1 | Epoch 17/50 | Train Loss=0.030992 | Test Loss=0.030344
2026-04-23 22:36:37,965 | INFO | [MNIST | DIFFUSION | Fold 1] | Train Batch 250/469 | Avg Loss=0.030667
2026-04-23 22:40:13,954 | INFO | [MNIST | DIFFUSION | Fold 1] | Train Batch 469/469 | Avg Loss=0.030681
2026-04-23 22:40:57,813 | INFO | [MNIST | DIFFUSION | Fold 1] | Test Batch 79/79 | Avg Loss=0.030730
2026-04-23 22:40:57,814 | INFO | Fold 1 | Epoch 18/50 | Train Loss=0.030681 | Test Loss=0.030730
2026-04-23 22:45:04,729 | INFO | [MNIST | DIFFUSION | Fold 1] | Train Batch 250/469 | Avg Loss=0.030669
2026-04-23 22:48:40,716 | INFO | [MNIST | DIFFUSION | Fold 1] | Train Batch 469/469 | Avg Loss=0.030578
2026-04-23 22:49:24,588 | INFO | [MNIST | DIFFUSION | Fold 1] | Test Batch 79/79 | Avg Loss=0.031142
2026-04-23 22:49:24,589 | INFO | Fold 1 | Epoch 19/50 | Train Loss=0.030578 | Test Loss=0.031142
2026-04-23 22:53:31,819 | INFO | [MNIST | DIFFUSION | Fold 1] | Train Batch 250/469 | Avg Loss=0.030805
2026-04-23 22:57:08,077 | INFO | [MNIST | DIFFUSION | Fold 1] | Train Batch 469/469 | Avg Loss=0.030786
2026-04-23 22:57:51,962 | INFO | [MNIST | DIFFUSION | Fold 1] | Test Batch 79/79 | Avg Loss=0.030711
2026-04-23 22:57:51,964 | INFO | Fold 1 | Epoch 20/50 | Train Loss=0.030786 | Test Loss=0.030711
2026-04-23 23:01:58,931 | INFO | [MNIST | DIFFUSION | Fold 1] | Train Batch 250/469 | Avg Loss=0.030503
2026-04-23 23:05:34,958 | INFO | [MNIST | DIFFUSION | Fold 1] | Train Batch 469/469 | Avg Loss=0.030519
2026-04-23 23:06:18,830 | INFO | [MNIST | DIFFUSION | Fold 1] | Test Batch 79/79 | Avg Loss=0.030442
2026-04-23 23:06:18,832 | INFO | Fold 1 | Epoch 21/50 | Train Loss=0.030519 | Test Loss=0.030442
2026-04-23 23:10:25,942 | INFO | [MNIST | DIFFUSION | Fold 1] | Train Batch 250/469 | Avg Loss=0.030433
2026-04-23 23:14:01,956 | INFO | [MNIST | DIFFUSION | Fold 1] | Train Batch 469/469 | Avg Loss=0.030310
2026-04-23 23:14:45,842 | INFO | [MNIST | DIFFUSION | Fold 1] | Test Batch 79/79 | Avg Loss=0.030712
2026-04-23 23:14:45,843 | INFO | Fold 1 | Epoch 22/50 | Train Loss=0.030310 | Test Loss=0.030712
2026-04-23 23:18:52,803 | INFO | [MNIST | DIFFUSION | Fold 1] | Train Batch 250/469 | Avg Loss=0.030382
2026-04-23 23:22:28,802 | INFO | [MNIST | DIFFUSION | Fold 1] | Train Batch 469/469 | Avg Loss=0.030399
2026-04-23 23:23:12,658 | INFO | [MNIST | DIFFUSION | Fold 1] | Test Batch 79/79 | Avg Loss=0.030376
2026-04-23 23:23:12,659 | INFO | Fold 1 | Epoch 23/50 | Train Loss=0.030399 | Test Loss=0.030376
2026-04-23 23:27:19,591 | INFO | [MNIST | DIFFUSION | Fold 1] | Train Batch 250/469 | Avg Loss=0.030074
2026-04-23 23:30:55,603 | INFO | [MNIST | DIFFUSION | Fold 1] | Train Batch 469/469 | Avg Loss=0.030163
2026-04-23 23:31:39,547 | INFO | [MNIST | DIFFUSION | Fold 1] | Test Batch 79/79 | Avg Loss=0.030837
2026-04-23 23:31:39,549 | INFO | Fold 1 | Epoch 24/50 | Train Loss=0.030163 | Test Loss=0.030837
2026-04-23 23:35:46,517 | INFO | [MNIST | DIFFUSION | Fold 1] | Train Batch 250/469 | Avg Loss=0.030079
2026-04-23 23:39:22,535 | INFO | [MNIST | DIFFUSION | Fold 1] | Train Batch 469/469 | Avg Loss=0.030207
2026-04-23 23:40:06,416 | INFO | [MNIST | DIFFUSION | Fold 1] | Test Batch 79/79 | Avg Loss=0.029969
2026-04-23 23:40:06,418 | INFO | Fold 1 | Epoch 25/50 | Train Loss=0.030207 | Test Loss=0.029969
2026-04-23 23:44:13,381 | INFO | [MNIST | DIFFUSION | Fold 1] | Train Batch 250/469 | Avg Loss=0.030238
2026-04-23 23:47:49,490 | INFO | [MNIST | DIFFUSION | Fold 1] | Train Batch 469/469 | Avg Loss=0.030189
2026-04-23 23:48:33,382 | INFO | [MNIST | DIFFUSION | Fold 1] | Test Batch 79/79 | Avg Loss=0.030452
2026-04-23 23:48:33,383 | INFO | Fold 1 | Epoch 26/50 | Train Loss=0.030189 | Test Loss=0.030452
2026-04-23 23:52:40,311 | INFO | [MNIST | DIFFUSION | Fold 1] | Train Batch 250/469 | Avg Loss=0.030552
2026-04-23 23:56:16,306 | INFO | [MNIST | DIFFUSION | Fold 1] | Train Batch 469/469 | Avg Loss=0.030351
2026-04-23 23:57:00,189 | INFO | [MNIST | DIFFUSION | Fold 1] | Test Batch 79/79 | Avg Loss=0.029694
2026-04-23 23:57:00,191 | INFO | Fold 1 | Epoch 27/50 | Train Loss=0.030351 | Test Loss=0.029694
2026-04-24 00:01:07,351 | INFO | [MNIST | DIFFUSION | Fold 1] | Train Batch 250/469 | Avg Loss=0.030042
2026-04-24 00:04:43,340 | INFO | [MNIST | DIFFUSION | Fold 1] | Train Batch 469/469 | Avg Loss=0.030111
2026-04-24 00:05:27,214 | INFO | [MNIST | DIFFUSION | Fold 1] | Test Batch 79/79 | Avg Loss=0.030453
2026-04-24 00:05:27,215 | INFO | Fold 1 | Epoch 28/50 | Train Loss=0.030111 | Test Loss=0.030453
2026-04-24 00:09:34,297 | INFO | [MNIST | DIFFUSION | Fold 1] | Train Batch 250/469 | Avg Loss=0.030019
2026-04-24 00:13:10,290 | INFO | [MNIST | DIFFUSION | Fold 1] | Train Batch 469/469 | Avg Loss=0.030025
2026-04-24 00:13:54,158 | INFO | [MNIST | DIFFUSION | Fold 1] | Test Batch 79/79 | Avg Loss=0.029456
2026-04-24 00:13:54,160 | INFO | Fold 1 | Epoch 29/50 | Train Loss=0.030025 | Test Loss=0.029456
2026-04-24 00:18:01,067 | INFO | [MNIST | DIFFUSION | Fold 1] | Train Batch 250/469 | Avg Loss=0.029789
2026-04-24 00:21:37,070 | INFO | [MNIST | DIFFUSION | Fold 1] | Train Batch 469/469 | Avg Loss=0.029910
2026-04-24 00:22:20,954 | INFO | [MNIST | DIFFUSION | Fold 1] | Test Batch 79/79 | Avg Loss=0.029926
2026-04-24 00:22:20,955 | INFO | Fold 1 | Epoch 30/50 | Train Loss=0.029910 | Test Loss=0.029926
2026-04-24 00:26:27,875 | INFO | [MNIST | DIFFUSION | Fold 1] | Train Batch 250/469 | Avg Loss=0.029939
2026-04-24 00:30:03,875 | INFO | [MNIST | DIFFUSION | Fold 1] | Train Batch 469/469 | Avg Loss=0.029884
2026-04-24 00:30:47,752 | INFO | [MNIST | DIFFUSION | Fold 1] | Test Batch 79/79 | Avg Loss=0.029544
2026-04-24 00:30:47,754 | INFO | Fold 1 | Epoch 31/50 | Train Loss=0.029884 | Test Loss=0.029544
2026-04-24 00:34:54,656 | INFO | [MNIST | DIFFUSION | Fold 1] | Train Batch 250/469 | Avg Loss=0.029566
2026-04-24 00:38:30,653 | INFO | [MNIST | DIFFUSION | Fold 1] | Train Batch 469/469 | Avg Loss=0.029717
2026-04-24 00:39:14,535 | INFO | [MNIST | DIFFUSION | Fold 1] | Test Batch 79/79 | Avg Loss=0.029767
2026-04-24 00:39:14,536 | INFO | Fold 1 | Epoch 32/50 | Train Loss=0.029717 | Test Loss=0.029767
2026-04-24 00:43:21,439 | INFO | [MNIST | DIFFUSION | Fold 1] | Train Batch 250/469 | Avg Loss=0.029634
2026-04-24 00:46:57,436 | INFO | [MNIST | DIFFUSION | Fold 1] | Train Batch 469/469 | Avg Loss=0.029765
2026-04-24 00:47:41,312 | INFO | [MNIST | DIFFUSION | Fold 1] | Test Batch 79/79 | Avg Loss=0.029960
2026-04-24 00:47:41,313 | INFO | Fold 1 | Epoch 33/50 | Train Loss=0.029765 | Test Loss=0.029960
2026-04-24 00:51:48,251 | INFO | [MNIST | DIFFUSION | Fold 1] | Train Batch 250/469 | Avg Loss=0.029769
2026-04-24 00:55:24,258 | INFO | [MNIST | DIFFUSION | Fold 1] | Train Batch 469/469 | Avg Loss=0.029868
2026-04-24 00:56:08,145 | INFO | [MNIST | DIFFUSION | Fold 1] | Test Batch 79/79 | Avg Loss=0.029652
2026-04-24 00:56:08,146 | INFO | Fold 1 | Epoch 34/50 | Train Loss=0.029868 | Test Loss=0.029652
2026-04-24 01:00:15,058 | INFO | [MNIST | DIFFUSION | Fold 1] | Train Batch 250/469 | Avg Loss=0.029764
2026-04-24 01:03:51,065 | INFO | [MNIST | DIFFUSION | Fold 1] | Train Batch 469/469 | Avg Loss=0.029669
2026-04-24 01:04:34,946 | INFO | [MNIST | DIFFUSION | Fold 1] | Test Batch 79/79 | Avg Loss=0.029505
2026-04-24 01:04:34,948 | INFO | Fold 1 | Epoch 35/50 | Train Loss=0.029669 | Test Loss=0.029505
2026-04-24 01:08:41,840 | INFO | [MNIST | DIFFUSION | Fold 1] | Train Batch 250/469 | Avg Loss=0.029310
2026-04-24 01:12:17,840 | INFO | [MNIST | DIFFUSION | Fold 1] | Train Batch 469/469 | Avg Loss=0.029531
2026-04-24 01:13:01,703 | INFO | [MNIST | DIFFUSION | Fold 1] | Test Batch 79/79 | Avg Loss=0.029640
2026-04-24 01:13:01,705 | INFO | Fold 1 | Epoch 36/50 | Train Loss=0.029531 | Test Loss=0.029640
2026-04-24 01:17:08,638 | INFO | [MNIST | DIFFUSION | Fold 1] | Train Batch 250/469 | Avg Loss=0.029585
2026-04-24 01:20:44,672 | INFO | [MNIST | DIFFUSION | Fold 1] | Train Batch 469/469 | Avg Loss=0.029731
2026-04-24 01:21:28,567 | INFO | [MNIST | DIFFUSION | Fold 1] | Test Batch 79/79 | Avg Loss=0.029810
2026-04-24 01:21:28,568 | INFO | Fold 1 | Epoch 37/50 | Train Loss=0.029731 | Test Loss=0.029810
2026-04-24 01:25:35,520 | INFO | [MNIST | DIFFUSION | Fold 1] | Train Batch 250/469 | Avg Loss=0.029675
2026-04-24 01:29:11,528 | INFO | [MNIST | DIFFUSION | Fold 1] | Train Batch 469/469 | Avg Loss=0.029532
2026-04-24 01:29:55,429 | INFO | [MNIST | DIFFUSION | Fold 1] | Test Batch 79/79 | Avg Loss=0.029711
2026-04-24 01:29:55,431 | INFO | Fold 1 | Epoch 38/50 | Train Loss=0.029532 | Test Loss=0.029711
2026-04-24 01:34:02,406 | INFO | [MNIST | DIFFUSION | Fold 1] | Train Batch 250/469 | Avg Loss=0.029299
2026-04-24 01:37:38,421 | INFO | [MNIST | DIFFUSION | Fold 1] | Train Batch 469/469 | Avg Loss=0.029428
2026-04-24 01:38:22,312 | INFO | [MNIST | DIFFUSION | Fold 1] | Test Batch 79/79 | Avg Loss=0.029571
2026-04-24 01:38:22,314 | INFO | Fold 1 | Epoch 39/50 | Train Loss=0.029428 | Test Loss=0.029571
2026-04-24 01:42:29,233 | INFO | [MNIST | DIFFUSION | Fold 1] | Train Batch 250/469 | Avg Loss=0.029355
2026-04-24 01:46:05,263 | INFO | [MNIST | DIFFUSION | Fold 1] | Train Batch 469/469 | Avg Loss=0.029381
2026-04-24 01:46:49,151 | INFO | [MNIST | DIFFUSION | Fold 1] | Test Batch 79/79 | Avg Loss=0.029496
2026-04-24 01:46:49,152 | INFO | Fold 1 | Epoch 40/50 | Train Loss=0.029381 | Test Loss=0.029496
2026-04-24 01:50:56,087 | INFO | [MNIST | DIFFUSION | Fold 1] | Train Batch 250/469 | Avg Loss=0.029681
2026-04-24 01:54:32,090 | INFO | [MNIST | DIFFUSION | Fold 1] | Train Batch 469/469 | Avg Loss=0.029672
2026-04-24 01:55:15,973 | INFO | [MNIST | DIFFUSION | Fold 1] | Test Batch 79/79 | Avg Loss=0.029810
2026-04-24 01:55:15,975 | INFO | Fold 1 | Epoch 41/50 | Train Loss=0.029672 | Test Loss=0.029810
2026-04-24 01:59:22,909 | INFO | [MNIST | DIFFUSION | Fold 1] | Train Batch 250/469 | Avg Loss=0.029733
2026-04-24 02:02:58,936 | INFO | [MNIST | DIFFUSION | Fold 1] | Train Batch 469/469 | Avg Loss=0.029812
2026-04-24 02:03:42,836 | INFO | [MNIST | DIFFUSION | Fold 1] | Test Batch 79/79 | Avg Loss=0.029118
2026-04-24 02:03:42,838 | INFO | Fold 1 | Epoch 42/50 | Train Loss=0.029812 | Test Loss=0.029118
2026-04-24 02:07:49,757 | INFO | [MNIST | DIFFUSION | Fold 1] | Train Batch 250/469 | Avg Loss=0.029319
2026-04-24 02:11:25,772 | INFO | [MNIST | DIFFUSION | Fold 1] | Train Batch 469/469 | Avg Loss=0.029391
2026-04-24 02:12:09,666 | INFO | [MNIST | DIFFUSION | Fold 1] | Test Batch 79/79 | Avg Loss=0.029655
2026-04-24 02:12:09,668 | INFO | Fold 1 | Epoch 43/50 | Train Loss=0.029391 | Test Loss=0.029655
2026-04-24 02:16:16,583 | INFO | [MNIST | DIFFUSION | Fold 1] | Train Batch 250/469 | Avg Loss=0.029248
2026-04-24 02:19:52,592 | INFO | [MNIST | DIFFUSION | Fold 1] | Train Batch 469/469 | Avg Loss=0.029320
2026-04-24 02:20:36,484 | INFO | [MNIST | DIFFUSION | Fold 1] | Test Batch 79/79 | Avg Loss=0.029817
2026-04-24 02:20:36,485 | INFO | Fold 1 | Epoch 44/50 | Train Loss=0.029320 | Test Loss=0.029817
2026-04-24 02:24:43,398 | INFO | [MNIST | DIFFUSION | Fold 1] | Train Batch 250/469 | Avg Loss=0.029332
2026-04-24 02:28:19,411 | INFO | [MNIST | DIFFUSION | Fold 1] | Train Batch 469/469 | Avg Loss=0.029530
2026-04-24 02:29:03,383 | INFO | [MNIST | DIFFUSION | Fold 1] | Test Batch 79/79 | Avg Loss=0.029955
2026-04-24 02:29:03,385 | INFO | Fold 1 | Epoch 45/50 | Train Loss=0.029530 | Test Loss=0.029955
2026-04-24 02:33:10,320 | INFO | [MNIST | DIFFUSION | Fold 1] | Train Batch 250/469 | Avg Loss=0.029112
2026-04-24 02:36:46,299 | INFO | [MNIST | DIFFUSION | Fold 1] | Train Batch 469/469 | Avg Loss=0.029368
2026-04-24 02:37:30,178 | INFO | [MNIST | DIFFUSION | Fold 1] | Test Batch 79/79 | Avg Loss=0.028973
2026-04-24 02:37:30,180 | INFO | Fold 1 | Epoch 46/50 | Train Loss=0.029368 | Test Loss=0.028973
2026-04-24 02:41:37,120 | INFO | [MNIST | DIFFUSION | Fold 1] | Train Batch 250/469 | Avg Loss=0.029419
2026-04-24 02:45:13,113 | INFO | [MNIST | DIFFUSION | Fold 1] | Train Batch 469/469 | Avg Loss=0.029368
2026-04-24 02:45:56,969 | INFO | [MNIST | DIFFUSION | Fold 1] | Test Batch 79/79 | Avg Loss=0.029751
2026-04-24 02:45:56,971 | INFO | Fold 1 | Epoch 47/50 | Train Loss=0.029368 | Test Loss=0.029751
2026-04-24 02:50:04,276 | INFO | [MNIST | DIFFUSION | Fold 1] | Train Batch 250/469 | Avg Loss=0.029343
2026-04-24 02:53:40,378 | INFO | [MNIST | DIFFUSION | Fold 1] | Train Batch 469/469 | Avg Loss=0.029377
2026-04-24 02:54:24,263 | INFO | [MNIST | DIFFUSION | Fold 1] | Test Batch 79/79 | Avg Loss=0.029593
2026-04-24 02:54:24,265 | INFO | Fold 1 | Epoch 48/50 | Train Loss=0.029377 | Test Loss=0.029593
2026-04-24 02:58:31,172 | INFO | [MNIST | DIFFUSION | Fold 1] | Train Batch 250/469 | Avg Loss=0.029277
2026-04-24 03:02:07,166 | INFO | [MNIST | DIFFUSION | Fold 1] | Train Batch 469/469 | Avg Loss=0.029272
2026-04-24 03:02:51,054 | INFO | [MNIST | DIFFUSION | Fold 1] | Test Batch 79/79 | Avg Loss=0.029961
2026-04-24 03:02:51,056 | INFO | Fold 1 | Epoch 49/50 | Train Loss=0.029272 | Test Loss=0.029961
2026-04-24 03:06:57,976 | INFO | [MNIST | DIFFUSION | Fold 1] | Train Batch 250/469 | Avg Loss=0.029289
2026-04-24 03:10:33,984 | INFO | [MNIST | DIFFUSION | Fold 1] | Train Batch 469/469 | Avg Loss=0.029285
2026-04-24 03:11:17,852 | INFO | [MNIST | DIFFUSION | Fold 1] | Test Batch 79/79 | Avg Loss=0.029214
2026-04-24 03:11:17,854 | INFO | Fold 1 | Epoch 50/50 | Train Loss=0.029285 | Test Loss=0.029214
2026-04-24 03:12:01,963 | INFO | Fold 1 summary | Noise MSE=0.029214 | PSNR=16.2154 | SSIM=0.6346
2026-04-24 03:12:02,415 | INFO | Diffusion loss curve saved to /scratch/kac965/image-reconstruction-final-study/runs/mnist/diffusion/study_mnist_seed002/plots/loss_curve.png
2026-04-24 03:12:02,676 | INFO | Diffusion loss curve (legacy path) saved to /scratch/kac965/image-reconstruction-final-study/runs/diffusion/loss_curves/study_mnist_seed002.png
2026-04-24 03:12:06,776 | INFO | Diffusion sample grid saved to /scratch/kac965/image-reconstruction-final-study/runs/mnist/diffusion/study_mnist_seed002/samples/generated_samples.png
2026-04-24 03:12:07,182 | INFO | Diffusion sample grid (legacy path) saved to /scratch/kac965/image-reconstruction-final-study/runs/diffusion/samples/study_mnist_seed002.png
2026-04-24 03:12:10,784 | INFO | Diffusion reverse-process snapshots saved to /scratch/kac965/image-reconstruction-final-study/runs/mnist/diffusion/study_mnist_seed002/plots/diffusion_snapshots.png
2026-04-24 03:12:14,344 | INFO | Diffusion reverse-process snapshots (legacy path) saved to /scratch/kac965/image-reconstruction-final-study/runs/diffusion/snapshots/study_mnist_seed002.png
2026-04-24 03:12:16,125 | INFO | Diffusion reconstruction preview saved to /scratch/kac965/image-reconstruction-final-study/runs/mnist/diffusion/study_mnist_seed002/plots/reconstructions.png
2026-04-24 03:12:16,680 | INFO | Diffusion reconstruction preview (legacy path) saved to /scratch/kac965/image-reconstruction-final-study/runs/diffusion/reconstructions/study_mnist_seed002.png
2026-04-24 03:12:16,921 | INFO | Final summary | dataset=mnist model=diffusion mean_noise_loss=0.029214 +/- 0.000000 | PSNR=16.2154 | SSIM=0.6346
2026-04-24 03:12:16,922 | INFO | Artifacts saved to /scratch/kac965/image-reconstruction-final-study/runs/mnist/diffusion/study_mnist_seed002
