2026-04-23 21:28:53,433 | INFO | Start time: 2026-04-23T21:28:53.433116
2026-04-23 21:28:53,433 | INFO | Hostname: cn2
2026-04-23 21:28:53,433 | INFO | Device: cuda (NVIDIA A100-PCIE-40GB)
2026-04-23 21:28:53,433 | INFO | Seed: 2
2026-04-23 21:28:53,434 | INFO | CLI args: --config /home/kac965/projects/ImageReconstruction/configs/diffusion/cifar10.yaml --seed 2 --run-name study_cifar10_seed002 --data-dir /scratch/kac965/image-reconstruction/data --output-dir /scratch/kac965/image-reconstruction-final-study/runs
2026-04-23 21:28:53,434 | INFO | Resolved output directory: /scratch/kac965/image-reconstruction-final-study/runs/cifar10/diffusion/study_cifar10_seed002
2026-04-23 21:28:53,434 | INFO | Data directory: /scratch/kac965/image-reconstruction/data
2026-04-23 21:28:53,434 | INFO | Download enabled: False
2026-04-23 21:28:53,434 | INFO | Run config: dataset=cifar10 model=diffusion epochs=150 batch_size=64 lr=0.001 num_workers=4
2026-04-23 21:28:53,434 | INFO | Model hyperparameters: backbone=adm image_size=32 channels=3 classes=10 base_channels=64 time_dim=128 num_res_blocks=2 timesteps=1000 schedule=cosine prediction_type=v sampler=ddim sampling_steps=50 ddim_eta=0 attention_resolutions=(8,) beta_start=0.0001 beta_end=0.02 ema_decay=0.999 class_dropout_prob=0.1 guidance_scale=3 grad_clip_norm=1.0 amp=bf16 sample_count=16
2026-04-23 21:28:53,435 | INFO | Saved resolved config to /scratch/kac965/image-reconstruction-final-study/runs/cifar10/diffusion/study_cifar10_seed002/config.json
2026-04-23 21:28:54,509 | INFO | Dataset sizes: train=50000 test=10000
2026-04-23 21:28:54,509 | INFO | Batch counts: train=782 test=157
2026-04-23 21:28:54,949 | INFO | Trainable parameters: 6347971
2026-04-23 21:29:06,611 | INFO | [CIFAR10 | DIFFUSION | Fold 1] | Train Batch 250/782 | Avg Loss=0.179885
2026-04-23 21:29:16,798 | INFO | [CIFAR10 | DIFFUSION | Fold 1] | Train Batch 500/782 | Avg Loss=0.156525
2026-04-23 21:29:27,073 | INFO | [CIFAR10 | DIFFUSION | Fold 1] | Train Batch 750/782 | Avg Loss=0.147304
2026-04-23 21:29:28,418 | INFO | [CIFAR10 | DIFFUSION | Fold 1] | Train Batch 782/782 | Avg Loss=0.146371
2026-04-23 21:29:30,512 | INFO | [CIFAR10 | DIFFUSION | Fold 1] | Test Batch 157/157 | Avg Loss=0.265620
2026-04-23 21:29:30,514 | INFO | Fold 1 | Epoch 1/150 | Train Loss=0.146371 | Test Loss=0.265620
2026-04-23 21:29:40,852 | INFO | [CIFAR10 | DIFFUSION | Fold 1] | Train Batch 250/782 | Avg Loss=0.124026
2026-04-23 21:29:51,086 | INFO | [CIFAR10 | DIFFUSION | Fold 1] | Train Batch 500/782 | Avg Loss=0.124316
2026-04-23 21:30:01,346 | INFO | [CIFAR10 | DIFFUSION | Fold 1] | Train Batch 750/782 | Avg Loss=0.124063
2026-04-23 21:30:02,651 | INFO | [CIFAR10 | DIFFUSION | Fold 1] | Train Batch 782/782 | Avg Loss=0.123879
2026-04-23 21:30:04,734 | INFO | [CIFAR10 | DIFFUSION | Fold 1] | Test Batch 157/157 | Avg Loss=0.155184
2026-04-23 21:30:04,735 | INFO | Fold 1 | Epoch 2/150 | Train Loss=0.123879 | Test Loss=0.155184
2026-04-23 21:30:14,889 | INFO | [CIFAR10 | DIFFUSION | Fold 1] | Train Batch 250/782 | Avg Loss=0.122521
2026-04-23 21:30:25,047 | INFO | [CIFAR10 | DIFFUSION | Fold 1] | Train Batch 500/782 | Avg Loss=0.120849
2026-04-23 21:30:35,192 | INFO | [CIFAR10 | DIFFUSION | Fold 1] | Train Batch 750/782 | Avg Loss=0.120684
2026-04-23 21:30:36,487 | INFO | [CIFAR10 | DIFFUSION | Fold 1] | Train Batch 782/782 | Avg Loss=0.120687
2026-04-23 21:30:38,535 | INFO | [CIFAR10 | DIFFUSION | Fold 1] | Test Batch 157/157 | Avg Loss=0.126928
2026-04-23 21:30:38,537 | INFO | Fold 1 | Epoch 3/150 | Train Loss=0.120687 | Test Loss=0.126928
2026-04-23 21:30:48,742 | INFO | [CIFAR10 | DIFFUSION | Fold 1] | Train Batch 250/782 | Avg Loss=0.119974
2026-04-23 21:30:59,022 | INFO | [CIFAR10 | DIFFUSION | Fold 1] | Train Batch 500/782 | Avg Loss=0.119169
2026-04-23 21:31:09,150 | INFO | [CIFAR10 | DIFFUSION | Fold 1] | Train Batch 750/782 | Avg Loss=0.118661
2026-04-23 21:31:10,441 | INFO | [CIFAR10 | DIFFUSION | Fold 1] | Train Batch 782/782 | Avg Loss=0.118534
2026-04-23 21:31:12,510 | INFO | [CIFAR10 | DIFFUSION | Fold 1] | Test Batch 157/157 | Avg Loss=0.119090
2026-04-23 21:31:12,511 | INFO | Fold 1 | Epoch 4/150 | Train Loss=0.118534 | Test Loss=0.119090
2026-04-23 21:31:22,684 | INFO | [CIFAR10 | DIFFUSION | Fold 1] | Train Batch 250/782 | Avg Loss=0.117731
2026-04-23 21:31:32,831 | INFO | [CIFAR10 | DIFFUSION | Fold 1] | Train Batch 500/782 | Avg Loss=0.117168
2026-04-23 21:31:43,003 | INFO | [CIFAR10 | DIFFUSION | Fold 1] | Train Batch 750/782 | Avg Loss=0.116513
2026-04-23 21:31:44,288 | INFO | [CIFAR10 | DIFFUSION | Fold 1] | Train Batch 782/782 | Avg Loss=0.116459
2026-04-23 21:31:46,337 | INFO | [CIFAR10 | DIFFUSION | Fold 1] | Test Batch 157/157 | Avg Loss=0.115689
2026-04-23 21:31:46,339 | INFO | Fold 1 | Epoch 5/150 | Train Loss=0.116459 | Test Loss=0.115689
2026-04-23 21:31:56,739 | INFO | [CIFAR10 | DIFFUSION | Fold 1] | Train Batch 250/782 | Avg Loss=0.117541
2026-04-23 21:32:06,890 | INFO | [CIFAR10 | DIFFUSION | Fold 1] | Train Batch 500/782 | Avg Loss=0.116493
2026-04-23 21:32:17,032 | INFO | [CIFAR10 | DIFFUSION | Fold 1] | Train Batch 750/782 | Avg Loss=0.115939
2026-04-23 21:32:18,321 | INFO | [CIFAR10 | DIFFUSION | Fold 1] | Train Batch 782/782 | Avg Loss=0.115932
2026-04-23 21:32:20,400 | INFO | [CIFAR10 | DIFFUSION | Fold 1] | Test Batch 157/157 | Avg Loss=0.113293
2026-04-23 21:32:20,401 | INFO | Fold 1 | Epoch 6/150 | Train Loss=0.115932 | Test Loss=0.113293
2026-04-23 21:32:30,720 | INFO | [CIFAR10 | DIFFUSION | Fold 1] | Train Batch 250/782 | Avg Loss=0.115289
2026-04-23 21:32:40,841 | INFO | [CIFAR10 | DIFFUSION | Fold 1] | Train Batch 500/782 | Avg Loss=0.115138
2026-04-23 21:32:50,985 | INFO | [CIFAR10 | DIFFUSION | Fold 1] | Train Batch 750/782 | Avg Loss=0.114987
2026-04-23 21:32:52,273 | INFO | [CIFAR10 | DIFFUSION | Fold 1] | Train Batch 782/782 | Avg Loss=0.115005
2026-04-23 21:32:54,348 | INFO | [CIFAR10 | DIFFUSION | Fold 1] | Test Batch 157/157 | Avg Loss=0.114479
2026-04-23 21:32:54,349 | INFO | Fold 1 | Epoch 7/150 | Train Loss=0.115005 | Test Loss=0.114479
2026-04-23 21:33:04,553 | INFO | [CIFAR10 | DIFFUSION | Fold 1] | Train Batch 250/782 | Avg Loss=0.114218
2026-04-23 21:33:14,696 | INFO | [CIFAR10 | DIFFUSION | Fold 1] | Train Batch 500/782 | Avg Loss=0.114209
2026-04-23 21:33:24,841 | INFO | [CIFAR10 | DIFFUSION | Fold 1] | Train Batch 750/782 | Avg Loss=0.114199
2026-04-23 21:33:26,131 | INFO | [CIFAR10 | DIFFUSION | Fold 1] | Train Batch 782/782 | Avg Loss=0.114135
2026-04-23 21:33:28,144 | INFO | [CIFAR10 | DIFFUSION | Fold 1] | Test Batch 157/157 | Avg Loss=0.111464
2026-04-23 21:33:28,145 | INFO | Fold 1 | Epoch 8/150 | Train Loss=0.114135 | Test Loss=0.111464
2026-04-23 21:33:38,317 | INFO | [CIFAR10 | DIFFUSION | Fold 1] | Train Batch 250/782 | Avg Loss=0.115746
2026-04-23 21:33:48,445 | INFO | [CIFAR10 | DIFFUSION | Fold 1] | Train Batch 500/782 | Avg Loss=0.114966
2026-04-23 21:33:58,693 | INFO | [CIFAR10 | DIFFUSION | Fold 1] | Train Batch 750/782 | Avg Loss=0.114581
2026-04-23 21:33:59,980 | INFO | [CIFAR10 | DIFFUSION | Fold 1] | Train Batch 782/782 | Avg Loss=0.114429
2026-04-23 21:34:02,000 | INFO | [CIFAR10 | DIFFUSION | Fold 1] | Test Batch 157/157 | Avg Loss=0.110853
2026-04-23 21:34:02,001 | INFO | Fold 1 | Epoch 9/150 | Train Loss=0.114429 | Test Loss=0.110853
2026-04-23 21:34:12,145 | INFO | [CIFAR10 | DIFFUSION | Fold 1] | Train Batch 250/782 | Avg Loss=0.114192
2026-04-23 21:34:22,283 | INFO | [CIFAR10 | DIFFUSION | Fold 1] | Train Batch 500/782 | Avg Loss=0.113889
2026-04-23 21:34:32,447 | INFO | [CIFAR10 | DIFFUSION | Fold 1] | Train Batch 750/782 | Avg Loss=0.113624
2026-04-23 21:34:33,737 | INFO | [CIFAR10 | DIFFUSION | Fold 1] | Train Batch 782/782 | Avg Loss=0.113580
2026-04-23 21:34:35,766 | INFO | [CIFAR10 | DIFFUSION | Fold 1] | Test Batch 157/157 | Avg Loss=0.110068
2026-04-23 21:34:35,767 | INFO | Fold 1 | Epoch 10/150 | Train Loss=0.113580 | Test Loss=0.110068
2026-04-23 21:34:45,900 | INFO | [CIFAR10 | DIFFUSION | Fold 1] | Train Batch 250/782 | Avg Loss=0.112677
2026-04-23 21:34:56,001 | INFO | [CIFAR10 | DIFFUSION | Fold 1] | Train Batch 500/782 | Avg Loss=0.112996
2026-04-23 21:35:06,105 | INFO | [CIFAR10 | DIFFUSION | Fold 1] | Train Batch 750/782 | Avg Loss=0.113281
2026-04-23 21:35:07,394 | INFO | [CIFAR10 | DIFFUSION | Fold 1] | Train Batch 782/782 | Avg Loss=0.113364
2026-04-23 21:35:09,461 | INFO | [CIFAR10 | DIFFUSION | Fold 1] | Test Batch 157/157 | Avg Loss=0.109206
2026-04-23 21:35:09,462 | INFO | Fold 1 | Epoch 11/150 | Train Loss=0.113364 | Test Loss=0.109206
2026-04-23 21:35:19,750 | INFO | [CIFAR10 | DIFFUSION | Fold 1] | Train Batch 250/782 | Avg Loss=0.112903
2026-04-23 21:35:29,851 | INFO | [CIFAR10 | DIFFUSION | Fold 1] | Train Batch 500/782 | Avg Loss=0.112063
2026-04-23 21:35:39,960 | INFO | [CIFAR10 | DIFFUSION | Fold 1] | Train Batch 750/782 | Avg Loss=0.112601
2026-04-23 21:35:41,251 | INFO | [CIFAR10 | DIFFUSION | Fold 1] | Train Batch 782/782 | Avg Loss=0.112477
2026-04-23 21:35:43,413 | INFO | [CIFAR10 | DIFFUSION | Fold 1] | Test Batch 157/157 | Avg Loss=0.109895
2026-04-23 21:35:43,433 | INFO | Fold 1 | Epoch 12/150 | Train Loss=0.112477 | Test Loss=0.109895
2026-04-23 21:35:53,688 | INFO | [CIFAR10 | DIFFUSION | Fold 1] | Train Batch 250/782 | Avg Loss=0.113308
2026-04-23 21:36:03,810 | INFO | [CIFAR10 | DIFFUSION | Fold 1] | Train Batch 500/782 | Avg Loss=0.112624
2026-04-23 21:36:13,916 | INFO | [CIFAR10 | DIFFUSION | Fold 1] | Train Batch 750/782 | Avg Loss=0.112534
2026-04-23 21:36:15,207 | INFO | [CIFAR10 | DIFFUSION | Fold 1] | Train Batch 782/782 | Avg Loss=0.112640
2026-04-23 21:36:17,249 | INFO | [CIFAR10 | DIFFUSION | Fold 1] | Test Batch 157/157 | Avg Loss=0.109830
2026-04-23 21:36:17,250 | INFO | Fold 1 | Epoch 13/150 | Train Loss=0.112640 | Test Loss=0.109830
2026-04-23 21:36:27,410 | INFO | [CIFAR10 | DIFFUSION | Fold 1] | Train Batch 250/782 | Avg Loss=0.112634
2026-04-23 21:36:37,511 | INFO | [CIFAR10 | DIFFUSION | Fold 1] | Train Batch 500/782 | Avg Loss=0.113151
2026-04-23 21:36:47,797 | INFO | [CIFAR10 | DIFFUSION | Fold 1] | Train Batch 750/782 | Avg Loss=0.112937
2026-04-23 21:36:49,089 | INFO | [CIFAR10 | DIFFUSION | Fold 1] | Train Batch 782/782 | Avg Loss=0.112884
2026-04-23 21:36:51,155 | INFO | [CIFAR10 | DIFFUSION | Fold 1] | Test Batch 157/157 | Avg Loss=0.110454
2026-04-23 21:36:51,156 | INFO | Fold 1 | Epoch 14/150 | Train Loss=0.112884 | Test Loss=0.110454
2026-04-23 21:37:01,370 | INFO | [CIFAR10 | DIFFUSION | Fold 1] | Train Batch 250/782 | Avg Loss=0.112189
2026-04-23 21:37:11,519 | INFO | [CIFAR10 | DIFFUSION | Fold 1] | Train Batch 500/782 | Avg Loss=0.112059
2026-04-23 21:37:21,695 | INFO | [CIFAR10 | DIFFUSION | Fold 1] | Train Batch 750/782 | Avg Loss=0.112041
2026-04-23 21:37:22,991 | INFO | [CIFAR10 | DIFFUSION | Fold 1] | Train Batch 782/782 | Avg Loss=0.112018
2026-04-23 21:37:25,038 | INFO | [CIFAR10 | DIFFUSION | Fold 1] | Test Batch 157/157 | Avg Loss=0.110213
2026-04-23 21:37:25,039 | INFO | Fold 1 | Epoch 15/150 | Train Loss=0.112018 | Test Loss=0.110213
2026-04-23 21:37:35,239 | INFO | [CIFAR10 | DIFFUSION | Fold 1] | Train Batch 250/782 | Avg Loss=0.110867
2026-04-23 21:37:45,396 | INFO | [CIFAR10 | DIFFUSION | Fold 1] | Train Batch 500/782 | Avg Loss=0.111539
2026-04-23 21:37:55,988 | INFO | [CIFAR10 | DIFFUSION | Fold 1] | Train Batch 750/782 | Avg Loss=0.111736
2026-04-23 21:37:57,339 | INFO | [CIFAR10 | DIFFUSION | Fold 1] | Train Batch 782/782 | Avg Loss=0.111683
2026-04-23 21:37:59,396 | INFO | [CIFAR10 | DIFFUSION | Fold 1] | Test Batch 157/157 | Avg Loss=0.110004
2026-04-23 21:37:59,397 | INFO | Fold 1 | Epoch 16/150 | Train Loss=0.111683 | Test Loss=0.110004
2026-04-23 21:38:09,954 | INFO | [CIFAR10 | DIFFUSION | Fold 1] | Train Batch 250/782 | Avg Loss=0.111481
2026-04-23 21:38:20,375 | INFO | [CIFAR10 | DIFFUSION | Fold 1] | Train Batch 500/782 | Avg Loss=0.111369
2026-04-23 21:38:30,657 | INFO | [CIFAR10 | DIFFUSION | Fold 1] | Train Batch 750/782 | Avg Loss=0.111906
2026-04-23 21:38:31,946 | INFO | [CIFAR10 | DIFFUSION | Fold 1] | Train Batch 782/782 | Avg Loss=0.111966
2026-04-23 21:38:34,031 | INFO | [CIFAR10 | DIFFUSION | Fold 1] | Test Batch 157/157 | Avg Loss=0.110691
2026-04-23 21:38:34,032 | INFO | Fold 1 | Epoch 17/150 | Train Loss=0.111966 | Test Loss=0.110691
2026-04-23 21:38:44,326 | INFO | [CIFAR10 | DIFFUSION | Fold 1] | Train Batch 250/782 | Avg Loss=0.111717
2026-04-23 21:38:54,597 | INFO | [CIFAR10 | DIFFUSION | Fold 1] | Train Batch 500/782 | Avg Loss=0.112071
2026-04-23 21:39:04,803 | INFO | [CIFAR10 | DIFFUSION | Fold 1] | Train Batch 750/782 | Avg Loss=0.111809
2026-04-23 21:39:06,096 | INFO | [CIFAR10 | DIFFUSION | Fold 1] | Train Batch 782/782 | Avg Loss=0.111848
2026-04-23 21:39:08,185 | INFO | [CIFAR10 | DIFFUSION | Fold 1] | Test Batch 157/157 | Avg Loss=0.109382
2026-04-23 21:39:08,186 | INFO | Fold 1 | Epoch 18/150 | Train Loss=0.111848 | Test Loss=0.109382
2026-04-23 21:39:18,498 | INFO | [CIFAR10 | DIFFUSION | Fold 1] | Train Batch 250/782 | Avg Loss=0.110835
2026-04-23 21:39:28,751 | INFO | [CIFAR10 | DIFFUSION | Fold 1] | Train Batch 500/782 | Avg Loss=0.111134
2026-04-23 21:39:39,025 | INFO | [CIFAR10 | DIFFUSION | Fold 1] | Train Batch 750/782 | Avg Loss=0.111257
2026-04-23 21:39:40,317 | INFO | [CIFAR10 | DIFFUSION | Fold 1] | Train Batch 782/782 | Avg Loss=0.111250
2026-04-23 21:39:42,451 | INFO | [CIFAR10 | DIFFUSION | Fold 1] | Test Batch 157/157 | Avg Loss=0.109501
2026-04-23 21:39:42,452 | INFO | Fold 1 | Epoch 19/150 | Train Loss=0.111250 | Test Loss=0.109501
2026-04-23 21:39:52,958 | INFO | [CIFAR10 | DIFFUSION | Fold 1] | Train Batch 250/782 | Avg Loss=0.112012
2026-04-23 21:40:03,303 | INFO | [CIFAR10 | DIFFUSION | Fold 1] | Train Batch 500/782 | Avg Loss=0.111661
2026-04-23 21:40:13,587 | INFO | [CIFAR10 | DIFFUSION | Fold 1] | Train Batch 750/782 | Avg Loss=0.111660
2026-04-23 21:40:14,876 | INFO | [CIFAR10 | DIFFUSION | Fold 1] | Train Batch 782/782 | Avg Loss=0.111722
2026-04-23 21:40:16,992 | INFO | [CIFAR10 | DIFFUSION | Fold 1] | Test Batch 157/157 | Avg Loss=0.109335
2026-04-23 21:40:16,993 | INFO | Fold 1 | Epoch 20/150 | Train Loss=0.111722 | Test Loss=0.109335
2026-04-23 21:40:27,308 | INFO | [CIFAR10 | DIFFUSION | Fold 1] | Train Batch 250/782 | Avg Loss=0.111071
2026-04-23 21:40:37,667 | INFO | [CIFAR10 | DIFFUSION | Fold 1] | Train Batch 500/782 | Avg Loss=0.110921
2026-04-23 21:40:47,871 | INFO | [CIFAR10 | DIFFUSION | Fold 1] | Train Batch 750/782 | Avg Loss=0.111041
2026-04-23 21:40:49,159 | INFO | [CIFAR10 | DIFFUSION | Fold 1] | Train Batch 782/782 | Avg Loss=0.110842
2026-04-23 21:40:51,229 | INFO | [CIFAR10 | DIFFUSION | Fold 1] | Test Batch 157/157 | Avg Loss=0.108673
2026-04-23 21:40:51,230 | INFO | Fold 1 | Epoch 21/150 | Train Loss=0.110842 | Test Loss=0.108673
2026-04-23 21:41:01,800 | INFO | [CIFAR10 | DIFFUSION | Fold 1] | Train Batch 250/782 | Avg Loss=0.111144
2026-04-23 21:41:12,098 | INFO | [CIFAR10 | DIFFUSION | Fold 1] | Train Batch 500/782 | Avg Loss=0.110916
2026-04-23 21:41:22,287 | INFO | [CIFAR10 | DIFFUSION | Fold 1] | Train Batch 750/782 | Avg Loss=0.111067
2026-04-23 21:41:23,582 | INFO | [CIFAR10 | DIFFUSION | Fold 1] | Train Batch 782/782 | Avg Loss=0.111100
2026-04-23 21:41:25,653 | INFO | [CIFAR10 | DIFFUSION | Fold 1] | Test Batch 157/157 | Avg Loss=0.110033
2026-04-23 21:41:25,654 | INFO | Fold 1 | Epoch 22/150 | Train Loss=0.111100 | Test Loss=0.110033
2026-04-23 21:41:35,916 | INFO | [CIFAR10 | DIFFUSION | Fold 1] | Train Batch 250/782 | Avg Loss=0.112351
2026-04-23 21:41:46,130 | INFO | [CIFAR10 | DIFFUSION | Fold 1] | Train Batch 500/782 | Avg Loss=0.111436
2026-04-23 21:41:56,331 | INFO | [CIFAR10 | DIFFUSION | Fold 1] | Train Batch 750/782 | Avg Loss=0.111226
2026-04-23 21:41:57,633 | INFO | [CIFAR10 | DIFFUSION | Fold 1] | Train Batch 782/782 | Avg Loss=0.111210
2026-04-23 21:41:59,765 | INFO | [CIFAR10 | DIFFUSION | Fold 1] | Test Batch 157/157 | Avg Loss=0.107576
2026-04-23 21:41:59,766 | INFO | Fold 1 | Epoch 23/150 | Train Loss=0.111210 | Test Loss=0.107576
2026-04-23 21:42:10,319 | INFO | [CIFAR10 | DIFFUSION | Fold 1] | Train Batch 250/782 | Avg Loss=0.110999
2026-04-23 21:42:20,575 | INFO | [CIFAR10 | DIFFUSION | Fold 1] | Train Batch 500/782 | Avg Loss=0.111219
2026-04-23 21:42:30,937 | INFO | [CIFAR10 | DIFFUSION | Fold 1] | Train Batch 750/782 | Avg Loss=0.110899
2026-04-23 21:42:32,231 | INFO | [CIFAR10 | DIFFUSION | Fold 1] | Train Batch 782/782 | Avg Loss=0.110929
2026-04-23 21:42:34,297 | INFO | [CIFAR10 | DIFFUSION | Fold 1] | Test Batch 157/157 | Avg Loss=0.108834
2026-04-23 21:42:34,298 | INFO | Fold 1 | Epoch 24/150 | Train Loss=0.110929 | Test Loss=0.108834
2026-04-23 21:42:44,633 | INFO | [CIFAR10 | DIFFUSION | Fold 1] | Train Batch 250/782 | Avg Loss=0.110335
2026-04-23 21:42:54,896 | INFO | [CIFAR10 | DIFFUSION | Fold 1] | Train Batch 500/782 | Avg Loss=0.110251
2026-04-23 21:43:05,199 | INFO | [CIFAR10 | DIFFUSION | Fold 1] | Train Batch 750/782 | Avg Loss=0.110203
2026-04-23 21:43:06,480 | INFO | [CIFAR10 | DIFFUSION | Fold 1] | Train Batch 782/782 | Avg Loss=0.110184
2026-04-23 21:43:08,596 | INFO | [CIFAR10 | DIFFUSION | Fold 1] | Test Batch 157/157 | Avg Loss=0.108911
2026-04-23 21:43:08,597 | INFO | Fold 1 | Epoch 25/150 | Train Loss=0.110184 | Test Loss=0.108911
2026-04-23 21:43:19,002 | INFO | [CIFAR10 | DIFFUSION | Fold 1] | Train Batch 250/782 | Avg Loss=0.111037
2026-04-23 21:43:29,362 | INFO | [CIFAR10 | DIFFUSION | Fold 1] | Train Batch 500/782 | Avg Loss=0.110467
2026-04-23 21:43:39,656 | INFO | [CIFAR10 | DIFFUSION | Fold 1] | Train Batch 750/782 | Avg Loss=0.110868
2026-04-23 21:43:40,943 | INFO | [CIFAR10 | DIFFUSION | Fold 1] | Train Batch 782/782 | Avg Loss=0.110669
2026-04-23 21:43:43,022 | INFO | [CIFAR10 | DIFFUSION | Fold 1] | Test Batch 157/157 | Avg Loss=0.109243
2026-04-23 21:43:43,023 | INFO | Fold 1 | Epoch 26/150 | Train Loss=0.110669 | Test Loss=0.109243
2026-04-23 21:43:53,206 | INFO | [CIFAR10 | DIFFUSION | Fold 1] | Train Batch 250/782 | Avg Loss=0.111438
2026-04-23 21:44:03,802 | INFO | [CIFAR10 | DIFFUSION | Fold 1] | Train Batch 500/782 | Avg Loss=0.110951
2026-04-23 21:44:14,431 | INFO | [CIFAR10 | DIFFUSION | Fold 1] | Train Batch 750/782 | Avg Loss=0.110975
2026-04-23 21:44:15,720 | INFO | [CIFAR10 | DIFFUSION | Fold 1] | Train Batch 782/782 | Avg Loss=0.111016
2026-04-23 21:44:17,832 | INFO | [CIFAR10 | DIFFUSION | Fold 1] | Test Batch 157/157 | Avg Loss=0.107991
2026-04-23 21:44:17,833 | INFO | Fold 1 | Epoch 27/150 | Train Loss=0.111016 | Test Loss=0.107991
2026-04-23 21:44:28,199 | INFO | [CIFAR10 | DIFFUSION | Fold 1] | Train Batch 250/782 | Avg Loss=0.110829
2026-04-23 21:44:38,346 | INFO | [CIFAR10 | DIFFUSION | Fold 1] | Train Batch 500/782 | Avg Loss=0.110596
2026-04-23 21:44:48,705 | INFO | [CIFAR10 | DIFFUSION | Fold 1] | Train Batch 750/782 | Avg Loss=0.110746
2026-04-23 21:44:49,991 | INFO | [CIFAR10 | DIFFUSION | Fold 1] | Train Batch 782/782 | Avg Loss=0.110748
2026-04-23 21:44:52,159 | INFO | [CIFAR10 | DIFFUSION | Fold 1] | Test Batch 157/157 | Avg Loss=0.109036
2026-04-23 21:44:52,160 | INFO | Fold 1 | Epoch 28/150 | Train Loss=0.110748 | Test Loss=0.109036
2026-04-23 21:45:02,556 | INFO | [CIFAR10 | DIFFUSION | Fold 1] | Train Batch 250/782 | Avg Loss=0.109475
2026-04-23 21:45:12,854 | INFO | [CIFAR10 | DIFFUSION | Fold 1] | Train Batch 500/782 | Avg Loss=0.109550
2026-04-23 21:45:23,089 | INFO | [CIFAR10 | DIFFUSION | Fold 1] | Train Batch 750/782 | Avg Loss=0.109945
2026-04-23 21:45:24,376 | INFO | [CIFAR10 | DIFFUSION | Fold 1] | Train Batch 782/782 | Avg Loss=0.109961
2026-04-23 21:45:26,566 | INFO | [CIFAR10 | DIFFUSION | Fold 1] | Test Batch 157/157 | Avg Loss=0.109442
2026-04-23 21:45:26,567 | INFO | Fold 1 | Epoch 29/150 | Train Loss=0.109961 | Test Loss=0.109442
2026-04-23 21:45:36,929 | INFO | [CIFAR10 | DIFFUSION | Fold 1] | Train Batch 250/782 | Avg Loss=0.110495
2026-04-23 21:45:47,329 | INFO | [CIFAR10 | DIFFUSION | Fold 1] | Train Batch 500/782 | Avg Loss=0.110524
2026-04-23 21:45:57,599 | INFO | [CIFAR10 | DIFFUSION | Fold 1] | Train Batch 750/782 | Avg Loss=0.110347
2026-04-23 21:45:58,883 | INFO | [CIFAR10 | DIFFUSION | Fold 1] | Train Batch 782/782 | Avg Loss=0.110401
2026-04-23 21:46:01,030 | INFO | [CIFAR10 | DIFFUSION | Fold 1] | Test Batch 157/157 | Avg Loss=0.109233
2026-04-23 21:46:01,031 | INFO | Fold 1 | Epoch 30/150 | Train Loss=0.110401 | Test Loss=0.109233
2026-04-23 21:46:11,419 | INFO | [CIFAR10 | DIFFUSION | Fold 1] | Train Batch 250/782 | Avg Loss=0.110902
2026-04-23 21:46:21,790 | INFO | [CIFAR10 | DIFFUSION | Fold 1] | Train Batch 500/782 | Avg Loss=0.110423
2026-04-23 21:46:32,167 | INFO | [CIFAR10 | DIFFUSION | Fold 1] | Train Batch 750/782 | Avg Loss=0.110347
2026-04-23 21:46:33,456 | INFO | [CIFAR10 | DIFFUSION | Fold 1] | Train Batch 782/782 | Avg Loss=0.110355
2026-04-23 21:46:35,601 | INFO | [CIFAR10 | DIFFUSION | Fold 1] | Test Batch 157/157 | Avg Loss=0.107168
2026-04-23 21:46:35,602 | INFO | Fold 1 | Epoch 31/150 | Train Loss=0.110355 | Test Loss=0.107168
2026-04-23 21:46:46,259 | INFO | [CIFAR10 | DIFFUSION | Fold 1] | Train Batch 250/782 | Avg Loss=0.110040
2026-04-23 21:46:56,469 | INFO | [CIFAR10 | DIFFUSION | Fold 1] | Train Batch 500/782 | Avg Loss=0.110190
2026-04-23 21:47:07,030 | INFO | [CIFAR10 | DIFFUSION | Fold 1] | Train Batch 750/782 | Avg Loss=0.110004
2026-04-23 21:47:08,316 | INFO | [CIFAR10 | DIFFUSION | Fold 1] | Train Batch 782/782 | Avg Loss=0.109995
2026-04-23 21:47:10,454 | INFO | [CIFAR10 | DIFFUSION | Fold 1] | Test Batch 157/157 | Avg Loss=0.108485
2026-04-23 21:47:10,455 | INFO | Fold 1 | Epoch 32/150 | Train Loss=0.109995 | Test Loss=0.108485
2026-04-23 21:47:20,932 | INFO | [CIFAR10 | DIFFUSION | Fold 1] | Train Batch 250/782 | Avg Loss=0.109557
2026-04-23 21:47:31,396 | INFO | [CIFAR10 | DIFFUSION | Fold 1] | Train Batch 500/782 | Avg Loss=0.109967
2026-04-23 21:47:41,793 | INFO | [CIFAR10 | DIFFUSION | Fold 1] | Train Batch 750/782 | Avg Loss=0.110232
2026-04-23 21:47:43,132 | INFO | [CIFAR10 | DIFFUSION | Fold 1] | Train Batch 782/782 | Avg Loss=0.110104
2026-04-23 21:47:45,341 | INFO | [CIFAR10 | DIFFUSION | Fold 1] | Test Batch 157/157 | Avg Loss=0.106626
2026-04-23 21:47:45,342 | INFO | Fold 1 | Epoch 33/150 | Train Loss=0.110104 | Test Loss=0.106626
2026-04-23 21:47:55,810 | INFO | [CIFAR10 | DIFFUSION | Fold 1] | Train Batch 250/782 | Avg Loss=0.109786
2026-04-23 21:48:06,108 | INFO | [CIFAR10 | DIFFUSION | Fold 1] | Train Batch 500/782 | Avg Loss=0.109739
2026-04-23 21:48:16,417 | INFO | [CIFAR10 | DIFFUSION | Fold 1] | Train Batch 750/782 | Avg Loss=0.110033
2026-04-23 21:48:17,708 | INFO | [CIFAR10 | DIFFUSION | Fold 1] | Train Batch 782/782 | Avg Loss=0.110040
2026-04-23 21:48:19,821 | INFO | [CIFAR10 | DIFFUSION | Fold 1] | Test Batch 157/157 | Avg Loss=0.108442
2026-04-23 21:48:19,822 | INFO | Fold 1 | Epoch 34/150 | Train Loss=0.110040 | Test Loss=0.108442
2026-04-23 21:48:30,049 | INFO | [CIFAR10 | DIFFUSION | Fold 1] | Train Batch 250/782 | Avg Loss=0.109686
2026-04-23 21:48:40,536 | INFO | [CIFAR10 | DIFFUSION | Fold 1] | Train Batch 500/782 | Avg Loss=0.109799
2026-04-23 21:48:50,825 | INFO | [CIFAR10 | DIFFUSION | Fold 1] | Train Batch 750/782 | Avg Loss=0.110084
2026-04-23 21:48:52,117 | INFO | [CIFAR10 | DIFFUSION | Fold 1] | Train Batch 782/782 | Avg Loss=0.110058
2026-04-23 21:48:54,146 | INFO | [CIFAR10 | DIFFUSION | Fold 1] | Test Batch 157/157 | Avg Loss=0.107943
2026-04-23 21:48:54,147 | INFO | Fold 1 | Epoch 35/150 | Train Loss=0.110058 | Test Loss=0.107943
2026-04-23 21:49:04,549 | INFO | [CIFAR10 | DIFFUSION | Fold 1] | Train Batch 250/782 | Avg Loss=0.110622
2026-04-23 21:49:14,837 | INFO | [CIFAR10 | DIFFUSION | Fold 1] | Train Batch 500/782 | Avg Loss=0.110095
2026-04-23 21:49:25,114 | INFO | [CIFAR10 | DIFFUSION | Fold 1] | Train Batch 750/782 | Avg Loss=0.110119
2026-04-23 21:49:26,405 | INFO | [CIFAR10 | DIFFUSION | Fold 1] | Train Batch 782/782 | Avg Loss=0.110000
2026-04-23 21:49:28,485 | INFO | [CIFAR10 | DIFFUSION | Fold 1] | Test Batch 157/157 | Avg Loss=0.106789
2026-04-23 21:49:28,487 | INFO | Fold 1 | Epoch 36/150 | Train Loss=0.110000 | Test Loss=0.106789
2026-04-23 21:49:38,780 | INFO | [CIFAR10 | DIFFUSION | Fold 1] | Train Batch 250/782 | Avg Loss=0.110244
2026-04-23 21:49:48,931 | INFO | [CIFAR10 | DIFFUSION | Fold 1] | Train Batch 500/782 | Avg Loss=0.110207
2026-04-23 21:49:59,153 | INFO | [CIFAR10 | DIFFUSION | Fold 1] | Train Batch 750/782 | Avg Loss=0.110180
2026-04-23 21:50:00,493 | INFO | [CIFAR10 | DIFFUSION | Fold 1] | Train Batch 782/782 | Avg Loss=0.110139
2026-04-23 21:50:02,533 | INFO | [CIFAR10 | DIFFUSION | Fold 1] | Test Batch 157/157 | Avg Loss=0.108470
2026-04-23 21:50:02,534 | INFO | Fold 1 | Epoch 37/150 | Train Loss=0.110139 | Test Loss=0.108470
2026-04-23 21:50:13,344 | INFO | [CIFAR10 | DIFFUSION | Fold 1] | Train Batch 250/782 | Avg Loss=0.108298
2026-04-23 21:50:23,884 | INFO | [CIFAR10 | DIFFUSION | Fold 1] | Train Batch 500/782 | Avg Loss=0.108718
2026-04-23 21:50:34,268 | INFO | [CIFAR10 | DIFFUSION | Fold 1] | Train Batch 750/782 | Avg Loss=0.109361
2026-04-23 21:50:35,565 | INFO | [CIFAR10 | DIFFUSION | Fold 1] | Train Batch 782/782 | Avg Loss=0.109342
2026-04-23 21:50:37,658 | INFO | [CIFAR10 | DIFFUSION | Fold 1] | Test Batch 157/157 | Avg Loss=0.107268
2026-04-23 21:50:37,659 | INFO | Fold 1 | Epoch 38/150 | Train Loss=0.109342 | Test Loss=0.107268
2026-04-23 21:50:48,073 | INFO | [CIFAR10 | DIFFUSION | Fold 1] | Train Batch 250/782 | Avg Loss=0.108297
2026-04-23 21:50:58,859 | INFO | [CIFAR10 | DIFFUSION | Fold 1] | Train Batch 500/782 | Avg Loss=0.109237
2026-04-23 21:51:09,399 | INFO | [CIFAR10 | DIFFUSION | Fold 1] | Train Batch 750/782 | Avg Loss=0.109680
2026-04-23 21:51:10,698 | INFO | [CIFAR10 | DIFFUSION | Fold 1] | Train Batch 782/782 | Avg Loss=0.109644
2026-04-23 21:51:12,826 | INFO | [CIFAR10 | DIFFUSION | Fold 1] | Test Batch 157/157 | Avg Loss=0.107285
2026-04-23 21:51:12,828 | INFO | Fold 1 | Epoch 39/150 | Train Loss=0.109644 | Test Loss=0.107285
2026-04-23 21:51:23,500 | INFO | [CIFAR10 | DIFFUSION | Fold 1] | Train Batch 250/782 | Avg Loss=0.109877
2026-04-23 21:51:33,973 | INFO | [CIFAR10 | DIFFUSION | Fold 1] | Train Batch 500/782 | Avg Loss=0.110082
2026-04-23 21:51:44,500 | INFO | [CIFAR10 | DIFFUSION | Fold 1] | Train Batch 750/782 | Avg Loss=0.110096
2026-04-23 21:51:45,849 | INFO | [CIFAR10 | DIFFUSION | Fold 1] | Train Batch 782/782 | Avg Loss=0.109993
2026-04-23 21:51:47,934 | INFO | [CIFAR10 | DIFFUSION | Fold 1] | Test Batch 157/157 | Avg Loss=0.109220
2026-04-23 21:51:47,935 | INFO | Fold 1 | Epoch 40/150 | Train Loss=0.109993 | Test Loss=0.109220
2026-04-23 21:51:58,086 | INFO | [CIFAR10 | DIFFUSION | Fold 1] | Train Batch 250/782 | Avg Loss=0.109264
2026-04-23 21:52:08,312 | INFO | [CIFAR10 | DIFFUSION | Fold 1] | Train Batch 500/782 | Avg Loss=0.109100
2026-04-23 21:52:18,603 | INFO | [CIFAR10 | DIFFUSION | Fold 1] | Train Batch 750/782 | Avg Loss=0.109450
2026-04-23 21:52:19,891 | INFO | [CIFAR10 | DIFFUSION | Fold 1] | Train Batch 782/782 | Avg Loss=0.109462
2026-04-23 21:52:21,994 | INFO | [CIFAR10 | DIFFUSION | Fold 1] | Test Batch 157/157 | Avg Loss=0.107223
2026-04-23 21:52:21,996 | INFO | Fold 1 | Epoch 41/150 | Train Loss=0.109462 | Test Loss=0.107223
2026-04-23 21:52:32,349 | INFO | [CIFAR10 | DIFFUSION | Fold 1] | Train Batch 250/782 | Avg Loss=0.110270
2026-04-23 21:52:42,520 | INFO | [CIFAR10 | DIFFUSION | Fold 1] | Train Batch 500/782 | Avg Loss=0.110258
2026-04-23 21:52:52,685 | INFO | [CIFAR10 | DIFFUSION | Fold 1] | Train Batch 750/782 | Avg Loss=0.109755
2026-04-23 21:52:54,031 | INFO | [CIFAR10 | DIFFUSION | Fold 1] | Train Batch 782/782 | Avg Loss=0.109798
2026-04-23 21:52:56,080 | INFO | [CIFAR10 | DIFFUSION | Fold 1] | Test Batch 157/157 | Avg Loss=0.107964
2026-04-23 21:52:56,081 | INFO | Fold 1 | Epoch 42/150 | Train Loss=0.109798 | Test Loss=0.107964
2026-04-23 21:53:06,388 | INFO | [CIFAR10 | DIFFUSION | Fold 1] | Train Batch 250/782 | Avg Loss=0.108992
2026-04-23 21:53:16,691 | INFO | [CIFAR10 | DIFFUSION | Fold 1] | Train Batch 500/782 | Avg Loss=0.109022
2026-04-23 21:53:27,514 | INFO | [CIFAR10 | DIFFUSION | Fold 1] | Train Batch 750/782 | Avg Loss=0.109396
2026-04-23 21:53:28,882 | INFO | [CIFAR10 | DIFFUSION | Fold 1] | Train Batch 782/782 | Avg Loss=0.109493
2026-04-23 21:53:30,951 | INFO | [CIFAR10 | DIFFUSION | Fold 1] | Test Batch 157/157 | Avg Loss=0.108738
2026-04-23 21:53:30,952 | INFO | Fold 1 | Epoch 43/150 | Train Loss=0.109493 | Test Loss=0.108738
2026-04-23 21:53:41,651 | INFO | [CIFAR10 | DIFFUSION | Fold 1] | Train Batch 250/782 | Avg Loss=0.109638
2026-04-23 21:53:52,183 | INFO | [CIFAR10 | DIFFUSION | Fold 1] | Train Batch 500/782 | Avg Loss=0.109637
2026-04-23 21:54:02,660 | INFO | [CIFAR10 | DIFFUSION | Fold 1] | Train Batch 750/782 | Avg Loss=0.109500
2026-04-23 21:54:03,994 | INFO | [CIFAR10 | DIFFUSION | Fold 1] | Train Batch 782/782 | Avg Loss=0.109604
2026-04-23 21:54:06,118 | INFO | [CIFAR10 | DIFFUSION | Fold 1] | Test Batch 157/157 | Avg Loss=0.106660
2026-04-23 21:54:06,119 | INFO | Fold 1 | Epoch 44/150 | Train Loss=0.109604 | Test Loss=0.106660
2026-04-23 21:54:16,496 | INFO | [CIFAR10 | DIFFUSION | Fold 1] | Train Batch 250/782 | Avg Loss=0.110761
2026-04-23 21:54:26,625 | INFO | [CIFAR10 | DIFFUSION | Fold 1] | Train Batch 500/782 | Avg Loss=0.110290
2026-04-23 21:54:37,272 | INFO | [CIFAR10 | DIFFUSION | Fold 1] | Train Batch 750/782 | Avg Loss=0.109835
2026-04-23 21:54:38,563 | INFO | [CIFAR10 | DIFFUSION | Fold 1] | Train Batch 782/782 | Avg Loss=0.109733
2026-04-23 21:54:40,593 | INFO | [CIFAR10 | DIFFUSION | Fold 1] | Test Batch 157/157 | Avg Loss=0.107605
2026-04-23 21:54:40,594 | INFO | Fold 1 | Epoch 45/150 | Train Loss=0.109733 | Test Loss=0.107605
2026-04-23 21:54:50,815 | INFO | [CIFAR10 | DIFFUSION | Fold 1] | Train Batch 250/782 | Avg Loss=0.109822
2026-04-23 21:55:00,966 | INFO | [CIFAR10 | DIFFUSION | Fold 1] | Train Batch 500/782 | Avg Loss=0.109502
2026-04-23 21:55:11,172 | INFO | [CIFAR10 | DIFFUSION | Fold 1] | Train Batch 750/782 | Avg Loss=0.109419
2026-04-23 21:55:12,482 | INFO | [CIFAR10 | DIFFUSION | Fold 1] | Train Batch 782/782 | Avg Loss=0.109399
2026-04-23 21:55:14,546 | INFO | [CIFAR10 | DIFFUSION | Fold 1] | Test Batch 157/157 | Avg Loss=0.107592
2026-04-23 21:55:14,565 | INFO | Fold 1 | Epoch 46/150 | Train Loss=0.109399 | Test Loss=0.107592
2026-04-23 21:55:25,002 | INFO | [CIFAR10 | DIFFUSION | Fold 1] | Train Batch 250/782 | Avg Loss=0.109544
2026-04-23 21:55:35,218 | INFO | [CIFAR10 | DIFFUSION | Fold 1] | Train Batch 500/782 | Avg Loss=0.109562
2026-04-23 21:55:45,423 | INFO | [CIFAR10 | DIFFUSION | Fold 1] | Train Batch 750/782 | Avg Loss=0.109537
2026-04-23 21:55:46,722 | INFO | [CIFAR10 | DIFFUSION | Fold 1] | Train Batch 782/782 | Avg Loss=0.109539
2026-04-23 21:55:48,812 | INFO | [CIFAR10 | DIFFUSION | Fold 1] | Test Batch 157/157 | Avg Loss=0.107425
2026-04-23 21:55:48,813 | INFO | Fold 1 | Epoch 47/150 | Train Loss=0.109539 | Test Loss=0.107425
2026-04-23 21:55:59,123 | INFO | [CIFAR10 | DIFFUSION | Fold 1] | Train Batch 250/782 | Avg Loss=0.110088
2026-04-23 21:56:09,454 | INFO | [CIFAR10 | DIFFUSION | Fold 1] | Train Batch 500/782 | Avg Loss=0.109370
2026-04-23 21:56:19,630 | INFO | [CIFAR10 | DIFFUSION | Fold 1] | Train Batch 750/782 | Avg Loss=0.109240
2026-04-23 21:56:20,952 | INFO | [CIFAR10 | DIFFUSION | Fold 1] | Train Batch 782/782 | Avg Loss=0.109227
2026-04-23 21:56:23,050 | INFO | [CIFAR10 | DIFFUSION | Fold 1] | Test Batch 157/157 | Avg Loss=0.109163
2026-04-23 21:56:23,051 | INFO | Fold 1 | Epoch 48/150 | Train Loss=0.109227 | Test Loss=0.109163
2026-04-23 21:56:33,335 | INFO | [CIFAR10 | DIFFUSION | Fold 1] | Train Batch 250/782 | Avg Loss=0.110186
2026-04-23 21:56:43,709 | INFO | [CIFAR10 | DIFFUSION | Fold 1] | Train Batch 500/782 | Avg Loss=0.109954
2026-04-23 21:56:53,926 | INFO | [CIFAR10 | DIFFUSION | Fold 1] | Train Batch 750/782 | Avg Loss=0.109997
2026-04-23 21:56:55,228 | INFO | [CIFAR10 | DIFFUSION | Fold 1] | Train Batch 782/782 | Avg Loss=0.110042
2026-04-23 21:56:57,279 | INFO | [CIFAR10 | DIFFUSION | Fold 1] | Test Batch 157/157 | Avg Loss=0.108356
2026-04-23 21:56:57,280 | INFO | Fold 1 | Epoch 49/150 | Train Loss=0.110042 | Test Loss=0.108356
2026-04-23 21:57:07,678 | INFO | [CIFAR10 | DIFFUSION | Fold 1] | Train Batch 250/782 | Avg Loss=0.108896
2026-04-23 21:57:18,358 | INFO | [CIFAR10 | DIFFUSION | Fold 1] | Train Batch 500/782 | Avg Loss=0.108885
2026-04-23 21:57:28,674 | INFO | [CIFAR10 | DIFFUSION | Fold 1] | Train Batch 750/782 | Avg Loss=0.108803
2026-04-23 21:57:29,982 | INFO | [CIFAR10 | DIFFUSION | Fold 1] | Train Batch 782/782 | Avg Loss=0.108792
2026-04-23 21:57:32,098 | INFO | [CIFAR10 | DIFFUSION | Fold 1] | Test Batch 157/157 | Avg Loss=0.107517
2026-04-23 21:57:32,105 | INFO | Fold 1 | Epoch 50/150 | Train Loss=0.108792 | Test Loss=0.107517
2026-04-23 21:57:42,896 | INFO | [CIFAR10 | DIFFUSION | Fold 1] | Train Batch 250/782 | Avg Loss=0.108419
2026-04-23 21:57:53,126 | INFO | [CIFAR10 | DIFFUSION | Fold 1] | Train Batch 500/782 | Avg Loss=0.109463
2026-04-23 21:58:03,550 | INFO | [CIFAR10 | DIFFUSION | Fold 1] | Train Batch 750/782 | Avg Loss=0.109185
2026-04-23 21:58:04,904 | INFO | [CIFAR10 | DIFFUSION | Fold 1] | Train Batch 782/782 | Avg Loss=0.109219
2026-04-23 21:58:06,988 | INFO | [CIFAR10 | DIFFUSION | Fold 1] | Test Batch 157/157 | Avg Loss=0.107172
2026-04-23 21:58:06,989 | INFO | Fold 1 | Epoch 51/150 | Train Loss=0.109219 | Test Loss=0.107172
2026-04-23 21:58:17,202 | INFO | [CIFAR10 | DIFFUSION | Fold 1] | Train Batch 250/782 | Avg Loss=0.109744
2026-04-23 21:58:27,739 | INFO | [CIFAR10 | DIFFUSION | Fold 1] | Train Batch 500/782 | Avg Loss=0.109266
2026-04-23 21:58:38,068 | INFO | [CIFAR10 | DIFFUSION | Fold 1] | Train Batch 750/782 | Avg Loss=0.109183
2026-04-23 21:58:39,377 | INFO | [CIFAR10 | DIFFUSION | Fold 1] | Train Batch 782/782 | Avg Loss=0.109393
2026-04-23 21:58:41,518 | INFO | [CIFAR10 | DIFFUSION | Fold 1] | Test Batch 157/157 | Avg Loss=0.107165
2026-04-23 21:58:41,519 | INFO | Fold 1 | Epoch 52/150 | Train Loss=0.109393 | Test Loss=0.107165
2026-04-23 21:58:51,915 | INFO | [CIFAR10 | DIFFUSION | Fold 1] | Train Batch 250/782 | Avg Loss=0.108835
2026-04-23 21:59:02,335 | INFO | [CIFAR10 | DIFFUSION | Fold 1] | Train Batch 500/782 | Avg Loss=0.108713
2026-04-23 21:59:12,920 | INFO | [CIFAR10 | DIFFUSION | Fold 1] | Train Batch 750/782 | Avg Loss=0.108952
2026-04-23 21:59:14,313 | INFO | [CIFAR10 | DIFFUSION | Fold 1] | Train Batch 782/782 | Avg Loss=0.109016
2026-04-23 21:59:16,491 | INFO | [CIFAR10 | DIFFUSION | Fold 1] | Test Batch 157/157 | Avg Loss=0.107196
2026-04-23 21:59:16,492 | INFO | Fold 1 | Epoch 53/150 | Train Loss=0.109016 | Test Loss=0.107196
2026-04-23 21:59:27,093 | INFO | [CIFAR10 | DIFFUSION | Fold 1] | Train Batch 250/782 | Avg Loss=0.108469
2026-04-23 21:59:37,595 | INFO | [CIFAR10 | DIFFUSION | Fold 1] | Train Batch 500/782 | Avg Loss=0.109299
2026-04-23 21:59:48,064 | INFO | [CIFAR10 | DIFFUSION | Fold 1] | Train Batch 750/782 | Avg Loss=0.109159
2026-04-23 21:59:49,352 | INFO | [CIFAR10 | DIFFUSION | Fold 1] | Train Batch 782/782 | Avg Loss=0.109088
2026-04-23 21:59:51,346 | INFO | [CIFAR10 | DIFFUSION | Fold 1] | Test Batch 157/157 | Avg Loss=0.108608
2026-04-23 21:59:51,347 | INFO | Fold 1 | Epoch 54/150 | Train Loss=0.109088 | Test Loss=0.108608
2026-04-23 22:00:02,204 | INFO | [CIFAR10 | DIFFUSION | Fold 1] | Train Batch 250/782 | Avg Loss=0.108778
2026-04-23 22:00:12,506 | INFO | [CIFAR10 | DIFFUSION | Fold 1] | Train Batch 500/782 | Avg Loss=0.109193
2026-04-23 22:00:22,818 | INFO | [CIFAR10 | DIFFUSION | Fold 1] | Train Batch 750/782 | Avg Loss=0.109075
2026-04-23 22:00:24,108 | INFO | [CIFAR10 | DIFFUSION | Fold 1] | Train Batch 782/782 | Avg Loss=0.109140
2026-04-23 22:00:26,269 | INFO | [CIFAR10 | DIFFUSION | Fold 1] | Test Batch 157/157 | Avg Loss=0.108246
2026-04-23 22:00:26,269 | INFO | Fold 1 | Epoch 55/150 | Train Loss=0.109140 | Test Loss=0.108246
2026-04-23 22:00:36,874 | INFO | [CIFAR10 | DIFFUSION | Fold 1] | Train Batch 250/782 | Avg Loss=0.109073
2026-04-23 22:00:47,144 | INFO | [CIFAR10 | DIFFUSION | Fold 1] | Train Batch 500/782 | Avg Loss=0.108966
2026-04-23 22:00:57,560 | INFO | [CIFAR10 | DIFFUSION | Fold 1] | Train Batch 750/782 | Avg Loss=0.109243
2026-04-23 22:00:58,851 | INFO | [CIFAR10 | DIFFUSION | Fold 1] | Train Batch 782/782 | Avg Loss=0.109238
2026-04-23 22:01:01,016 | INFO | [CIFAR10 | DIFFUSION | Fold 1] | Test Batch 157/157 | Avg Loss=0.105847
2026-04-23 22:01:01,029 | INFO | Fold 1 | Epoch 56/150 | Train Loss=0.109238 | Test Loss=0.105847
2026-04-23 22:01:11,388 | INFO | [CIFAR10 | DIFFUSION | Fold 1] | Train Batch 250/782 | Avg Loss=0.107723
2026-04-23 22:01:21,724 | INFO | [CIFAR10 | DIFFUSION | Fold 1] | Train Batch 500/782 | Avg Loss=0.108035
2026-04-23 22:01:31,842 | INFO | [CIFAR10 | DIFFUSION | Fold 1] | Train Batch 750/782 | Avg Loss=0.108415
2026-04-23 22:01:33,122 | INFO | [CIFAR10 | DIFFUSION | Fold 1] | Train Batch 782/782 | Avg Loss=0.108447
2026-04-23 22:01:35,202 | INFO | [CIFAR10 | DIFFUSION | Fold 1] | Test Batch 157/157 | Avg Loss=0.107123
2026-04-23 22:01:35,203 | INFO | Fold 1 | Epoch 57/150 | Train Loss=0.108447 | Test Loss=0.107123
2026-04-23 22:01:45,351 | INFO | [CIFAR10 | DIFFUSION | Fold 1] | Train Batch 250/782 | Avg Loss=0.108354
2026-04-23 22:01:55,491 | INFO | [CIFAR10 | DIFFUSION | Fold 1] | Train Batch 500/782 | Avg Loss=0.108823
2026-04-23 22:02:05,785 | INFO | [CIFAR10 | DIFFUSION | Fold 1] | Train Batch 750/782 | Avg Loss=0.108340
2026-04-23 22:02:07,167 | INFO | [CIFAR10 | DIFFUSION | Fold 1] | Train Batch 782/782 | Avg Loss=0.108352
2026-04-23 22:02:09,371 | INFO | [CIFAR10 | DIFFUSION | Fold 1] | Test Batch 157/157 | Avg Loss=0.106835
2026-04-23 22:02:09,373 | INFO | Fold 1 | Epoch 58/150 | Train Loss=0.108352 | Test Loss=0.106835
2026-04-23 22:02:20,122 | INFO | [CIFAR10 | DIFFUSION | Fold 1] | Train Batch 250/782 | Avg Loss=0.110106
2026-04-23 22:02:30,510 | INFO | [CIFAR10 | DIFFUSION | Fold 1] | Train Batch 500/782 | Avg Loss=0.109962
2026-04-23 22:02:40,834 | INFO | [CIFAR10 | DIFFUSION | Fold 1] | Train Batch 750/782 | Avg Loss=0.109788
2026-04-23 22:02:42,161 | INFO | [CIFAR10 | DIFFUSION | Fold 1] | Train Batch 782/782 | Avg Loss=0.109625
2026-04-23 22:02:44,141 | INFO | [CIFAR10 | DIFFUSION | Fold 1] | Test Batch 157/157 | Avg Loss=0.107508
2026-04-23 22:02:44,142 | INFO | Fold 1 | Epoch 59/150 | Train Loss=0.109625 | Test Loss=0.107508
2026-04-23 22:02:54,556 | INFO | [CIFAR10 | DIFFUSION | Fold 1] | Train Batch 250/782 | Avg Loss=0.108110
2026-04-23 22:03:04,665 | INFO | [CIFAR10 | DIFFUSION | Fold 1] | Train Batch 500/782 | Avg Loss=0.108382
2026-04-23 22:03:16,245 | INFO | [CIFAR10 | DIFFUSION | Fold 1] | Train Batch 750/782 | Avg Loss=0.108809
2026-04-23 22:03:17,895 | INFO | [CIFAR10 | DIFFUSION | Fold 1] | Train Batch 782/782 | Avg Loss=0.108819
2026-04-23 22:03:20,111 | INFO | [CIFAR10 | DIFFUSION | Fold 1] | Test Batch 157/157 | Avg Loss=0.106228
2026-04-23 22:03:20,112 | INFO | Fold 1 | Epoch 60/150 | Train Loss=0.108819 | Test Loss=0.106228
2026-04-23 22:03:31,195 | INFO | [CIFAR10 | DIFFUSION | Fold 1] | Train Batch 250/782 | Avg Loss=0.108817
2026-04-23 22:03:42,611 | INFO | [CIFAR10 | DIFFUSION | Fold 1] | Train Batch 500/782 | Avg Loss=0.109422
2026-04-23 22:03:53,560 | INFO | [CIFAR10 | DIFFUSION | Fold 1] | Train Batch 750/782 | Avg Loss=0.108920
2026-04-23 22:03:54,931 | INFO | [CIFAR10 | DIFFUSION | Fold 1] | Train Batch 782/782 | Avg Loss=0.108855
2026-04-23 22:03:57,011 | INFO | [CIFAR10 | DIFFUSION | Fold 1] | Test Batch 157/157 | Avg Loss=0.107097
2026-04-23 22:03:57,012 | INFO | Fold 1 | Epoch 61/150 | Train Loss=0.108855 | Test Loss=0.107097
2026-04-23 22:04:07,651 | INFO | [CIFAR10 | DIFFUSION | Fold 1] | Train Batch 250/782 | Avg Loss=0.108567
2026-04-23 22:04:17,866 | INFO | [CIFAR10 | DIFFUSION | Fold 1] | Train Batch 500/782 | Avg Loss=0.108572
2026-04-23 22:04:28,019 | INFO | [CIFAR10 | DIFFUSION | Fold 1] | Train Batch 750/782 | Avg Loss=0.108798
2026-04-23 22:04:29,311 | INFO | [CIFAR10 | DIFFUSION | Fold 1] | Train Batch 782/782 | Avg Loss=0.108780
2026-04-23 22:04:31,382 | INFO | [CIFAR10 | DIFFUSION | Fold 1] | Test Batch 157/157 | Avg Loss=0.106085
2026-04-23 22:04:31,383 | INFO | Fold 1 | Epoch 62/150 | Train Loss=0.108780 | Test Loss=0.106085
2026-04-23 22:04:41,562 | INFO | [CIFAR10 | DIFFUSION | Fold 1] | Train Batch 250/782 | Avg Loss=0.109029
2026-04-23 22:04:51,701 | INFO | [CIFAR10 | DIFFUSION | Fold 1] | Train Batch 500/782 | Avg Loss=0.109137
2026-04-23 22:05:01,844 | INFO | [CIFAR10 | DIFFUSION | Fold 1] | Train Batch 750/782 | Avg Loss=0.108757
2026-04-23 22:05:03,127 | INFO | [CIFAR10 | DIFFUSION | Fold 1] | Train Batch 782/782 | Avg Loss=0.108713
2026-04-23 22:05:05,193 | INFO | [CIFAR10 | DIFFUSION | Fold 1] | Test Batch 157/157 | Avg Loss=0.106366
2026-04-23 22:05:05,194 | INFO | Fold 1 | Epoch 63/150 | Train Loss=0.108713 | Test Loss=0.106366
2026-04-23 22:05:15,469 | INFO | [CIFAR10 | DIFFUSION | Fold 1] | Train Batch 250/782 | Avg Loss=0.109533
2026-04-23 22:05:25,700 | INFO | [CIFAR10 | DIFFUSION | Fold 1] | Train Batch 500/782 | Avg Loss=0.108680
2026-04-23 22:05:35,831 | INFO | [CIFAR10 | DIFFUSION | Fold 1] | Train Batch 750/782 | Avg Loss=0.109012
2026-04-23 22:05:37,119 | INFO | [CIFAR10 | DIFFUSION | Fold 1] | Train Batch 782/782 | Avg Loss=0.108986
2026-04-23 22:05:39,189 | INFO | [CIFAR10 | DIFFUSION | Fold 1] | Test Batch 157/157 | Avg Loss=0.106148
2026-04-23 22:05:39,190 | INFO | Fold 1 | Epoch 64/150 | Train Loss=0.108986 | Test Loss=0.106148
2026-04-23 22:05:49,384 | INFO | [CIFAR10 | DIFFUSION | Fold 1] | Train Batch 250/782 | Avg Loss=0.109521
2026-04-23 22:05:59,989 | INFO | [CIFAR10 | DIFFUSION | Fold 1] | Train Batch 500/782 | Avg Loss=0.108547
2026-04-23 22:06:10,263 | INFO | [CIFAR10 | DIFFUSION | Fold 1] | Train Batch 750/782 | Avg Loss=0.108421
2026-04-23 22:06:11,639 | INFO | [CIFAR10 | DIFFUSION | Fold 1] | Train Batch 782/782 | Avg Loss=0.108401
2026-04-23 22:06:13,717 | INFO | [CIFAR10 | DIFFUSION | Fold 1] | Test Batch 157/157 | Avg Loss=0.106299
2026-04-23 22:06:13,718 | INFO | Fold 1 | Epoch 65/150 | Train Loss=0.108401 | Test Loss=0.106299
2026-04-23 22:06:23,870 | INFO | [CIFAR10 | DIFFUSION | Fold 1] | Train Batch 250/782 | Avg Loss=0.109458
2026-04-23 22:06:34,149 | INFO | [CIFAR10 | DIFFUSION | Fold 1] | Train Batch 500/782 | Avg Loss=0.109255
2026-04-23 22:06:44,662 | INFO | [CIFAR10 | DIFFUSION | Fold 1] | Train Batch 750/782 | Avg Loss=0.109180
2026-04-23 22:06:45,956 | INFO | [CIFAR10 | DIFFUSION | Fold 1] | Train Batch 782/782 | Avg Loss=0.109345
2026-04-23 22:06:48,055 | INFO | [CIFAR10 | DIFFUSION | Fold 1] | Test Batch 157/157 | Avg Loss=0.107760
2026-04-23 22:06:48,056 | INFO | Fold 1 | Epoch 66/150 | Train Loss=0.109345 | Test Loss=0.107760
2026-04-23 22:06:58,315 | INFO | [CIFAR10 | DIFFUSION | Fold 1] | Train Batch 250/782 | Avg Loss=0.109405
2026-04-23 22:07:08,491 | INFO | [CIFAR10 | DIFFUSION | Fold 1] | Train Batch 500/782 | Avg Loss=0.109388
2026-04-23 22:07:18,843 | INFO | [CIFAR10 | DIFFUSION | Fold 1] | Train Batch 750/782 | Avg Loss=0.109407
2026-04-23 22:07:20,128 | INFO | [CIFAR10 | DIFFUSION | Fold 1] | Train Batch 782/782 | Avg Loss=0.109404
2026-04-23 22:07:22,258 | INFO | [CIFAR10 | DIFFUSION | Fold 1] | Test Batch 157/157 | Avg Loss=0.106448
2026-04-23 22:07:22,259 | INFO | Fold 1 | Epoch 67/150 | Train Loss=0.109404 | Test Loss=0.106448
2026-04-23 22:07:32,721 | INFO | [CIFAR10 | DIFFUSION | Fold 1] | Train Batch 250/782 | Avg Loss=0.108435
2026-04-23 22:07:43,035 | INFO | [CIFAR10 | DIFFUSION | Fold 1] | Train Batch 500/782 | Avg Loss=0.108724
2026-04-23 22:07:53,476 | INFO | [CIFAR10 | DIFFUSION | Fold 1] | Train Batch 750/782 | Avg Loss=0.108691
2026-04-23 22:07:54,755 | INFO | [CIFAR10 | DIFFUSION | Fold 1] | Train Batch 782/782 | Avg Loss=0.108711
2026-04-23 22:07:56,911 | INFO | [CIFAR10 | DIFFUSION | Fold 1] | Test Batch 157/157 | Avg Loss=0.107307
2026-04-23 22:07:56,912 | INFO | Fold 1 | Epoch 68/150 | Train Loss=0.108711 | Test Loss=0.107307
2026-04-23 22:08:07,445 | INFO | [CIFAR10 | DIFFUSION | Fold 1] | Train Batch 250/782 | Avg Loss=0.107580
2026-04-23 22:08:17,692 | INFO | [CIFAR10 | DIFFUSION | Fold 1] | Train Batch 500/782 | Avg Loss=0.108768
2026-04-23 22:08:27,943 | INFO | [CIFAR10 | DIFFUSION | Fold 1] | Train Batch 750/782 | Avg Loss=0.108667
2026-04-23 22:08:29,231 | INFO | [CIFAR10 | DIFFUSION | Fold 1] | Train Batch 782/782 | Avg Loss=0.108630
2026-04-23 22:08:31,320 | INFO | [CIFAR10 | DIFFUSION | Fold 1] | Test Batch 157/157 | Avg Loss=0.107207
2026-04-23 22:08:31,321 | INFO | Fold 1 | Epoch 69/150 | Train Loss=0.108630 | Test Loss=0.107207
2026-04-23 22:08:41,493 | INFO | [CIFAR10 | DIFFUSION | Fold 1] | Train Batch 250/782 | Avg Loss=0.108707
2026-04-23 22:08:51,701 | INFO | [CIFAR10 | DIFFUSION | Fold 1] | Train Batch 500/782 | Avg Loss=0.108507
2026-04-23 22:09:01,918 | INFO | [CIFAR10 | DIFFUSION | Fold 1] | Train Batch 750/782 | Avg Loss=0.108193
2026-04-23 22:09:03,198 | INFO | [CIFAR10 | DIFFUSION | Fold 1] | Train Batch 782/782 | Avg Loss=0.108244
2026-04-23 22:09:05,312 | INFO | [CIFAR10 | DIFFUSION | Fold 1] | Test Batch 157/157 | Avg Loss=0.104975
2026-04-23 22:09:05,313 | INFO | Fold 1 | Epoch 70/150 | Train Loss=0.108244 | Test Loss=0.104975
2026-04-23 22:09:15,589 | INFO | [CIFAR10 | DIFFUSION | Fold 1] | Train Batch 250/782 | Avg Loss=0.109609
2026-04-23 22:09:25,746 | INFO | [CIFAR10 | DIFFUSION | Fold 1] | Train Batch 500/782 | Avg Loss=0.109125
2026-04-23 22:09:36,141 | INFO | [CIFAR10 | DIFFUSION | Fold 1] | Train Batch 750/782 | Avg Loss=0.109123
2026-04-23 22:09:37,611 | INFO | [CIFAR10 | DIFFUSION | Fold 1] | Train Batch 782/782 | Avg Loss=0.109170
2026-04-23 22:09:39,676 | INFO | [CIFAR10 | DIFFUSION | Fold 1] | Test Batch 157/157 | Avg Loss=0.105817
2026-04-23 22:09:39,677 | INFO | Fold 1 | Epoch 71/150 | Train Loss=0.109170 | Test Loss=0.105817
2026-04-23 22:09:49,796 | INFO | [CIFAR10 | DIFFUSION | Fold 1] | Train Batch 250/782 | Avg Loss=0.107639
2026-04-23 22:10:00,178 | INFO | [CIFAR10 | DIFFUSION | Fold 1] | Train Batch 500/782 | Avg Loss=0.107870
2026-04-23 22:10:10,277 | INFO | [CIFAR10 | DIFFUSION | Fold 1] | Train Batch 750/782 | Avg Loss=0.108256
2026-04-23 22:10:11,558 | INFO | [CIFAR10 | DIFFUSION | Fold 1] | Train Batch 782/782 | Avg Loss=0.108396
2026-04-23 22:10:13,698 | INFO | [CIFAR10 | DIFFUSION | Fold 1] | Test Batch 157/157 | Avg Loss=0.108472
2026-04-23 22:10:13,699 | INFO | Fold 1 | Epoch 72/150 | Train Loss=0.108396 | Test Loss=0.108472
2026-04-23 22:10:23,875 | INFO | [CIFAR10 | DIFFUSION | Fold 1] | Train Batch 250/782 | Avg Loss=0.109496
2026-04-23 22:10:34,047 | INFO | [CIFAR10 | DIFFUSION | Fold 1] | Train Batch 500/782 | Avg Loss=0.108876
2026-04-23 22:10:44,398 | INFO | [CIFAR10 | DIFFUSION | Fold 1] | Train Batch 750/782 | Avg Loss=0.108785
2026-04-23 22:10:45,682 | INFO | [CIFAR10 | DIFFUSION | Fold 1] | Train Batch 782/782 | Avg Loss=0.108804
2026-04-23 22:10:47,769 | INFO | [CIFAR10 | DIFFUSION | Fold 1] | Test Batch 157/157 | Avg Loss=0.106408
2026-04-23 22:10:47,770 | INFO | Fold 1 | Epoch 73/150 | Train Loss=0.108804 | Test Loss=0.106408
2026-04-23 22:10:58,085 | INFO | [CIFAR10 | DIFFUSION | Fold 1] | Train Batch 250/782 | Avg Loss=0.109260
2026-04-23 22:11:08,417 | INFO | [CIFAR10 | DIFFUSION | Fold 1] | Train Batch 500/782 | Avg Loss=0.108616
2026-04-23 22:11:18,574 | INFO | [CIFAR10 | DIFFUSION | Fold 1] | Train Batch 750/782 | Avg Loss=0.108848
2026-04-23 22:11:19,934 | INFO | [CIFAR10 | DIFFUSION | Fold 1] | Train Batch 782/782 | Avg Loss=0.108753
2026-04-23 22:11:21,992 | INFO | [CIFAR10 | DIFFUSION | Fold 1] | Test Batch 157/157 | Avg Loss=0.106781
2026-04-23 22:11:21,993 | INFO | Fold 1 | Epoch 74/150 | Train Loss=0.108753 | Test Loss=0.106781
2026-04-23 22:11:32,160 | INFO | [CIFAR10 | DIFFUSION | Fold 1] | Train Batch 250/782 | Avg Loss=0.108026
2026-04-23 22:11:42,271 | INFO | [CIFAR10 | DIFFUSION | Fold 1] | Train Batch 500/782 | Avg Loss=0.107958
2026-04-23 22:11:52,599 | INFO | [CIFAR10 | DIFFUSION | Fold 1] | Train Batch 750/782 | Avg Loss=0.108446
2026-04-23 22:11:53,881 | INFO | [CIFAR10 | DIFFUSION | Fold 1] | Train Batch 782/782 | Avg Loss=0.108390
2026-04-23 22:11:55,980 | INFO | [CIFAR10 | DIFFUSION | Fold 1] | Test Batch 157/157 | Avg Loss=0.106428
2026-04-23 22:11:55,981 | INFO | Fold 1 | Epoch 75/150 | Train Loss=0.108390 | Test Loss=0.106428
2026-04-23 22:12:06,091 | INFO | [CIFAR10 | DIFFUSION | Fold 1] | Train Batch 250/782 | Avg Loss=0.107534
2026-04-23 22:12:16,182 | INFO | [CIFAR10 | DIFFUSION | Fold 1] | Train Batch 500/782 | Avg Loss=0.108132
2026-04-23 22:12:26,266 | INFO | [CIFAR10 | DIFFUSION | Fold 1] | Train Batch 750/782 | Avg Loss=0.108039
2026-04-23 22:12:27,662 | INFO | [CIFAR10 | DIFFUSION | Fold 1] | Train Batch 782/782 | Avg Loss=0.108124
2026-04-23 22:12:29,758 | INFO | [CIFAR10 | DIFFUSION | Fold 1] | Test Batch 157/157 | Avg Loss=0.106672
2026-04-23 22:12:29,759 | INFO | Fold 1 | Epoch 76/150 | Train Loss=0.108124 | Test Loss=0.106672
2026-04-23 22:12:39,873 | INFO | [CIFAR10 | DIFFUSION | Fold 1] | Train Batch 250/782 | Avg Loss=0.108626
2026-04-23 22:12:49,942 | INFO | [CIFAR10 | DIFFUSION | Fold 1] | Train Batch 500/782 | Avg Loss=0.108128
2026-04-23 22:13:00,022 | INFO | [CIFAR10 | DIFFUSION | Fold 1] | Train Batch 750/782 | Avg Loss=0.108205
2026-04-23 22:13:01,303 | INFO | [CIFAR10 | DIFFUSION | Fold 1] | Train Batch 782/782 | Avg Loss=0.108394
2026-04-23 22:13:03,427 | INFO | [CIFAR10 | DIFFUSION | Fold 1] | Test Batch 157/157 | Avg Loss=0.106674
2026-04-23 22:13:03,428 | INFO | Fold 1 | Epoch 77/150 | Train Loss=0.108394 | Test Loss=0.106674
2026-04-23 22:13:13,510 | INFO | [CIFAR10 | DIFFUSION | Fold 1] | Train Batch 250/782 | Avg Loss=0.107793
2026-04-23 22:13:23,854 | INFO | [CIFAR10 | DIFFUSION | Fold 1] | Train Batch 500/782 | Avg Loss=0.107904
2026-04-23 22:13:33,908 | INFO | [CIFAR10 | DIFFUSION | Fold 1] | Train Batch 750/782 | Avg Loss=0.108119
2026-04-23 22:13:35,191 | INFO | [CIFAR10 | DIFFUSION | Fold 1] | Train Batch 782/782 | Avg Loss=0.108146
2026-04-23 22:13:37,253 | INFO | [CIFAR10 | DIFFUSION | Fold 1] | Test Batch 157/157 | Avg Loss=0.105636
2026-04-23 22:13:37,254 | INFO | Fold 1 | Epoch 78/150 | Train Loss=0.108146 | Test Loss=0.105636
2026-04-23 22:13:47,358 | INFO | [CIFAR10 | DIFFUSION | Fold 1] | Train Batch 250/782 | Avg Loss=0.107509
2026-04-23 22:13:57,533 | INFO | [CIFAR10 | DIFFUSION | Fold 1] | Train Batch 500/782 | Avg Loss=0.107993
2026-04-23 22:14:07,583 | INFO | [CIFAR10 | DIFFUSION | Fold 1] | Train Batch 750/782 | Avg Loss=0.108257
2026-04-23 22:14:08,859 | INFO | [CIFAR10 | DIFFUSION | Fold 1] | Train Batch 782/782 | Avg Loss=0.108256
2026-04-23 22:14:10,955 | INFO | [CIFAR10 | DIFFUSION | Fold 1] | Test Batch 157/157 | Avg Loss=0.106941
2026-04-23 22:14:10,956 | INFO | Fold 1 | Epoch 79/150 | Train Loss=0.108256 | Test Loss=0.106941
2026-04-23 22:14:21,047 | INFO | [CIFAR10 | DIFFUSION | Fold 1] | Train Batch 250/782 | Avg Loss=0.108130
2026-04-23 22:14:31,096 | INFO | [CIFAR10 | DIFFUSION | Fold 1] | Train Batch 500/782 | Avg Loss=0.108142
2026-04-23 22:14:41,145 | INFO | [CIFAR10 | DIFFUSION | Fold 1] | Train Batch 750/782 | Avg Loss=0.108153
2026-04-23 22:14:42,422 | INFO | [CIFAR10 | DIFFUSION | Fold 1] | Train Batch 782/782 | Avg Loss=0.108157
2026-04-23 22:14:44,463 | INFO | [CIFAR10 | DIFFUSION | Fold 1] | Test Batch 157/157 | Avg Loss=0.107919
2026-04-23 22:14:44,464 | INFO | Fold 1 | Epoch 80/150 | Train Loss=0.108157 | Test Loss=0.107919
2026-04-23 22:14:54,570 | INFO | [CIFAR10 | DIFFUSION | Fold 1] | Train Batch 250/782 | Avg Loss=0.108533
2026-04-23 22:15:04,617 | INFO | [CIFAR10 | DIFFUSION | Fold 1] | Train Batch 500/782 | Avg Loss=0.108477
2026-04-23 22:15:14,673 | INFO | [CIFAR10 | DIFFUSION | Fold 1] | Train Batch 750/782 | Avg Loss=0.108174
2026-04-23 22:15:15,954 | INFO | [CIFAR10 | DIFFUSION | Fold 1] | Train Batch 782/782 | Avg Loss=0.108305
2026-04-23 22:15:18,019 | INFO | [CIFAR10 | DIFFUSION | Fold 1] | Test Batch 157/157 | Avg Loss=0.105937
2026-04-23 22:15:18,020 | INFO | Fold 1 | Epoch 81/150 | Train Loss=0.108305 | Test Loss=0.105937
2026-04-23 22:15:28,244 | INFO | [CIFAR10 | DIFFUSION | Fold 1] | Train Batch 250/782 | Avg Loss=0.107058
2026-04-23 22:15:38,367 | INFO | [CIFAR10 | DIFFUSION | Fold 1] | Train Batch 500/782 | Avg Loss=0.107943
2026-04-23 22:15:48,451 | INFO | [CIFAR10 | DIFFUSION | Fold 1] | Train Batch 750/782 | Avg Loss=0.107646
2026-04-23 22:15:49,734 | INFO | [CIFAR10 | DIFFUSION | Fold 1] | Train Batch 782/782 | Avg Loss=0.107631
2026-04-23 22:15:51,766 | INFO | [CIFAR10 | DIFFUSION | Fold 1] | Test Batch 157/157 | Avg Loss=0.105667
2026-04-23 22:15:51,767 | INFO | Fold 1 | Epoch 82/150 | Train Loss=0.107631 | Test Loss=0.105667
2026-04-23 22:16:02,250 | INFO | [CIFAR10 | DIFFUSION | Fold 1] | Train Batch 250/782 | Avg Loss=0.108611
2026-04-23 22:16:12,531 | INFO | [CIFAR10 | DIFFUSION | Fold 1] | Train Batch 500/782 | Avg Loss=0.108524
2026-04-23 22:16:22,737 | INFO | [CIFAR10 | DIFFUSION | Fold 1] | Train Batch 750/782 | Avg Loss=0.108691
2026-04-23 22:16:24,018 | INFO | [CIFAR10 | DIFFUSION | Fold 1] | Train Batch 782/782 | Avg Loss=0.108642
2026-04-23 22:16:26,206 | INFO | [CIFAR10 | DIFFUSION | Fold 1] | Test Batch 157/157 | Avg Loss=0.106263
2026-04-23 22:16:26,208 | INFO | Fold 1 | Epoch 83/150 | Train Loss=0.108642 | Test Loss=0.106263
2026-04-23 22:16:36,720 | INFO | [CIFAR10 | DIFFUSION | Fold 1] | Train Batch 250/782 | Avg Loss=0.108951
2026-04-23 22:16:47,296 | INFO | [CIFAR10 | DIFFUSION | Fold 1] | Train Batch 500/782 | Avg Loss=0.108538
2026-04-23 22:16:57,776 | INFO | [CIFAR10 | DIFFUSION | Fold 1] | Train Batch 750/782 | Avg Loss=0.108352
2026-04-23 22:16:59,099 | INFO | [CIFAR10 | DIFFUSION | Fold 1] | Train Batch 782/782 | Avg Loss=0.108455
2026-04-23 22:17:01,260 | INFO | [CIFAR10 | DIFFUSION | Fold 1] | Test Batch 157/157 | Avg Loss=0.105740
2026-04-23 22:17:01,261 | INFO | Fold 1 | Epoch 84/150 | Train Loss=0.108455 | Test Loss=0.105740
2026-04-23 22:17:11,804 | INFO | [CIFAR10 | DIFFUSION | Fold 1] | Train Batch 250/782 | Avg Loss=0.107716
2026-04-23 22:17:22,188 | INFO | [CIFAR10 | DIFFUSION | Fold 1] | Train Batch 500/782 | Avg Loss=0.108089
2026-04-23 22:17:32,556 | INFO | [CIFAR10 | DIFFUSION | Fold 1] | Train Batch 750/782 | Avg Loss=0.107830
2026-04-23 22:17:33,920 | INFO | [CIFAR10 | DIFFUSION | Fold 1] | Train Batch 782/782 | Avg Loss=0.107870
2026-04-23 22:17:35,982 | INFO | [CIFAR10 | DIFFUSION | Fold 1] | Test Batch 157/157 | Avg Loss=0.107942
2026-04-23 22:17:35,983 | INFO | Fold 1 | Epoch 85/150 | Train Loss=0.107870 | Test Loss=0.107942
2026-04-23 22:17:46,591 | INFO | [CIFAR10 | DIFFUSION | Fold 1] | Train Batch 250/782 | Avg Loss=0.107418
2026-04-23 22:17:56,885 | INFO | [CIFAR10 | DIFFUSION | Fold 1] | Train Batch 500/782 | Avg Loss=0.108112
2026-04-23 22:18:07,277 | INFO | [CIFAR10 | DIFFUSION | Fold 1] | Train Batch 750/782 | Avg Loss=0.107937
2026-04-23 22:18:08,649 | INFO | [CIFAR10 | DIFFUSION | Fold 1] | Train Batch 782/782 | Avg Loss=0.108064
2026-04-23 22:18:10,742 | INFO | [CIFAR10 | DIFFUSION | Fold 1] | Test Batch 157/157 | Avg Loss=0.107021
2026-04-23 22:18:10,743 | INFO | Fold 1 | Epoch 86/150 | Train Loss=0.108064 | Test Loss=0.107021
2026-04-23 22:18:21,111 | INFO | [CIFAR10 | DIFFUSION | Fold 1] | Train Batch 250/782 | Avg Loss=0.108317
2026-04-23 22:18:31,380 | INFO | [CIFAR10 | DIFFUSION | Fold 1] | Train Batch 500/782 | Avg Loss=0.108579
2026-04-23 22:18:41,426 | INFO | [CIFAR10 | DIFFUSION | Fold 1] | Train Batch 750/782 | Avg Loss=0.108469
2026-04-23 22:18:42,803 | INFO | [CIFAR10 | DIFFUSION | Fold 1] | Train Batch 782/782 | Avg Loss=0.108430
2026-04-23 22:18:44,955 | INFO | [CIFAR10 | DIFFUSION | Fold 1] | Test Batch 157/157 | Avg Loss=0.107030
2026-04-23 22:18:44,956 | INFO | Fold 1 | Epoch 87/150 | Train Loss=0.108430 | Test Loss=0.107030
2026-04-23 22:18:55,033 | INFO | [CIFAR10 | DIFFUSION | Fold 1] | Train Batch 250/782 | Avg Loss=0.108038
2026-04-23 22:19:05,070 | INFO | [CIFAR10 | DIFFUSION | Fold 1] | Train Batch 500/782 | Avg Loss=0.108143
2026-04-23 22:19:15,110 | INFO | [CIFAR10 | DIFFUSION | Fold 1] | Train Batch 750/782 | Avg Loss=0.108301
2026-04-23 22:19:16,392 | INFO | [CIFAR10 | DIFFUSION | Fold 1] | Train Batch 782/782 | Avg Loss=0.108359
2026-04-23 22:19:18,462 | INFO | [CIFAR10 | DIFFUSION | Fold 1] | Test Batch 157/157 | Avg Loss=0.106338
2026-04-23 22:19:18,463 | INFO | Fold 1 | Epoch 88/150 | Train Loss=0.108359 | Test Loss=0.106338
2026-04-23 22:19:28,484 | INFO | [CIFAR10 | DIFFUSION | Fold 1] | Train Batch 250/782 | Avg Loss=0.109140
2026-04-23 22:19:38,482 | INFO | [CIFAR10 | DIFFUSION | Fold 1] | Train Batch 500/782 | Avg Loss=0.109087
2026-04-23 22:19:48,566 | INFO | [CIFAR10 | DIFFUSION | Fold 1] | Train Batch 750/782 | Avg Loss=0.108680
2026-04-23 22:19:49,838 | INFO | [CIFAR10 | DIFFUSION | Fold 1] | Train Batch 782/782 | Avg Loss=0.108599
2026-04-23 22:19:51,934 | INFO | [CIFAR10 | DIFFUSION | Fold 1] | Test Batch 157/157 | Avg Loss=0.105462
2026-04-23 22:19:51,935 | INFO | Fold 1 | Epoch 89/150 | Train Loss=0.108599 | Test Loss=0.105462
2026-04-23 22:20:01,962 | INFO | [CIFAR10 | DIFFUSION | Fold 1] | Train Batch 250/782 | Avg Loss=0.108373
2026-04-23 22:20:11,972 | INFO | [CIFAR10 | DIFFUSION | Fold 1] | Train Batch 500/782 | Avg Loss=0.108467
2026-04-23 22:20:21,964 | INFO | [CIFAR10 | DIFFUSION | Fold 1] | Train Batch 750/782 | Avg Loss=0.108702
2026-04-23 22:20:23,239 | INFO | [CIFAR10 | DIFFUSION | Fold 1] | Train Batch 782/782 | Avg Loss=0.108658
2026-04-23 22:20:25,300 | INFO | [CIFAR10 | DIFFUSION | Fold 1] | Test Batch 157/157 | Avg Loss=0.107265
2026-04-23 22:20:25,301 | INFO | Fold 1 | Epoch 90/150 | Train Loss=0.108658 | Test Loss=0.107265
2026-04-23 22:20:35,383 | INFO | [CIFAR10 | DIFFUSION | Fold 1] | Train Batch 250/782 | Avg Loss=0.108237
2026-04-23 22:20:45,474 | INFO | [CIFAR10 | DIFFUSION | Fold 1] | Train Batch 500/782 | Avg Loss=0.108383
2026-04-23 22:20:55,587 | INFO | [CIFAR10 | DIFFUSION | Fold 1] | Train Batch 750/782 | Avg Loss=0.108237
2026-04-23 22:20:56,873 | INFO | [CIFAR10 | DIFFUSION | Fold 1] | Train Batch 782/782 | Avg Loss=0.108186
2026-04-23 22:20:58,963 | INFO | [CIFAR10 | DIFFUSION | Fold 1] | Test Batch 157/157 | Avg Loss=0.106549
2026-04-23 22:20:58,964 | INFO | Fold 1 | Epoch 91/150 | Train Loss=0.108186 | Test Loss=0.106549
2026-04-23 22:21:09,056 | INFO | [CIFAR10 | DIFFUSION | Fold 1] | Train Batch 250/782 | Avg Loss=0.107733
2026-04-23 22:21:19,250 | INFO | [CIFAR10 | DIFFUSION | Fold 1] | Train Batch 500/782 | Avg Loss=0.108099
2026-04-23 22:21:29,332 | INFO | [CIFAR10 | DIFFUSION | Fold 1] | Train Batch 750/782 | Avg Loss=0.108014
2026-04-23 22:21:30,607 | INFO | [CIFAR10 | DIFFUSION | Fold 1] | Train Batch 782/782 | Avg Loss=0.108050
2026-04-23 22:21:32,661 | INFO | [CIFAR10 | DIFFUSION | Fold 1] | Test Batch 157/157 | Avg Loss=0.105990
2026-04-23 22:21:32,662 | INFO | Fold 1 | Epoch 92/150 | Train Loss=0.108050 | Test Loss=0.105990
2026-04-23 22:21:42,730 | INFO | [CIFAR10 | DIFFUSION | Fold 1] | Train Batch 250/782 | Avg Loss=0.108452
2026-04-23 22:21:52,833 | INFO | [CIFAR10 | DIFFUSION | Fold 1] | Train Batch 500/782 | Avg Loss=0.108265
2026-04-23 22:22:02,928 | INFO | [CIFAR10 | DIFFUSION | Fold 1] | Train Batch 750/782 | Avg Loss=0.108368
2026-04-23 22:22:04,211 | INFO | [CIFAR10 | DIFFUSION | Fold 1] | Train Batch 782/782 | Avg Loss=0.108383
2026-04-23 22:22:06,280 | INFO | [CIFAR10 | DIFFUSION | Fold 1] | Test Batch 157/157 | Avg Loss=0.105889
2026-04-23 22:22:06,281 | INFO | Fold 1 | Epoch 93/150 | Train Loss=0.108383 | Test Loss=0.105889
2026-04-23 22:22:16,390 | INFO | [CIFAR10 | DIFFUSION | Fold 1] | Train Batch 250/782 | Avg Loss=0.107626
2026-04-23 22:22:26,457 | INFO | [CIFAR10 | DIFFUSION | Fold 1] | Train Batch 500/782 | Avg Loss=0.107527
2026-04-23 22:22:36,569 | INFO | [CIFAR10 | DIFFUSION | Fold 1] | Train Batch 750/782 | Avg Loss=0.108000
2026-04-23 22:22:37,854 | INFO | [CIFAR10 | DIFFUSION | Fold 1] | Train Batch 782/782 | Avg Loss=0.108013
2026-04-23 22:22:39,880 | INFO | [CIFAR10 | DIFFUSION | Fold 1] | Test Batch 157/157 | Avg Loss=0.106120
2026-04-23 22:22:39,881 | INFO | Fold 1 | Epoch 94/150 | Train Loss=0.108013 | Test Loss=0.106120
2026-04-23 22:22:50,102 | INFO | [CIFAR10 | DIFFUSION | Fold 1] | Train Batch 250/782 | Avg Loss=0.108189
2026-04-23 22:23:00,186 | INFO | [CIFAR10 | DIFFUSION | Fold 1] | Train Batch 500/782 | Avg Loss=0.107376
2026-04-23 22:23:10,303 | INFO | [CIFAR10 | DIFFUSION | Fold 1] | Train Batch 750/782 | Avg Loss=0.107757
2026-04-23 22:23:11,587 | INFO | [CIFAR10 | DIFFUSION | Fold 1] | Train Batch 782/782 | Avg Loss=0.107748
2026-04-23 22:23:13,590 | INFO | [CIFAR10 | DIFFUSION | Fold 1] | Test Batch 157/157 | Avg Loss=0.106482
2026-04-23 22:23:13,593 | INFO | Fold 1 | Epoch 95/150 | Train Loss=0.107748 | Test Loss=0.106482
2026-04-23 22:23:23,826 | INFO | [CIFAR10 | DIFFUSION | Fold 1] | Train Batch 250/782 | Avg Loss=0.108340
2026-04-23 22:23:33,959 | INFO | [CIFAR10 | DIFFUSION | Fold 1] | Train Batch 500/782 | Avg Loss=0.108053
2026-04-23 22:23:44,044 | INFO | [CIFAR10 | DIFFUSION | Fold 1] | Train Batch 750/782 | Avg Loss=0.107929
2026-04-23 22:23:45,327 | INFO | [CIFAR10 | DIFFUSION | Fold 1] | Train Batch 782/782 | Avg Loss=0.107937
2026-04-23 22:23:47,429 | INFO | [CIFAR10 | DIFFUSION | Fold 1] | Test Batch 157/157 | Avg Loss=0.105294
2026-04-23 22:23:47,430 | INFO | Fold 1 | Epoch 96/150 | Train Loss=0.107937 | Test Loss=0.105294
2026-04-23 22:23:57,847 | INFO | [CIFAR10 | DIFFUSION | Fold 1] | Train Batch 250/782 | Avg Loss=0.108922
2026-04-23 22:24:08,024 | INFO | [CIFAR10 | DIFFUSION | Fold 1] | Train Batch 500/782 | Avg Loss=0.108298
2026-04-23 22:24:18,249 | INFO | [CIFAR10 | DIFFUSION | Fold 1] | Train Batch 750/782 | Avg Loss=0.107996
2026-04-23 22:24:19,534 | INFO | [CIFAR10 | DIFFUSION | Fold 1] | Train Batch 782/782 | Avg Loss=0.107984
2026-04-23 22:24:21,596 | INFO | [CIFAR10 | DIFFUSION | Fold 1] | Test Batch 157/157 | Avg Loss=0.105481
2026-04-23 22:24:21,597 | INFO | Fold 1 | Epoch 97/150 | Train Loss=0.107984 | Test Loss=0.105481
2026-04-23 22:24:31,725 | INFO | [CIFAR10 | DIFFUSION | Fold 1] | Train Batch 250/782 | Avg Loss=0.109083
2026-04-23 22:24:41,814 | INFO | [CIFAR10 | DIFFUSION | Fold 1] | Train Batch 500/782 | Avg Loss=0.107866
2026-04-23 22:24:51,886 | INFO | [CIFAR10 | DIFFUSION | Fold 1] | Train Batch 750/782 | Avg Loss=0.108213
2026-04-23 22:24:53,169 | INFO | [CIFAR10 | DIFFUSION | Fold 1] | Train Batch 782/782 | Avg Loss=0.108334
2026-04-23 22:24:55,225 | INFO | [CIFAR10 | DIFFUSION | Fold 1] | Test Batch 157/157 | Avg Loss=0.105684
2026-04-23 22:24:55,227 | INFO | Fold 1 | Epoch 98/150 | Train Loss=0.108334 | Test Loss=0.105684
2026-04-23 22:25:05,354 | INFO | [CIFAR10 | DIFFUSION | Fold 1] | Train Batch 250/782 | Avg Loss=0.107865
2026-04-23 22:25:15,452 | INFO | [CIFAR10 | DIFFUSION | Fold 1] | Train Batch 500/782 | Avg Loss=0.108355
2026-04-23 22:25:25,550 | INFO | [CIFAR10 | DIFFUSION | Fold 1] | Train Batch 750/782 | Avg Loss=0.108583
2026-04-23 22:25:26,832 | INFO | [CIFAR10 | DIFFUSION | Fold 1] | Train Batch 782/782 | Avg Loss=0.108624
2026-04-23 22:25:28,885 | INFO | [CIFAR10 | DIFFUSION | Fold 1] | Test Batch 157/157 | Avg Loss=0.106723
2026-04-23 22:25:28,886 | INFO | Fold 1 | Epoch 99/150 | Train Loss=0.108624 | Test Loss=0.106723
2026-04-23 22:25:39,134 | INFO | [CIFAR10 | DIFFUSION | Fold 1] | Train Batch 250/782 | Avg Loss=0.108265
2026-04-23 22:25:49,263 | INFO | [CIFAR10 | DIFFUSION | Fold 1] | Train Batch 500/782 | Avg Loss=0.107608
2026-04-23 22:25:59,369 | INFO | [CIFAR10 | DIFFUSION | Fold 1] | Train Batch 750/782 | Avg Loss=0.107684
2026-04-23 22:26:00,657 | INFO | [CIFAR10 | DIFFUSION | Fold 1] | Train Batch 782/782 | Avg Loss=0.107767
2026-04-23 22:26:02,734 | INFO | [CIFAR10 | DIFFUSION | Fold 1] | Test Batch 157/157 | Avg Loss=0.106230
2026-04-23 22:26:02,735 | INFO | Fold 1 | Epoch 100/150 | Train Loss=0.107767 | Test Loss=0.106230
2026-04-23 22:26:12,867 | INFO | [CIFAR10 | DIFFUSION | Fold 1] | Train Batch 250/782 | Avg Loss=0.108221
2026-04-23 22:26:22,989 | INFO | [CIFAR10 | DIFFUSION | Fold 1] | Train Batch 500/782 | Avg Loss=0.107858
2026-04-23 22:26:33,093 | INFO | [CIFAR10 | DIFFUSION | Fold 1] | Train Batch 750/782 | Avg Loss=0.107974
2026-04-23 22:26:34,372 | INFO | [CIFAR10 | DIFFUSION | Fold 1] | Train Batch 782/782 | Avg Loss=0.107989
2026-04-23 22:26:36,407 | INFO | [CIFAR10 | DIFFUSION | Fold 1] | Test Batch 157/157 | Avg Loss=0.107054
2026-04-23 22:26:36,408 | INFO | Fold 1 | Epoch 101/150 | Train Loss=0.107989 | Test Loss=0.107054
2026-04-23 22:26:46,540 | INFO | [CIFAR10 | DIFFUSION | Fold 1] | Train Batch 250/782 | Avg Loss=0.107256
2026-04-23 22:26:56,625 | INFO | [CIFAR10 | DIFFUSION | Fold 1] | Train Batch 500/782 | Avg Loss=0.107863
2026-04-23 22:27:06,818 | INFO | [CIFAR10 | DIFFUSION | Fold 1] | Train Batch 750/782 | Avg Loss=0.108020
2026-04-23 22:27:08,106 | INFO | [CIFAR10 | DIFFUSION | Fold 1] | Train Batch 782/782 | Avg Loss=0.107957
2026-04-23 22:27:10,142 | INFO | [CIFAR10 | DIFFUSION | Fold 1] | Test Batch 157/157 | Avg Loss=0.107326
2026-04-23 22:27:10,143 | INFO | Fold 1 | Epoch 102/150 | Train Loss=0.107957 | Test Loss=0.107326
2026-04-23 22:27:20,269 | INFO | [CIFAR10 | DIFFUSION | Fold 1] | Train Batch 250/782 | Avg Loss=0.108186
2026-04-23 22:27:30,384 | INFO | [CIFAR10 | DIFFUSION | Fold 1] | Train Batch 500/782 | Avg Loss=0.108101
2026-04-23 22:27:40,494 | INFO | [CIFAR10 | DIFFUSION | Fold 1] | Train Batch 750/782 | Avg Loss=0.108062
2026-04-23 22:27:41,775 | INFO | [CIFAR10 | DIFFUSION | Fold 1] | Train Batch 782/782 | Avg Loss=0.107969
2026-04-23 22:27:43,786 | INFO | [CIFAR10 | DIFFUSION | Fold 1] | Test Batch 157/157 | Avg Loss=0.106386
2026-04-23 22:27:43,787 | INFO | Fold 1 | Epoch 103/150 | Train Loss=0.107969 | Test Loss=0.106386
2026-04-23 22:27:53,902 | INFO | [CIFAR10 | DIFFUSION | Fold 1] | Train Batch 250/782 | Avg Loss=0.109009
2026-04-23 22:28:03,943 | INFO | [CIFAR10 | DIFFUSION | Fold 1] | Train Batch 500/782 | Avg Loss=0.108259
2026-04-23 22:28:14,007 | INFO | [CIFAR10 | DIFFUSION | Fold 1] | Train Batch 750/782 | Avg Loss=0.108195
2026-04-23 22:28:15,288 | INFO | [CIFAR10 | DIFFUSION | Fold 1] | Train Batch 782/782 | Avg Loss=0.108171
2026-04-23 22:28:17,334 | INFO | [CIFAR10 | DIFFUSION | Fold 1] | Test Batch 157/157 | Avg Loss=0.106585
2026-04-23 22:28:17,335 | INFO | Fold 1 | Epoch 104/150 | Train Loss=0.108171 | Test Loss=0.106585
2026-04-23 22:28:27,441 | INFO | [CIFAR10 | DIFFUSION | Fold 1] | Train Batch 250/782 | Avg Loss=0.108660
2026-04-23 22:28:37,600 | INFO | [CIFAR10 | DIFFUSION | Fold 1] | Train Batch 500/782 | Avg Loss=0.108051
2026-04-23 22:28:47,655 | INFO | [CIFAR10 | DIFFUSION | Fold 1] | Train Batch 750/782 | Avg Loss=0.108005
2026-04-23 22:28:48,941 | INFO | [CIFAR10 | DIFFUSION | Fold 1] | Train Batch 782/782 | Avg Loss=0.108045
2026-04-23 22:28:50,962 | INFO | [CIFAR10 | DIFFUSION | Fold 1] | Test Batch 157/157 | Avg Loss=0.106730
2026-04-23 22:28:50,963 | INFO | Fold 1 | Epoch 105/150 | Train Loss=0.108045 | Test Loss=0.106730
2026-04-23 22:29:01,118 | INFO | [CIFAR10 | DIFFUSION | Fold 1] | Train Batch 250/782 | Avg Loss=0.108868
2026-04-23 22:29:11,209 | INFO | [CIFAR10 | DIFFUSION | Fold 1] | Train Batch 500/782 | Avg Loss=0.108537
2026-04-23 22:29:21,343 | INFO | [CIFAR10 | DIFFUSION | Fold 1] | Train Batch 750/782 | Avg Loss=0.108146
2026-04-23 22:29:22,626 | INFO | [CIFAR10 | DIFFUSION | Fold 1] | Train Batch 782/782 | Avg Loss=0.108005
2026-04-23 22:29:24,692 | INFO | [CIFAR10 | DIFFUSION | Fold 1] | Test Batch 157/157 | Avg Loss=0.105108
2026-04-23 22:29:24,693 | INFO | Fold 1 | Epoch 106/150 | Train Loss=0.108005 | Test Loss=0.105108
2026-04-23 22:29:34,853 | INFO | [CIFAR10 | DIFFUSION | Fold 1] | Train Batch 250/782 | Avg Loss=0.106905
2026-04-23 22:29:44,960 | INFO | [CIFAR10 | DIFFUSION | Fold 1] | Train Batch 500/782 | Avg Loss=0.107598
2026-04-23 22:29:55,068 | INFO | [CIFAR10 | DIFFUSION | Fold 1] | Train Batch 750/782 | Avg Loss=0.108055
2026-04-23 22:29:56,352 | INFO | [CIFAR10 | DIFFUSION | Fold 1] | Train Batch 782/782 | Avg Loss=0.108021
2026-04-23 22:29:58,397 | INFO | [CIFAR10 | DIFFUSION | Fold 1] | Test Batch 157/157 | Avg Loss=0.106690
2026-04-23 22:29:58,398 | INFO | Fold 1 | Epoch 107/150 | Train Loss=0.108021 | Test Loss=0.106690
2026-04-23 22:30:08,646 | INFO | [CIFAR10 | DIFFUSION | Fold 1] | Train Batch 250/782 | Avg Loss=0.107342
2026-04-23 22:30:18,738 | INFO | [CIFAR10 | DIFFUSION | Fold 1] | Train Batch 500/782 | Avg Loss=0.107542
2026-04-23 22:30:28,821 | INFO | [CIFAR10 | DIFFUSION | Fold 1] | Train Batch 750/782 | Avg Loss=0.107719
2026-04-23 22:30:30,098 | INFO | [CIFAR10 | DIFFUSION | Fold 1] | Train Batch 782/782 | Avg Loss=0.107790
2026-04-23 22:30:32,137 | INFO | [CIFAR10 | DIFFUSION | Fold 1] | Test Batch 157/157 | Avg Loss=0.105781
2026-04-23 22:30:32,138 | INFO | Fold 1 | Epoch 108/150 | Train Loss=0.107790 | Test Loss=0.105781
2026-04-23 22:30:42,271 | INFO | [CIFAR10 | DIFFUSION | Fold 1] | Train Batch 250/782 | Avg Loss=0.108728
2026-04-23 22:30:52,400 | INFO | [CIFAR10 | DIFFUSION | Fold 1] | Train Batch 500/782 | Avg Loss=0.108426
2026-04-23 22:31:02,545 | INFO | [CIFAR10 | DIFFUSION | Fold 1] | Train Batch 750/782 | Avg Loss=0.108094
2026-04-23 22:31:03,831 | INFO | [CIFAR10 | DIFFUSION | Fold 1] | Train Batch 782/782 | Avg Loss=0.108067
2026-04-23 22:31:05,893 | INFO | [CIFAR10 | DIFFUSION | Fold 1] | Test Batch 157/157 | Avg Loss=0.106590
2026-04-23 22:31:05,894 | INFO | Fold 1 | Epoch 109/150 | Train Loss=0.108067 | Test Loss=0.106590
2026-04-23 22:31:16,011 | INFO | [CIFAR10 | DIFFUSION | Fold 1] | Train Batch 250/782 | Avg Loss=0.107913
2026-04-23 22:31:26,120 | INFO | [CIFAR10 | DIFFUSION | Fold 1] | Train Batch 500/782 | Avg Loss=0.107807
2026-04-23 22:31:36,347 | INFO | [CIFAR10 | DIFFUSION | Fold 1] | Train Batch 750/782 | Avg Loss=0.107700
2026-04-23 22:31:37,636 | INFO | [CIFAR10 | DIFFUSION | Fold 1] | Train Batch 782/782 | Avg Loss=0.107699
2026-04-23 22:31:39,633 | INFO | [CIFAR10 | DIFFUSION | Fold 1] | Test Batch 157/157 | Avg Loss=0.106237
2026-04-23 22:31:39,634 | INFO | Fold 1 | Epoch 110/150 | Train Loss=0.107699 | Test Loss=0.106237
2026-04-23 22:31:50,037 | INFO | [CIFAR10 | DIFFUSION | Fold 1] | Train Batch 250/782 | Avg Loss=0.107372
2026-04-23 22:32:00,362 | INFO | [CIFAR10 | DIFFUSION | Fold 1] | Train Batch 500/782 | Avg Loss=0.107352
2026-04-23 22:32:10,724 | INFO | [CIFAR10 | DIFFUSION | Fold 1] | Train Batch 750/782 | Avg Loss=0.107976
2026-04-23 22:32:12,020 | INFO | [CIFAR10 | DIFFUSION | Fold 1] | Train Batch 782/782 | Avg Loss=0.107997
2026-04-23 22:32:14,125 | INFO | [CIFAR10 | DIFFUSION | Fold 1] | Test Batch 157/157 | Avg Loss=0.106436
2026-04-23 22:32:14,126 | INFO | Fold 1 | Epoch 111/150 | Train Loss=0.107997 | Test Loss=0.106436
2026-04-23 22:32:24,263 | INFO | [CIFAR10 | DIFFUSION | Fold 1] | Train Batch 250/782 | Avg Loss=0.107422
2026-04-23 22:32:34,380 | INFO | [CIFAR10 | DIFFUSION | Fold 1] | Train Batch 500/782 | Avg Loss=0.107751
2026-04-23 22:32:44,204 | INFO | [CIFAR10 | DIFFUSION | Fold 1] | Train Batch 750/782 | Avg Loss=0.107505
2026-04-23 22:32:45,475 | INFO | [CIFAR10 | DIFFUSION | Fold 1] | Train Batch 782/782 | Avg Loss=0.107478
2026-04-23 22:32:47,437 | INFO | [CIFAR10 | DIFFUSION | Fold 1] | Test Batch 157/157 | Avg Loss=0.106696
2026-04-23 22:32:47,439 | INFO | Fold 1 | Epoch 112/150 | Train Loss=0.107478 | Test Loss=0.106696
2026-04-23 22:32:57,498 | INFO | [CIFAR10 | DIFFUSION | Fold 1] | Train Batch 250/782 | Avg Loss=0.107690
2026-04-23 22:33:07,382 | INFO | [CIFAR10 | DIFFUSION | Fold 1] | Train Batch 500/782 | Avg Loss=0.107300
2026-04-23 22:33:17,257 | INFO | [CIFAR10 | DIFFUSION | Fold 1] | Train Batch 750/782 | Avg Loss=0.107451
2026-04-23 22:33:18,548 | INFO | [CIFAR10 | DIFFUSION | Fold 1] | Train Batch 782/782 | Avg Loss=0.107332
2026-04-23 22:33:20,496 | INFO | [CIFAR10 | DIFFUSION | Fold 1] | Test Batch 157/157 | Avg Loss=0.105838
2026-04-23 22:33:20,497 | INFO | Fold 1 | Epoch 113/150 | Train Loss=0.107332 | Test Loss=0.105838
2026-04-23 22:33:30,426 | INFO | [CIFAR10 | DIFFUSION | Fold 1] | Train Batch 250/782 | Avg Loss=0.108077
2026-04-23 22:33:40,302 | INFO | [CIFAR10 | DIFFUSION | Fold 1] | Train Batch 500/782 | Avg Loss=0.107846
2026-04-23 22:33:50,178 | INFO | [CIFAR10 | DIFFUSION | Fold 1] | Train Batch 750/782 | Avg Loss=0.107507
2026-04-23 22:33:51,443 | INFO | [CIFAR10 | DIFFUSION | Fold 1] | Train Batch 782/782 | Avg Loss=0.107507
2026-04-23 22:33:53,437 | INFO | [CIFAR10 | DIFFUSION | Fold 1] | Test Batch 157/157 | Avg Loss=0.105972
2026-04-23 22:33:53,440 | INFO | Fold 1 | Epoch 114/150 | Train Loss=0.107507 | Test Loss=0.105972
2026-04-23 22:34:03,379 | INFO | [CIFAR10 | DIFFUSION | Fold 1] | Train Batch 250/782 | Avg Loss=0.108183
2026-04-23 22:34:13,269 | INFO | [CIFAR10 | DIFFUSION | Fold 1] | Train Batch 500/782 | Avg Loss=0.108474
2026-04-23 22:34:23,274 | INFO | [CIFAR10 | DIFFUSION | Fold 1] | Train Batch 750/782 | Avg Loss=0.108381
2026-04-23 22:34:24,541 | INFO | [CIFAR10 | DIFFUSION | Fold 1] | Train Batch 782/782 | Avg Loss=0.108427
2026-04-23 22:34:26,505 | INFO | [CIFAR10 | DIFFUSION | Fold 1] | Test Batch 157/157 | Avg Loss=0.105656
2026-04-23 22:34:26,507 | INFO | Fold 1 | Epoch 115/150 | Train Loss=0.108427 | Test Loss=0.105656
2026-04-23 22:34:36,433 | INFO | [CIFAR10 | DIFFUSION | Fold 1] | Train Batch 250/782 | Avg Loss=0.107860
2026-04-23 22:34:46,310 | INFO | [CIFAR10 | DIFFUSION | Fold 1] | Train Batch 500/782 | Avg Loss=0.107661
2026-04-23 22:34:56,192 | INFO | [CIFAR10 | DIFFUSION | Fold 1] | Train Batch 750/782 | Avg Loss=0.107755
2026-04-23 22:34:57,461 | INFO | [CIFAR10 | DIFFUSION | Fold 1] | Train Batch 782/782 | Avg Loss=0.107885
2026-04-23 22:34:59,411 | INFO | [CIFAR10 | DIFFUSION | Fold 1] | Test Batch 157/157 | Avg Loss=0.107014
2026-04-23 22:34:59,412 | INFO | Fold 1 | Epoch 116/150 | Train Loss=0.107885 | Test Loss=0.107014
2026-04-23 22:35:09,362 | INFO | [CIFAR10 | DIFFUSION | Fold 1] | Train Batch 250/782 | Avg Loss=0.107154
2026-04-23 22:35:19,489 | INFO | [CIFAR10 | DIFFUSION | Fold 1] | Train Batch 500/782 | Avg Loss=0.107834
2026-04-23 22:35:29,617 | INFO | [CIFAR10 | DIFFUSION | Fold 1] | Train Batch 750/782 | Avg Loss=0.107643
2026-04-23 22:35:30,969 | INFO | [CIFAR10 | DIFFUSION | Fold 1] | Train Batch 782/782 | Avg Loss=0.107571
2026-04-23 22:35:32,936 | INFO | [CIFAR10 | DIFFUSION | Fold 1] | Test Batch 157/157 | Avg Loss=0.105636
2026-04-23 22:35:32,937 | INFO | Fold 1 | Epoch 117/150 | Train Loss=0.107571 | Test Loss=0.105636
2026-04-23 22:35:43,123 | INFO | [CIFAR10 | DIFFUSION | Fold 1] | Train Batch 250/782 | Avg Loss=0.107686
2026-04-23 22:35:53,586 | INFO | [CIFAR10 | DIFFUSION | Fold 1] | Train Batch 500/782 | Avg Loss=0.107184
2026-04-23 22:36:03,728 | INFO | [CIFAR10 | DIFFUSION | Fold 1] | Train Batch 750/782 | Avg Loss=0.107399
2026-04-23 22:36:04,992 | INFO | [CIFAR10 | DIFFUSION | Fold 1] | Train Batch 782/782 | Avg Loss=0.107368
2026-04-23 22:36:06,947 | INFO | [CIFAR10 | DIFFUSION | Fold 1] | Test Batch 157/157 | Avg Loss=0.106061
2026-04-23 22:36:06,948 | INFO | Fold 1 | Epoch 118/150 | Train Loss=0.107368 | Test Loss=0.106061
2026-04-23 22:36:16,849 | INFO | [CIFAR10 | DIFFUSION | Fold 1] | Train Batch 250/782 | Avg Loss=0.107974
2026-04-23 22:36:26,716 | INFO | [CIFAR10 | DIFFUSION | Fold 1] | Train Batch 500/782 | Avg Loss=0.107544
2026-04-23 22:36:36,532 | INFO | [CIFAR10 | DIFFUSION | Fold 1] | Train Batch 750/782 | Avg Loss=0.107501
2026-04-23 22:36:37,789 | INFO | [CIFAR10 | DIFFUSION | Fold 1] | Train Batch 782/782 | Avg Loss=0.107705
2026-04-23 22:36:39,746 | INFO | [CIFAR10 | DIFFUSION | Fold 1] | Test Batch 157/157 | Avg Loss=0.106654
2026-04-23 22:36:39,747 | INFO | Fold 1 | Epoch 119/150 | Train Loss=0.107705 | Test Loss=0.106654
2026-04-23 22:36:49,732 | INFO | [CIFAR10 | DIFFUSION | Fold 1] | Train Batch 250/782 | Avg Loss=0.108179
2026-04-23 22:36:59,528 | INFO | [CIFAR10 | DIFFUSION | Fold 1] | Train Batch 500/782 | Avg Loss=0.107691
2026-04-23 22:37:09,467 | INFO | [CIFAR10 | DIFFUSION | Fold 1] | Train Batch 750/782 | Avg Loss=0.107824
2026-04-23 22:37:10,786 | INFO | [CIFAR10 | DIFFUSION | Fold 1] | Train Batch 782/782 | Avg Loss=0.107893
2026-04-23 22:37:12,748 | INFO | [CIFAR10 | DIFFUSION | Fold 1] | Test Batch 157/157 | Avg Loss=0.105022
2026-04-23 22:37:12,750 | INFO | Fold 1 | Epoch 120/150 | Train Loss=0.107893 | Test Loss=0.105022
2026-04-23 22:37:22,824 | INFO | [CIFAR10 | DIFFUSION | Fold 1] | Train Batch 250/782 | Avg Loss=0.107677
2026-04-23 22:37:32,774 | INFO | [CIFAR10 | DIFFUSION | Fold 1] | Train Batch 500/782 | Avg Loss=0.108111
2026-04-23 22:37:43,026 | INFO | [CIFAR10 | DIFFUSION | Fold 1] | Train Batch 750/782 | Avg Loss=0.108200
2026-04-23 22:37:44,355 | INFO | [CIFAR10 | DIFFUSION | Fold 1] | Train Batch 782/782 | Avg Loss=0.108252
2026-04-23 22:37:46,311 | INFO | [CIFAR10 | DIFFUSION | Fold 1] | Test Batch 157/157 | Avg Loss=0.107708
2026-04-23 22:37:46,312 | INFO | Fold 1 | Epoch 121/150 | Train Loss=0.108252 | Test Loss=0.107708
2026-04-23 22:37:56,282 | INFO | [CIFAR10 | DIFFUSION | Fold 1] | Train Batch 250/782 | Avg Loss=0.107464
2026-04-23 22:38:06,567 | INFO | [CIFAR10 | DIFFUSION | Fold 1] | Train Batch 500/782 | Avg Loss=0.107819
2026-04-23 22:38:16,422 | INFO | [CIFAR10 | DIFFUSION | Fold 1] | Train Batch 750/782 | Avg Loss=0.108068
2026-04-23 22:38:17,683 | INFO | [CIFAR10 | DIFFUSION | Fold 1] | Train Batch 782/782 | Avg Loss=0.108059
2026-04-23 22:38:19,646 | INFO | [CIFAR10 | DIFFUSION | Fold 1] | Test Batch 157/157 | Avg Loss=0.105724
2026-04-23 22:38:19,647 | INFO | Fold 1 | Epoch 122/150 | Train Loss=0.108059 | Test Loss=0.105724
2026-04-23 22:38:29,596 | INFO | [CIFAR10 | DIFFUSION | Fold 1] | Train Batch 250/782 | Avg Loss=0.108011
2026-04-23 22:38:39,618 | INFO | [CIFAR10 | DIFFUSION | Fold 1] | Train Batch 500/782 | Avg Loss=0.107801
2026-04-23 22:38:49,516 | INFO | [CIFAR10 | DIFFUSION | Fold 1] | Train Batch 750/782 | Avg Loss=0.107307
2026-04-23 22:38:50,782 | INFO | [CIFAR10 | DIFFUSION | Fold 1] | Train Batch 782/782 | Avg Loss=0.107268
2026-04-23 22:38:52,736 | INFO | [CIFAR10 | DIFFUSION | Fold 1] | Test Batch 157/157 | Avg Loss=0.105537
2026-04-23 22:38:52,738 | INFO | Fold 1 | Epoch 123/150 | Train Loss=0.107268 | Test Loss=0.105537
2026-04-23 22:39:02,747 | INFO | [CIFAR10 | DIFFUSION | Fold 1] | Train Batch 250/782 | Avg Loss=0.108017
2026-04-23 22:39:12,640 | INFO | [CIFAR10 | DIFFUSION | Fold 1] | Train Batch 500/782 | Avg Loss=0.107748
2026-04-23 22:39:22,527 | INFO | [CIFAR10 | DIFFUSION | Fold 1] | Train Batch 750/782 | Avg Loss=0.107801
2026-04-23 22:39:23,796 | INFO | [CIFAR10 | DIFFUSION | Fold 1] | Train Batch 782/782 | Avg Loss=0.107732
2026-04-23 22:39:25,758 | INFO | [CIFAR10 | DIFFUSION | Fold 1] | Test Batch 157/157 | Avg Loss=0.107138
2026-04-23 22:39:25,759 | INFO | Fold 1 | Epoch 124/150 | Train Loss=0.107732 | Test Loss=0.107138
2026-04-23 22:39:35,693 | INFO | [CIFAR10 | DIFFUSION | Fold 1] | Train Batch 250/782 | Avg Loss=0.107662
2026-04-23 22:39:45,573 | INFO | [CIFAR10 | DIFFUSION | Fold 1] | Train Batch 500/782 | Avg Loss=0.108085
2026-04-23 22:39:56,134 | INFO | [CIFAR10 | DIFFUSION | Fold 1] | Train Batch 750/782 | Avg Loss=0.108206
2026-04-23 22:39:57,474 | INFO | [CIFAR10 | DIFFUSION | Fold 1] | Train Batch 782/782 | Avg Loss=0.108133
2026-04-23 22:39:59,527 | INFO | [CIFAR10 | DIFFUSION | Fold 1] | Test Batch 157/157 | Avg Loss=0.107027
2026-04-23 22:39:59,529 | INFO | Fold 1 | Epoch 125/150 | Train Loss=0.108133 | Test Loss=0.107027
2026-04-23 22:40:10,488 | INFO | [CIFAR10 | DIFFUSION | Fold 1] | Train Batch 250/782 | Avg Loss=0.107354
2026-04-23 22:40:21,068 | INFO | [CIFAR10 | DIFFUSION | Fold 1] | Train Batch 500/782 | Avg Loss=0.107081
2026-04-23 22:40:30,950 | INFO | [CIFAR10 | DIFFUSION | Fold 1] | Train Batch 750/782 | Avg Loss=0.107077
2026-04-23 22:40:32,213 | INFO | [CIFAR10 | DIFFUSION | Fold 1] | Train Batch 782/782 | Avg Loss=0.107051
2026-04-23 22:40:34,247 | INFO | [CIFAR10 | DIFFUSION | Fold 1] | Test Batch 157/157 | Avg Loss=0.105668
2026-04-23 22:40:34,249 | INFO | Fold 1 | Epoch 126/150 | Train Loss=0.107051 | Test Loss=0.105668
2026-04-23 22:40:44,187 | INFO | [CIFAR10 | DIFFUSION | Fold 1] | Train Batch 250/782 | Avg Loss=0.108088
2026-04-23 22:40:54,117 | INFO | [CIFAR10 | DIFFUSION | Fold 1] | Train Batch 500/782 | Avg Loss=0.107874
2026-04-23 22:41:03,962 | INFO | [CIFAR10 | DIFFUSION | Fold 1] | Train Batch 750/782 | Avg Loss=0.107819
2026-04-23 22:41:05,218 | INFO | [CIFAR10 | DIFFUSION | Fold 1] | Train Batch 782/782 | Avg Loss=0.107816
2026-04-23 22:41:07,200 | INFO | [CIFAR10 | DIFFUSION | Fold 1] | Test Batch 157/157 | Avg Loss=0.105089
2026-04-23 22:41:07,201 | INFO | Fold 1 | Epoch 127/150 | Train Loss=0.107816 | Test Loss=0.105089
2026-04-23 22:41:17,118 | INFO | [CIFAR10 | DIFFUSION | Fold 1] | Train Batch 250/782 | Avg Loss=0.107794
2026-04-23 22:41:26,972 | INFO | [CIFAR10 | DIFFUSION | Fold 1] | Train Batch 500/782 | Avg Loss=0.108259
2026-04-23 22:41:36,920 | INFO | [CIFAR10 | DIFFUSION | Fold 1] | Train Batch 750/782 | Avg Loss=0.108130
2026-04-23 22:41:38,191 | INFO | [CIFAR10 | DIFFUSION | Fold 1] | Train Batch 782/782 | Avg Loss=0.108105
2026-04-23 22:41:40,131 | INFO | [CIFAR10 | DIFFUSION | Fold 1] | Test Batch 157/157 | Avg Loss=0.106224
2026-04-23 22:41:40,132 | INFO | Fold 1 | Epoch 128/150 | Train Loss=0.108105 | Test Loss=0.106224
2026-04-23 22:41:50,151 | INFO | [CIFAR10 | DIFFUSION | Fold 1] | Train Batch 250/782 | Avg Loss=0.106699
2026-04-23 22:42:00,285 | INFO | [CIFAR10 | DIFFUSION | Fold 1] | Train Batch 500/782 | Avg Loss=0.107116
2026-04-23 22:42:10,430 | INFO | [CIFAR10 | DIFFUSION | Fold 1] | Train Batch 750/782 | Avg Loss=0.107326
2026-04-23 22:42:11,710 | INFO | [CIFAR10 | DIFFUSION | Fold 1] | Train Batch 782/782 | Avg Loss=0.107422
2026-04-23 22:42:13,671 | INFO | [CIFAR10 | DIFFUSION | Fold 1] | Test Batch 157/157 | Avg Loss=0.106714
2026-04-23 22:42:13,672 | INFO | Fold 1 | Epoch 129/150 | Train Loss=0.107422 | Test Loss=0.106714
2026-04-23 22:42:23,606 | INFO | [CIFAR10 | DIFFUSION | Fold 1] | Train Batch 250/782 | Avg Loss=0.109088
2026-04-23 22:42:33,924 | INFO | [CIFAR10 | DIFFUSION | Fold 1] | Train Batch 500/782 | Avg Loss=0.108316
2026-04-23 22:42:44,249 | INFO | [CIFAR10 | DIFFUSION | Fold 1] | Train Batch 750/782 | Avg Loss=0.108169
2026-04-23 22:42:45,565 | INFO | [CIFAR10 | DIFFUSION | Fold 1] | Train Batch 782/782 | Avg Loss=0.108092
2026-04-23 22:42:47,528 | INFO | [CIFAR10 | DIFFUSION | Fold 1] | Test Batch 157/157 | Avg Loss=0.106976
2026-04-23 22:42:47,529 | INFO | Fold 1 | Epoch 130/150 | Train Loss=0.108092 | Test Loss=0.106976
2026-04-23 22:42:57,396 | INFO | [CIFAR10 | DIFFUSION | Fold 1] | Train Batch 250/782 | Avg Loss=0.107807
2026-04-23 22:43:07,384 | INFO | [CIFAR10 | DIFFUSION | Fold 1] | Train Batch 500/782 | Avg Loss=0.107670
2026-04-23 22:43:17,289 | INFO | [CIFAR10 | DIFFUSION | Fold 1] | Train Batch 750/782 | Avg Loss=0.107929
2026-04-23 22:43:18,560 | INFO | [CIFAR10 | DIFFUSION | Fold 1] | Train Batch 782/782 | Avg Loss=0.108005
2026-04-23 22:43:20,547 | INFO | [CIFAR10 | DIFFUSION | Fold 1] | Test Batch 157/157 | Avg Loss=0.106805
2026-04-23 22:43:20,548 | INFO | Fold 1 | Epoch 131/150 | Train Loss=0.108005 | Test Loss=0.106805
2026-04-23 22:43:30,470 | INFO | [CIFAR10 | DIFFUSION | Fold 1] | Train Batch 250/782 | Avg Loss=0.107917
2026-04-23 22:43:40,333 | INFO | [CIFAR10 | DIFFUSION | Fold 1] | Train Batch 500/782 | Avg Loss=0.107773
2026-04-23 22:43:50,215 | INFO | [CIFAR10 | DIFFUSION | Fold 1] | Train Batch 750/782 | Avg Loss=0.107972
2026-04-23 22:43:51,485 | INFO | [CIFAR10 | DIFFUSION | Fold 1] | Train Batch 782/782 | Avg Loss=0.108077
2026-04-23 22:43:53,491 | INFO | [CIFAR10 | DIFFUSION | Fold 1] | Test Batch 157/157 | Avg Loss=0.105552
2026-04-23 22:43:53,492 | INFO | Fold 1 | Epoch 132/150 | Train Loss=0.108077 | Test Loss=0.105552
2026-04-23 22:44:03,534 | INFO | [CIFAR10 | DIFFUSION | Fold 1] | Train Batch 250/782 | Avg Loss=0.107547
2026-04-23 22:44:13,304 | INFO | [CIFAR10 | DIFFUSION | Fold 1] | Train Batch 500/782 | Avg Loss=0.107847
2026-04-23 22:44:23,230 | INFO | [CIFAR10 | DIFFUSION | Fold 1] | Train Batch 750/782 | Avg Loss=0.107604
2026-04-23 22:44:24,499 | INFO | [CIFAR10 | DIFFUSION | Fold 1] | Train Batch 782/782 | Avg Loss=0.107494
2026-04-23 22:44:26,465 | INFO | [CIFAR10 | DIFFUSION | Fold 1] | Test Batch 157/157 | Avg Loss=0.106294
2026-04-23 22:44:26,466 | INFO | Fold 1 | Epoch 133/150 | Train Loss=0.107494 | Test Loss=0.106294
2026-04-23 22:44:36,382 | INFO | [CIFAR10 | DIFFUSION | Fold 1] | Train Batch 250/782 | Avg Loss=0.108499
2026-04-23 22:44:46,272 | INFO | [CIFAR10 | DIFFUSION | Fold 1] | Train Batch 500/782 | Avg Loss=0.107961
2026-04-23 22:44:56,133 | INFO | [CIFAR10 | DIFFUSION | Fold 1] | Train Batch 750/782 | Avg Loss=0.107891
2026-04-23 22:44:57,386 | INFO | [CIFAR10 | DIFFUSION | Fold 1] | Train Batch 782/782 | Avg Loss=0.107830
2026-04-23 22:44:59,336 | INFO | [CIFAR10 | DIFFUSION | Fold 1] | Test Batch 157/157 | Avg Loss=0.105180
2026-04-23 22:44:59,337 | INFO | Fold 1 | Epoch 134/150 | Train Loss=0.107830 | Test Loss=0.105180
2026-04-23 22:45:09,237 | INFO | [CIFAR10 | DIFFUSION | Fold 1] | Train Batch 250/782 | Avg Loss=0.107230
2026-04-23 22:45:19,159 | INFO | [CIFAR10 | DIFFUSION | Fold 1] | Train Batch 500/782 | Avg Loss=0.107443
2026-04-23 22:45:29,015 | INFO | [CIFAR10 | DIFFUSION | Fold 1] | Train Batch 750/782 | Avg Loss=0.107490
2026-04-23 22:45:30,280 | INFO | [CIFAR10 | DIFFUSION | Fold 1] | Train Batch 782/782 | Avg Loss=0.107492
2026-04-23 22:45:32,256 | INFO | [CIFAR10 | DIFFUSION | Fold 1] | Test Batch 157/157 | Avg Loss=0.106554
2026-04-23 22:45:32,258 | INFO | Fold 1 | Epoch 135/150 | Train Loss=0.107492 | Test Loss=0.106554
2026-04-23 22:45:42,180 | INFO | [CIFAR10 | DIFFUSION | Fold 1] | Train Batch 250/782 | Avg Loss=0.106621
2026-04-23 22:45:52,130 | INFO | [CIFAR10 | DIFFUSION | Fold 1] | Train Batch 500/782 | Avg Loss=0.107384
2026-04-23 22:46:02,230 | INFO | [CIFAR10 | DIFFUSION | Fold 1] | Train Batch 750/782 | Avg Loss=0.107159
2026-04-23 22:46:03,527 | INFO | [CIFAR10 | DIFFUSION | Fold 1] | Train Batch 782/782 | Avg Loss=0.107139
2026-04-23 22:46:05,495 | INFO | [CIFAR10 | DIFFUSION | Fold 1] | Test Batch 157/157 | Avg Loss=0.105548
2026-04-23 22:46:05,496 | INFO | Fold 1 | Epoch 136/150 | Train Loss=0.107139 | Test Loss=0.105548
2026-04-23 22:46:15,667 | INFO | [CIFAR10 | DIFFUSION | Fold 1] | Train Batch 250/782 | Avg Loss=0.107368
2026-04-23 22:46:25,795 | INFO | [CIFAR10 | DIFFUSION | Fold 1] | Train Batch 500/782 | Avg Loss=0.107990
2026-04-23 22:46:36,018 | INFO | [CIFAR10 | DIFFUSION | Fold 1] | Train Batch 750/782 | Avg Loss=0.107974
2026-04-23 22:46:37,315 | INFO | [CIFAR10 | DIFFUSION | Fold 1] | Train Batch 782/782 | Avg Loss=0.107863
2026-04-23 22:46:39,301 | INFO | [CIFAR10 | DIFFUSION | Fold 1] | Test Batch 157/157 | Avg Loss=0.106410
2026-04-23 22:46:39,303 | INFO | Fold 1 | Epoch 137/150 | Train Loss=0.107863 | Test Loss=0.106410
2026-04-23 22:46:49,460 | INFO | [CIFAR10 | DIFFUSION | Fold 1] | Train Batch 250/782 | Avg Loss=0.107323
2026-04-23 22:46:59,569 | INFO | [CIFAR10 | DIFFUSION | Fold 1] | Train Batch 500/782 | Avg Loss=0.107885
2026-04-23 22:47:09,482 | INFO | [CIFAR10 | DIFFUSION | Fold 1] | Train Batch 750/782 | Avg Loss=0.107707
2026-04-23 22:47:10,751 | INFO | [CIFAR10 | DIFFUSION | Fold 1] | Train Batch 782/782 | Avg Loss=0.107763
2026-04-23 22:47:12,705 | INFO | [CIFAR10 | DIFFUSION | Fold 1] | Test Batch 157/157 | Avg Loss=0.105948
2026-04-23 22:47:12,706 | INFO | Fold 1 | Epoch 138/150 | Train Loss=0.107763 | Test Loss=0.105948
2026-04-23 22:47:22,828 | INFO | [CIFAR10 | DIFFUSION | Fold 1] | Train Batch 250/782 | Avg Loss=0.106950
2026-04-23 22:47:33,144 | INFO | [CIFAR10 | DIFFUSION | Fold 1] | Train Batch 500/782 | Avg Loss=0.107675
2026-04-23 22:47:43,487 | INFO | [CIFAR10 | DIFFUSION | Fold 1] | Train Batch 750/782 | Avg Loss=0.107438
2026-04-23 22:47:44,806 | INFO | [CIFAR10 | DIFFUSION | Fold 1] | Train Batch 782/782 | Avg Loss=0.107631
2026-04-23 22:47:47,008 | INFO | [CIFAR10 | DIFFUSION | Fold 1] | Test Batch 157/157 | Avg Loss=0.105162
2026-04-23 22:47:47,009 | INFO | Fold 1 | Epoch 139/150 | Train Loss=0.107631 | Test Loss=0.105162
2026-04-23 22:47:56,902 | INFO | [CIFAR10 | DIFFUSION | Fold 1] | Train Batch 250/782 | Avg Loss=0.107616
2026-04-23 22:48:06,686 | INFO | [CIFAR10 | DIFFUSION | Fold 1] | Train Batch 500/782 | Avg Loss=0.107132
2026-04-23 22:48:16,483 | INFO | [CIFAR10 | DIFFUSION | Fold 1] | Train Batch 750/782 | Avg Loss=0.107376
2026-04-23 22:48:17,742 | INFO | [CIFAR10 | DIFFUSION | Fold 1] | Train Batch 782/782 | Avg Loss=0.107421
2026-04-23 22:48:19,700 | INFO | [CIFAR10 | DIFFUSION | Fold 1] | Test Batch 157/157 | Avg Loss=0.106156
2026-04-23 22:48:19,701 | INFO | Fold 1 | Epoch 140/150 | Train Loss=0.107421 | Test Loss=0.106156
2026-04-23 22:48:29,588 | INFO | [CIFAR10 | DIFFUSION | Fold 1] | Train Batch 250/782 | Avg Loss=0.106792
2026-04-23 22:48:39,419 | INFO | [CIFAR10 | DIFFUSION | Fold 1] | Train Batch 500/782 | Avg Loss=0.106957
2026-04-23 22:48:49,420 | INFO | [CIFAR10 | DIFFUSION | Fold 1] | Train Batch 750/782 | Avg Loss=0.107086
2026-04-23 22:48:50,681 | INFO | [CIFAR10 | DIFFUSION | Fold 1] | Train Batch 782/782 | Avg Loss=0.107049
2026-04-23 22:48:52,629 | INFO | [CIFAR10 | DIFFUSION | Fold 1] | Test Batch 157/157 | Avg Loss=0.105946
2026-04-23 22:48:52,631 | INFO | Fold 1 | Epoch 141/150 | Train Loss=0.107049 | Test Loss=0.105946
2026-04-23 22:49:02,549 | INFO | [CIFAR10 | DIFFUSION | Fold 1] | Train Batch 250/782 | Avg Loss=0.106427
2026-04-23 22:49:12,423 | INFO | [CIFAR10 | DIFFUSION | Fold 1] | Train Batch 500/782 | Avg Loss=0.107186
2026-04-23 22:49:22,325 | INFO | [CIFAR10 | DIFFUSION | Fold 1] | Train Batch 750/782 | Avg Loss=0.107267
2026-04-23 22:49:23,593 | INFO | [CIFAR10 | DIFFUSION | Fold 1] | Train Batch 782/782 | Avg Loss=0.107216
2026-04-23 22:49:25,553 | INFO | [CIFAR10 | DIFFUSION | Fold 1] | Test Batch 157/157 | Avg Loss=0.105317
2026-04-23 22:49:25,554 | INFO | Fold 1 | Epoch 142/150 | Train Loss=0.107216 | Test Loss=0.105317
2026-04-23 22:49:35,477 | INFO | [CIFAR10 | DIFFUSION | Fold 1] | Train Batch 250/782 | Avg Loss=0.107411
2026-04-23 22:49:45,350 | INFO | [CIFAR10 | DIFFUSION | Fold 1] | Train Batch 500/782 | Avg Loss=0.107921
2026-04-23 22:49:55,226 | INFO | [CIFAR10 | DIFFUSION | Fold 1] | Train Batch 750/782 | Avg Loss=0.107385
2026-04-23 22:49:56,493 | INFO | [CIFAR10 | DIFFUSION | Fold 1] | Train Batch 782/782 | Avg Loss=0.107310
2026-04-23 22:49:58,447 | INFO | [CIFAR10 | DIFFUSION | Fold 1] | Test Batch 157/157 | Avg Loss=0.106358
2026-04-23 22:49:58,448 | INFO | Fold 1 | Epoch 143/150 | Train Loss=0.107310 | Test Loss=0.106358
2026-04-23 22:50:08,471 | INFO | [CIFAR10 | DIFFUSION | Fold 1] | Train Batch 250/782 | Avg Loss=0.106704
2026-04-23 22:50:18,458 | INFO | [CIFAR10 | DIFFUSION | Fold 1] | Train Batch 500/782 | Avg Loss=0.106932
2026-04-23 22:50:28,783 | INFO | [CIFAR10 | DIFFUSION | Fold 1] | Train Batch 750/782 | Avg Loss=0.107019
2026-04-23 22:50:30,105 | INFO | [CIFAR10 | DIFFUSION | Fold 1] | Train Batch 782/782 | Avg Loss=0.107074
2026-04-23 22:50:32,098 | INFO | [CIFAR10 | DIFFUSION | Fold 1] | Test Batch 157/157 | Avg Loss=0.106491
2026-04-23 22:50:32,099 | INFO | Fold 1 | Epoch 144/150 | Train Loss=0.107074 | Test Loss=0.106491
2026-04-23 22:50:41,961 | INFO | [CIFAR10 | DIFFUSION | Fold 1] | Train Batch 250/782 | Avg Loss=0.107852
2026-04-23 22:50:51,805 | INFO | [CIFAR10 | DIFFUSION | Fold 1] | Train Batch 500/782 | Avg Loss=0.108010
2026-04-23 22:51:01,606 | INFO | [CIFAR10 | DIFFUSION | Fold 1] | Train Batch 750/782 | Avg Loss=0.108151
2026-04-23 22:51:02,864 | INFO | [CIFAR10 | DIFFUSION | Fold 1] | Train Batch 782/782 | Avg Loss=0.108162
2026-04-23 22:51:04,829 | INFO | [CIFAR10 | DIFFUSION | Fold 1] | Test Batch 157/157 | Avg Loss=0.105114
2026-04-23 22:51:04,830 | INFO | Fold 1 | Epoch 145/150 | Train Loss=0.108162 | Test Loss=0.105114
2026-04-23 22:51:14,711 | INFO | [CIFAR10 | DIFFUSION | Fold 1] | Train Batch 250/782 | Avg Loss=0.107384
2026-04-23 22:51:24,543 | INFO | [CIFAR10 | DIFFUSION | Fold 1] | Train Batch 500/782 | Avg Loss=0.107718
2026-04-23 22:51:34,511 | INFO | [CIFAR10 | DIFFUSION | Fold 1] | Train Batch 750/782 | Avg Loss=0.107647
2026-04-23 22:51:35,777 | INFO | [CIFAR10 | DIFFUSION | Fold 1] | Train Batch 782/782 | Avg Loss=0.107588
2026-04-23 22:51:37,740 | INFO | [CIFAR10 | DIFFUSION | Fold 1] | Test Batch 157/157 | Avg Loss=0.107467
2026-04-23 22:51:37,741 | INFO | Fold 1 | Epoch 146/150 | Train Loss=0.107588 | Test Loss=0.107467
2026-04-23 22:51:47,652 | INFO | [CIFAR10 | DIFFUSION | Fold 1] | Train Batch 250/782 | Avg Loss=0.107133
2026-04-23 22:51:57,516 | INFO | [CIFAR10 | DIFFUSION | Fold 1] | Train Batch 500/782 | Avg Loss=0.107436
2026-04-23 22:52:07,383 | INFO | [CIFAR10 | DIFFUSION | Fold 1] | Train Batch 750/782 | Avg Loss=0.107472
2026-04-23 22:52:08,641 | INFO | [CIFAR10 | DIFFUSION | Fold 1] | Train Batch 782/782 | Avg Loss=0.107534
2026-04-23 22:52:10,615 | INFO | [CIFAR10 | DIFFUSION | Fold 1] | Test Batch 157/157 | Avg Loss=0.105555
2026-04-23 22:52:10,616 | INFO | Fold 1 | Epoch 147/150 | Train Loss=0.107534 | Test Loss=0.105555
2026-04-23 22:52:20,524 | INFO | [CIFAR10 | DIFFUSION | Fold 1] | Train Batch 250/782 | Avg Loss=0.106472
2026-04-23 22:52:30,377 | INFO | [CIFAR10 | DIFFUSION | Fold 1] | Train Batch 500/782 | Avg Loss=0.106894
2026-04-23 22:52:40,246 | INFO | [CIFAR10 | DIFFUSION | Fold 1] | Train Batch 750/782 | Avg Loss=0.107157
2026-04-23 22:52:41,529 | INFO | [CIFAR10 | DIFFUSION | Fold 1] | Train Batch 782/782 | Avg Loss=0.107245
2026-04-23 22:52:43,616 | INFO | [CIFAR10 | DIFFUSION | Fold 1] | Test Batch 157/157 | Avg Loss=0.105661
2026-04-23 22:52:43,617 | INFO | Fold 1 | Epoch 148/150 | Train Loss=0.107245 | Test Loss=0.105661
2026-04-23 22:52:53,610 | INFO | [CIFAR10 | DIFFUSION | Fold 1] | Train Batch 250/782 | Avg Loss=0.109075
2026-04-23 22:53:03,612 | INFO | [CIFAR10 | DIFFUSION | Fold 1] | Train Batch 500/782 | Avg Loss=0.108268
2026-04-23 22:53:13,497 | INFO | [CIFAR10 | DIFFUSION | Fold 1] | Train Batch 750/782 | Avg Loss=0.107997
2026-04-23 22:53:14,766 | INFO | [CIFAR10 | DIFFUSION | Fold 1] | Train Batch 782/782 | Avg Loss=0.107892
2026-04-23 22:53:16,726 | INFO | [CIFAR10 | DIFFUSION | Fold 1] | Test Batch 157/157 | Avg Loss=0.107735
2026-04-23 22:53:16,728 | INFO | Fold 1 | Epoch 149/150 | Train Loss=0.107892 | Test Loss=0.107735
2026-04-23 22:53:26,647 | INFO | [CIFAR10 | DIFFUSION | Fold 1] | Train Batch 250/782 | Avg Loss=0.108529
2026-04-23 22:53:36,526 | INFO | [CIFAR10 | DIFFUSION | Fold 1] | Train Batch 500/782 | Avg Loss=0.108421
2026-04-23 22:53:46,412 | INFO | [CIFAR10 | DIFFUSION | Fold 1] | Train Batch 750/782 | Avg Loss=0.108139
2026-04-23 22:53:47,675 | INFO | [CIFAR10 | DIFFUSION | Fold 1] | Train Batch 782/782 | Avg Loss=0.108064
2026-04-23 22:53:49,646 | INFO | [CIFAR10 | DIFFUSION | Fold 1] | Test Batch 157/157 | Avg Loss=0.106207
2026-04-23 22:53:49,647 | INFO | Fold 1 | Epoch 150/150 | Train Loss=0.108064 | Test Loss=0.106207
2026-04-23 22:53:51,792 | INFO | Fold 1 summary | Noise MSE=0.106207 | PSNR=19.0598 | SSIM=0.6328
2026-04-23 22:53:52,234 | INFO | Diffusion loss curve saved to /scratch/kac965/image-reconstruction-final-study/runs/cifar10/diffusion/study_cifar10_seed002/plots/loss_curve.png
2026-04-23 22:53:52,462 | INFO | Diffusion loss curve (legacy path) saved to /scratch/kac965/image-reconstruction-final-study/runs/diffusion/loss_curves/study_cifar10_seed002.png
2026-04-23 22:53:54,065 | INFO | Diffusion sample grid saved to /scratch/kac965/image-reconstruction-final-study/runs/cifar10/diffusion/study_cifar10_seed002/samples/generated_samples.png
2026-04-23 22:53:54,385 | INFO | Diffusion sample grid (legacy path) saved to /scratch/kac965/image-reconstruction-final-study/runs/diffusion/samples/study_cifar10_seed002.png
2026-04-23 22:53:56,894 | INFO | Diffusion reverse-process snapshots saved to /scratch/kac965/image-reconstruction-final-study/runs/cifar10/diffusion/study_cifar10_seed002/plots/diffusion_snapshots.png
2026-04-23 22:53:59,417 | INFO | Diffusion reverse-process snapshots (legacy path) saved to /scratch/kac965/image-reconstruction-final-study/runs/diffusion/snapshots/study_cifar10_seed002.png
2026-04-23 22:54:00,457 | INFO | Diffusion reconstruction preview saved to /scratch/kac965/image-reconstruction-final-study/runs/cifar10/diffusion/study_cifar10_seed002/plots/reconstructions.png
2026-04-23 22:54:00,873 | INFO | Diffusion reconstruction preview (legacy path) saved to /scratch/kac965/image-reconstruction-final-study/runs/diffusion/reconstructions/study_cifar10_seed002.png
2026-04-23 22:54:01,119 | INFO | Final summary | dataset=cifar10 model=diffusion mean_noise_loss=0.106207 +/- 0.000000 | PSNR=19.0598 | SSIM=0.6328
2026-04-23 22:54:01,119 | INFO | Artifacts saved to /scratch/kac965/image-reconstruction-final-study/runs/cifar10/diffusion/study_cifar10_seed002
