2026-04-24 03:45:15,728 | INFO | Start time: 2026-04-24T03:45:15.728632
2026-04-24 03:45:15,729 | INFO | Hostname: cn1
2026-04-24 03:45:15,729 | INFO | Device: cuda (Tesla V100-SXM2-16GB)
2026-04-24 03:45:15,729 | INFO | Seed: 3
2026-04-24 03:45:15,729 | INFO | CLI args: --config /home/kac965/projects/ImageReconstruction/configs/diffusion/fashion.yaml --seed 3 --run-name study_fashion_seed003 --data-dir /scratch/kac965/image-reconstruction/data --output-dir /scratch/kac965/image-reconstruction-final-study/runs
2026-04-24 03:45:15,730 | INFO | Resolved output directory: /scratch/kac965/image-reconstruction-final-study/runs/fashion/diffusion/study_fashion_seed003
2026-04-24 03:45:15,730 | INFO | Data directory: /scratch/kac965/image-reconstruction/data
2026-04-24 03:45:15,730 | INFO | Download enabled: False
2026-04-24 03:45:15,730 | INFO | Run config: dataset=fashion model=diffusion epochs=75 batch_size=128 lr=0.001 num_workers=4
2026-04-24 03:45:15,839 | INFO | Model hyperparameters: backbone=legacy image_size=28 channels=1 classes=10 base_channels=64 time_dim=64 num_res_blocks=2 timesteps=500 schedule=linear prediction_type=eps sampler=ddim sampling_steps=50 ddim_eta=0 attention_resolutions=() beta_start=0.0001 beta_end=0.02 ema_decay=0 class_dropout_prob=0 guidance_scale=1 grad_clip_norm=1.0 amp=bf16 sample_count=16
2026-04-24 03:45:15,840 | INFO | Saved resolved config to /scratch/kac965/image-reconstruction-final-study/runs/fashion/diffusion/study_fashion_seed003/config.json
2026-04-24 03:45:15,918 | INFO | Dataset sizes: train=60000 test=10000
2026-04-24 03:45:15,919 | INFO | Batch counts: train=469 test=79
2026-04-24 03:45:16,086 | INFO | Trainable parameters: 7891073
2026-04-24 03:49:24,123 | INFO | [FASHION | DIFFUSION | Fold 1] | Train Batch 250/469 | Avg Loss=0.125892
2026-04-24 03:53:00,066 | INFO | [FASHION | DIFFUSION | Fold 1] | Train Batch 469/469 | Avg Loss=0.099445
2026-04-24 03:53:43,991 | INFO | [FASHION | DIFFUSION | Fold 1] | Test Batch 79/79 | Avg Loss=0.063512
2026-04-24 03:53:43,993 | INFO | Fold 1 | Epoch 1/75 | Train Loss=0.099445 | Test Loss=0.063512
2026-04-24 03:57:50,809 | INFO | [FASHION | DIFFUSION | Fold 1] | Train Batch 250/469 | Avg Loss=0.063409
2026-04-24 04:01:26,738 | INFO | [FASHION | DIFFUSION | Fold 1] | Train Batch 469/469 | Avg Loss=0.062349
2026-04-24 04:02:10,579 | INFO | [FASHION | DIFFUSION | Fold 1] | Test Batch 79/79 | Avg Loss=0.058345
2026-04-24 04:02:10,580 | INFO | Fold 1 | Epoch 2/75 | Train Loss=0.062349 | Test Loss=0.058345
2026-04-24 04:06:17,418 | INFO | [FASHION | DIFFUSION | Fold 1] | Train Batch 250/469 | Avg Loss=0.058647
2026-04-24 04:09:53,331 | INFO | [FASHION | DIFFUSION | Fold 1] | Train Batch 469/469 | Avg Loss=0.058344
2026-04-24 04:10:37,154 | INFO | [FASHION | DIFFUSION | Fold 1] | Test Batch 79/79 | Avg Loss=0.057249
2026-04-24 04:10:37,155 | INFO | Fold 1 | Epoch 3/75 | Train Loss=0.058344 | Test Loss=0.057249
2026-04-24 04:14:43,962 | INFO | [FASHION | DIFFUSION | Fold 1] | Train Batch 250/469 | Avg Loss=0.056923
2026-04-24 04:18:19,882 | INFO | [FASHION | DIFFUSION | Fold 1] | Train Batch 469/469 | Avg Loss=0.055875
2026-04-24 04:19:03,732 | INFO | [FASHION | DIFFUSION | Fold 1] | Test Batch 79/79 | Avg Loss=0.057787
2026-04-24 04:19:03,733 | INFO | Fold 1 | Epoch 4/75 | Train Loss=0.055875 | Test Loss=0.057787
2026-04-24 04:23:10,569 | INFO | [FASHION | DIFFUSION | Fold 1] | Train Batch 250/469 | Avg Loss=0.054736
2026-04-24 04:26:46,484 | INFO | [FASHION | DIFFUSION | Fold 1] | Train Batch 469/469 | Avg Loss=0.054498
2026-04-24 04:27:30,310 | INFO | [FASHION | DIFFUSION | Fold 1] | Test Batch 79/79 | Avg Loss=0.057254
2026-04-24 04:27:30,311 | INFO | Fold 1 | Epoch 5/75 | Train Loss=0.054498 | Test Loss=0.057254
2026-04-24 04:31:37,165 | INFO | [FASHION | DIFFUSION | Fold 1] | Train Batch 250/469 | Avg Loss=0.054208
2026-04-24 04:35:13,094 | INFO | [FASHION | DIFFUSION | Fold 1] | Train Batch 469/469 | Avg Loss=0.053725
2026-04-24 04:35:56,956 | INFO | [FASHION | DIFFUSION | Fold 1] | Test Batch 79/79 | Avg Loss=0.053979
2026-04-24 04:35:56,958 | INFO | Fold 1 | Epoch 6/75 | Train Loss=0.053725 | Test Loss=0.053979
2026-04-24 04:40:03,788 | INFO | [FASHION | DIFFUSION | Fold 1] | Train Batch 250/469 | Avg Loss=0.054589
2026-04-24 04:43:39,718 | INFO | [FASHION | DIFFUSION | Fold 1] | Train Batch 469/469 | Avg Loss=0.054588
2026-04-24 04:44:23,575 | INFO | [FASHION | DIFFUSION | Fold 1] | Test Batch 79/79 | Avg Loss=0.053933
2026-04-24 04:44:23,576 | INFO | Fold 1 | Epoch 7/75 | Train Loss=0.054588 | Test Loss=0.053933
2026-04-24 04:48:30,417 | INFO | [FASHION | DIFFUSION | Fold 1] | Train Batch 250/469 | Avg Loss=0.053603
2026-04-24 04:52:06,399 | INFO | [FASHION | DIFFUSION | Fold 1] | Train Batch 469/469 | Avg Loss=0.053424
2026-04-24 04:52:50,250 | INFO | [FASHION | DIFFUSION | Fold 1] | Test Batch 79/79 | Avg Loss=0.053606
2026-04-24 04:52:50,252 | INFO | Fold 1 | Epoch 8/75 | Train Loss=0.053424 | Test Loss=0.053606
2026-04-24 04:56:57,088 | INFO | [FASHION | DIFFUSION | Fold 1] | Train Batch 250/469 | Avg Loss=0.052224
2026-04-24 05:00:33,019 | INFO | [FASHION | DIFFUSION | Fold 1] | Train Batch 469/469 | Avg Loss=0.052106
2026-04-24 05:01:16,882 | INFO | [FASHION | DIFFUSION | Fold 1] | Test Batch 79/79 | Avg Loss=0.053974
2026-04-24 05:01:16,884 | INFO | Fold 1 | Epoch 9/75 | Train Loss=0.052106 | Test Loss=0.053974
2026-04-24 05:05:23,703 | INFO | [FASHION | DIFFUSION | Fold 1] | Train Batch 250/469 | Avg Loss=0.051908
2026-04-24 05:08:59,617 | INFO | [FASHION | DIFFUSION | Fold 1] | Train Batch 469/469 | Avg Loss=0.052258
2026-04-24 05:09:43,582 | INFO | [FASHION | DIFFUSION | Fold 1] | Test Batch 79/79 | Avg Loss=0.052264
2026-04-24 05:09:43,584 | INFO | Fold 1 | Epoch 10/75 | Train Loss=0.052258 | Test Loss=0.052264
2026-04-24 05:13:50,418 | INFO | [FASHION | DIFFUSION | Fold 1] | Train Batch 250/469 | Avg Loss=0.052851
2026-04-24 05:17:26,348 | INFO | [FASHION | DIFFUSION | Fold 1] | Train Batch 469/469 | Avg Loss=0.052483
2026-04-24 05:18:10,201 | INFO | [FASHION | DIFFUSION | Fold 1] | Test Batch 79/79 | Avg Loss=0.050961
2026-04-24 05:18:10,203 | INFO | Fold 1 | Epoch 11/75 | Train Loss=0.052483 | Test Loss=0.050961
2026-04-24 05:22:17,040 | INFO | [FASHION | DIFFUSION | Fold 1] | Train Batch 250/469 | Avg Loss=0.051742
2026-04-24 05:25:52,972 | INFO | [FASHION | DIFFUSION | Fold 1] | Train Batch 469/469 | Avg Loss=0.051591
2026-04-24 05:26:36,823 | INFO | [FASHION | DIFFUSION | Fold 1] | Test Batch 79/79 | Avg Loss=0.052953
2026-04-24 05:26:36,824 | INFO | Fold 1 | Epoch 12/75 | Train Loss=0.051591 | Test Loss=0.052953
2026-04-24 05:30:43,649 | INFO | [FASHION | DIFFUSION | Fold 1] | Train Batch 250/469 | Avg Loss=0.051564
2026-04-24 05:34:19,601 | INFO | [FASHION | DIFFUSION | Fold 1] | Train Batch 469/469 | Avg Loss=0.051656
2026-04-24 05:35:03,446 | INFO | [FASHION | DIFFUSION | Fold 1] | Test Batch 79/79 | Avg Loss=0.053758
2026-04-24 05:35:03,447 | INFO | Fold 1 | Epoch 13/75 | Train Loss=0.051656 | Test Loss=0.053758
2026-04-24 05:39:10,305 | INFO | [FASHION | DIFFUSION | Fold 1] | Train Batch 250/469 | Avg Loss=0.050765
2026-04-24 05:42:46,238 | INFO | [FASHION | DIFFUSION | Fold 1] | Train Batch 469/469 | Avg Loss=0.050767
2026-04-24 05:43:30,098 | INFO | [FASHION | DIFFUSION | Fold 1] | Test Batch 79/79 | Avg Loss=0.051537
2026-04-24 05:43:30,099 | INFO | Fold 1 | Epoch 14/75 | Train Loss=0.050767 | Test Loss=0.051537
2026-04-24 05:47:36,955 | INFO | [FASHION | DIFFUSION | Fold 1] | Train Batch 250/469 | Avg Loss=0.049903
2026-04-24 05:51:12,875 | INFO | [FASHION | DIFFUSION | Fold 1] | Train Batch 469/469 | Avg Loss=0.050632
2026-04-24 05:51:56,726 | INFO | [FASHION | DIFFUSION | Fold 1] | Test Batch 79/79 | Avg Loss=0.050989
2026-04-24 05:51:56,727 | INFO | Fold 1 | Epoch 15/75 | Train Loss=0.050632 | Test Loss=0.050989
2026-04-24 05:56:03,527 | INFO | [FASHION | DIFFUSION | Fold 1] | Train Batch 250/469 | Avg Loss=0.050912
2026-04-24 05:59:39,443 | INFO | [FASHION | DIFFUSION | Fold 1] | Train Batch 469/469 | Avg Loss=0.051183
2026-04-24 06:00:23,297 | INFO | [FASHION | DIFFUSION | Fold 1] | Test Batch 79/79 | Avg Loss=0.050297
2026-04-24 06:00:23,298 | INFO | Fold 1 | Epoch 16/75 | Train Loss=0.051183 | Test Loss=0.050297
2026-04-24 06:04:30,111 | INFO | [FASHION | DIFFUSION | Fold 1] | Train Batch 250/469 | Avg Loss=0.051040
2026-04-24 06:08:06,064 | INFO | [FASHION | DIFFUSION | Fold 1] | Train Batch 469/469 | Avg Loss=0.051265
2026-04-24 06:08:49,924 | INFO | [FASHION | DIFFUSION | Fold 1] | Test Batch 79/79 | Avg Loss=0.050317
2026-04-24 06:08:49,927 | INFO | Fold 1 | Epoch 17/75 | Train Loss=0.051265 | Test Loss=0.050317
2026-04-24 06:12:56,758 | INFO | [FASHION | DIFFUSION | Fold 1] | Train Batch 250/469 | Avg Loss=0.050384
2026-04-24 06:16:32,668 | INFO | [FASHION | DIFFUSION | Fold 1] | Train Batch 469/469 | Avg Loss=0.050903
2026-04-24 06:17:16,511 | INFO | [FASHION | DIFFUSION | Fold 1] | Test Batch 79/79 | Avg Loss=0.051625
2026-04-24 06:17:16,513 | INFO | Fold 1 | Epoch 18/75 | Train Loss=0.050903 | Test Loss=0.051625
2026-04-24 06:21:23,349 | INFO | [FASHION | DIFFUSION | Fold 1] | Train Batch 250/469 | Avg Loss=0.050401
2026-04-24 06:24:59,266 | INFO | [FASHION | DIFFUSION | Fold 1] | Train Batch 469/469 | Avg Loss=0.050002
2026-04-24 06:25:43,121 | INFO | [FASHION | DIFFUSION | Fold 1] | Test Batch 79/79 | Avg Loss=0.049922
2026-04-24 06:25:43,123 | INFO | Fold 1 | Epoch 19/75 | Train Loss=0.050002 | Test Loss=0.049922
2026-04-24 06:29:49,939 | INFO | [FASHION | DIFFUSION | Fold 1] | Train Batch 250/469 | Avg Loss=0.049719
2026-04-24 06:33:25,841 | INFO | [FASHION | DIFFUSION | Fold 1] | Train Batch 469/469 | Avg Loss=0.050086
2026-04-24 06:34:09,680 | INFO | [FASHION | DIFFUSION | Fold 1] | Test Batch 79/79 | Avg Loss=0.050852
2026-04-24 06:34:09,682 | INFO | Fold 1 | Epoch 20/75 | Train Loss=0.050086 | Test Loss=0.050852
2026-04-24 06:38:16,495 | INFO | [FASHION | DIFFUSION | Fold 1] | Train Batch 250/469 | Avg Loss=0.050299
2026-04-24 06:41:52,409 | INFO | [FASHION | DIFFUSION | Fold 1] | Train Batch 469/469 | Avg Loss=0.050129
2026-04-24 06:42:36,235 | INFO | [FASHION | DIFFUSION | Fold 1] | Test Batch 79/79 | Avg Loss=0.049826
2026-04-24 06:42:36,237 | INFO | Fold 1 | Epoch 21/75 | Train Loss=0.050129 | Test Loss=0.049826
2026-04-24 06:46:43,063 | INFO | [FASHION | DIFFUSION | Fold 1] | Train Batch 250/469 | Avg Loss=0.049493
2026-04-24 06:50:18,961 | INFO | [FASHION | DIFFUSION | Fold 1] | Train Batch 469/469 | Avg Loss=0.049655
2026-04-24 06:51:02,797 | INFO | [FASHION | DIFFUSION | Fold 1] | Test Batch 79/79 | Avg Loss=0.048895
2026-04-24 06:51:02,798 | INFO | Fold 1 | Epoch 22/75 | Train Loss=0.049655 | Test Loss=0.048895
2026-04-24 06:55:09,606 | INFO | [FASHION | DIFFUSION | Fold 1] | Train Batch 250/469 | Avg Loss=0.050351
2026-04-24 06:58:45,532 | INFO | [FASHION | DIFFUSION | Fold 1] | Train Batch 469/469 | Avg Loss=0.049744
2026-04-24 06:59:29,435 | INFO | [FASHION | DIFFUSION | Fold 1] | Test Batch 79/79 | Avg Loss=0.051242
2026-04-24 06:59:29,437 | INFO | Fold 1 | Epoch 23/75 | Train Loss=0.049744 | Test Loss=0.051242
2026-04-24 07:03:36,248 | INFO | [FASHION | DIFFUSION | Fold 1] | Train Batch 250/469 | Avg Loss=0.051053
2026-04-24 07:07:12,165 | INFO | [FASHION | DIFFUSION | Fold 1] | Train Batch 469/469 | Avg Loss=0.050569
2026-04-24 07:07:56,013 | INFO | [FASHION | DIFFUSION | Fold 1] | Test Batch 79/79 | Avg Loss=0.050572
2026-04-24 07:07:56,015 | INFO | Fold 1 | Epoch 24/75 | Train Loss=0.050569 | Test Loss=0.050572
2026-04-24 07:12:02,830 | INFO | [FASHION | DIFFUSION | Fold 1] | Train Batch 250/469 | Avg Loss=0.049287
2026-04-24 07:15:38,744 | INFO | [FASHION | DIFFUSION | Fold 1] | Train Batch 469/469 | Avg Loss=0.049407
2026-04-24 07:16:22,593 | INFO | [FASHION | DIFFUSION | Fold 1] | Test Batch 79/79 | Avg Loss=0.050880
2026-04-24 07:16:22,595 | INFO | Fold 1 | Epoch 25/75 | Train Loss=0.049407 | Test Loss=0.050880
2026-04-24 07:20:29,413 | INFO | [FASHION | DIFFUSION | Fold 1] | Train Batch 250/469 | Avg Loss=0.049605
2026-04-24 07:24:05,330 | INFO | [FASHION | DIFFUSION | Fold 1] | Train Batch 469/469 | Avg Loss=0.049633
2026-04-24 07:24:49,184 | INFO | [FASHION | DIFFUSION | Fold 1] | Test Batch 79/79 | Avg Loss=0.051787
2026-04-24 07:24:49,185 | INFO | Fold 1 | Epoch 26/75 | Train Loss=0.049633 | Test Loss=0.051787
2026-04-24 07:28:56,016 | INFO | [FASHION | DIFFUSION | Fold 1] | Train Batch 250/469 | Avg Loss=0.049200
2026-04-24 07:32:31,944 | INFO | [FASHION | DIFFUSION | Fold 1] | Train Batch 469/469 | Avg Loss=0.049678
2026-04-24 07:33:15,785 | INFO | [FASHION | DIFFUSION | Fold 1] | Test Batch 79/79 | Avg Loss=0.051025
2026-04-24 07:33:15,787 | INFO | Fold 1 | Epoch 27/75 | Train Loss=0.049678 | Test Loss=0.051025
2026-04-24 07:37:22,596 | INFO | [FASHION | DIFFUSION | Fold 1] | Train Batch 250/469 | Avg Loss=0.050301
2026-04-24 07:40:58,526 | INFO | [FASHION | DIFFUSION | Fold 1] | Train Batch 469/469 | Avg Loss=0.050061
2026-04-24 07:41:42,377 | INFO | [FASHION | DIFFUSION | Fold 1] | Test Batch 79/79 | Avg Loss=0.050624
2026-04-24 07:41:42,378 | INFO | Fold 1 | Epoch 28/75 | Train Loss=0.050061 | Test Loss=0.050624
2026-04-24 07:45:49,238 | INFO | [FASHION | DIFFUSION | Fold 1] | Train Batch 250/469 | Avg Loss=0.048866
2026-04-24 07:49:25,164 | INFO | [FASHION | DIFFUSION | Fold 1] | Train Batch 469/469 | Avg Loss=0.048987
2026-04-24 07:50:09,003 | INFO | [FASHION | DIFFUSION | Fold 1] | Test Batch 79/79 | Avg Loss=0.050631
2026-04-24 07:50:09,004 | INFO | Fold 1 | Epoch 29/75 | Train Loss=0.048987 | Test Loss=0.050631
2026-04-24 07:54:15,810 | INFO | [FASHION | DIFFUSION | Fold 1] | Train Batch 250/469 | Avg Loss=0.048734
2026-04-24 07:57:51,729 | INFO | [FASHION | DIFFUSION | Fold 1] | Train Batch 469/469 | Avg Loss=0.048672
2026-04-24 07:58:35,580 | INFO | [FASHION | DIFFUSION | Fold 1] | Test Batch 79/79 | Avg Loss=0.049025
2026-04-24 07:58:35,581 | INFO | Fold 1 | Epoch 30/75 | Train Loss=0.048672 | Test Loss=0.049025
2026-04-24 08:02:42,403 | INFO | [FASHION | DIFFUSION | Fold 1] | Train Batch 250/469 | Avg Loss=0.049480
2026-04-24 08:06:18,309 | INFO | [FASHION | DIFFUSION | Fold 1] | Train Batch 469/469 | Avg Loss=0.049371
2026-04-24 08:07:02,147 | INFO | [FASHION | DIFFUSION | Fold 1] | Test Batch 79/79 | Avg Loss=0.052387
2026-04-24 08:07:02,148 | INFO | Fold 1 | Epoch 31/75 | Train Loss=0.049371 | Test Loss=0.052387
2026-04-24 08:11:08,955 | INFO | [FASHION | DIFFUSION | Fold 1] | Train Batch 250/469 | Avg Loss=0.049596
2026-04-24 08:14:44,871 | INFO | [FASHION | DIFFUSION | Fold 1] | Train Batch 469/469 | Avg Loss=0.048933
2026-04-24 08:15:28,714 | INFO | [FASHION | DIFFUSION | Fold 1] | Test Batch 79/79 | Avg Loss=0.050190
2026-04-24 08:15:28,715 | INFO | Fold 1 | Epoch 32/75 | Train Loss=0.048933 | Test Loss=0.050190
2026-04-24 08:19:35,690 | INFO | [FASHION | DIFFUSION | Fold 1] | Train Batch 250/469 | Avg Loss=0.048954
2026-04-24 08:23:11,705 | INFO | [FASHION | DIFFUSION | Fold 1] | Train Batch 469/469 | Avg Loss=0.049027
2026-04-24 08:23:55,546 | INFO | [FASHION | DIFFUSION | Fold 1] | Test Batch 79/79 | Avg Loss=0.049610
2026-04-24 08:23:55,548 | INFO | Fold 1 | Epoch 33/75 | Train Loss=0.049027 | Test Loss=0.049610
2026-04-24 08:28:02,361 | INFO | [FASHION | DIFFUSION | Fold 1] | Train Batch 250/469 | Avg Loss=0.049680
2026-04-24 08:31:38,294 | INFO | [FASHION | DIFFUSION | Fold 1] | Train Batch 469/469 | Avg Loss=0.049615
2026-04-24 08:32:22,161 | INFO | [FASHION | DIFFUSION | Fold 1] | Test Batch 79/79 | Avg Loss=0.049647
2026-04-24 08:32:22,162 | INFO | Fold 1 | Epoch 34/75 | Train Loss=0.049615 | Test Loss=0.049647
2026-04-24 08:36:28,969 | INFO | [FASHION | DIFFUSION | Fold 1] | Train Batch 250/469 | Avg Loss=0.048369
2026-04-24 08:40:04,871 | INFO | [FASHION | DIFFUSION | Fold 1] | Train Batch 469/469 | Avg Loss=0.048417
2026-04-24 08:40:48,689 | INFO | [FASHION | DIFFUSION | Fold 1] | Test Batch 79/79 | Avg Loss=0.050100
2026-04-24 08:40:48,690 | INFO | Fold 1 | Epoch 35/75 | Train Loss=0.048417 | Test Loss=0.050100
2026-04-24 08:44:55,543 | INFO | [FASHION | DIFFUSION | Fold 1] | Train Batch 250/469 | Avg Loss=0.048578
2026-04-24 08:48:31,450 | INFO | [FASHION | DIFFUSION | Fold 1] | Train Batch 469/469 | Avg Loss=0.048815
2026-04-24 08:49:15,310 | INFO | [FASHION | DIFFUSION | Fold 1] | Test Batch 79/79 | Avg Loss=0.050125
2026-04-24 08:49:15,312 | INFO | Fold 1 | Epoch 36/75 | Train Loss=0.048815 | Test Loss=0.050125
2026-04-24 08:53:22,107 | INFO | [FASHION | DIFFUSION | Fold 1] | Train Batch 250/469 | Avg Loss=0.049092
2026-04-24 08:56:58,009 | INFO | [FASHION | DIFFUSION | Fold 1] | Train Batch 469/469 | Avg Loss=0.049255
2026-04-24 08:57:41,830 | INFO | [FASHION | DIFFUSION | Fold 1] | Test Batch 79/79 | Avg Loss=0.050111
2026-04-24 08:57:41,831 | INFO | Fold 1 | Epoch 37/75 | Train Loss=0.049255 | Test Loss=0.050111
2026-04-24 09:01:48,640 | INFO | [FASHION | DIFFUSION | Fold 1] | Train Batch 250/469 | Avg Loss=0.048723
2026-04-24 09:05:24,544 | INFO | [FASHION | DIFFUSION | Fold 1] | Train Batch 469/469 | Avg Loss=0.048549
2026-04-24 09:06:08,370 | INFO | [FASHION | DIFFUSION | Fold 1] | Test Batch 79/79 | Avg Loss=0.048222
2026-04-24 09:06:08,371 | INFO | Fold 1 | Epoch 38/75 | Train Loss=0.048549 | Test Loss=0.048222
2026-04-24 09:10:15,189 | INFO | [FASHION | DIFFUSION | Fold 1] | Train Batch 250/469 | Avg Loss=0.049261
2026-04-24 09:13:51,087 | INFO | [FASHION | DIFFUSION | Fold 1] | Train Batch 469/469 | Avg Loss=0.049109
2026-04-24 09:14:34,907 | INFO | [FASHION | DIFFUSION | Fold 1] | Test Batch 79/79 | Avg Loss=0.049604
2026-04-24 09:14:34,908 | INFO | Fold 1 | Epoch 39/75 | Train Loss=0.049109 | Test Loss=0.049604
2026-04-24 09:18:41,711 | INFO | [FASHION | DIFFUSION | Fold 1] | Train Batch 250/469 | Avg Loss=0.047727
2026-04-24 09:22:17,609 | INFO | [FASHION | DIFFUSION | Fold 1] | Train Batch 469/469 | Avg Loss=0.048240
2026-04-24 09:23:01,454 | INFO | [FASHION | DIFFUSION | Fold 1] | Test Batch 79/79 | Avg Loss=0.049799
2026-04-24 09:23:01,456 | INFO | Fold 1 | Epoch 40/75 | Train Loss=0.048240 | Test Loss=0.049799
2026-04-24 09:27:08,222 | INFO | [FASHION | DIFFUSION | Fold 1] | Train Batch 250/469 | Avg Loss=0.047481
2026-04-24 09:30:44,116 | INFO | [FASHION | DIFFUSION | Fold 1] | Train Batch 469/469 | Avg Loss=0.047824
2026-04-24 09:31:27,956 | INFO | [FASHION | DIFFUSION | Fold 1] | Test Batch 79/79 | Avg Loss=0.048471
2026-04-24 09:31:27,957 | INFO | Fold 1 | Epoch 41/75 | Train Loss=0.047824 | Test Loss=0.048471
2026-04-24 09:35:34,810 | INFO | [FASHION | DIFFUSION | Fold 1] | Train Batch 250/469 | Avg Loss=0.048466
2026-04-24 09:39:10,717 | INFO | [FASHION | DIFFUSION | Fold 1] | Train Batch 469/469 | Avg Loss=0.048477
2026-04-24 09:39:54,553 | INFO | [FASHION | DIFFUSION | Fold 1] | Test Batch 79/79 | Avg Loss=0.048181
2026-04-24 09:39:54,554 | INFO | Fold 1 | Epoch 42/75 | Train Loss=0.048477 | Test Loss=0.048181
2026-04-24 09:44:01,358 | INFO | [FASHION | DIFFUSION | Fold 1] | Train Batch 250/469 | Avg Loss=0.048338
2026-04-24 09:47:37,269 | INFO | [FASHION | DIFFUSION | Fold 1] | Train Batch 469/469 | Avg Loss=0.048547
2026-04-24 09:48:21,092 | INFO | [FASHION | DIFFUSION | Fold 1] | Test Batch 79/79 | Avg Loss=0.049924
2026-04-24 09:48:21,093 | INFO | Fold 1 | Epoch 43/75 | Train Loss=0.048547 | Test Loss=0.049924
2026-04-24 09:52:28,085 | INFO | [FASHION | DIFFUSION | Fold 1] | Train Batch 250/469 | Avg Loss=0.049020
2026-04-24 09:56:03,983 | INFO | [FASHION | DIFFUSION | Fold 1] | Train Batch 469/469 | Avg Loss=0.048461
2026-04-24 09:56:47,827 | INFO | [FASHION | DIFFUSION | Fold 1] | Test Batch 79/79 | Avg Loss=0.050536
2026-04-24 09:56:47,828 | INFO | Fold 1 | Epoch 44/75 | Train Loss=0.048461 | Test Loss=0.050536
2026-04-24 10:00:54,614 | INFO | [FASHION | DIFFUSION | Fold 1] | Train Batch 250/469 | Avg Loss=0.048353
2026-04-24 10:04:30,525 | INFO | [FASHION | DIFFUSION | Fold 1] | Train Batch 469/469 | Avg Loss=0.048276
2026-04-24 10:05:14,348 | INFO | [FASHION | DIFFUSION | Fold 1] | Test Batch 79/79 | Avg Loss=0.049234
2026-04-24 10:05:14,349 | INFO | Fold 1 | Epoch 45/75 | Train Loss=0.048276 | Test Loss=0.049234
2026-04-24 10:09:21,147 | INFO | [FASHION | DIFFUSION | Fold 1] | Train Batch 250/469 | Avg Loss=0.048461
2026-04-24 10:12:57,050 | INFO | [FASHION | DIFFUSION | Fold 1] | Train Batch 469/469 | Avg Loss=0.048579
2026-04-24 10:13:40,896 | INFO | [FASHION | DIFFUSION | Fold 1] | Test Batch 79/79 | Avg Loss=0.051528
2026-04-24 10:13:40,898 | INFO | Fold 1 | Epoch 46/75 | Train Loss=0.048579 | Test Loss=0.051528
2026-04-24 10:17:47,645 | INFO | [FASHION | DIFFUSION | Fold 1] | Train Batch 250/469 | Avg Loss=0.048135
2026-04-24 10:21:23,534 | INFO | [FASHION | DIFFUSION | Fold 1] | Train Batch 469/469 | Avg Loss=0.048601
2026-04-24 10:22:07,367 | INFO | [FASHION | DIFFUSION | Fold 1] | Test Batch 79/79 | Avg Loss=0.049632
2026-04-24 10:22:07,368 | INFO | Fold 1 | Epoch 47/75 | Train Loss=0.048601 | Test Loss=0.049632
2026-04-24 10:26:14,159 | INFO | [FASHION | DIFFUSION | Fold 1] | Train Batch 250/469 | Avg Loss=0.048143
2026-04-24 10:29:50,054 | INFO | [FASHION | DIFFUSION | Fold 1] | Train Batch 469/469 | Avg Loss=0.048369
2026-04-24 10:30:33,915 | INFO | [FASHION | DIFFUSION | Fold 1] | Test Batch 79/79 | Avg Loss=0.050030
2026-04-24 10:30:33,917 | INFO | Fold 1 | Epoch 48/75 | Train Loss=0.048369 | Test Loss=0.050030
2026-04-24 10:34:40,736 | INFO | [FASHION | DIFFUSION | Fold 1] | Train Batch 250/469 | Avg Loss=0.049163
2026-04-24 10:38:16,636 | INFO | [FASHION | DIFFUSION | Fold 1] | Train Batch 469/469 | Avg Loss=0.047999
2026-04-24 10:39:00,476 | INFO | [FASHION | DIFFUSION | Fold 1] | Test Batch 79/79 | Avg Loss=0.049204
2026-04-24 10:39:00,477 | INFO | Fold 1 | Epoch 49/75 | Train Loss=0.047999 | Test Loss=0.049204
2026-04-24 10:43:07,365 | INFO | [FASHION | DIFFUSION | Fold 1] | Train Batch 250/469 | Avg Loss=0.047667
2026-04-24 10:46:43,282 | INFO | [FASHION | DIFFUSION | Fold 1] | Train Batch 469/469 | Avg Loss=0.047964
2026-04-24 10:47:27,105 | INFO | [FASHION | DIFFUSION | Fold 1] | Test Batch 79/79 | Avg Loss=0.048942
2026-04-24 10:47:27,107 | INFO | Fold 1 | Epoch 50/75 | Train Loss=0.047964 | Test Loss=0.048942
2026-04-24 10:51:33,971 | INFO | [FASHION | DIFFUSION | Fold 1] | Train Batch 250/469 | Avg Loss=0.048382
2026-04-24 10:55:09,893 | INFO | [FASHION | DIFFUSION | Fold 1] | Train Batch 469/469 | Avg Loss=0.048149
2026-04-24 10:55:53,741 | INFO | [FASHION | DIFFUSION | Fold 1] | Test Batch 79/79 | Avg Loss=0.049994
2026-04-24 10:55:53,742 | INFO | Fold 1 | Epoch 51/75 | Train Loss=0.048149 | Test Loss=0.049994
2026-04-24 11:00:00,589 | INFO | [FASHION | DIFFUSION | Fold 1] | Train Batch 250/469 | Avg Loss=0.048510
2026-04-24 11:03:36,504 | INFO | [FASHION | DIFFUSION | Fold 1] | Train Batch 469/469 | Avg Loss=0.048457
2026-04-24 11:04:20,349 | INFO | [FASHION | DIFFUSION | Fold 1] | Test Batch 79/79 | Avg Loss=0.048968
2026-04-24 11:04:20,351 | INFO | Fold 1 | Epoch 52/75 | Train Loss=0.048457 | Test Loss=0.048968
2026-04-24 11:08:27,160 | INFO | [FASHION | DIFFUSION | Fold 1] | Train Batch 250/469 | Avg Loss=0.047858
2026-04-24 11:12:03,083 | INFO | [FASHION | DIFFUSION | Fold 1] | Train Batch 469/469 | Avg Loss=0.047977
2026-04-24 11:12:46,940 | INFO | [FASHION | DIFFUSION | Fold 1] | Test Batch 79/79 | Avg Loss=0.048450
2026-04-24 11:12:46,942 | INFO | Fold 1 | Epoch 53/75 | Train Loss=0.047977 | Test Loss=0.048450
2026-04-24 11:16:53,775 | INFO | [FASHION | DIFFUSION | Fold 1] | Train Batch 250/469 | Avg Loss=0.048245
2026-04-24 11:20:29,670 | INFO | [FASHION | DIFFUSION | Fold 1] | Train Batch 469/469 | Avg Loss=0.048335
2026-04-24 11:21:13,533 | INFO | [FASHION | DIFFUSION | Fold 1] | Test Batch 79/79 | Avg Loss=0.048315
2026-04-24 11:21:13,535 | INFO | Fold 1 | Epoch 54/75 | Train Loss=0.048335 | Test Loss=0.048315
2026-04-24 11:25:20,343 | INFO | [FASHION | DIFFUSION | Fold 1] | Train Batch 250/469 | Avg Loss=0.047450
2026-04-24 11:28:56,236 | INFO | [FASHION | DIFFUSION | Fold 1] | Train Batch 469/469 | Avg Loss=0.048064
2026-04-24 11:29:40,076 | INFO | [FASHION | DIFFUSION | Fold 1] | Test Batch 79/79 | Avg Loss=0.049806
2026-04-24 11:29:40,077 | INFO | Fold 1 | Epoch 55/75 | Train Loss=0.048064 | Test Loss=0.049806
2026-04-24 11:33:46,884 | INFO | [FASHION | DIFFUSION | Fold 1] | Train Batch 250/469 | Avg Loss=0.047610
