2026-04-23 16:36:34,018 | INFO | Start time: 2026-04-23T16:36:34.018846
2026-04-23 16:36:34,019 | INFO | Hostname: cn1
2026-04-23 16:36:34,019 | INFO | Device: cuda (Tesla V100-SXM2-16GB)
2026-04-23 16:36:34,019 | INFO | Seed: 1
2026-04-23 16:36:34,019 | INFO | CLI args: --config /home/kac965/projects/ImageReconstruction/configs/diffusion/mnist.yaml --seed 1 --run-name study_mnist_seed001 --data-dir /scratch/kac965/image-reconstruction/data --output-dir /scratch/kac965/image-reconstruction-final-study/runs
2026-04-23 16:36:34,020 | INFO | Resolved output directory: /scratch/kac965/image-reconstruction-final-study/runs/mnist/diffusion/study_mnist_seed001
2026-04-23 16:36:34,020 | INFO | Data directory: /scratch/kac965/image-reconstruction/data
2026-04-23 16:36:34,020 | INFO | Download enabled: False
2026-04-23 16:36:34,020 | INFO | Run config: dataset=mnist model=diffusion epochs=50 batch_size=128 lr=0.001 num_workers=4
2026-04-23 16:36:34,135 | INFO | Model hyperparameters: backbone=legacy image_size=28 channels=1 classes=10 base_channels=64 time_dim=64 num_res_blocks=2 timesteps=500 schedule=linear prediction_type=eps sampler=ddim sampling_steps=50 ddim_eta=0 attention_resolutions=() beta_start=0.0001 beta_end=0.02 ema_decay=0 class_dropout_prob=0 guidance_scale=1 grad_clip_norm=1.0 amp=bf16 sample_count=16
2026-04-23 16:36:34,136 | INFO | Saved resolved config to /scratch/kac965/image-reconstruction-final-study/runs/mnist/diffusion/study_mnist_seed001/config.json
2026-04-23 16:36:34,341 | INFO | Dataset sizes: train=60000 test=10000
2026-04-23 16:36:34,341 | INFO | Batch counts: train=469 test=79
2026-04-23 16:36:34,507 | INFO | Trainable parameters: 7891073
2026-04-23 16:40:42,554 | INFO | [MNIST | DIFFUSION | Fold 1] | Train Batch 250/469 | Avg Loss=0.094869
2026-04-23 16:44:18,881 | INFO | [MNIST | DIFFUSION | Fold 1] | Train Batch 469/469 | Avg Loss=0.070339
2026-04-23 16:45:02,864 | INFO | [MNIST | DIFFUSION | Fold 1] | Test Batch 79/79 | Avg Loss=0.042536
2026-04-23 16:45:02,866 | INFO | Fold 1 | Epoch 1/50 | Train Loss=0.070339 | Test Loss=0.042536
2026-04-23 16:49:10,009 | INFO | [MNIST | DIFFUSION | Fold 1] | Train Batch 250/469 | Avg Loss=0.039128
2026-04-23 16:52:46,407 | INFO | [MNIST | DIFFUSION | Fold 1] | Train Batch 469/469 | Avg Loss=0.038068
2026-04-23 16:53:30,311 | INFO | [MNIST | DIFFUSION | Fold 1] | Test Batch 79/79 | Avg Loss=0.035585
2026-04-23 16:53:30,313 | INFO | Fold 1 | Epoch 2/50 | Train Loss=0.038068 | Test Loss=0.035585
2026-04-23 16:57:37,614 | INFO | [MNIST | DIFFUSION | Fold 1] | Train Batch 250/469 | Avg Loss=0.035497
2026-04-23 17:01:13,833 | INFO | [MNIST | DIFFUSION | Fold 1] | Train Batch 469/469 | Avg Loss=0.035172
2026-04-23 17:01:57,743 | INFO | [MNIST | DIFFUSION | Fold 1] | Test Batch 79/79 | Avg Loss=0.033844
2026-04-23 17:01:57,744 | INFO | Fold 1 | Epoch 3/50 | Train Loss=0.035172 | Test Loss=0.033844
2026-04-23 17:06:04,860 | INFO | [MNIST | DIFFUSION | Fold 1] | Train Batch 250/469 | Avg Loss=0.034207
2026-04-23 17:09:41,031 | INFO | [MNIST | DIFFUSION | Fold 1] | Train Batch 469/469 | Avg Loss=0.034255
2026-04-23 17:10:24,938 | INFO | [MNIST | DIFFUSION | Fold 1] | Test Batch 79/79 | Avg Loss=0.033648
2026-04-23 17:10:24,939 | INFO | Fold 1 | Epoch 4/50 | Train Loss=0.034255 | Test Loss=0.033648
2026-04-23 17:14:32,122 | INFO | [MNIST | DIFFUSION | Fold 1] | Train Batch 250/469 | Avg Loss=0.033983
2026-04-23 17:18:08,294 | INFO | [MNIST | DIFFUSION | Fold 1] | Train Batch 469/469 | Avg Loss=0.033673
2026-04-23 17:18:52,199 | INFO | [MNIST | DIFFUSION | Fold 1] | Test Batch 79/79 | Avg Loss=0.032815
2026-04-23 17:18:52,200 | INFO | Fold 1 | Epoch 5/50 | Train Loss=0.033673 | Test Loss=0.032815
2026-04-23 17:22:59,318 | INFO | [MNIST | DIFFUSION | Fold 1] | Train Batch 250/469 | Avg Loss=0.033055
2026-04-23 17:26:35,479 | INFO | [MNIST | DIFFUSION | Fold 1] | Train Batch 469/469 | Avg Loss=0.032913
2026-04-23 17:27:19,394 | INFO | [MNIST | DIFFUSION | Fold 1] | Test Batch 79/79 | Avg Loss=0.032619
2026-04-23 17:27:19,395 | INFO | Fold 1 | Epoch 6/50 | Train Loss=0.032913 | Test Loss=0.032619
2026-04-23 17:31:26,521 | INFO | [MNIST | DIFFUSION | Fold 1] | Train Batch 250/469 | Avg Loss=0.032508
2026-04-23 17:35:02,698 | INFO | [MNIST | DIFFUSION | Fold 1] | Train Batch 469/469 | Avg Loss=0.032461
2026-04-23 17:35:46,624 | INFO | [MNIST | DIFFUSION | Fold 1] | Test Batch 79/79 | Avg Loss=0.032235
2026-04-23 17:35:46,625 | INFO | Fold 1 | Epoch 7/50 | Train Loss=0.032461 | Test Loss=0.032235
2026-04-23 17:39:53,714 | INFO | [MNIST | DIFFUSION | Fold 1] | Train Batch 250/469 | Avg Loss=0.032052
2026-04-23 17:43:29,909 | INFO | [MNIST | DIFFUSION | Fold 1] | Train Batch 469/469 | Avg Loss=0.031905
2026-04-23 17:44:13,797 | INFO | [MNIST | DIFFUSION | Fold 1] | Test Batch 79/79 | Avg Loss=0.031945
2026-04-23 17:44:13,799 | INFO | Fold 1 | Epoch 8/50 | Train Loss=0.031905 | Test Loss=0.031945
2026-04-23 17:48:20,905 | INFO | [MNIST | DIFFUSION | Fold 1] | Train Batch 250/469 | Avg Loss=0.032037
2026-04-23 17:51:57,102 | INFO | [MNIST | DIFFUSION | Fold 1] | Train Batch 469/469 | Avg Loss=0.032022
2026-04-23 17:52:41,005 | INFO | [MNIST | DIFFUSION | Fold 1] | Test Batch 79/79 | Avg Loss=0.032063
2026-04-23 17:52:41,006 | INFO | Fold 1 | Epoch 9/50 | Train Loss=0.032022 | Test Loss=0.032063
2026-04-23 17:56:48,176 | INFO | [MNIST | DIFFUSION | Fold 1] | Train Batch 250/469 | Avg Loss=0.031976
2026-04-23 18:00:24,406 | INFO | [MNIST | DIFFUSION | Fold 1] | Train Batch 469/469 | Avg Loss=0.031789
2026-04-23 18:01:08,317 | INFO | [MNIST | DIFFUSION | Fold 1] | Test Batch 79/79 | Avg Loss=0.030905
2026-04-23 18:01:08,318 | INFO | Fold 1 | Epoch 10/50 | Train Loss=0.031789 | Test Loss=0.030905
2026-04-23 18:05:15,573 | INFO | [MNIST | DIFFUSION | Fold 1] | Train Batch 250/469 | Avg Loss=0.031570
2026-04-23 18:08:51,746 | INFO | [MNIST | DIFFUSION | Fold 1] | Train Batch 469/469 | Avg Loss=0.031558
2026-04-23 18:09:35,643 | INFO | [MNIST | DIFFUSION | Fold 1] | Test Batch 79/79 | Avg Loss=0.031101
2026-04-23 18:09:35,644 | INFO | Fold 1 | Epoch 11/50 | Train Loss=0.031558 | Test Loss=0.031101
2026-04-23 18:13:42,758 | INFO | [MNIST | DIFFUSION | Fold 1] | Train Batch 250/469 | Avg Loss=0.031354
2026-04-23 18:17:18,918 | INFO | [MNIST | DIFFUSION | Fold 1] | Train Batch 469/469 | Avg Loss=0.031434
2026-04-23 18:18:02,828 | INFO | [MNIST | DIFFUSION | Fold 1] | Test Batch 79/79 | Avg Loss=0.032404
2026-04-23 18:18:02,830 | INFO | Fold 1 | Epoch 12/50 | Train Loss=0.031434 | Test Loss=0.032404
2026-04-23 18:22:10,066 | INFO | [MNIST | DIFFUSION | Fold 1] | Train Batch 250/469 | Avg Loss=0.031169
2026-04-23 18:25:46,218 | INFO | [MNIST | DIFFUSION | Fold 1] | Train Batch 469/469 | Avg Loss=0.031155
2026-04-23 18:26:30,116 | INFO | [MNIST | DIFFUSION | Fold 1] | Test Batch 79/79 | Avg Loss=0.031026
2026-04-23 18:26:30,117 | INFO | Fold 1 | Epoch 13/50 | Train Loss=0.031155 | Test Loss=0.031026
2026-04-23 18:30:37,235 | INFO | [MNIST | DIFFUSION | Fold 1] | Train Batch 250/469 | Avg Loss=0.031251
2026-04-23 18:34:13,393 | INFO | [MNIST | DIFFUSION | Fold 1] | Train Batch 469/469 | Avg Loss=0.031217
2026-04-23 18:34:57,294 | INFO | [MNIST | DIFFUSION | Fold 1] | Test Batch 79/79 | Avg Loss=0.031038
2026-04-23 18:34:57,295 | INFO | Fold 1 | Epoch 14/50 | Train Loss=0.031217 | Test Loss=0.031038
2026-04-23 18:39:04,423 | INFO | [MNIST | DIFFUSION | Fold 1] | Train Batch 250/469 | Avg Loss=0.031036
2026-04-23 18:42:40,576 | INFO | [MNIST | DIFFUSION | Fold 1] | Train Batch 469/469 | Avg Loss=0.030859
2026-04-23 18:43:24,470 | INFO | [MNIST | DIFFUSION | Fold 1] | Test Batch 79/79 | Avg Loss=0.030985
2026-04-23 18:43:24,471 | INFO | Fold 1 | Epoch 15/50 | Train Loss=0.030859 | Test Loss=0.030985
2026-04-23 18:47:31,640 | INFO | [MNIST | DIFFUSION | Fold 1] | Train Batch 250/469 | Avg Loss=0.031588
2026-04-23 18:51:07,813 | INFO | [MNIST | DIFFUSION | Fold 1] | Train Batch 469/469 | Avg Loss=0.031444
2026-04-23 18:51:51,732 | INFO | [MNIST | DIFFUSION | Fold 1] | Test Batch 79/79 | Avg Loss=0.030821
2026-04-23 18:51:51,734 | INFO | Fold 1 | Epoch 16/50 | Train Loss=0.031444 | Test Loss=0.030821
2026-04-23 18:55:58,807 | INFO | [MNIST | DIFFUSION | Fold 1] | Train Batch 250/469 | Avg Loss=0.031056
2026-04-23 18:59:35,062 | INFO | [MNIST | DIFFUSION | Fold 1] | Train Batch 469/469 | Avg Loss=0.030980
2026-04-23 19:00:18,965 | INFO | [MNIST | DIFFUSION | Fold 1] | Test Batch 79/79 | Avg Loss=0.031055
2026-04-23 19:00:18,966 | INFO | Fold 1 | Epoch 17/50 | Train Loss=0.030980 | Test Loss=0.031055
2026-04-23 19:04:26,055 | INFO | [MNIST | DIFFUSION | Fold 1] | Train Batch 250/469 | Avg Loss=0.030846
2026-04-23 19:08:02,226 | INFO | [MNIST | DIFFUSION | Fold 1] | Train Batch 469/469 | Avg Loss=0.030771
2026-04-23 19:08:46,120 | INFO | [MNIST | DIFFUSION | Fold 1] | Test Batch 79/79 | Avg Loss=0.030685
2026-04-23 19:08:46,122 | INFO | Fold 1 | Epoch 18/50 | Train Loss=0.030771 | Test Loss=0.030685
2026-04-23 19:12:53,224 | INFO | [MNIST | DIFFUSION | Fold 1] | Train Batch 250/469 | Avg Loss=0.030445
2026-04-23 19:16:29,412 | INFO | [MNIST | DIFFUSION | Fold 1] | Train Batch 469/469 | Avg Loss=0.030560
2026-04-23 19:17:13,313 | INFO | [MNIST | DIFFUSION | Fold 1] | Test Batch 79/79 | Avg Loss=0.032008
2026-04-23 19:17:13,314 | INFO | Fold 1 | Epoch 19/50 | Train Loss=0.030560 | Test Loss=0.032008
2026-04-23 19:21:20,408 | INFO | [MNIST | DIFFUSION | Fold 1] | Train Batch 250/469 | Avg Loss=0.030442
2026-04-23 19:24:56,689 | INFO | [MNIST | DIFFUSION | Fold 1] | Train Batch 469/469 | Avg Loss=0.030507
2026-04-23 19:25:40,594 | INFO | [MNIST | DIFFUSION | Fold 1] | Test Batch 79/79 | Avg Loss=0.030752
2026-04-23 19:25:40,595 | INFO | Fold 1 | Epoch 20/50 | Train Loss=0.030507 | Test Loss=0.030752
2026-04-23 19:29:47,697 | INFO | [MNIST | DIFFUSION | Fold 1] | Train Batch 250/469 | Avg Loss=0.030661
2026-04-23 19:33:23,969 | INFO | [MNIST | DIFFUSION | Fold 1] | Train Batch 469/469 | Avg Loss=0.030687
2026-04-23 19:34:07,846 | INFO | [MNIST | DIFFUSION | Fold 1] | Test Batch 79/79 | Avg Loss=0.030375
2026-04-23 19:34:07,848 | INFO | Fold 1 | Epoch 21/50 | Train Loss=0.030687 | Test Loss=0.030375
2026-04-23 19:38:14,959 | INFO | [MNIST | DIFFUSION | Fold 1] | Train Batch 250/469 | Avg Loss=0.030358
2026-04-23 19:41:51,127 | INFO | [MNIST | DIFFUSION | Fold 1] | Train Batch 469/469 | Avg Loss=0.030441
2026-04-23 19:42:35,066 | INFO | [MNIST | DIFFUSION | Fold 1] | Test Batch 79/79 | Avg Loss=0.030667
2026-04-23 19:42:35,067 | INFO | Fold 1 | Epoch 22/50 | Train Loss=0.030441 | Test Loss=0.030667
2026-04-23 19:46:42,158 | INFO | [MNIST | DIFFUSION | Fold 1] | Train Batch 250/469 | Avg Loss=0.030492
2026-04-23 19:50:18,325 | INFO | [MNIST | DIFFUSION | Fold 1] | Train Batch 469/469 | Avg Loss=0.030403
2026-04-23 19:51:02,217 | INFO | [MNIST | DIFFUSION | Fold 1] | Test Batch 79/79 | Avg Loss=0.030530
2026-04-23 19:51:02,219 | INFO | Fold 1 | Epoch 23/50 | Train Loss=0.030403 | Test Loss=0.030530
2026-04-23 19:55:09,519 | INFO | [MNIST | DIFFUSION | Fold 1] | Train Batch 250/469 | Avg Loss=0.030781
2026-04-23 19:58:45,704 | INFO | [MNIST | DIFFUSION | Fold 1] | Train Batch 469/469 | Avg Loss=0.030477
2026-04-23 19:59:29,614 | INFO | [MNIST | DIFFUSION | Fold 1] | Test Batch 79/79 | Avg Loss=0.030385
2026-04-23 19:59:29,616 | INFO | Fold 1 | Epoch 24/50 | Train Loss=0.030477 | Test Loss=0.030385
2026-04-23 20:03:36,736 | INFO | [MNIST | DIFFUSION | Fold 1] | Train Batch 250/469 | Avg Loss=0.030410
2026-04-23 20:07:12,921 | INFO | [MNIST | DIFFUSION | Fold 1] | Train Batch 469/469 | Avg Loss=0.030348
2026-04-23 20:07:56,803 | INFO | [MNIST | DIFFUSION | Fold 1] | Test Batch 79/79 | Avg Loss=0.030248
2026-04-23 20:07:56,805 | INFO | Fold 1 | Epoch 25/50 | Train Loss=0.030348 | Test Loss=0.030248
2026-04-23 20:12:03,946 | INFO | [MNIST | DIFFUSION | Fold 1] | Train Batch 250/469 | Avg Loss=0.030297
2026-04-23 20:15:40,104 | INFO | [MNIST | DIFFUSION | Fold 1] | Train Batch 469/469 | Avg Loss=0.030157
2026-04-23 20:16:23,980 | INFO | [MNIST | DIFFUSION | Fold 1] | Test Batch 79/79 | Avg Loss=0.030443
2026-04-23 20:16:23,981 | INFO | Fold 1 | Epoch 26/50 | Train Loss=0.030157 | Test Loss=0.030443
2026-04-23 20:20:31,110 | INFO | [MNIST | DIFFUSION | Fold 1] | Train Batch 250/469 | Avg Loss=0.030102
2026-04-23 20:24:07,329 | INFO | [MNIST | DIFFUSION | Fold 1] | Train Batch 469/469 | Avg Loss=0.030237
2026-04-23 20:24:51,224 | INFO | [MNIST | DIFFUSION | Fold 1] | Test Batch 79/79 | Avg Loss=0.030657
2026-04-23 20:24:51,225 | INFO | Fold 1 | Epoch 27/50 | Train Loss=0.030237 | Test Loss=0.030657
2026-04-23 20:28:58,334 | INFO | [MNIST | DIFFUSION | Fold 1] | Train Batch 250/469 | Avg Loss=0.029979
2026-04-23 20:32:34,487 | INFO | [MNIST | DIFFUSION | Fold 1] | Train Batch 469/469 | Avg Loss=0.030027
2026-04-23 20:33:18,404 | INFO | [MNIST | DIFFUSION | Fold 1] | Test Batch 79/79 | Avg Loss=0.030113
2026-04-23 20:33:18,406 | INFO | Fold 1 | Epoch 28/50 | Train Loss=0.030027 | Test Loss=0.030113
2026-04-23 20:37:25,515 | INFO | [MNIST | DIFFUSION | Fold 1] | Train Batch 250/469 | Avg Loss=0.030183
2026-04-23 20:41:01,667 | INFO | [MNIST | DIFFUSION | Fold 1] | Train Batch 469/469 | Avg Loss=0.030243
2026-04-23 20:41:45,578 | INFO | [MNIST | DIFFUSION | Fold 1] | Test Batch 79/79 | Avg Loss=0.029754
2026-04-23 20:41:45,580 | INFO | Fold 1 | Epoch 29/50 | Train Loss=0.030243 | Test Loss=0.029754
2026-04-23 20:45:52,681 | INFO | [MNIST | DIFFUSION | Fold 1] | Train Batch 250/469 | Avg Loss=0.029866
2026-04-23 20:49:28,835 | INFO | [MNIST | DIFFUSION | Fold 1] | Train Batch 469/469 | Avg Loss=0.029941
2026-04-23 20:50:12,742 | INFO | [MNIST | DIFFUSION | Fold 1] | Test Batch 79/79 | Avg Loss=0.030154
2026-04-23 20:50:12,744 | INFO | Fold 1 | Epoch 30/50 | Train Loss=0.029941 | Test Loss=0.030154
2026-04-23 20:54:19,887 | INFO | [MNIST | DIFFUSION | Fold 1] | Train Batch 250/469 | Avg Loss=0.030301
2026-04-23 20:57:56,051 | INFO | [MNIST | DIFFUSION | Fold 1] | Train Batch 469/469 | Avg Loss=0.029978
2026-04-23 20:58:39,945 | INFO | [MNIST | DIFFUSION | Fold 1] | Test Batch 79/79 | Avg Loss=0.029927
2026-04-23 20:58:39,947 | INFO | Fold 1 | Epoch 31/50 | Train Loss=0.029978 | Test Loss=0.029927
2026-04-23 21:02:47,097 | INFO | [MNIST | DIFFUSION | Fold 1] | Train Batch 250/469 | Avg Loss=0.029804
2026-04-23 21:06:23,246 | INFO | [MNIST | DIFFUSION | Fold 1] | Train Batch 469/469 | Avg Loss=0.029793
2026-04-23 21:07:07,164 | INFO | [MNIST | DIFFUSION | Fold 1] | Test Batch 79/79 | Avg Loss=0.030151
2026-04-23 21:07:07,165 | INFO | Fold 1 | Epoch 32/50 | Train Loss=0.029793 | Test Loss=0.030151
2026-04-23 21:11:14,262 | INFO | [MNIST | DIFFUSION | Fold 1] | Train Batch 250/469 | Avg Loss=0.030353
2026-04-23 21:14:50,414 | INFO | [MNIST | DIFFUSION | Fold 1] | Train Batch 469/469 | Avg Loss=0.030174
2026-04-23 21:15:34,316 | INFO | [MNIST | DIFFUSION | Fold 1] | Test Batch 79/79 | Avg Loss=0.029645
2026-04-23 21:15:34,317 | INFO | Fold 1 | Epoch 33/50 | Train Loss=0.030174 | Test Loss=0.029645
2026-04-23 21:19:41,545 | INFO | [MNIST | DIFFUSION | Fold 1] | Train Batch 250/469 | Avg Loss=0.030002
2026-04-23 21:23:17,714 | INFO | [MNIST | DIFFUSION | Fold 1] | Train Batch 469/469 | Avg Loss=0.029952
2026-04-23 21:24:01,616 | INFO | [MNIST | DIFFUSION | Fold 1] | Test Batch 79/79 | Avg Loss=0.029492
2026-04-23 21:24:01,618 | INFO | Fold 1 | Epoch 34/50 | Train Loss=0.029952 | Test Loss=0.029492
2026-04-23 21:28:08,698 | INFO | [MNIST | DIFFUSION | Fold 1] | Train Batch 250/469 | Avg Loss=0.030101
2026-04-23 21:31:44,853 | INFO | [MNIST | DIFFUSION | Fold 1] | Train Batch 469/469 | Avg Loss=0.029906
2026-04-23 21:32:28,757 | INFO | [MNIST | DIFFUSION | Fold 1] | Test Batch 79/79 | Avg Loss=0.029680
2026-04-23 21:32:28,758 | INFO | Fold 1 | Epoch 35/50 | Train Loss=0.029906 | Test Loss=0.029680
2026-04-23 21:36:35,873 | INFO | [MNIST | DIFFUSION | Fold 1] | Train Batch 250/469 | Avg Loss=0.029734
2026-04-23 21:40:12,052 | INFO | [MNIST | DIFFUSION | Fold 1] | Train Batch 469/469 | Avg Loss=0.029883
2026-04-23 21:40:55,960 | INFO | [MNIST | DIFFUSION | Fold 1] | Test Batch 79/79 | Avg Loss=0.030408
2026-04-23 21:40:55,963 | INFO | Fold 1 | Epoch 36/50 | Train Loss=0.029883 | Test Loss=0.030408
2026-04-23 21:45:03,074 | INFO | [MNIST | DIFFUSION | Fold 1] | Train Batch 250/469 | Avg Loss=0.029715
2026-04-23 21:48:39,234 | INFO | [MNIST | DIFFUSION | Fold 1] | Train Batch 469/469 | Avg Loss=0.029666
2026-04-23 21:49:23,180 | INFO | [MNIST | DIFFUSION | Fold 1] | Test Batch 79/79 | Avg Loss=0.029662
2026-04-23 21:49:23,182 | INFO | Fold 1 | Epoch 37/50 | Train Loss=0.029666 | Test Loss=0.029662
2026-04-23 21:53:30,281 | INFO | [MNIST | DIFFUSION | Fold 1] | Train Batch 250/469 | Avg Loss=0.029274
2026-04-23 21:57:06,434 | INFO | [MNIST | DIFFUSION | Fold 1] | Train Batch 469/469 | Avg Loss=0.029596
2026-04-23 21:57:50,334 | INFO | [MNIST | DIFFUSION | Fold 1] | Test Batch 79/79 | Avg Loss=0.029726
2026-04-23 21:57:50,336 | INFO | Fold 1 | Epoch 38/50 | Train Loss=0.029596 | Test Loss=0.029726
2026-04-23 22:01:57,441 | INFO | [MNIST | DIFFUSION | Fold 1] | Train Batch 250/469 | Avg Loss=0.029537
2026-04-23 22:05:33,613 | INFO | [MNIST | DIFFUSION | Fold 1] | Train Batch 469/469 | Avg Loss=0.029635
2026-04-23 22:06:17,522 | INFO | [MNIST | DIFFUSION | Fold 1] | Test Batch 79/79 | Avg Loss=0.029898
2026-04-23 22:06:17,524 | INFO | Fold 1 | Epoch 39/50 | Train Loss=0.029635 | Test Loss=0.029898
2026-04-23 22:10:24,627 | INFO | [MNIST | DIFFUSION | Fold 1] | Train Batch 250/469 | Avg Loss=0.029659
2026-04-23 22:14:00,803 | INFO | [MNIST | DIFFUSION | Fold 1] | Train Batch 469/469 | Avg Loss=0.029517
2026-04-23 22:14:44,772 | INFO | [MNIST | DIFFUSION | Fold 1] | Test Batch 79/79 | Avg Loss=0.030660
2026-04-23 22:14:44,774 | INFO | Fold 1 | Epoch 40/50 | Train Loss=0.029517 | Test Loss=0.030660
2026-04-23 22:18:51,879 | INFO | [MNIST | DIFFUSION | Fold 1] | Train Batch 250/469 | Avg Loss=0.029497
2026-04-23 22:22:28,028 | INFO | [MNIST | DIFFUSION | Fold 1] | Train Batch 469/469 | Avg Loss=0.029675
2026-04-23 22:23:11,932 | INFO | [MNIST | DIFFUSION | Fold 1] | Test Batch 79/79 | Avg Loss=0.029336
2026-04-23 22:23:11,934 | INFO | Fold 1 | Epoch 41/50 | Train Loss=0.029675 | Test Loss=0.029336
2026-04-23 22:27:19,072 | INFO | [MNIST | DIFFUSION | Fold 1] | Train Batch 250/469 | Avg Loss=0.029719
2026-04-23 22:30:55,234 | INFO | [MNIST | DIFFUSION | Fold 1] | Train Batch 469/469 | Avg Loss=0.029617
2026-04-23 22:31:39,149 | INFO | [MNIST | DIFFUSION | Fold 1] | Test Batch 79/79 | Avg Loss=0.030001
2026-04-23 22:31:39,150 | INFO | Fold 1 | Epoch 42/50 | Train Loss=0.029617 | Test Loss=0.030001
2026-04-23 22:35:46,262 | INFO | [MNIST | DIFFUSION | Fold 1] | Train Batch 250/469 | Avg Loss=0.029625
2026-04-23 22:39:22,412 | INFO | [MNIST | DIFFUSION | Fold 1] | Train Batch 469/469 | Avg Loss=0.029558
2026-04-23 22:40:06,307 | INFO | [MNIST | DIFFUSION | Fold 1] | Test Batch 79/79 | Avg Loss=0.029217
2026-04-23 22:40:06,308 | INFO | Fold 1 | Epoch 43/50 | Train Loss=0.029558 | Test Loss=0.029217
2026-04-23 22:44:13,413 | INFO | [MNIST | DIFFUSION | Fold 1] | Train Batch 250/469 | Avg Loss=0.029352
2026-04-23 22:47:49,600 | INFO | [MNIST | DIFFUSION | Fold 1] | Train Batch 469/469 | Avg Loss=0.029545
2026-04-23 22:48:33,503 | INFO | [MNIST | DIFFUSION | Fold 1] | Test Batch 79/79 | Avg Loss=0.029168
2026-04-23 22:48:33,505 | INFO | Fold 1 | Epoch 44/50 | Train Loss=0.029545 | Test Loss=0.029168
2026-04-23 22:52:40,604 | INFO | [MNIST | DIFFUSION | Fold 1] | Train Batch 250/469 | Avg Loss=0.029271
2026-04-23 22:56:16,762 | INFO | [MNIST | DIFFUSION | Fold 1] | Train Batch 469/469 | Avg Loss=0.029312
2026-04-23 22:57:00,667 | INFO | [MNIST | DIFFUSION | Fold 1] | Test Batch 79/79 | Avg Loss=0.029467
2026-04-23 22:57:00,668 | INFO | Fold 1 | Epoch 45/50 | Train Loss=0.029312 | Test Loss=0.029467
2026-04-23 23:01:07,772 | INFO | [MNIST | DIFFUSION | Fold 1] | Train Batch 250/469 | Avg Loss=0.029219
2026-04-23 23:04:43,935 | INFO | [MNIST | DIFFUSION | Fold 1] | Train Batch 469/469 | Avg Loss=0.029103
2026-04-23 23:05:27,831 | INFO | [MNIST | DIFFUSION | Fold 1] | Test Batch 79/79 | Avg Loss=0.029711
2026-04-23 23:05:27,832 | INFO | Fold 1 | Epoch 46/50 | Train Loss=0.029103 | Test Loss=0.029711
2026-04-23 23:09:34,955 | INFO | [MNIST | DIFFUSION | Fold 1] | Train Batch 250/469 | Avg Loss=0.029543
2026-04-23 23:13:11,151 | INFO | [MNIST | DIFFUSION | Fold 1] | Train Batch 469/469 | Avg Loss=0.029557
2026-04-23 23:13:55,051 | INFO | [MNIST | DIFFUSION | Fold 1] | Test Batch 79/79 | Avg Loss=0.029519
2026-04-23 23:13:55,053 | INFO | Fold 1 | Epoch 47/50 | Train Loss=0.029557 | Test Loss=0.029519
2026-04-23 23:18:02,154 | INFO | [MNIST | DIFFUSION | Fold 1] | Train Batch 250/469 | Avg Loss=0.029480
2026-04-23 23:21:38,299 | INFO | [MNIST | DIFFUSION | Fold 1] | Train Batch 469/469 | Avg Loss=0.029623
2026-04-23 23:22:22,223 | INFO | [MNIST | DIFFUSION | Fold 1] | Test Batch 79/79 | Avg Loss=0.028811
2026-04-23 23:22:22,225 | INFO | Fold 1 | Epoch 48/50 | Train Loss=0.029623 | Test Loss=0.028811
2026-04-23 23:26:29,314 | INFO | [MNIST | DIFFUSION | Fold 1] | Train Batch 250/469 | Avg Loss=0.029611
2026-04-23 23:30:05,498 | INFO | [MNIST | DIFFUSION | Fold 1] | Train Batch 469/469 | Avg Loss=0.029564
2026-04-23 23:30:49,400 | INFO | [MNIST | DIFFUSION | Fold 1] | Test Batch 79/79 | Avg Loss=0.029560
2026-04-23 23:30:49,402 | INFO | Fold 1 | Epoch 49/50 | Train Loss=0.029564 | Test Loss=0.029560
2026-04-23 23:34:56,483 | INFO | [MNIST | DIFFUSION | Fold 1] | Train Batch 250/469 | Avg Loss=0.029296
2026-04-23 23:38:32,640 | INFO | [MNIST | DIFFUSION | Fold 1] | Train Batch 469/469 | Avg Loss=0.029443
2026-04-23 23:39:16,537 | INFO | [MNIST | DIFFUSION | Fold 1] | Test Batch 79/79 | Avg Loss=0.029134
2026-04-23 23:39:16,538 | INFO | Fold 1 | Epoch 50/50 | Train Loss=0.029443 | Test Loss=0.029134
2026-04-23 23:40:00,743 | INFO | Fold 1 summary | Noise MSE=0.029134 | PSNR=16.1551 | SSIM=0.6124
2026-04-23 23:40:01,173 | INFO | Diffusion loss curve saved to /scratch/kac965/image-reconstruction-final-study/runs/mnist/diffusion/study_mnist_seed001/plots/loss_curve.png
2026-04-23 23:40:01,425 | INFO | Diffusion loss curve (legacy path) saved to /scratch/kac965/image-reconstruction-final-study/runs/diffusion/loss_curves/study_mnist_seed001.png
2026-04-23 23:40:05,356 | INFO | Diffusion sample grid saved to /scratch/kac965/image-reconstruction-final-study/runs/mnist/diffusion/study_mnist_seed001/samples/generated_samples.png
2026-04-23 23:40:05,921 | INFO | Diffusion sample grid (legacy path) saved to /scratch/kac965/image-reconstruction-final-study/runs/diffusion/samples/study_mnist_seed001.png
2026-04-23 23:40:09,427 | INFO | Diffusion reverse-process snapshots saved to /scratch/kac965/image-reconstruction-final-study/runs/mnist/diffusion/study_mnist_seed001/plots/diffusion_snapshots.png
2026-04-23 23:40:12,971 | INFO | Diffusion reverse-process snapshots (legacy path) saved to /scratch/kac965/image-reconstruction-final-study/runs/diffusion/snapshots/study_mnist_seed001.png
2026-04-23 23:40:14,014 | INFO | Diffusion reconstruction preview saved to /scratch/kac965/image-reconstruction-final-study/runs/mnist/diffusion/study_mnist_seed001/plots/reconstructions.png
2026-04-23 23:40:14,560 | INFO | Diffusion reconstruction preview (legacy path) saved to /scratch/kac965/image-reconstruction-final-study/runs/diffusion/reconstructions/study_mnist_seed001.png
2026-04-23 23:40:14,803 | INFO | Final summary | dataset=mnist model=diffusion mean_noise_loss=0.029134 +/- 0.000000 | PSNR=16.1551 | SSIM=0.6124
2026-04-23 23:40:14,804 | INFO | Artifacts saved to /scratch/kac965/image-reconstruction-final-study/runs/mnist/diffusion/study_mnist_seed001
