2026-04-23 20:41:53,792 | INFO | Start time: 2026-04-23T20:41:53.792853
2026-04-23 20:41:53,793 | INFO | Hostname: cn1
2026-04-23 20:41:53,793 | INFO | Device: cuda (Tesla V100-SXM2-16GB)
2026-04-23 20:41:53,794 | INFO | Seed: 3
2026-04-23 20:41:53,794 | INFO | CLI args: --config /home/kac965/projects/ImageReconstruction/configs/diffusion/mnist.yaml --seed 3 --run-name study_mnist_seed003 --data-dir /scratch/kac965/image-reconstruction/data --output-dir /scratch/kac965/image-reconstruction-final-study/runs
2026-04-23 20:41:53,794 | INFO | Resolved output directory: /scratch/kac965/image-reconstruction-final-study/runs/mnist/diffusion/study_mnist_seed003
2026-04-23 20:41:53,794 | INFO | Data directory: /scratch/kac965/image-reconstruction/data
2026-04-23 20:41:53,794 | INFO | Download enabled: False
2026-04-23 20:41:53,795 | INFO | Run config: dataset=mnist model=diffusion epochs=50 batch_size=128 lr=0.001 num_workers=4
2026-04-23 20:41:53,910 | INFO | Model hyperparameters: backbone=legacy image_size=28 channels=1 classes=10 base_channels=64 time_dim=64 num_res_blocks=2 timesteps=500 schedule=linear prediction_type=eps sampler=ddim sampling_steps=50 ddim_eta=0 attention_resolutions=() beta_start=0.0001 beta_end=0.02 ema_decay=0 class_dropout_prob=0 guidance_scale=1 grad_clip_norm=1.0 amp=bf16 sample_count=16
2026-04-23 20:41:53,910 | INFO | Saved resolved config to /scratch/kac965/image-reconstruction-final-study/runs/mnist/diffusion/study_mnist_seed003/config.json
2026-04-23 20:41:53,974 | INFO | Dataset sizes: train=60000 test=10000
2026-04-23 20:41:53,974 | INFO | Batch counts: train=469 test=79
2026-04-23 20:41:54,138 | INFO | Trainable parameters: 7891073
2026-04-23 20:46:01,913 | INFO | [MNIST | DIFFUSION | Fold 1] | Train Batch 250/469 | Avg Loss=0.093600
2026-04-23 20:49:37,821 | INFO | [MNIST | DIFFUSION | Fold 1] | Train Batch 469/469 | Avg Loss=0.070116
2026-04-23 20:50:21,745 | INFO | [MNIST | DIFFUSION | Fold 1] | Test Batch 79/79 | Avg Loss=0.039693
2026-04-23 20:50:21,747 | INFO | Fold 1 | Epoch 1/50 | Train Loss=0.070116 | Test Loss=0.039693
2026-04-23 20:54:28,590 | INFO | [MNIST | DIFFUSION | Fold 1] | Train Batch 250/469 | Avg Loss=0.038973
2026-04-23 20:58:04,511 | INFO | [MNIST | DIFFUSION | Fold 1] | Train Batch 469/469 | Avg Loss=0.038206
2026-04-23 20:58:48,368 | INFO | [MNIST | DIFFUSION | Fold 1] | Test Batch 79/79 | Avg Loss=0.035087
2026-04-23 20:58:48,369 | INFO | Fold 1 | Epoch 2/50 | Train Loss=0.038206 | Test Loss=0.035087
2026-04-23 21:02:55,197 | INFO | [MNIST | DIFFUSION | Fold 1] | Train Batch 250/469 | Avg Loss=0.035546
2026-04-23 21:06:31,121 | INFO | [MNIST | DIFFUSION | Fold 1] | Train Batch 469/469 | Avg Loss=0.035183
2026-04-23 21:07:14,977 | INFO | [MNIST | DIFFUSION | Fold 1] | Test Batch 79/79 | Avg Loss=0.033842
2026-04-23 21:07:14,978 | INFO | Fold 1 | Epoch 3/50 | Train Loss=0.035183 | Test Loss=0.033842
2026-04-23 21:11:21,806 | INFO | [MNIST | DIFFUSION | Fold 1] | Train Batch 250/469 | Avg Loss=0.034411
2026-04-23 21:14:57,723 | INFO | [MNIST | DIFFUSION | Fold 1] | Train Batch 469/469 | Avg Loss=0.033838
2026-04-23 21:15:41,564 | INFO | [MNIST | DIFFUSION | Fold 1] | Test Batch 79/79 | Avg Loss=0.033983
2026-04-23 21:15:41,565 | INFO | Fold 1 | Epoch 4/50 | Train Loss=0.033838 | Test Loss=0.033983
2026-04-23 21:19:48,393 | INFO | [MNIST | DIFFUSION | Fold 1] | Train Batch 250/469 | Avg Loss=0.033148
2026-04-23 21:23:24,322 | INFO | [MNIST | DIFFUSION | Fold 1] | Train Batch 469/469 | Avg Loss=0.033067
2026-04-23 21:24:08,146 | INFO | [MNIST | DIFFUSION | Fold 1] | Test Batch 79/79 | Avg Loss=0.033925
2026-04-23 21:24:08,147 | INFO | Fold 1 | Epoch 5/50 | Train Loss=0.033067 | Test Loss=0.033925
2026-04-23 21:28:14,979 | INFO | [MNIST | DIFFUSION | Fold 1] | Train Batch 250/469 | Avg Loss=0.033165
2026-04-23 21:31:50,880 | INFO | [MNIST | DIFFUSION | Fold 1] | Train Batch 469/469 | Avg Loss=0.032726
2026-04-23 21:32:34,723 | INFO | [MNIST | DIFFUSION | Fold 1] | Test Batch 79/79 | Avg Loss=0.031637
2026-04-23 21:32:34,724 | INFO | Fold 1 | Epoch 6/50 | Train Loss=0.032726 | Test Loss=0.031637
2026-04-23 21:36:41,531 | INFO | [MNIST | DIFFUSION | Fold 1] | Train Batch 250/469 | Avg Loss=0.032761
2026-04-23 21:40:17,450 | INFO | [MNIST | DIFFUSION | Fold 1] | Train Batch 469/469 | Avg Loss=0.032675
2026-04-23 21:41:01,304 | INFO | [MNIST | DIFFUSION | Fold 1] | Test Batch 79/79 | Avg Loss=0.032063
2026-04-23 21:41:01,305 | INFO | Fold 1 | Epoch 7/50 | Train Loss=0.032675 | Test Loss=0.032063
2026-04-23 21:45:08,138 | INFO | [MNIST | DIFFUSION | Fold 1] | Train Batch 250/469 | Avg Loss=0.032643
2026-04-23 21:48:44,057 | INFO | [MNIST | DIFFUSION | Fold 1] | Train Batch 469/469 | Avg Loss=0.032408
2026-04-23 21:49:27,901 | INFO | [MNIST | DIFFUSION | Fold 1] | Test Batch 79/79 | Avg Loss=0.031562
2026-04-23 21:49:27,902 | INFO | Fold 1 | Epoch 8/50 | Train Loss=0.032408 | Test Loss=0.031562
2026-04-23 21:53:34,721 | INFO | [MNIST | DIFFUSION | Fold 1] | Train Batch 250/469 | Avg Loss=0.031284
2026-04-23 21:57:10,640 | INFO | [MNIST | DIFFUSION | Fold 1] | Train Batch 469/469 | Avg Loss=0.031584
2026-04-23 21:57:54,501 | INFO | [MNIST | DIFFUSION | Fold 1] | Test Batch 79/79 | Avg Loss=0.031525
2026-04-23 21:57:54,503 | INFO | Fold 1 | Epoch 9/50 | Train Loss=0.031584 | Test Loss=0.031525
2026-04-23 22:02:01,332 | INFO | [MNIST | DIFFUSION | Fold 1] | Train Batch 250/469 | Avg Loss=0.031500
2026-04-23 22:05:37,271 | INFO | [MNIST | DIFFUSION | Fold 1] | Train Batch 469/469 | Avg Loss=0.031663
2026-04-23 22:06:21,114 | INFO | [MNIST | DIFFUSION | Fold 1] | Test Batch 79/79 | Avg Loss=0.031245
2026-04-23 22:06:21,116 | INFO | Fold 1 | Epoch 10/50 | Train Loss=0.031663 | Test Loss=0.031245
2026-04-23 22:10:27,955 | INFO | [MNIST | DIFFUSION | Fold 1] | Train Batch 250/469 | Avg Loss=0.031845
2026-04-23 22:14:03,890 | INFO | [MNIST | DIFFUSION | Fold 1] | Train Batch 469/469 | Avg Loss=0.031601
2026-04-23 22:14:47,733 | INFO | [MNIST | DIFFUSION | Fold 1] | Test Batch 79/79 | Avg Loss=0.031035
2026-04-23 22:14:47,735 | INFO | Fold 1 | Epoch 11/50 | Train Loss=0.031601 | Test Loss=0.031035
2026-04-23 22:18:54,538 | INFO | [MNIST | DIFFUSION | Fold 1] | Train Batch 250/469 | Avg Loss=0.031487
2026-04-23 22:22:30,467 | INFO | [MNIST | DIFFUSION | Fold 1] | Train Batch 469/469 | Avg Loss=0.031460
2026-04-23 22:23:14,323 | INFO | [MNIST | DIFFUSION | Fold 1] | Test Batch 79/79 | Avg Loss=0.031168
2026-04-23 22:23:14,324 | INFO | Fold 1 | Epoch 12/50 | Train Loss=0.031460 | Test Loss=0.031168
2026-04-23 22:27:21,144 | INFO | [MNIST | DIFFUSION | Fold 1] | Train Batch 250/469 | Avg Loss=0.031131
2026-04-23 22:30:57,059 | INFO | [MNIST | DIFFUSION | Fold 1] | Train Batch 469/469 | Avg Loss=0.031282
2026-04-23 22:31:40,883 | INFO | [MNIST | DIFFUSION | Fold 1] | Test Batch 79/79 | Avg Loss=0.032021
2026-04-23 22:31:40,884 | INFO | Fold 1 | Epoch 13/50 | Train Loss=0.031282 | Test Loss=0.032021
2026-04-23 22:35:47,701 | INFO | [MNIST | DIFFUSION | Fold 1] | Train Batch 250/469 | Avg Loss=0.031109
2026-04-23 22:39:23,601 | INFO | [MNIST | DIFFUSION | Fold 1] | Train Batch 469/469 | Avg Loss=0.031009
2026-04-23 22:40:07,456 | INFO | [MNIST | DIFFUSION | Fold 1] | Test Batch 79/79 | Avg Loss=0.031195
2026-04-23 22:40:07,457 | INFO | Fold 1 | Epoch 14/50 | Train Loss=0.031009 | Test Loss=0.031195
2026-04-23 22:44:14,294 | INFO | [MNIST | DIFFUSION | Fold 1] | Train Batch 250/469 | Avg Loss=0.030598
2026-04-23 22:47:50,192 | INFO | [MNIST | DIFFUSION | Fold 1] | Train Batch 469/469 | Avg Loss=0.031022
2026-04-23 22:48:34,061 | INFO | [MNIST | DIFFUSION | Fold 1] | Test Batch 79/79 | Avg Loss=0.030490
2026-04-23 22:48:34,063 | INFO | Fold 1 | Epoch 15/50 | Train Loss=0.031022 | Test Loss=0.030490
2026-04-23 22:52:40,879 | INFO | [MNIST | DIFFUSION | Fold 1] | Train Batch 250/469 | Avg Loss=0.031010
2026-04-23 22:56:16,794 | INFO | [MNIST | DIFFUSION | Fold 1] | Train Batch 469/469 | Avg Loss=0.031082
2026-04-23 22:57:00,656 | INFO | [MNIST | DIFFUSION | Fold 1] | Test Batch 79/79 | Avg Loss=0.030888
2026-04-23 22:57:00,658 | INFO | Fold 1 | Epoch 16/50 | Train Loss=0.031082 | Test Loss=0.030888
2026-04-23 23:01:07,444 | INFO | [MNIST | DIFFUSION | Fold 1] | Train Batch 250/469 | Avg Loss=0.030820
2026-04-23 23:04:43,337 | INFO | [MNIST | DIFFUSION | Fold 1] | Train Batch 469/469 | Avg Loss=0.031065
2026-04-23 23:05:27,167 | INFO | [MNIST | DIFFUSION | Fold 1] | Test Batch 79/79 | Avg Loss=0.030371
2026-04-23 23:05:27,168 | INFO | Fold 1 | Epoch 17/50 | Train Loss=0.031065 | Test Loss=0.030371
2026-04-23 23:09:33,987 | INFO | [MNIST | DIFFUSION | Fold 1] | Train Batch 250/469 | Avg Loss=0.030630
2026-04-23 23:13:09,896 | INFO | [MNIST | DIFFUSION | Fold 1] | Train Batch 469/469 | Avg Loss=0.030737
2026-04-23 23:13:53,727 | INFO | [MNIST | DIFFUSION | Fold 1] | Test Batch 79/79 | Avg Loss=0.031272
2026-04-23 23:13:53,729 | INFO | Fold 1 | Epoch 18/50 | Train Loss=0.030737 | Test Loss=0.031272
2026-04-23 23:18:00,517 | INFO | [MNIST | DIFFUSION | Fold 1] | Train Batch 250/469 | Avg Loss=0.030675
2026-04-23 23:21:36,426 | INFO | [MNIST | DIFFUSION | Fold 1] | Train Batch 469/469 | Avg Loss=0.030614
2026-04-23 23:22:20,288 | INFO | [MNIST | DIFFUSION | Fold 1] | Test Batch 79/79 | Avg Loss=0.030488
2026-04-23 23:22:20,290 | INFO | Fold 1 | Epoch 19/50 | Train Loss=0.030614 | Test Loss=0.030488
2026-04-23 23:26:27,082 | INFO | [MNIST | DIFFUSION | Fold 1] | Train Batch 250/469 | Avg Loss=0.030447
2026-04-23 23:30:03,003 | INFO | [MNIST | DIFFUSION | Fold 1] | Train Batch 469/469 | Avg Loss=0.030628
2026-04-23 23:30:46,846 | INFO | [MNIST | DIFFUSION | Fold 1] | Test Batch 79/79 | Avg Loss=0.029906
2026-04-23 23:30:46,848 | INFO | Fold 1 | Epoch 20/50 | Train Loss=0.030628 | Test Loss=0.029906
2026-04-23 23:34:53,678 | INFO | [MNIST | DIFFUSION | Fold 1] | Train Batch 250/469 | Avg Loss=0.030590
2026-04-23 23:38:29,590 | INFO | [MNIST | DIFFUSION | Fold 1] | Train Batch 469/469 | Avg Loss=0.030512
2026-04-23 23:39:13,443 | INFO | [MNIST | DIFFUSION | Fold 1] | Test Batch 79/79 | Avg Loss=0.030507
2026-04-23 23:39:13,444 | INFO | Fold 1 | Epoch 21/50 | Train Loss=0.030512 | Test Loss=0.030507
2026-04-23 23:43:20,285 | INFO | [MNIST | DIFFUSION | Fold 1] | Train Batch 250/469 | Avg Loss=0.030443
2026-04-23 23:46:56,200 | INFO | [MNIST | DIFFUSION | Fold 1] | Train Batch 469/469 | Avg Loss=0.030416
2026-04-23 23:47:40,038 | INFO | [MNIST | DIFFUSION | Fold 1] | Test Batch 79/79 | Avg Loss=0.029711
2026-04-23 23:47:40,039 | INFO | Fold 1 | Epoch 22/50 | Train Loss=0.030416 | Test Loss=0.029711
2026-04-23 23:51:46,871 | INFO | [MNIST | DIFFUSION | Fold 1] | Train Batch 250/469 | Avg Loss=0.030340
2026-04-23 23:55:22,777 | INFO | [MNIST | DIFFUSION | Fold 1] | Train Batch 469/469 | Avg Loss=0.030265
2026-04-23 23:56:06,619 | INFO | [MNIST | DIFFUSION | Fold 1] | Test Batch 79/79 | Avg Loss=0.030574
2026-04-23 23:56:06,620 | INFO | Fold 1 | Epoch 23/50 | Train Loss=0.030265 | Test Loss=0.030574
2026-04-24 00:00:13,423 | INFO | [MNIST | DIFFUSION | Fold 1] | Train Batch 250/469 | Avg Loss=0.030859
2026-04-24 00:03:49,335 | INFO | [MNIST | DIFFUSION | Fold 1] | Train Batch 469/469 | Avg Loss=0.030621
2026-04-24 00:04:33,185 | INFO | [MNIST | DIFFUSION | Fold 1] | Test Batch 79/79 | Avg Loss=0.030741
2026-04-24 00:04:33,186 | INFO | Fold 1 | Epoch 24/50 | Train Loss=0.030621 | Test Loss=0.030741
2026-04-24 00:08:39,998 | INFO | [MNIST | DIFFUSION | Fold 1] | Train Batch 250/469 | Avg Loss=0.030062
2026-04-24 00:12:15,910 | INFO | [MNIST | DIFFUSION | Fold 1] | Train Batch 469/469 | Avg Loss=0.030096
2026-04-24 00:12:59,745 | INFO | [MNIST | DIFFUSION | Fold 1] | Test Batch 79/79 | Avg Loss=0.030075
2026-04-24 00:12:59,746 | INFO | Fold 1 | Epoch 25/50 | Train Loss=0.030096 | Test Loss=0.030075
2026-04-24 00:17:06,545 | INFO | [MNIST | DIFFUSION | Fold 1] | Train Batch 250/469 | Avg Loss=0.030082
2026-04-24 00:20:42,446 | INFO | [MNIST | DIFFUSION | Fold 1] | Train Batch 469/469 | Avg Loss=0.030146
2026-04-24 00:21:26,304 | INFO | [MNIST | DIFFUSION | Fold 1] | Test Batch 79/79 | Avg Loss=0.030481
2026-04-24 00:21:26,305 | INFO | Fold 1 | Epoch 26/50 | Train Loss=0.030146 | Test Loss=0.030481
2026-04-24 00:25:33,137 | INFO | [MNIST | DIFFUSION | Fold 1] | Train Batch 250/469 | Avg Loss=0.030145
2026-04-24 00:29:09,034 | INFO | [MNIST | DIFFUSION | Fold 1] | Train Batch 469/469 | Avg Loss=0.030257
2026-04-24 00:29:52,893 | INFO | [MNIST | DIFFUSION | Fold 1] | Test Batch 79/79 | Avg Loss=0.030397
2026-04-24 00:29:52,895 | INFO | Fold 1 | Epoch 27/50 | Train Loss=0.030257 | Test Loss=0.030397
2026-04-24 00:33:59,699 | INFO | [MNIST | DIFFUSION | Fold 1] | Train Batch 250/469 | Avg Loss=0.030392
2026-04-24 00:37:35,588 | INFO | [MNIST | DIFFUSION | Fold 1] | Train Batch 469/469 | Avg Loss=0.030333
2026-04-24 00:38:19,414 | INFO | [MNIST | DIFFUSION | Fold 1] | Test Batch 79/79 | Avg Loss=0.030066
2026-04-24 00:38:19,415 | INFO | Fold 1 | Epoch 28/50 | Train Loss=0.030333 | Test Loss=0.030066
2026-04-24 00:42:26,204 | INFO | [MNIST | DIFFUSION | Fold 1] | Train Batch 250/469 | Avg Loss=0.029990
2026-04-24 00:46:02,125 | INFO | [MNIST | DIFFUSION | Fold 1] | Train Batch 469/469 | Avg Loss=0.030044
2026-04-24 00:46:45,965 | INFO | [MNIST | DIFFUSION | Fold 1] | Test Batch 79/79 | Avg Loss=0.029632
2026-04-24 00:46:45,966 | INFO | Fold 1 | Epoch 29/50 | Train Loss=0.030044 | Test Loss=0.029632
2026-04-24 00:50:52,793 | INFO | [MNIST | DIFFUSION | Fold 1] | Train Batch 250/469 | Avg Loss=0.029784
2026-04-24 00:54:28,698 | INFO | [MNIST | DIFFUSION | Fold 1] | Train Batch 469/469 | Avg Loss=0.029826
2026-04-24 00:55:12,546 | INFO | [MNIST | DIFFUSION | Fold 1] | Test Batch 79/79 | Avg Loss=0.029890
2026-04-24 00:55:12,548 | INFO | Fold 1 | Epoch 30/50 | Train Loss=0.029826 | Test Loss=0.029890
2026-04-24 00:59:19,541 | INFO | [MNIST | DIFFUSION | Fold 1] | Train Batch 250/469 | Avg Loss=0.029915
2026-04-24 01:02:55,457 | INFO | [MNIST | DIFFUSION | Fold 1] | Train Batch 469/469 | Avg Loss=0.029946
2026-04-24 01:03:39,293 | INFO | [MNIST | DIFFUSION | Fold 1] | Test Batch 79/79 | Avg Loss=0.030700
2026-04-24 01:03:39,294 | INFO | Fold 1 | Epoch 31/50 | Train Loss=0.029946 | Test Loss=0.030700
2026-04-24 01:07:46,098 | INFO | [MNIST | DIFFUSION | Fold 1] | Train Batch 250/469 | Avg Loss=0.030115
2026-04-24 01:11:21,992 | INFO | [MNIST | DIFFUSION | Fold 1] | Train Batch 469/469 | Avg Loss=0.029916
2026-04-24 01:12:05,858 | INFO | [MNIST | DIFFUSION | Fold 1] | Test Batch 79/79 | Avg Loss=0.029917
2026-04-24 01:12:05,859 | INFO | Fold 1 | Epoch 32/50 | Train Loss=0.029916 | Test Loss=0.029917
2026-04-24 01:16:12,648 | INFO | [MNIST | DIFFUSION | Fold 1] | Train Batch 250/469 | Avg Loss=0.029695
2026-04-24 01:19:48,556 | INFO | [MNIST | DIFFUSION | Fold 1] | Train Batch 469/469 | Avg Loss=0.029730
2026-04-24 01:20:32,403 | INFO | [MNIST | DIFFUSION | Fold 1] | Test Batch 79/79 | Avg Loss=0.029982
2026-04-24 01:20:32,405 | INFO | Fold 1 | Epoch 33/50 | Train Loss=0.029730 | Test Loss=0.029982
2026-04-24 01:24:39,198 | INFO | [MNIST | DIFFUSION | Fold 1] | Train Batch 250/469 | Avg Loss=0.030231
2026-04-24 01:28:15,107 | INFO | [MNIST | DIFFUSION | Fold 1] | Train Batch 469/469 | Avg Loss=0.030138
2026-04-24 01:28:58,930 | INFO | [MNIST | DIFFUSION | Fold 1] | Test Batch 79/79 | Avg Loss=0.029731
2026-04-24 01:28:58,931 | INFO | Fold 1 | Epoch 34/50 | Train Loss=0.030138 | Test Loss=0.029731
2026-04-24 01:33:05,743 | INFO | [MNIST | DIFFUSION | Fold 1] | Train Batch 250/469 | Avg Loss=0.029629
2026-04-24 01:36:41,652 | INFO | [MNIST | DIFFUSION | Fold 1] | Train Batch 469/469 | Avg Loss=0.029648
2026-04-24 01:37:25,496 | INFO | [MNIST | DIFFUSION | Fold 1] | Test Batch 79/79 | Avg Loss=0.029853
2026-04-24 01:37:25,498 | INFO | Fold 1 | Epoch 35/50 | Train Loss=0.029648 | Test Loss=0.029853
2026-04-24 01:41:32,323 | INFO | [MNIST | DIFFUSION | Fold 1] | Train Batch 250/469 | Avg Loss=0.029492
2026-04-24 01:45:08,271 | INFO | [MNIST | DIFFUSION | Fold 1] | Train Batch 469/469 | Avg Loss=0.029655
2026-04-24 01:45:52,134 | INFO | [MNIST | DIFFUSION | Fold 1] | Test Batch 79/79 | Avg Loss=0.030340
2026-04-24 01:45:52,149 | INFO | Fold 1 | Epoch 36/50 | Train Loss=0.029655 | Test Loss=0.030340
2026-04-24 01:49:58,953 | INFO | [MNIST | DIFFUSION | Fold 1] | Train Batch 250/469 | Avg Loss=0.029979
2026-04-24 01:53:34,854 | INFO | [MNIST | DIFFUSION | Fold 1] | Train Batch 469/469 | Avg Loss=0.030023
2026-04-24 01:54:18,674 | INFO | [MNIST | DIFFUSION | Fold 1] | Test Batch 79/79 | Avg Loss=0.029963
2026-04-24 01:54:18,675 | INFO | Fold 1 | Epoch 37/50 | Train Loss=0.030023 | Test Loss=0.029963
2026-04-24 01:58:25,502 | INFO | [MNIST | DIFFUSION | Fold 1] | Train Batch 250/469 | Avg Loss=0.029745
2026-04-24 02:02:01,404 | INFO | [MNIST | DIFFUSION | Fold 1] | Train Batch 469/469 | Avg Loss=0.029686
2026-04-24 02:02:45,225 | INFO | [MNIST | DIFFUSION | Fold 1] | Test Batch 79/79 | Avg Loss=0.029578
2026-04-24 02:02:45,227 | INFO | Fold 1 | Epoch 38/50 | Train Loss=0.029686 | Test Loss=0.029578
2026-04-24 02:06:52,089 | INFO | [MNIST | DIFFUSION | Fold 1] | Train Batch 250/469 | Avg Loss=0.029752
2026-04-24 02:10:27,999 | INFO | [MNIST | DIFFUSION | Fold 1] | Train Batch 469/469 | Avg Loss=0.029842
2026-04-24 02:11:11,829 | INFO | [MNIST | DIFFUSION | Fold 1] | Test Batch 79/79 | Avg Loss=0.029690
2026-04-24 02:11:11,830 | INFO | Fold 1 | Epoch 39/50 | Train Loss=0.029842 | Test Loss=0.029690
2026-04-24 02:15:18,635 | INFO | [MNIST | DIFFUSION | Fold 1] | Train Batch 250/469 | Avg Loss=0.029203
2026-04-24 02:18:54,531 | INFO | [MNIST | DIFFUSION | Fold 1] | Train Batch 469/469 | Avg Loss=0.029368
2026-04-24 02:19:38,374 | INFO | [MNIST | DIFFUSION | Fold 1] | Test Batch 79/79 | Avg Loss=0.029857
2026-04-24 02:19:38,375 | INFO | Fold 1 | Epoch 40/50 | Train Loss=0.029368 | Test Loss=0.029857
2026-04-24 02:23:45,192 | INFO | [MNIST | DIFFUSION | Fold 1] | Train Batch 250/469 | Avg Loss=0.029273
2026-04-24 02:27:21,101 | INFO | [MNIST | DIFFUSION | Fold 1] | Train Batch 469/469 | Avg Loss=0.029379
2026-04-24 02:28:04,968 | INFO | [MNIST | DIFFUSION | Fold 1] | Test Batch 79/79 | Avg Loss=0.029243
2026-04-24 02:28:04,969 | INFO | Fold 1 | Epoch 41/50 | Train Loss=0.029379 | Test Loss=0.029243
2026-04-24 02:32:11,780 | INFO | [MNIST | DIFFUSION | Fold 1] | Train Batch 250/469 | Avg Loss=0.029610
2026-04-24 02:35:47,692 | INFO | [MNIST | DIFFUSION | Fold 1] | Train Batch 469/469 | Avg Loss=0.029581
2026-04-24 02:36:31,530 | INFO | [MNIST | DIFFUSION | Fold 1] | Test Batch 79/79 | Avg Loss=0.029390
2026-04-24 02:36:31,531 | INFO | Fold 1 | Epoch 42/50 | Train Loss=0.029581 | Test Loss=0.029390
2026-04-24 02:40:38,301 | INFO | [MNIST | DIFFUSION | Fold 1] | Train Batch 250/469 | Avg Loss=0.029468
2026-04-24 02:44:14,215 | INFO | [MNIST | DIFFUSION | Fold 1] | Train Batch 469/469 | Avg Loss=0.029618
2026-04-24 02:44:58,054 | INFO | [MNIST | DIFFUSION | Fold 1] | Test Batch 79/79 | Avg Loss=0.030174
2026-04-24 02:44:58,056 | INFO | Fold 1 | Epoch 43/50 | Train Loss=0.029618 | Test Loss=0.030174
2026-04-24 02:49:04,876 | INFO | [MNIST | DIFFUSION | Fold 1] | Train Batch 250/469 | Avg Loss=0.029782
2026-04-24 02:52:40,783 | INFO | [MNIST | DIFFUSION | Fold 1] | Train Batch 469/469 | Avg Loss=0.029608
2026-04-24 02:53:24,633 | INFO | [MNIST | DIFFUSION | Fold 1] | Test Batch 79/79 | Avg Loss=0.029976
2026-04-24 02:53:24,634 | INFO | Fold 1 | Epoch 44/50 | Train Loss=0.029608 | Test Loss=0.029976
2026-04-24 02:57:31,458 | INFO | [MNIST | DIFFUSION | Fold 1] | Train Batch 250/469 | Avg Loss=0.029336
2026-04-24 03:01:07,368 | INFO | [MNIST | DIFFUSION | Fold 1] | Train Batch 469/469 | Avg Loss=0.029402
2026-04-24 03:01:51,226 | INFO | [MNIST | DIFFUSION | Fold 1] | Test Batch 79/79 | Avg Loss=0.029771
2026-04-24 03:01:51,227 | INFO | Fold 1 | Epoch 45/50 | Train Loss=0.029402 | Test Loss=0.029771
2026-04-24 03:05:58,026 | INFO | [MNIST | DIFFUSION | Fold 1] | Train Batch 250/469 | Avg Loss=0.029516
2026-04-24 03:09:33,939 | INFO | [MNIST | DIFFUSION | Fold 1] | Train Batch 469/469 | Avg Loss=0.029480
2026-04-24 03:10:17,796 | INFO | [MNIST | DIFFUSION | Fold 1] | Test Batch 79/79 | Avg Loss=0.030344
2026-04-24 03:10:17,798 | INFO | Fold 1 | Epoch 46/50 | Train Loss=0.029480 | Test Loss=0.030344
2026-04-24 03:14:24,750 | INFO | [MNIST | DIFFUSION | Fold 1] | Train Batch 250/469 | Avg Loss=0.029334
2026-04-24 03:18:00,662 | INFO | [MNIST | DIFFUSION | Fold 1] | Train Batch 469/469 | Avg Loss=0.029404
2026-04-24 03:18:44,481 | INFO | [MNIST | DIFFUSION | Fold 1] | Test Batch 79/79 | Avg Loss=0.029622
2026-04-24 03:18:44,482 | INFO | Fold 1 | Epoch 47/50 | Train Loss=0.029404 | Test Loss=0.029622
2026-04-24 03:22:51,339 | INFO | [MNIST | DIFFUSION | Fold 1] | Train Batch 250/469 | Avg Loss=0.029356
2026-04-24 03:26:27,253 | INFO | [MNIST | DIFFUSION | Fold 1] | Train Batch 469/469 | Avg Loss=0.029414
2026-04-24 03:27:11,075 | INFO | [MNIST | DIFFUSION | Fold 1] | Test Batch 79/79 | Avg Loss=0.030442
2026-04-24 03:27:11,076 | INFO | Fold 1 | Epoch 48/50 | Train Loss=0.029414 | Test Loss=0.030442
2026-04-24 03:31:17,874 | INFO | [MNIST | DIFFUSION | Fold 1] | Train Batch 250/469 | Avg Loss=0.029733
2026-04-24 03:34:53,783 | INFO | [MNIST | DIFFUSION | Fold 1] | Train Batch 469/469 | Avg Loss=0.029294
2026-04-24 03:35:37,623 | INFO | [MNIST | DIFFUSION | Fold 1] | Test Batch 79/79 | Avg Loss=0.029645
2026-04-24 03:35:37,624 | INFO | Fold 1 | Epoch 49/50 | Train Loss=0.029294 | Test Loss=0.029645
2026-04-24 03:39:44,427 | INFO | [MNIST | DIFFUSION | Fold 1] | Train Batch 250/469 | Avg Loss=0.029109
2026-04-24 03:43:20,358 | INFO | [MNIST | DIFFUSION | Fold 1] | Train Batch 469/469 | Avg Loss=0.029277
2026-04-24 03:44:04,202 | INFO | [MNIST | DIFFUSION | Fold 1] | Test Batch 79/79 | Avg Loss=0.029448
2026-04-24 03:44:04,203 | INFO | Fold 1 | Epoch 50/50 | Train Loss=0.029277 | Test Loss=0.029448
2026-04-24 03:44:48,264 | INFO | Fold 1 summary | Noise MSE=0.029448 | PSNR=16.3390 | SSIM=0.6695
2026-04-24 03:44:48,723 | INFO | Diffusion loss curve saved to /scratch/kac965/image-reconstruction-final-study/runs/mnist/diffusion/study_mnist_seed003/plots/loss_curve.png
2026-04-24 03:44:48,990 | INFO | Diffusion loss curve (legacy path) saved to /scratch/kac965/image-reconstruction-final-study/runs/diffusion/loss_curves/study_mnist_seed003.png
2026-04-24 03:44:53,088 | INFO | Diffusion sample grid saved to /scratch/kac965/image-reconstruction-final-study/runs/mnist/diffusion/study_mnist_seed003/samples/generated_samples.png
2026-04-24 03:44:53,492 | INFO | Diffusion sample grid (legacy path) saved to /scratch/kac965/image-reconstruction-final-study/runs/diffusion/samples/study_mnist_seed003.png
2026-04-24 03:44:57,012 | INFO | Diffusion reverse-process snapshots saved to /scratch/kac965/image-reconstruction-final-study/runs/mnist/diffusion/study_mnist_seed003/plots/diffusion_snapshots.png
2026-04-24 03:45:00,564 | INFO | Diffusion reverse-process snapshots (legacy path) saved to /scratch/kac965/image-reconstruction-final-study/runs/diffusion/snapshots/study_mnist_seed003.png
2026-04-24 03:45:01,568 | INFO | Diffusion reconstruction preview saved to /scratch/kac965/image-reconstruction-final-study/runs/mnist/diffusion/study_mnist_seed003/plots/reconstructions.png
2026-04-24 03:45:02,131 | INFO | Diffusion reconstruction preview (legacy path) saved to /scratch/kac965/image-reconstruction-final-study/runs/diffusion/reconstructions/study_mnist_seed003.png
2026-04-24 03:45:02,379 | INFO | Final summary | dataset=mnist model=diffusion mean_noise_loss=0.029448 +/- 0.000000 | PSNR=16.3390 | SSIM=0.6695
2026-04-24 03:45:02,379 | INFO | Artifacts saved to /scratch/kac965/image-reconstruction-final-study/runs/mnist/diffusion/study_mnist_seed003
