2026-04-23 23:40:56,537 | INFO | Start time: 2026-04-23T23:40:56.537703
2026-04-23 23:40:56,538 | INFO | Hostname: cn1
2026-04-23 23:40:56,538 | INFO | Device: cuda (Tesla V100-SXM2-16GB)
2026-04-23 23:40:56,538 | INFO | Seed: 1
2026-04-23 23:40:56,538 | INFO | CLI args: --config /home/kac965/projects/ImageReconstruction/configs/diffusion/fashion.yaml --seed 1 --run-name study_fashion_seed001 --data-dir /scratch/kac965/image-reconstruction/data --output-dir /scratch/kac965/image-reconstruction-final-study/runs
2026-04-23 23:40:56,539 | INFO | Resolved output directory: /scratch/kac965/image-reconstruction-final-study/runs/fashion/diffusion/study_fashion_seed001
2026-04-23 23:40:56,539 | INFO | Data directory: /scratch/kac965/image-reconstruction/data
2026-04-23 23:40:56,539 | INFO | Download enabled: False
2026-04-23 23:40:56,540 | INFO | Run config: dataset=fashion model=diffusion epochs=75 batch_size=128 lr=0.001 num_workers=4
2026-04-23 23:40:56,652 | INFO | Model hyperparameters: backbone=legacy image_size=28 channels=1 classes=10 base_channels=64 time_dim=64 num_res_blocks=2 timesteps=500 schedule=linear prediction_type=eps sampler=ddim sampling_steps=50 ddim_eta=0 attention_resolutions=() beta_start=0.0001 beta_end=0.02 ema_decay=0 class_dropout_prob=0 guidance_scale=1 grad_clip_norm=1.0 amp=bf16 sample_count=16
2026-04-23 23:40:56,652 | INFO | Saved resolved config to /scratch/kac965/image-reconstruction-final-study/runs/fashion/diffusion/study_fashion_seed001/config.json
2026-04-23 23:40:56,881 | INFO | Dataset sizes: train=60000 test=10000
2026-04-23 23:40:56,881 | INFO | Batch counts: train=469 test=79
2026-04-23 23:40:57,055 | INFO | Trainable parameters: 7891073
2026-04-23 23:45:05,554 | INFO | [FASHION | DIFFUSION | Fold 1] | Train Batch 250/469 | Avg Loss=0.125284
2026-04-23 23:48:41,973 | INFO | [FASHION | DIFFUSION | Fold 1] | Train Batch 469/469 | Avg Loss=0.099607
2026-04-23 23:49:25,995 | INFO | [FASHION | DIFFUSION | Fold 1] | Test Batch 79/79 | Avg Loss=0.067733
2026-04-23 23:49:25,997 | INFO | Fold 1 | Epoch 1/75 | Train Loss=0.099607 | Test Loss=0.067733
2026-04-23 23:53:33,401 | INFO | [FASHION | DIFFUSION | Fold 1] | Train Batch 250/469 | Avg Loss=0.064308
2026-04-23 23:57:09,815 | INFO | [FASHION | DIFFUSION | Fold 1] | Train Batch 469/469 | Avg Loss=0.062911
2026-04-23 23:57:53,755 | INFO | [FASHION | DIFFUSION | Fold 1] | Test Batch 79/79 | Avg Loss=0.059449
2026-04-23 23:57:53,756 | INFO | Fold 1 | Epoch 2/75 | Train Loss=0.062911 | Test Loss=0.059449
2026-04-24 00:02:01,149 | INFO | [FASHION | DIFFUSION | Fold 1] | Train Batch 250/469 | Avg Loss=0.058956
2026-04-24 00:05:37,588 | INFO | [FASHION | DIFFUSION | Fold 1] | Train Batch 469/469 | Avg Loss=0.058355
2026-04-24 00:06:21,528 | INFO | [FASHION | DIFFUSION | Fold 1] | Test Batch 79/79 | Avg Loss=0.058768
2026-04-24 00:06:21,529 | INFO | Fold 1 | Epoch 3/75 | Train Loss=0.058355 | Test Loss=0.058768
2026-04-24 00:10:28,928 | INFO | [FASHION | DIFFUSION | Fold 1] | Train Batch 250/469 | Avg Loss=0.057049
2026-04-24 00:14:05,322 | INFO | [FASHION | DIFFUSION | Fold 1] | Train Batch 469/469 | Avg Loss=0.056824
2026-04-24 00:14:49,264 | INFO | [FASHION | DIFFUSION | Fold 1] | Test Batch 79/79 | Avg Loss=0.055777
2026-04-24 00:14:49,265 | INFO | Fold 1 | Epoch 4/75 | Train Loss=0.056824 | Test Loss=0.055777
2026-04-24 00:18:56,640 | INFO | [FASHION | DIFFUSION | Fold 1] | Train Batch 250/469 | Avg Loss=0.056080
2026-04-24 00:22:33,057 | INFO | [FASHION | DIFFUSION | Fold 1] | Train Batch 469/469 | Avg Loss=0.055611
2026-04-24 00:23:16,990 | INFO | [FASHION | DIFFUSION | Fold 1] | Test Batch 79/79 | Avg Loss=0.054494
2026-04-24 00:23:16,992 | INFO | Fold 1 | Epoch 5/75 | Train Loss=0.055611 | Test Loss=0.054494
2026-04-24 00:27:24,398 | INFO | [FASHION | DIFFUSION | Fold 1] | Train Batch 250/469 | Avg Loss=0.054765
2026-04-24 00:31:00,820 | INFO | [FASHION | DIFFUSION | Fold 1] | Train Batch 469/469 | Avg Loss=0.054493
2026-04-24 00:31:44,760 | INFO | [FASHION | DIFFUSION | Fold 1] | Test Batch 79/79 | Avg Loss=0.053900
2026-04-24 00:31:44,762 | INFO | Fold 1 | Epoch 6/75 | Train Loss=0.054493 | Test Loss=0.053900
2026-04-24 00:35:52,149 | INFO | [FASHION | DIFFUSION | Fold 1] | Train Batch 250/469 | Avg Loss=0.053551
2026-04-24 00:39:28,562 | INFO | [FASHION | DIFFUSION | Fold 1] | Train Batch 469/469 | Avg Loss=0.053692
2026-04-24 00:40:12,508 | INFO | [FASHION | DIFFUSION | Fold 1] | Test Batch 79/79 | Avg Loss=0.054272
2026-04-24 00:40:12,510 | INFO | Fold 1 | Epoch 7/75 | Train Loss=0.053692 | Test Loss=0.054272
2026-04-24 00:44:19,899 | INFO | [FASHION | DIFFUSION | Fold 1] | Train Batch 250/469 | Avg Loss=0.052931
2026-04-24 00:47:56,309 | INFO | [FASHION | DIFFUSION | Fold 1] | Train Batch 469/469 | Avg Loss=0.052747
2026-04-24 00:48:40,257 | INFO | [FASHION | DIFFUSION | Fold 1] | Test Batch 79/79 | Avg Loss=0.053609
2026-04-24 00:48:40,259 | INFO | Fold 1 | Epoch 8/75 | Train Loss=0.052747 | Test Loss=0.053609
2026-04-24 00:52:47,640 | INFO | [FASHION | DIFFUSION | Fold 1] | Train Batch 250/469 | Avg Loss=0.053337
2026-04-24 00:56:24,046 | INFO | [FASHION | DIFFUSION | Fold 1] | Train Batch 469/469 | Avg Loss=0.053160
2026-04-24 00:57:07,969 | INFO | [FASHION | DIFFUSION | Fold 1] | Test Batch 79/79 | Avg Loss=0.053933
2026-04-24 00:57:07,971 | INFO | Fold 1 | Epoch 9/75 | Train Loss=0.053160 | Test Loss=0.053933
2026-04-24 01:01:15,338 | INFO | [FASHION | DIFFUSION | Fold 1] | Train Batch 250/469 | Avg Loss=0.052664
2026-04-24 01:04:51,750 | INFO | [FASHION | DIFFUSION | Fold 1] | Train Batch 469/469 | Avg Loss=0.052413
2026-04-24 01:05:35,694 | INFO | [FASHION | DIFFUSION | Fold 1] | Test Batch 79/79 | Avg Loss=0.051198
2026-04-24 01:05:35,696 | INFO | Fold 1 | Epoch 10/75 | Train Loss=0.052413 | Test Loss=0.051198
2026-04-24 01:09:43,102 | INFO | [FASHION | DIFFUSION | Fold 1] | Train Batch 250/469 | Avg Loss=0.051928
2026-04-24 01:13:19,509 | INFO | [FASHION | DIFFUSION | Fold 1] | Train Batch 469/469 | Avg Loss=0.052078
2026-04-24 01:14:03,475 | INFO | [FASHION | DIFFUSION | Fold 1] | Test Batch 79/79 | Avg Loss=0.052605
2026-04-24 01:14:03,477 | INFO | Fold 1 | Epoch 11/75 | Train Loss=0.052078 | Test Loss=0.052605
2026-04-24 01:18:10,894 | INFO | [FASHION | DIFFUSION | Fold 1] | Train Batch 250/469 | Avg Loss=0.051839
2026-04-24 01:21:47,310 | INFO | [FASHION | DIFFUSION | Fold 1] | Train Batch 469/469 | Avg Loss=0.051975
2026-04-24 01:22:31,242 | INFO | [FASHION | DIFFUSION | Fold 1] | Test Batch 79/79 | Avg Loss=0.054043
2026-04-24 01:22:31,243 | INFO | Fold 1 | Epoch 12/75 | Train Loss=0.051975 | Test Loss=0.054043
2026-04-24 01:26:38,627 | INFO | [FASHION | DIFFUSION | Fold 1] | Train Batch 250/469 | Avg Loss=0.051335
2026-04-24 01:30:15,031 | INFO | [FASHION | DIFFUSION | Fold 1] | Train Batch 469/469 | Avg Loss=0.051231
2026-04-24 01:30:58,968 | INFO | [FASHION | DIFFUSION | Fold 1] | Test Batch 79/79 | Avg Loss=0.053080
2026-04-24 01:30:58,970 | INFO | Fold 1 | Epoch 13/75 | Train Loss=0.051231 | Test Loss=0.053080
2026-04-24 01:35:06,370 | INFO | [FASHION | DIFFUSION | Fold 1] | Train Batch 250/469 | Avg Loss=0.051257
2026-04-24 01:38:42,774 | INFO | [FASHION | DIFFUSION | Fold 1] | Train Batch 469/469 | Avg Loss=0.051204
2026-04-24 01:39:26,712 | INFO | [FASHION | DIFFUSION | Fold 1] | Test Batch 79/79 | Avg Loss=0.051727
2026-04-24 01:39:26,714 | INFO | Fold 1 | Epoch 14/75 | Train Loss=0.051204 | Test Loss=0.051727
2026-04-24 01:43:34,100 | INFO | [FASHION | DIFFUSION | Fold 1] | Train Batch 250/469 | Avg Loss=0.051348
2026-04-24 01:47:10,507 | INFO | [FASHION | DIFFUSION | Fold 1] | Train Batch 469/469 | Avg Loss=0.051020
2026-04-24 01:47:54,452 | INFO | [FASHION | DIFFUSION | Fold 1] | Test Batch 79/79 | Avg Loss=0.051589
2026-04-24 01:47:54,454 | INFO | Fold 1 | Epoch 15/75 | Train Loss=0.051020 | Test Loss=0.051589
2026-04-24 01:52:01,829 | INFO | [FASHION | DIFFUSION | Fold 1] | Train Batch 250/469 | Avg Loss=0.052396
2026-04-24 01:55:38,217 | INFO | [FASHION | DIFFUSION | Fold 1] | Train Batch 469/469 | Avg Loss=0.051858
2026-04-24 01:56:22,156 | INFO | [FASHION | DIFFUSION | Fold 1] | Test Batch 79/79 | Avg Loss=0.051128
2026-04-24 01:56:22,157 | INFO | Fold 1 | Epoch 16/75 | Train Loss=0.051858 | Test Loss=0.051128
2026-04-24 02:00:29,541 | INFO | [FASHION | DIFFUSION | Fold 1] | Train Batch 250/469 | Avg Loss=0.051415
2026-04-24 02:04:05,991 | INFO | [FASHION | DIFFUSION | Fold 1] | Train Batch 469/469 | Avg Loss=0.051220
2026-04-24 02:04:49,938 | INFO | [FASHION | DIFFUSION | Fold 1] | Test Batch 79/79 | Avg Loss=0.050956
2026-04-24 02:04:49,940 | INFO | Fold 1 | Epoch 17/75 | Train Loss=0.051220 | Test Loss=0.050956
2026-04-24 02:08:57,335 | INFO | [FASHION | DIFFUSION | Fold 1] | Train Batch 250/469 | Avg Loss=0.050692
2026-04-24 02:12:33,748 | INFO | [FASHION | DIFFUSION | Fold 1] | Train Batch 469/469 | Avg Loss=0.050672
2026-04-24 02:13:17,686 | INFO | [FASHION | DIFFUSION | Fold 1] | Test Batch 79/79 | Avg Loss=0.050455
2026-04-24 02:13:17,688 | INFO | Fold 1 | Epoch 18/75 | Train Loss=0.050672 | Test Loss=0.050455
2026-04-24 02:17:25,083 | INFO | [FASHION | DIFFUSION | Fold 1] | Train Batch 250/469 | Avg Loss=0.050039
2026-04-24 02:21:01,490 | INFO | [FASHION | DIFFUSION | Fold 1] | Train Batch 469/469 | Avg Loss=0.050187
2026-04-24 02:21:45,442 | INFO | [FASHION | DIFFUSION | Fold 1] | Test Batch 79/79 | Avg Loss=0.052205
2026-04-24 02:21:45,443 | INFO | Fold 1 | Epoch 19/75 | Train Loss=0.050187 | Test Loss=0.052205
2026-04-24 02:25:52,851 | INFO | [FASHION | DIFFUSION | Fold 1] | Train Batch 250/469 | Avg Loss=0.049910
2026-04-24 02:29:29,281 | INFO | [FASHION | DIFFUSION | Fold 1] | Train Batch 469/469 | Avg Loss=0.049854
2026-04-24 02:30:13,248 | INFO | [FASHION | DIFFUSION | Fold 1] | Test Batch 79/79 | Avg Loss=0.051551
2026-04-24 02:30:13,249 | INFO | Fold 1 | Epoch 20/75 | Train Loss=0.049854 | Test Loss=0.051551
2026-04-24 02:34:20,669 | INFO | [FASHION | DIFFUSION | Fold 1] | Train Batch 250/469 | Avg Loss=0.050994
2026-04-24 02:37:57,066 | INFO | [FASHION | DIFFUSION | Fold 1] | Train Batch 469/469 | Avg Loss=0.050772
2026-04-24 02:38:40,989 | INFO | [FASHION | DIFFUSION | Fold 1] | Test Batch 79/79 | Avg Loss=0.049946
2026-04-24 02:38:40,991 | INFO | Fold 1 | Epoch 21/75 | Train Loss=0.050772 | Test Loss=0.049946
2026-04-24 02:42:48,377 | INFO | [FASHION | DIFFUSION | Fold 1] | Train Batch 250/469 | Avg Loss=0.049809
2026-04-24 02:46:24,780 | INFO | [FASHION | DIFFUSION | Fold 1] | Train Batch 469/469 | Avg Loss=0.049949
2026-04-24 02:47:08,715 | INFO | [FASHION | DIFFUSION | Fold 1] | Test Batch 79/79 | Avg Loss=0.050413
2026-04-24 02:47:08,716 | INFO | Fold 1 | Epoch 22/75 | Train Loss=0.049949 | Test Loss=0.050413
2026-04-24 02:51:16,096 | INFO | [FASHION | DIFFUSION | Fold 1] | Train Batch 250/469 | Avg Loss=0.050139
2026-04-24 02:54:52,510 | INFO | [FASHION | DIFFUSION | Fold 1] | Train Batch 469/469 | Avg Loss=0.049813
2026-04-24 02:55:36,449 | INFO | [FASHION | DIFFUSION | Fold 1] | Test Batch 79/79 | Avg Loss=0.050806
2026-04-24 02:55:36,450 | INFO | Fold 1 | Epoch 23/75 | Train Loss=0.049813 | Test Loss=0.050806
2026-04-24 02:59:43,812 | INFO | [FASHION | DIFFUSION | Fold 1] | Train Batch 250/469 | Avg Loss=0.050603
2026-04-24 03:03:20,222 | INFO | [FASHION | DIFFUSION | Fold 1] | Train Batch 469/469 | Avg Loss=0.049809
2026-04-24 03:04:04,150 | INFO | [FASHION | DIFFUSION | Fold 1] | Test Batch 79/79 | Avg Loss=0.049947
2026-04-24 03:04:04,151 | INFO | Fold 1 | Epoch 24/75 | Train Loss=0.049809 | Test Loss=0.049947
2026-04-24 03:08:11,524 | INFO | [FASHION | DIFFUSION | Fold 1] | Train Batch 250/469 | Avg Loss=0.050146
2026-04-24 03:11:47,940 | INFO | [FASHION | DIFFUSION | Fold 1] | Train Batch 469/469 | Avg Loss=0.049817
2026-04-24 03:12:31,894 | INFO | [FASHION | DIFFUSION | Fold 1] | Test Batch 79/79 | Avg Loss=0.050439
2026-04-24 03:12:31,896 | INFO | Fold 1 | Epoch 25/75 | Train Loss=0.049817 | Test Loss=0.050439
2026-04-24 03:16:39,280 | INFO | [FASHION | DIFFUSION | Fold 1] | Train Batch 250/469 | Avg Loss=0.049443
2026-04-24 03:20:15,690 | INFO | [FASHION | DIFFUSION | Fold 1] | Train Batch 469/469 | Avg Loss=0.049506
2026-04-24 03:20:59,644 | INFO | [FASHION | DIFFUSION | Fold 1] | Test Batch 79/79 | Avg Loss=0.050822
2026-04-24 03:20:59,645 | INFO | Fold 1 | Epoch 26/75 | Train Loss=0.049506 | Test Loss=0.050822
2026-04-24 03:25:07,013 | INFO | [FASHION | DIFFUSION | Fold 1] | Train Batch 250/469 | Avg Loss=0.049215
2026-04-24 03:28:43,485 | INFO | [FASHION | DIFFUSION | Fold 1] | Train Batch 469/469 | Avg Loss=0.049686
2026-04-24 03:29:27,407 | INFO | [FASHION | DIFFUSION | Fold 1] | Test Batch 79/79 | Avg Loss=0.050960
2026-04-24 03:29:27,408 | INFO | Fold 1 | Epoch 27/75 | Train Loss=0.049686 | Test Loss=0.050960
2026-04-24 03:33:34,761 | INFO | [FASHION | DIFFUSION | Fold 1] | Train Batch 250/469 | Avg Loss=0.049185
2026-04-24 03:37:11,145 | INFO | [FASHION | DIFFUSION | Fold 1] | Train Batch 469/469 | Avg Loss=0.049349
2026-04-24 03:37:55,091 | INFO | [FASHION | DIFFUSION | Fold 1] | Test Batch 79/79 | Avg Loss=0.050313
2026-04-24 03:37:55,093 | INFO | Fold 1 | Epoch 28/75 | Train Loss=0.049349 | Test Loss=0.050313
2026-04-24 03:42:02,497 | INFO | [FASHION | DIFFUSION | Fold 1] | Train Batch 250/469 | Avg Loss=0.049562
2026-04-24 03:45:38,951 | INFO | [FASHION | DIFFUSION | Fold 1] | Train Batch 469/469 | Avg Loss=0.049748
2026-04-24 03:46:22,877 | INFO | [FASHION | DIFFUSION | Fold 1] | Test Batch 79/79 | Avg Loss=0.049105
2026-04-24 03:46:22,878 | INFO | Fold 1 | Epoch 29/75 | Train Loss=0.049748 | Test Loss=0.049105
2026-04-24 03:50:30,266 | INFO | [FASHION | DIFFUSION | Fold 1] | Train Batch 250/469 | Avg Loss=0.049029
2026-04-24 03:54:06,679 | INFO | [FASHION | DIFFUSION | Fold 1] | Train Batch 469/469 | Avg Loss=0.049349
2026-04-24 03:54:50,617 | INFO | [FASHION | DIFFUSION | Fold 1] | Test Batch 79/79 | Avg Loss=0.049783
2026-04-24 03:54:50,619 | INFO | Fold 1 | Epoch 30/75 | Train Loss=0.049349 | Test Loss=0.049783
2026-04-24 03:58:57,987 | INFO | [FASHION | DIFFUSION | Fold 1] | Train Batch 250/469 | Avg Loss=0.049345
2026-04-24 04:02:34,384 | INFO | [FASHION | DIFFUSION | Fold 1] | Train Batch 469/469 | Avg Loss=0.048905
2026-04-24 04:03:18,328 | INFO | [FASHION | DIFFUSION | Fold 1] | Test Batch 79/79 | Avg Loss=0.050123
2026-04-24 04:03:18,330 | INFO | Fold 1 | Epoch 31/75 | Train Loss=0.048905 | Test Loss=0.050123
2026-04-24 04:07:25,696 | INFO | [FASHION | DIFFUSION | Fold 1] | Train Batch 250/469 | Avg Loss=0.048768
2026-04-24 04:11:02,093 | INFO | [FASHION | DIFFUSION | Fold 1] | Train Batch 469/469 | Avg Loss=0.048843
2026-04-24 04:11:46,026 | INFO | [FASHION | DIFFUSION | Fold 1] | Test Batch 79/79 | Avg Loss=0.050351
2026-04-24 04:11:46,027 | INFO | Fold 1 | Epoch 32/75 | Train Loss=0.048843 | Test Loss=0.050351
2026-04-24 04:15:53,391 | INFO | [FASHION | DIFFUSION | Fold 1] | Train Batch 250/469 | Avg Loss=0.050066
2026-04-24 04:19:29,781 | INFO | [FASHION | DIFFUSION | Fold 1] | Train Batch 469/469 | Avg Loss=0.049558
2026-04-24 04:20:13,724 | INFO | [FASHION | DIFFUSION | Fold 1] | Test Batch 79/79 | Avg Loss=0.049274
2026-04-24 04:20:13,726 | INFO | Fold 1 | Epoch 33/75 | Train Loss=0.049558 | Test Loss=0.049274
2026-04-24 04:24:21,095 | INFO | [FASHION | DIFFUSION | Fold 1] | Train Batch 250/469 | Avg Loss=0.049996
2026-04-24 04:27:57,482 | INFO | [FASHION | DIFFUSION | Fold 1] | Train Batch 469/469 | Avg Loss=0.049477
2026-04-24 04:28:41,440 | INFO | [FASHION | DIFFUSION | Fold 1] | Test Batch 79/79 | Avg Loss=0.048557
2026-04-24 04:28:41,442 | INFO | Fold 1 | Epoch 34/75 | Train Loss=0.049477 | Test Loss=0.048557
2026-04-24 04:32:48,796 | INFO | [FASHION | DIFFUSION | Fold 1] | Train Batch 250/469 | Avg Loss=0.049447
2026-04-24 04:36:25,182 | INFO | [FASHION | DIFFUSION | Fold 1] | Train Batch 469/469 | Avg Loss=0.049185
2026-04-24 04:37:09,113 | INFO | [FASHION | DIFFUSION | Fold 1] | Test Batch 79/79 | Avg Loss=0.049726
2026-04-24 04:37:09,114 | INFO | Fold 1 | Epoch 35/75 | Train Loss=0.049185 | Test Loss=0.049726
2026-04-24 04:41:16,457 | INFO | [FASHION | DIFFUSION | Fold 1] | Train Batch 250/469 | Avg Loss=0.048883
2026-04-24 04:44:52,859 | INFO | [FASHION | DIFFUSION | Fold 1] | Train Batch 469/469 | Avg Loss=0.049064
2026-04-24 04:45:36,778 | INFO | [FASHION | DIFFUSION | Fold 1] | Test Batch 79/79 | Avg Loss=0.050534
2026-04-24 04:45:36,780 | INFO | Fold 1 | Epoch 36/75 | Train Loss=0.049064 | Test Loss=0.050534
2026-04-24 04:49:44,139 | INFO | [FASHION | DIFFUSION | Fold 1] | Train Batch 250/469 | Avg Loss=0.048792
2026-04-24 04:53:20,528 | INFO | [FASHION | DIFFUSION | Fold 1] | Train Batch 469/469 | Avg Loss=0.048851
2026-04-24 04:54:04,474 | INFO | [FASHION | DIFFUSION | Fold 1] | Test Batch 79/79 | Avg Loss=0.049311
2026-04-24 04:54:04,476 | INFO | Fold 1 | Epoch 37/75 | Train Loss=0.048851 | Test Loss=0.049311
2026-04-24 04:58:11,836 | INFO | [FASHION | DIFFUSION | Fold 1] | Train Batch 250/469 | Avg Loss=0.048232
2026-04-24 05:01:48,232 | INFO | [FASHION | DIFFUSION | Fold 1] | Train Batch 469/469 | Avg Loss=0.048771
2026-04-24 05:02:32,164 | INFO | [FASHION | DIFFUSION | Fold 1] | Test Batch 79/79 | Avg Loss=0.049167
2026-04-24 05:02:32,166 | INFO | Fold 1 | Epoch 38/75 | Train Loss=0.048771 | Test Loss=0.049167
2026-04-24 05:06:39,631 | INFO | [FASHION | DIFFUSION | Fold 1] | Train Batch 250/469 | Avg Loss=0.048388
2026-04-24 05:10:16,028 | INFO | [FASHION | DIFFUSION | Fold 1] | Train Batch 469/469 | Avg Loss=0.048697
2026-04-24 05:10:59,962 | INFO | [FASHION | DIFFUSION | Fold 1] | Test Batch 79/79 | Avg Loss=0.048867
2026-04-24 05:10:59,964 | INFO | Fold 1 | Epoch 39/75 | Train Loss=0.048697 | Test Loss=0.048867
2026-04-24 05:15:07,302 | INFO | [FASHION | DIFFUSION | Fold 1] | Train Batch 250/469 | Avg Loss=0.048743
2026-04-24 05:18:43,672 | INFO | [FASHION | DIFFUSION | Fold 1] | Train Batch 469/469 | Avg Loss=0.048631
2026-04-24 05:19:27,592 | INFO | [FASHION | DIFFUSION | Fold 1] | Test Batch 79/79 | Avg Loss=0.050127
2026-04-24 05:19:27,594 | INFO | Fold 1 | Epoch 40/75 | Train Loss=0.048631 | Test Loss=0.050127
2026-04-24 05:23:34,940 | INFO | [FASHION | DIFFUSION | Fold 1] | Train Batch 250/469 | Avg Loss=0.048771
2026-04-24 05:27:11,334 | INFO | [FASHION | DIFFUSION | Fold 1] | Train Batch 469/469 | Avg Loss=0.048957
2026-04-24 05:27:55,242 | INFO | [FASHION | DIFFUSION | Fold 1] | Test Batch 79/79 | Avg Loss=0.048167
2026-04-24 05:27:55,243 | INFO | Fold 1 | Epoch 41/75 | Train Loss=0.048957 | Test Loss=0.048167
2026-04-24 05:32:02,613 | INFO | [FASHION | DIFFUSION | Fold 1] | Train Batch 250/469 | Avg Loss=0.048888
2026-04-24 05:35:39,001 | INFO | [FASHION | DIFFUSION | Fold 1] | Train Batch 469/469 | Avg Loss=0.048655
2026-04-24 05:36:22,925 | INFO | [FASHION | DIFFUSION | Fold 1] | Test Batch 79/79 | Avg Loss=0.049335
2026-04-24 05:36:22,926 | INFO | Fold 1 | Epoch 42/75 | Train Loss=0.048655 | Test Loss=0.049335
2026-04-24 05:40:30,281 | INFO | [FASHION | DIFFUSION | Fold 1] | Train Batch 250/469 | Avg Loss=0.048380
2026-04-24 05:44:06,684 | INFO | [FASHION | DIFFUSION | Fold 1] | Train Batch 469/469 | Avg Loss=0.048425
2026-04-24 05:44:50,621 | INFO | [FASHION | DIFFUSION | Fold 1] | Test Batch 79/79 | Avg Loss=0.048334
2026-04-24 05:44:50,626 | INFO | Fold 1 | Epoch 43/75 | Train Loss=0.048425 | Test Loss=0.048334
2026-04-24 05:48:57,998 | INFO | [FASHION | DIFFUSION | Fold 1] | Train Batch 250/469 | Avg Loss=0.048840
2026-04-24 05:52:34,385 | INFO | [FASHION | DIFFUSION | Fold 1] | Train Batch 469/469 | Avg Loss=0.049009
2026-04-24 05:53:18,328 | INFO | [FASHION | DIFFUSION | Fold 1] | Test Batch 79/79 | Avg Loss=0.049036
2026-04-24 05:53:18,330 | INFO | Fold 1 | Epoch 44/75 | Train Loss=0.049009 | Test Loss=0.049036
2026-04-24 05:57:25,690 | INFO | [FASHION | DIFFUSION | Fold 1] | Train Batch 250/469 | Avg Loss=0.048014
2026-04-24 06:01:02,081 | INFO | [FASHION | DIFFUSION | Fold 1] | Train Batch 469/469 | Avg Loss=0.048020
2026-04-24 06:01:46,019 | INFO | [FASHION | DIFFUSION | Fold 1] | Test Batch 79/79 | Avg Loss=0.049033
2026-04-24 06:01:46,021 | INFO | Fold 1 | Epoch 45/75 | Train Loss=0.048020 | Test Loss=0.049033
2026-04-24 06:05:53,390 | INFO | [FASHION | DIFFUSION | Fold 1] | Train Batch 250/469 | Avg Loss=0.047833
2026-04-24 06:09:29,769 | INFO | [FASHION | DIFFUSION | Fold 1] | Train Batch 469/469 | Avg Loss=0.047561
2026-04-24 06:10:13,703 | INFO | [FASHION | DIFFUSION | Fold 1] | Test Batch 79/79 | Avg Loss=0.049225
2026-04-24 06:10:13,704 | INFO | Fold 1 | Epoch 46/75 | Train Loss=0.047561 | Test Loss=0.049225
2026-04-24 06:14:21,071 | INFO | [FASHION | DIFFUSION | Fold 1] | Train Batch 250/469 | Avg Loss=0.048762
2026-04-24 06:17:57,458 | INFO | [FASHION | DIFFUSION | Fold 1] | Train Batch 469/469 | Avg Loss=0.048866
2026-04-24 06:18:41,383 | INFO | [FASHION | DIFFUSION | Fold 1] | Test Batch 79/79 | Avg Loss=0.048360
2026-04-24 06:18:41,384 | INFO | Fold 1 | Epoch 47/75 | Train Loss=0.048866 | Test Loss=0.048360
2026-04-24 06:22:48,744 | INFO | [FASHION | DIFFUSION | Fold 1] | Train Batch 250/469 | Avg Loss=0.048856
2026-04-24 06:26:25,138 | INFO | [FASHION | DIFFUSION | Fold 1] | Train Batch 469/469 | Avg Loss=0.048948
2026-04-24 06:27:09,067 | INFO | [FASHION | DIFFUSION | Fold 1] | Test Batch 79/79 | Avg Loss=0.047726
2026-04-24 06:27:09,069 | INFO | Fold 1 | Epoch 48/75 | Train Loss=0.048948 | Test Loss=0.047726
2026-04-24 06:31:16,454 | INFO | [FASHION | DIFFUSION | Fold 1] | Train Batch 250/469 | Avg Loss=0.048658
2026-04-24 06:34:52,844 | INFO | [FASHION | DIFFUSION | Fold 1] | Train Batch 469/469 | Avg Loss=0.048561
2026-04-24 06:35:36,788 | INFO | [FASHION | DIFFUSION | Fold 1] | Test Batch 79/79 | Avg Loss=0.048238
2026-04-24 06:35:36,789 | INFO | Fold 1 | Epoch 49/75 | Train Loss=0.048561 | Test Loss=0.048238
2026-04-24 06:39:44,145 | INFO | [FASHION | DIFFUSION | Fold 1] | Train Batch 250/469 | Avg Loss=0.047862
2026-04-24 06:43:20,542 | INFO | [FASHION | DIFFUSION | Fold 1] | Train Batch 469/469 | Avg Loss=0.048349
2026-04-24 06:44:04,471 | INFO | [FASHION | DIFFUSION | Fold 1] | Test Batch 79/79 | Avg Loss=0.048038
2026-04-24 06:44:04,473 | INFO | Fold 1 | Epoch 50/75 | Train Loss=0.048349 | Test Loss=0.048038
2026-04-24 06:48:11,914 | INFO | [FASHION | DIFFUSION | Fold 1] | Train Batch 250/469 | Avg Loss=0.048794
2026-04-24 06:51:48,316 | INFO | [FASHION | DIFFUSION | Fold 1] | Train Batch 469/469 | Avg Loss=0.048438
2026-04-24 06:52:32,248 | INFO | [FASHION | DIFFUSION | Fold 1] | Test Batch 79/79 | Avg Loss=0.049745
2026-04-24 06:52:32,250 | INFO | Fold 1 | Epoch 51/75 | Train Loss=0.048438 | Test Loss=0.049745
2026-04-24 06:56:39,622 | INFO | [FASHION | DIFFUSION | Fold 1] | Train Batch 250/469 | Avg Loss=0.048205
2026-04-24 07:00:16,014 | INFO | [FASHION | DIFFUSION | Fold 1] | Train Batch 469/469 | Avg Loss=0.048106
2026-04-24 07:00:59,941 | INFO | [FASHION | DIFFUSION | Fold 1] | Test Batch 79/79 | Avg Loss=0.049057
2026-04-24 07:00:59,942 | INFO | Fold 1 | Epoch 52/75 | Train Loss=0.048106 | Test Loss=0.049057
2026-04-24 07:05:07,298 | INFO | [FASHION | DIFFUSION | Fold 1] | Train Batch 250/469 | Avg Loss=0.048354
2026-04-24 07:08:43,692 | INFO | [FASHION | DIFFUSION | Fold 1] | Train Batch 469/469 | Avg Loss=0.048483
2026-04-24 07:09:27,627 | INFO | [FASHION | DIFFUSION | Fold 1] | Test Batch 79/79 | Avg Loss=0.048554
2026-04-24 07:09:27,628 | INFO | Fold 1 | Epoch 53/75 | Train Loss=0.048483 | Test Loss=0.048554
2026-04-24 07:13:34,986 | INFO | [FASHION | DIFFUSION | Fold 1] | Train Batch 250/469 | Avg Loss=0.047502
2026-04-24 07:17:11,372 | INFO | [FASHION | DIFFUSION | Fold 1] | Train Batch 469/469 | Avg Loss=0.047627
2026-04-24 07:17:55,285 | INFO | [FASHION | DIFFUSION | Fold 1] | Test Batch 79/79 | Avg Loss=0.046992
2026-04-24 07:17:55,287 | INFO | Fold 1 | Epoch 54/75 | Train Loss=0.047627 | Test Loss=0.046992
2026-04-24 07:22:02,659 | INFO | [FASHION | DIFFUSION | Fold 1] | Train Batch 250/469 | Avg Loss=0.048563
2026-04-24 07:25:39,053 | INFO | [FASHION | DIFFUSION | Fold 1] | Train Batch 469/469 | Avg Loss=0.047947
2026-04-24 07:26:22,976 | INFO | [FASHION | DIFFUSION | Fold 1] | Test Batch 79/79 | Avg Loss=0.049095
2026-04-24 07:26:22,978 | INFO | Fold 1 | Epoch 55/75 | Train Loss=0.047947 | Test Loss=0.049095
2026-04-24 07:30:30,347 | INFO | [FASHION | DIFFUSION | Fold 1] | Train Batch 250/469 | Avg Loss=0.047828
2026-04-24 07:34:06,737 | INFO | [FASHION | DIFFUSION | Fold 1] | Train Batch 469/469 | Avg Loss=0.047782
2026-04-24 07:34:50,687 | INFO | [FASHION | DIFFUSION | Fold 1] | Test Batch 79/79 | Avg Loss=0.049749
2026-04-24 07:34:50,689 | INFO | Fold 1 | Epoch 56/75 | Train Loss=0.047782 | Test Loss=0.049749
2026-04-24 07:38:58,039 | INFO | [FASHION | DIFFUSION | Fold 1] | Train Batch 250/469 | Avg Loss=0.048119
